[ 2017-04-19T12:47:35+08:00 ] ::1 /Xianlaiyizhuan/Home/Donation/createDonation
INFO: [ app_begin ] --START--
INFO: Run Behavior\ReadHtmlCache [ RunTime:0.001438s ]
INFO: [ app_begin ] --END-- [ RunTime:0.002559s ]
ERR: 非法操作:createdonation

[ 2017-04-19T12:47:50+08:00 ] ::1 /Xianlaiyizhuan/Home/Donation/createDonationInfo
INFO: [ app_begin ] --START--
INFO: Run Behavior\ReadHtmlCache [ RunTime:0.000814s ]
INFO: [ app_begin ] --END-- [ RunTime:0.001534s ]
NOTIC: [8] Undefined index: db_port F:\PHP Projects\Xianlaiyizhuan\ThinkPHP\Library\Think\Db.class.php 第 127 行.
NOTIC: [8] Undefined index: db_dsn F:\PHP Projects\Xianlaiyizhuan\ThinkPHP\Library\Think\Db.class.php 第 129 行.
NOTIC: [8] Undefined index: db_params F:\PHP Projects\Xianlaiyizhuan\ThinkPHP\Library\Think\Db.class.php 第 130 行.
NOTIC: [8192] mysql_connect(): The mysql extension is deprecated and will be removed in the future: use mysqli or PDO instead F:\PHP Projects\Xianlaiyizhuan\ThinkPHP\Library\Think\Db\Driver\Mysql.class.php 第 52 行.
NOTIC: [2] mysql_connect(): Host '27.45.53.156' is not allowed to connect to this MySQL server F:\PHP Projects\Xianlaiyizhuan\ThinkPHP\Library\Think\Db\Driver\Mysql.class.php 第 52 行.
ERR: Host '27.45.53.156' is not allowed to connect to this MySQL server

[ 2017-04-19T12:48:54+08:00 ] ::1 /Xianlaiyizhuan/Home/Donation/createDonationInfo
INFO: [ app_begin ] --START--
INFO: Run Behavior\ReadHtmlCache [ RunTime:0.000697s ]
INFO: [ app_begin ] --END-- [ RunTime:0.001391s ]
NOTIC: [8] Undefined index: db_port F:\PHP Projects\Xianlaiyizhuan\ThinkPHP\Library\Think\Db.class.php 第 127 行.
NOTIC: [8] Undefined index: db_dsn F:\PHP Projects\Xianlaiyizhuan\ThinkPHP\Library\Think\Db.class.php 第 129 行.
NOTIC: [8] Undefined index: db_params F:\PHP Projects\Xianlaiyizhuan\ThinkPHP\Library\Think\Db.class.php 第 130 行.
NOTIC: [8192] mysql_connect(): The mysql extension is deprecated and will be removed in the future: use mysqli or PDO instead F:\PHP Projects\Xianlaiyizhuan\ThinkPHP\Library\Think\Db\Driver\Mysql.class.php 第 52 行.
SQL: SHOW COLUMNS FROM `xlyz_donate` [ RunTime:0.021778s ]

[ 2017-04-19T13:23:00+08:00 ] ::1 /Xianlaiyizhuan/Home/Donation/createDonation?
INFO: [ app_begin ] --START--
INFO: Run Behavior\ReadHtmlCache [ RunTime:0.000951s ]
INFO: [ app_begin ] --END-- [ RunTime:0.001748s ]
ERR: 非法操作:createdonation

[ 2017-04-19T13:23:15+08:00 ] ::1 /Xianlaiyizhuan/Home/Donation/createDonation
INFO: [ app_begin ] --START--
INFO: Run Behavior\ReadHtmlCache [ RunTime:0.000652s ]
INFO: [ app_begin ] --END-- [ RunTime:0.001314s ]
ERR: 非法操作:createdonation

[ 2017-04-19T13:23:25+08:00 ] ::1 /Xianlaiyizhuan/Home/Donation/createDonation
INFO: [ app_begin ] --START--
INFO: Run Behavior\ReadHtmlCache [ RunTime:0.000783s ]
INFO: [ app_begin ] --END-- [ RunTime:0.001538s ]
ERR: 非法操作:createdonation

[ 2017-04-19T13:23:26+08:00 ] ::1 /Xianlaiyizhuan/Home/Donation/createDonation
INFO: [ app_begin ] --START--
INFO: Run Behavior\ReadHtmlCache [ RunTime:0.000711s ]
INFO: [ app_begin ] --END-- [ RunTime:0.001455s ]
ERR: 非法操作:createdonation

[ 2017-04-19T13:23:31+08:00 ] ::1 /Xianlaiyizhuan/Home/Donation/createDonationInfo
INFO: [ app_begin ] --START--
INFO: Run Behavior\ReadHtmlCache [ RunTime:0.000883s ]
INFO: [ app_begin ] --END-- [ RunTime:0.001725s ]

[ 2017-04-19T13:23:48+08:00 ] ::1 /Xianlaiyizhuan/Home/User/userLogin
INFO: [ app_begin ] --START--
INFO: Run Behavior\ReadHtmlCache [ RunTime:0.000649s ]
INFO: [ app_begin ] --END-- [ RunTime:0.001330s ]
NOTIC: [8] Undefined index: db_port F:\PHP Projects\Xianlaiyizhuan\ThinkPHP\Library\Think\Db.class.php 第 127 行.
NOTIC: [8] Undefined index: db_dsn F:\PHP Projects\Xianlaiyizhuan\ThinkPHP\Library\Think\Db.class.php 第 129 行.
NOTIC: [8] Undefined index: db_params F:\PHP Projects\Xianlaiyizhuan\ThinkPHP\Library\Think\Db.class.php 第 130 行.
NOTIC: [8192] mysql_connect(): The mysql extension is deprecated and will be removed in the future: use mysqli or PDO instead F:\PHP Projects\Xianlaiyizhuan\ThinkPHP\Library\Think\Db\Driver\Mysql.class.php 第 52 行.
SQL: SHOW COLUMNS FROM `xlyz_user` [ RunTime:0.016303s ]
SQL: SELECT * FROM `xlyz_user` WHERE ( id_number = '3115003090' and password = 'e10adc3949ba59abbe56e057f20f883e' ) LIMIT 1   [ RunTime:0.014788s ]

[ 2017-04-19T13:23:50+08:00 ] ::1 /Xianlaiyizhuan/Home/Donation/createDonationInfo
INFO: [ app_begin ] --START--
INFO: Run Behavior\ReadHtmlCache [ RunTime:0.000793s ]
INFO: [ app_begin ] --END-- [ RunTime:0.002503s ]
NOTIC: [8] Undefined index: db_port F:\PHP Projects\Xianlaiyizhuan\ThinkPHP\Library\Think\Db.class.php 第 127 行.
NOTIC: [8] Undefined index: db_dsn F:\PHP Projects\Xianlaiyizhuan\ThinkPHP\Library\Think\Db.class.php 第 129 行.
NOTIC: [8] Undefined index: db_params F:\PHP Projects\Xianlaiyizhuan\ThinkPHP\Library\Think\Db.class.php 第 130 行.
NOTIC: [8192] mysql_connect(): The mysql extension is deprecated and will be removed in the future: use mysqli or PDO instead F:\PHP Projects\Xianlaiyizhuan\ThinkPHP\Library\Think\Db\Driver\Mysql.class.php 第 52 行.
SQL: SHOW COLUMNS FROM `xlyz_user` [ RunTime:0.014178s ]
SQL: SELECT * FROM `xlyz_user` WHERE ( id = 2 and perm = 1 ) LIMIT 1   [ RunTime:0.052123s ]

[ 2017-04-19T13:23:58+08:00 ] ::1 /Xianlaiyizhuan/Home/User/userLogin
INFO: [ app_begin ] --START--
INFO: Run Behavior\ReadHtmlCache [ RunTime:0.001662s ]
INFO: [ app_begin ] --END-- [ RunTime:0.002962s ]
NOTIC: [8] Undefined index: db_port F:\PHP Projects\Xianlaiyizhuan\ThinkPHP\Library\Think\Db.class.php 第 127 行.
NOTIC: [8] Undefined index: db_dsn F:\PHP Projects\Xianlaiyizhuan\ThinkPHP\Library\Think\Db.class.php 第 129 行.
NOTIC: [8] Undefined index: db_params F:\PHP Projects\Xianlaiyizhuan\ThinkPHP\Library\Think\Db.class.php 第 130 行.
NOTIC: [8192] mysql_connect(): The mysql extension is deprecated and will be removed in the future: use mysqli or PDO instead F:\PHP Projects\Xianlaiyizhuan\ThinkPHP\Library\Think\Db\Driver\Mysql.class.php 第 52 行.
SQL: SHOW COLUMNS FROM `xlyz_user` [ RunTime:0.024577s ]
SQL: SELECT * FROM `xlyz_user` WHERE ( id_number = '1169559037' and password = 'e10adc3949ba59abbe56e057f20f883e' ) LIMIT 1   [ RunTime:0.011182s ]

[ 2017-04-19T13:24:01+08:00 ] ::1 /Xianlaiyizhuan/Home/Donation/createDonationInfo
INFO: [ app_begin ] --START--
INFO: Run Behavior\ReadHtmlCache [ RunTime:0.000697s ]
INFO: [ app_begin ] --END-- [ RunTime:0.001463s ]
NOTIC: [8] Undefined index: db_port F:\PHP Projects\Xianlaiyizhuan\ThinkPHP\Library\Think\Db.class.php 第 127 行.
NOTIC: [8] Undefined index: db_dsn F:\PHP Projects\Xianlaiyizhuan\ThinkPHP\Library\Think\Db.class.php 第 129 行.
NOTIC: [8] Undefined index: db_params F:\PHP Projects\Xianlaiyizhuan\ThinkPHP\Library\Think\Db.class.php 第 130 行.
NOTIC: [8192] mysql_connect(): The mysql extension is deprecated and will be removed in the future: use mysqli or PDO instead F:\PHP Projects\Xianlaiyizhuan\ThinkPHP\Library\Think\Db\Driver\Mysql.class.php 第 52 行.
SQL: SHOW COLUMNS FROM `xlyz_user` [ RunTime:0.022774s ]
SQL: SELECT * FROM `xlyz_user` WHERE ( id = 1 and perm = 1 ) LIMIT 1   [ RunTime:0.013180s ]

[ 2017-04-19T13:26:48+08:00 ] ::1 /Xianlaiyizhuan/Home/Donation/createDonationInfo
INFO: [ app_begin ] --START--
INFO: Run Behavior\ReadHtmlCache [ RunTime:0.000785s ]
INFO: [ app_begin ] --END-- [ RunTime:0.001738s ]
NOTIC: [8] Undefined index: db_port F:\PHP Projects\Xianlaiyizhuan\ThinkPHP\Library\Think\Db.class.php 第 127 行.
NOTIC: [8] Undefined index: db_dsn F:\PHP Projects\Xianlaiyizhuan\ThinkPHP\Library\Think\Db.class.php 第 129 行.
NOTIC: [8] Undefined index: db_params F:\PHP Projects\Xianlaiyizhuan\ThinkPHP\Library\Think\Db.class.php 第 130 行.
NOTIC: [8192] mysql_connect(): The mysql extension is deprecated and will be removed in the future: use mysqli or PDO instead F:\PHP Projects\Xianlaiyizhuan\ThinkPHP\Library\Think\Db\Driver\Mysql.class.php 第 52 行.
SQL: SHOW COLUMNS FROM `xlyz_user` [ RunTime:0.013930s ]
SQL: SELECT * FROM `xlyz_user` WHERE ( id = 1 and perm = 1 ) LIMIT 1   [ RunTime:0.010761s ]

[ 2017-04-19T13:27:15+08:00 ] ::1 /Xianlaiyizhuan/Home/Donation/createDonationInfo
INFO: [ app_begin ] --START--
INFO: Run Behavior\ReadHtmlCache [ RunTime:0.000691s ]
INFO: [ app_begin ] --END-- [ RunTime:0.001466s ]
NOTIC: [8] Undefined index: db_port F:\PHP Projects\Xianlaiyizhuan\ThinkPHP\Library\Think\Db.class.php 第 127 行.
NOTIC: [8] Undefined index: db_dsn F:\PHP Projects\Xianlaiyizhuan\ThinkPHP\Library\Think\Db.class.php 第 129 行.
NOTIC: [8] Undefined index: db_params F:\PHP Projects\Xianlaiyizhuan\ThinkPHP\Library\Think\Db.class.php 第 130 行.
NOTIC: [8192] mysql_connect(): The mysql extension is deprecated and will be removed in the future: use mysqli or PDO instead F:\PHP Projects\Xianlaiyizhuan\ThinkPHP\Library\Think\Db\Driver\Mysql.class.php 第 52 行.
SQL: SHOW COLUMNS FROM `xlyz_user` [ RunTime:0.017509s ]
SQL: SELECT * FROM `xlyz_user` WHERE ( id = 1 and perm = 1 ) LIMIT 1   [ RunTime:0.015179s ]

[ 2017-04-19T13:27:23+08:00 ] ::1 /Xianlaiyizhuan/Home/Donation/createDonationInfo
INFO: [ app_begin ] --START--
INFO: Run Behavior\ReadHtmlCache [ RunTime:0.000678s ]
INFO: [ app_begin ] --END-- [ RunTime:0.001368s ]
NOTIC: [8] Undefined index: db_port F:\PHP Projects\Xianlaiyizhuan\ThinkPHP\Library\Think\Db.class.php 第 127 行.
NOTIC: [8] Undefined index: db_dsn F:\PHP Projects\Xianlaiyizhuan\ThinkPHP\Library\Think\Db.class.php 第 129 行.
NOTIC: [8] Undefined index: db_params F:\PHP Projects\Xianlaiyizhuan\ThinkPHP\Library\Think\Db.class.php 第 130 行.
NOTIC: [8192] mysql_connect(): The mysql extension is deprecated and will be removed in the future: use mysqli or PDO instead F:\PHP Projects\Xianlaiyizhuan\ThinkPHP\Library\Think\Db\Driver\Mysql.class.php 第 52 行.
SQL: SHOW COLUMNS FROM `xlyz_user` [ RunTime:0.013516s ]
SQL: SELECT * FROM `xlyz_user` WHERE ( id = 1 and perm = 1 ) LIMIT 1   [ RunTime:0.014133s ]

[ 2017-04-19T13:27:38+08:00 ] ::1 /Xianlaiyizhuan/Home/Donation/createDonationInfo
INFO: [ app_begin ] --START--
INFO: Run Behavior\ReadHtmlCache [ RunTime:0.000660s ]
INFO: [ app_begin ] --END-- [ RunTime:0.001339s ]
NOTIC: [8] Undefined index: db_port F:\PHP Projects\Xianlaiyizhuan\ThinkPHP\Library\Think\Db.class.php 第 127 行.
NOTIC: [8] Undefined index: db_dsn F:\PHP Projects\Xianlaiyizhuan\ThinkPHP\Library\Think\Db.class.php 第 129 行.
NOTIC: [8] Undefined index: db_params F:\PHP Projects\Xianlaiyizhuan\ThinkPHP\Library\Think\Db.class.php 第 130 行.
NOTIC: [8192] mysql_connect(): The mysql extension is deprecated and will be removed in the future: use mysqli or PDO instead F:\PHP Projects\Xianlaiyizhuan\ThinkPHP\Library\Think\Db\Driver\Mysql.class.php 第 52 行.
SQL: SHOW COLUMNS FROM `xlyz_user` [ RunTime:0.014564s ]
SQL: SELECT * FROM `xlyz_user` WHERE ( id = 1 and perm = 1 ) LIMIT 1   [ RunTime:0.011032s ]

[ 2017-04-19T13:27:52+08:00 ] ::1 /Xianlaiyizhuan/Home/Donation/createDonationInfo
INFO: [ app_begin ] --START--
INFO: Run Behavior\ReadHtmlCache [ RunTime:0.000658s ]
INFO: [ app_begin ] --END-- [ RunTime:0.001320s ]
NOTIC: [8] Undefined index: db_port F:\PHP Projects\Xianlaiyizhuan\ThinkPHP\Library\Think\Db.class.php 第 127 行.
NOTIC: [8] Undefined index: db_dsn F:\PHP Projects\Xianlaiyizhuan\ThinkPHP\Library\Think\Db.class.php 第 129 行.
NOTIC: [8] Undefined index: db_params F:\PHP Projects\Xianlaiyizhuan\ThinkPHP\Library\Think\Db.class.php 第 130 行.
NOTIC: [8192] mysql_connect(): The mysql extension is deprecated and will be removed in the future: use mysqli or PDO instead F:\PHP Projects\Xianlaiyizhuan\ThinkPHP\Library\Think\Db\Driver\Mysql.class.php 第 52 行.
SQL: SHOW COLUMNS FROM `xlyz_user` [ RunTime:0.021110s ]
SQL: SELECT * FROM `xlyz_user` WHERE ( id = 1 and perm = 1 ) LIMIT 1   [ RunTime:0.015954s ]
SQL: SHOW COLUMNS FROM `xlyz_donate` [ RunTime:0.030224s ]
SQL: INSERT INTO `xlyz_donate` (`ac_title`,`ac_time`,`ac_addr`,`ac_pay`,`ac_chk_addr`,`ac_host`,`ac_contact`) VALUES ('捐书啦啦啦','2017-04-08','wyu',0,'wyu','wyu','1234') [ RunTime:0.039444s ]

[ 2017-04-19T13:29:48+08:00 ] ::1 /Xianlaiyizhuan/Home/Donation/createDonationInfo
INFO: [ app_begin ] --START--
INFO: Run Behavior\ReadHtmlCache [ RunTime:0.000883s ]
INFO: [ app_begin ] --END-- [ RunTime:0.001614s ]
NOTIC: [8] Undefined index: db_port F:\PHP Projects\Xianlaiyizhuan\ThinkPHP\Library\Think\Db.class.php 第 127 行.
NOTIC: [8] Undefined index: db_dsn F:\PHP Projects\Xianlaiyizhuan\ThinkPHP\Library\Think\Db.class.php 第 129 行.
NOTIC: [8] Undefined index: db_params F:\PHP Projects\Xianlaiyizhuan\ThinkPHP\Library\Think\Db.class.php 第 130 行.
NOTIC: [8192] mysql_connect(): The mysql extension is deprecated and will be removed in the future: use mysqli or PDO instead F:\PHP Projects\Xianlaiyizhuan\ThinkPHP\Library\Think\Db\Driver\Mysql.class.php 第 52 行.
SQL: SHOW COLUMNS FROM `xlyz_user` [ RunTime:0.106063s ]
SQL: SELECT * FROM `xlyz_user` WHERE ( id = 1 and perm = 1 ) LIMIT 1   [ RunTime:0.091887s ]

[ 2017-04-19T13:33:08+08:00 ] ::1 /Xianlaiyizhuan/Home/Donation/createDonationInfo
INFO: [ app_begin ] --START--
INFO: Run Behavior\ReadHtmlCache [ RunTime:0.000844s ]
INFO: [ app_begin ] --END-- [ RunTime:0.001697s ]
NOTIC: [8] Undefined index: db_port F:\PHP Projects\Xianlaiyizhuan\ThinkPHP\Library\Think\Db.class.php 第 127 行.
NOTIC: [8] Undefined index: db_dsn F:\PHP Projects\Xianlaiyizhuan\ThinkPHP\Library\Think\Db.class.php 第 129 行.
NOTIC: [8] Undefined index: db_params F:\PHP Projects\Xianlaiyizhuan\ThinkPHP\Library\Think\Db.class.php 第 130 行.
NOTIC: [8192] mysql_connect(): The mysql extension is deprecated and will be removed in the future: use mysqli or PDO instead F:\PHP Projects\Xianlaiyizhuan\ThinkPHP\Library\Think\Db\Driver\Mysql.class.php 第 52 行.
SQL: SHOW COLUMNS FROM `xlyz_user` [ RunTime:0.016077s ]
SQL: SELECT * FROM `xlyz_user` WHERE ( id = 1 and perm = 1 ) LIMIT 1   [ RunTime:0.013351s ]
SQL: SHOW COLUMNS FROM `xlyz_donate` [ RunTime:0.013976s ]
SQL: INSERT INTO `xlyz_donate` (`ac_title`,`ac_time`,`ac_addr`,`ac_pay`,`ac_chk_addr`,`ac_detail`,`ac_host`,`ac_contact`,`ctime`,`has_comm`,`likec`) VALUES ('捐书啦啦啦','2017-04-08','wyu',200,'wyu','detail','wyu','1234',1492579988,0,0) [ RunTime:0.022204s ]

[ 2017-04-19T13:35:49+08:00 ] ::1 /Xianlaiyizhuan/Home/Donation/createDonationInfo
INFO: [ app_begin ] --START--
INFO: Run Behavior\ReadHtmlCache [ RunTime:0.000826s ]
INFO: [ app_begin ] --END-- [ RunTime:0.001577s ]
NOTIC: [8] Undefined index: db_port F:\PHP Projects\Xianlaiyizhuan\ThinkPHP\Library\Think\Db.class.php 第 127 行.
NOTIC: [8] Undefined index: db_dsn F:\PHP Projects\Xianlaiyizhuan\ThinkPHP\Library\Think\Db.class.php 第 129 行.
NOTIC: [8] Undefined index: db_params F:\PHP Projects\Xianlaiyizhuan\ThinkPHP\Library\Think\Db.class.php 第 130 行.
NOTIC: [8192] mysql_connect(): The mysql extension is deprecated and will be removed in the future: use mysqli or PDO instead F:\PHP Projects\Xianlaiyizhuan\ThinkPHP\Library\Think\Db\Driver\Mysql.class.php 第 52 行.
SQL: SHOW COLUMNS FROM `xlyz_user` [ RunTime:0.017461s ]
SQL: SELECT * FROM `xlyz_user` WHERE ( id = 1 and perm = 1 ) LIMIT 1   [ RunTime:0.015890s ]
SQL: SHOW COLUMNS FROM `xlyz_donate` [ RunTime:0.021826s ]
SQL: INSERT INTO `xlyz_donate` (`ac_title`,`ac_time`,`ac_addr`,`ac_pay`,`ac_chk_addr`,`ac_detail`,`ac_host`,`ac_contact`,`ctime`,`has_comm`,`likec`) VALUES ('捐书啦啦啦','2017-04-08','wyu',200,'wyu','detail','wyu','1234',1492580149,0,0) [ RunTime:0.017982s ]

[ 2017-04-19T13:36:14+08:00 ] ::1 /Xianlaiyizhuan/Home/Donation/createDonationInfo
INFO: [ app_begin ] --START--
INFO: Run Behavior\ReadHtmlCache [ RunTime:0.000690s ]
INFO: [ app_begin ] --END-- [ RunTime:0.001459s ]
NOTIC: [8] Undefined index: db_port F:\PHP Projects\Xianlaiyizhuan\ThinkPHP\Library\Think\Db.class.php 第 127 行.
NOTIC: [8] Undefined index: db_dsn F:\PHP Projects\Xianlaiyizhuan\ThinkPHP\Library\Think\Db.class.php 第 129 行.
NOTIC: [8] Undefined index: db_params F:\PHP Projects\Xianlaiyizhuan\ThinkPHP\Library\Think\Db.class.php 第 130 行.
NOTIC: [8192] mysql_connect(): The mysql extension is deprecated and will be removed in the future: use mysqli or PDO instead F:\PHP Projects\Xianlaiyizhuan\ThinkPHP\Library\Think\Db\Driver\Mysql.class.php 第 52 行.
SQL: SHOW COLUMNS FROM `xlyz_user` [ RunTime:0.016357s ]
SQL: SELECT * FROM `xlyz_user` WHERE ( id = 1 and perm = 1 ) LIMIT 1   [ RunTime:0.015182s ]
SQL: SHOW COLUMNS FROM `xlyz_donate` [ RunTime:0.016021s ]
SQL: INSERT INTO `xlyz_donate` (`ac_title`,`ac_time`,`ac_addr`,`ac_pay`,`ac_chk_addr`,`ac_detail`,`ac_host`,`ac_contact`,`ctime`,`has_comm`,`likec`) VALUES ('捐书啦啦啦','2017-04-08','wyu',200,'wyu','detail','wyu','1234',1492580174,0,0) [ RunTime:0.027929s ]

[ 2017-04-19T13:36:16+08:00 ] ::1 /Xianlaiyizhuan/Home/Donation/createDonationInfo
INFO: [ app_begin ] --START--
INFO: Run Behavior\ReadHtmlCache [ RunTime:0.001506s ]
INFO: [ app_begin ] --END-- [ RunTime:0.002315s ]
NOTIC: [8] Undefined index: db_port F:\PHP Projects\Xianlaiyizhuan\ThinkPHP\Library\Think\Db.class.php 第 127 行.
NOTIC: [8] Undefined index: db_dsn F:\PHP Projects\Xianlaiyizhuan\ThinkPHP\Library\Think\Db.class.php 第 129 行.
NOTIC: [8] Undefined index: db_params F:\PHP Projects\Xianlaiyizhuan\ThinkPHP\Library\Think\Db.class.php 第 130 行.
NOTIC: [8192] mysql_connect(): The mysql extension is deprecated and will be removed in the future: use mysqli or PDO instead F:\PHP Projects\Xianlaiyizhuan\ThinkPHP\Library\Think\Db\Driver\Mysql.class.php 第 52 行.
SQL: SHOW COLUMNS FROM `xlyz_user` [ RunTime:0.012677s ]
SQL: SELECT * FROM `xlyz_user` WHERE ( id = 1 and perm = 1 ) LIMIT 1   [ RunTime:0.012232s ]
SQL: SHOW COLUMNS FROM `xlyz_donate` [ RunTime:0.013736s ]
SQL: INSERT INTO `xlyz_donate` (`ac_title`,`ac_time`,`ac_addr`,`ac_pay`,`ac_chk_addr`,`ac_detail`,`ac_host`,`ac_contact`,`ctime`,`has_comm`,`likec`) VALUES ('捐书啦啦啦','2017-04-08','wyu',200,'wyu','detail','wyu','1234',1492580176,0,0) [ RunTime:0.020531s ]

[ 2017-04-19T13:37:30+08:00 ] ::1 /Xianlaiyizhuan/Home/Donation/createDonationInfo
INFO: [ app_begin ] --START--
INFO: Run Behavior\ReadHtmlCache [ RunTime:0.000648s ]
INFO: [ app_begin ] --END-- [ RunTime:0.001348s ]
NOTIC: [8] Undefined index: db_port F:\PHP Projects\Xianlaiyizhuan\ThinkPHP\Library\Think\Db.class.php 第 127 行.
NOTIC: [8] Undefined index: db_dsn F:\PHP Projects\Xianlaiyizhuan\ThinkPHP\Library\Think\Db.class.php 第 129 行.
NOTIC: [8] Undefined index: db_params F:\PHP Projects\Xianlaiyizhuan\ThinkPHP\Library\Think\Db.class.php 第 130 行.
NOTIC: [8192] mysql_connect(): The mysql extension is deprecated and will be removed in the future: use mysqli or PDO instead F:\PHP Projects\Xianlaiyizhuan\ThinkPHP\Library\Think\Db\Driver\Mysql.class.php 第 52 行.
SQL: SHOW COLUMNS FROM `xlyz_user` [ RunTime:0.016271s ]
SQL: SELECT * FROM `xlyz_user` WHERE ( id = 1 and perm = 1 ) LIMIT 1   [ RunTime:0.017446s ]

[ 2017-04-19T13:38:12+08:00 ] ::1 /Xianlaiyizhuan/Home/Donation/createDonationInfo
INFO: [ app_begin ] --START--
INFO: Run Behavior\ReadHtmlCache [ RunTime:0.000985s ]
INFO: [ app_begin ] --END-- [ RunTime:0.001916s ]
NOTIC: [8] Undefined index: db_port F:\PHP Projects\Xianlaiyizhuan\ThinkPHP\Library\Think\Db.class.php 第 127 行.
NOTIC: [8] Undefined index: db_dsn F:\PHP Projects\Xianlaiyizhuan\ThinkPHP\Library\Think\Db.class.php 第 129 行.
NOTIC: [8] Undefined index: db_params F:\PHP Projects\Xianlaiyizhuan\ThinkPHP\Library\Think\Db.class.php 第 130 行.
NOTIC: [8192] mysql_connect(): The mysql extension is deprecated and will be removed in the future: use mysqli or PDO instead F:\PHP Projects\Xianlaiyizhuan\ThinkPHP\Library\Think\Db\Driver\Mysql.class.php 第 52 行.
SQL: SHOW COLUMNS FROM `xlyz_user` [ RunTime:0.011431s ]
SQL: SELECT * FROM `xlyz_user` WHERE ( id = 1 and perm = 1 ) LIMIT 1   [ RunTime:0.014307s ]

[ 2017-04-19T13:39:01+08:00 ] ::1 /Xianlaiyizhuan/Home/Donation/createDonationInfo
INFO: [ app_begin ] --START--
INFO: Run Behavior\ReadHtmlCache [ RunTime:0.000830s ]
INFO: [ app_begin ] --END-- [ RunTime:0.001677s ]
NOTIC: [8] Undefined index: db_port F:\PHP Projects\Xianlaiyizhuan\ThinkPHP\Library\Think\Db.class.php 第 127 行.
NOTIC: [8] Undefined index: db_dsn F:\PHP Projects\Xianlaiyizhuan\ThinkPHP\Library\Think\Db.class.php 第 129 行.
NOTIC: [8] Undefined index: db_params F:\PHP Projects\Xianlaiyizhuan\ThinkPHP\Library\Think\Db.class.php 第 130 行.
NOTIC: [8192] mysql_connect(): The mysql extension is deprecated and will be removed in the future: use mysqli or PDO instead F:\PHP Projects\Xianlaiyizhuan\ThinkPHP\Library\Think\Db\Driver\Mysql.class.php 第 52 行.
SQL: SHOW COLUMNS FROM `xlyz_user` [ RunTime:0.012916s ]
SQL: SELECT * FROM `xlyz_user` WHERE ( id = 1 and perm = 1 ) LIMIT 1   [ RunTime:0.010338s ]

[ 2017-04-19T13:40:04+08:00 ] ::1 /Xianlaiyizhuan/Home/Donation/createDonationInfo
INFO: [ app_begin ] --START--
INFO: Run Behavior\ReadHtmlCache [ RunTime:0.000748s ]
INFO: [ app_begin ] --END-- [ RunTime:0.001450s ]
NOTIC: [8] Undefined index: db_port F:\PHP Projects\Xianlaiyizhuan\ThinkPHP\Library\Think\Db.class.php 第 127 行.
NOTIC: [8] Undefined index: db_dsn F:\PHP Projects\Xianlaiyizhuan\ThinkPHP\Library\Think\Db.class.php 第 129 行.
NOTIC: [8] Undefined index: db_params F:\PHP Projects\Xianlaiyizhuan\ThinkPHP\Library\Think\Db.class.php 第 130 行.
NOTIC: [8192] mysql_connect(): The mysql extension is deprecated and will be removed in the future: use mysqli or PDO instead F:\PHP Projects\Xianlaiyizhuan\ThinkPHP\Library\Think\Db\Driver\Mysql.class.php 第 52 行.
SQL: SHOW COLUMNS FROM `xlyz_user` [ RunTime:0.017416s ]
SQL: SELECT * FROM `xlyz_user` WHERE ( id = 1 and perm = 1 ) LIMIT 1   [ RunTime:0.012518s ]

[ 2017-04-19T13:40:16+08:00 ] ::1 /Xianlaiyizhuan/Home/Donation/createDonationInfo
INFO: [ app_begin ] --START--
INFO: Run Behavior\ReadHtmlCache [ RunTime:0.000809s ]
INFO: [ app_begin ] --END-- [ RunTime:0.001542s ]
NOTIC: [8] Undefined index: db_port F:\PHP Projects\Xianlaiyizhuan\ThinkPHP\Library\Think\Db.class.php 第 127 行.
NOTIC: [8] Undefined index: db_dsn F:\PHP Projects\Xianlaiyizhuan\ThinkPHP\Library\Think\Db.class.php 第 129 行.
NOTIC: [8] Undefined index: db_params F:\PHP Projects\Xianlaiyizhuan\ThinkPHP\Library\Think\Db.class.php 第 130 行.
NOTIC: [8192] mysql_connect(): The mysql extension is deprecated and will be removed in the future: use mysqli or PDO instead F:\PHP Projects\Xianlaiyizhuan\ThinkPHP\Library\Think\Db\Driver\Mysql.class.php 第 52 行.
SQL: SHOW COLUMNS FROM `xlyz_user` [ RunTime:0.017198s ]
SQL: SELECT * FROM `xlyz_user` WHERE ( id = 1 and perm = 1 ) LIMIT 1   [ RunTime:0.012309s ]

[ 2017-04-19T13:41:44+08:00 ] ::1 /Xianlaiyizhuan/Home/Donation/createDonationInfo
INFO: [ app_begin ] --START--
INFO: Run Behavior\ReadHtmlCache [ RunTime:0.000667s ]
INFO: [ app_begin ] --END-- [ RunTime:0.001360s ]
NOTIC: [8] Undefined index: db_port F:\PHP Projects\Xianlaiyizhuan\ThinkPHP\Library\Think\Db.class.php 第 127 行.
NOTIC: [8] Undefined index: db_dsn F:\PHP Projects\Xianlaiyizhuan\ThinkPHP\Library\Think\Db.class.php 第 129 行.
NOTIC: [8] Undefined index: db_params F:\PHP Projects\Xianlaiyizhuan\ThinkPHP\Library\Think\Db.class.php 第 130 行.
NOTIC: [8192] mysql_connect(): The mysql extension is deprecated and will be removed in the future: use mysqli or PDO instead F:\PHP Projects\Xianlaiyizhuan\ThinkPHP\Library\Think\Db\Driver\Mysql.class.php 第 52 行.
SQL: SHOW COLUMNS FROM `xlyz_user` [ RunTime:0.013881s ]
SQL: SELECT * FROM `xlyz_user` WHERE ( id = 1 and perm = 1 ) LIMIT 1   [ RunTime:0.015584s ]

[ 2017-04-19T13:41:48+08:00 ] ::1 /Xianlaiyizhuan/Home/Donation/createDonationInfo
INFO: [ app_begin ] --START--
INFO: Run Behavior\ReadHtmlCache [ RunTime:0.000723s ]
INFO: [ app_begin ] --END-- [ RunTime:0.001492s ]
NOTIC: [8] Undefined index: db_port F:\PHP Projects\Xianlaiyizhuan\ThinkPHP\Library\Think\Db.class.php 第 127 行.
NOTIC: [8] Undefined index: db_dsn F:\PHP Projects\Xianlaiyizhuan\ThinkPHP\Library\Think\Db.class.php 第 129 行.
NOTIC: [8] Undefined index: db_params F:\PHP Projects\Xianlaiyizhuan\ThinkPHP\Library\Think\Db.class.php 第 130 行.
NOTIC: [8192] mysql_connect(): The mysql extension is deprecated and will be removed in the future: use mysqli or PDO instead F:\PHP Projects\Xianlaiyizhuan\ThinkPHP\Library\Think\Db\Driver\Mysql.class.php 第 52 行.
SQL: SHOW COLUMNS FROM `xlyz_user` [ RunTime:0.016798s ]
SQL: SELECT * FROM `xlyz_user` WHERE ( id = 1 and perm = 1 ) LIMIT 1   [ RunTime:0.015197s ]

[ 2017-04-19T13:42:49+08:00 ] ::1 /Xianlaiyizhuan/Home/Donation/createDonationInfo
INFO: [ app_begin ] --START--
INFO: Run Behavior\ReadHtmlCache [ RunTime:0.000781s ]
INFO: [ app_begin ] --END-- [ RunTime:0.001525s ]
NOTIC: [8] Undefined index: db_port F:\PHP Projects\Xianlaiyizhuan\ThinkPHP\Library\Think\Db.class.php 第 127 行.
NOTIC: [8] Undefined index: db_dsn F:\PHP Projects\Xianlaiyizhuan\ThinkPHP\Library\Think\Db.class.php 第 129 行.
NOTIC: [8] Undefined index: db_params F:\PHP Projects\Xianlaiyizhuan\ThinkPHP\Library\Think\Db.class.php 第 130 行.
NOTIC: [8192] mysql_connect(): The mysql extension is deprecated and will be removed in the future: use mysqli or PDO instead F:\PHP Projects\Xianlaiyizhuan\ThinkPHP\Library\Think\Db\Driver\Mysql.class.php 第 52 行.
SQL: SHOW COLUMNS FROM `xlyz_user` [ RunTime:0.020966s ]
SQL: SELECT * FROM `xlyz_user` WHERE ( id = 1 and perm = 1 ) LIMIT 1   [ RunTime:0.018133s ]

[ 2017-04-19T13:43:07+08:00 ] ::1 /Xianlaiyizhuan/Home/Donation/createDonationInfo
INFO: [ app_begin ] --START--
INFO: Run Behavior\ReadHtmlCache [ RunTime:0.000843s ]
INFO: [ app_begin ] --END-- [ RunTime:0.001602s ]
NOTIC: [8] Undefined index: db_port F:\PHP Projects\Xianlaiyizhuan\ThinkPHP\Library\Think\Db.class.php 第 127 行.
NOTIC: [8] Undefined index: db_dsn F:\PHP Projects\Xianlaiyizhuan\ThinkPHP\Library\Think\Db.class.php 第 129 行.
NOTIC: [8] Undefined index: db_params F:\PHP Projects\Xianlaiyizhuan\ThinkPHP\Library\Think\Db.class.php 第 130 行.
NOTIC: [8192] mysql_connect(): The mysql extension is deprecated and will be removed in the future: use mysqli or PDO instead F:\PHP Projects\Xianlaiyizhuan\ThinkPHP\Library\Think\Db\Driver\Mysql.class.php 第 52 行.
SQL: SHOW COLUMNS FROM `xlyz_user` [ RunTime:0.016311s ]
SQL: SELECT * FROM `xlyz_user` WHERE ( id = 1 and perm = 1 ) LIMIT 1   [ RunTime:0.018761s ]
NOTIC: [2] call_user_func() expects parameter 1 to be a valid callback, no array or string given F:\PHP Projects\Xianlaiyizhuan\ThinkPHP\Library\Think\Upload.class.php 第 167 行.

[ 2017-04-19T13:43:42+08:00 ] ::1 /Xianlaiyizhuan/Home/Donation/createDonationInfo
INFO: [ app_begin ] --START--
INFO: Run Behavior\ReadHtmlCache [ RunTime:0.001321s ]
INFO: [ app_begin ] --END-- [ RunTime:0.002191s ]
NOTIC: [8] Undefined index: db_port F:\PHP Projects\Xianlaiyizhuan\ThinkPHP\Library\Think\Db.class.php 第 127 行.
NOTIC: [8] Undefined index: db_dsn F:\PHP Projects\Xianlaiyizhuan\ThinkPHP\Library\Think\Db.class.php 第 129 行.
NOTIC: [8] Undefined index: db_params F:\PHP Projects\Xianlaiyizhuan\ThinkPHP\Library\Think\Db.class.php 第 130 行.
NOTIC: [8192] mysql_connect(): The mysql extension is deprecated and will be removed in the future: use mysqli or PDO instead F:\PHP Projects\Xianlaiyizhuan\ThinkPHP\Library\Think\Db\Driver\Mysql.class.php 第 52 行.
SQL: SHOW COLUMNS FROM `xlyz_user` [ RunTime:0.014371s ]
SQL: SELECT * FROM `xlyz_user` WHERE ( id = 1 and perm = 1 ) LIMIT 1   [ RunTime:0.020642s ]
NOTIC: [2] call_user_func() expects parameter 1 to be a valid callback, no array or string given F:\PHP Projects\Xianlaiyizhuan\ThinkPHP\Library\Think\Upload.class.php 第 167 行.
NOTIC: [8] Undefined index: saveroot F:\PHP Projects\Xianlaiyizhuan\Application\Home\Controller\DonationController.class.php 第 45 行.

[ 2017-04-19T13:44:21+08:00 ] ::1 /Xianlaiyizhuan/Home/Donation/createDonationInfo
INFO: [ app_begin ] --START--
INFO: Run Behavior\ReadHtmlCache [ RunTime:0.000753s ]
INFO: [ app_begin ] --END-- [ RunTime:0.001609s ]
NOTIC: [8] Undefined index: db_port F:\PHP Projects\Xianlaiyizhuan\ThinkPHP\Library\Think\Db.class.php 第 127 行.
NOTIC: [8] Undefined index: db_dsn F:\PHP Projects\Xianlaiyizhuan\ThinkPHP\Library\Think\Db.class.php 第 129 行.
NOTIC: [8] Undefined index: db_params F:\PHP Projects\Xianlaiyizhuan\ThinkPHP\Library\Think\Db.class.php 第 130 行.
NOTIC: [8192] mysql_connect(): The mysql extension is deprecated and will be removed in the future: use mysqli or PDO instead F:\PHP Projects\Xianlaiyizhuan\ThinkPHP\Library\Think\Db\Driver\Mysql.class.php 第 52 行.
SQL: SHOW COLUMNS FROM `xlyz_user` [ RunTime:0.014421s ]
SQL: SELECT * FROM `xlyz_user` WHERE ( id = 1 and perm = 1 ) LIMIT 1   [ RunTime:0.015990s ]
NOTIC: [2] call_user_func() expects parameter 1 to be a valid callback, no array or string given F:\PHP Projects\Xianlaiyizhuan\ThinkPHP\Library\Think\Upload.class.php 第 167 行.
NOTIC: [8] Undefined index: saveroot F:\PHP Projects\Xianlaiyizhuan\Application\Home\Controller\DonationController.class.php 第 45 行.
SQL: SHOW COLUMNS FROM `xlyz_donate` [ RunTime:0.017280s ]
SQL: INSERT INTO `xlyz_donate` (`ac_title`,`ac_time`,`ac_addr`,`ac_pay`,`ac_chk_addr`,`ac_detail`,`ac_host`,`ac_contact`,`ctime`,`has_comm`,`likec`,`ac_pic`) VALUES ('捐书啦啦啦','2017-04-08','wyu',200,'wyu','detail','wyu','1234',1492580661,0,0,'Public/donation/donation_info/2017-04-19/') [ RunTime:0.047018s ]

[ 2017-04-19T13:45:29+08:00 ] ::1 /Xianlaiyizhuan/Home/Donation/createDonationInfo
INFO: [ app_begin ] --START--
INFO: Run Behavior\ReadHtmlCache [ RunTime:0.001193s ]
INFO: [ app_begin ] --END-- [ RunTime:0.002071s ]
NOTIC: [8] Undefined index: db_port F:\PHP Projects\Xianlaiyizhuan\ThinkPHP\Library\Think\Db.class.php 第 127 行.
NOTIC: [8] Undefined index: db_dsn F:\PHP Projects\Xianlaiyizhuan\ThinkPHP\Library\Think\Db.class.php 第 129 行.
NOTIC: [8] Undefined index: db_params F:\PHP Projects\Xianlaiyizhuan\ThinkPHP\Library\Think\Db.class.php 第 130 行.
NOTIC: [8192] mysql_connect(): The mysql extension is deprecated and will be removed in the future: use mysqli or PDO instead F:\PHP Projects\Xianlaiyizhuan\ThinkPHP\Library\Think\Db\Driver\Mysql.class.php 第 52 行.
SQL: SHOW COLUMNS FROM `xlyz_user` [ RunTime:0.023832s ]
SQL: SELECT * FROM `xlyz_user` WHERE ( id = 1 and perm = 1 ) LIMIT 1   [ RunTime:0.038279s ]
NOTIC: [2] call_user_func() expects parameter 1 to be a valid callback, no array or string given F:\PHP Projects\Xianlaiyizhuan\ThinkPHP\Library\Think\Upload.class.php 第 167 行.
SQL: SHOW COLUMNS FROM `xlyz_donate` [ RunTime:0.015054s ]
SQL: INSERT INTO `xlyz_donate` (`ac_title`,`ac_time`,`ac_addr`,`ac_pay`,`ac_chk_addr`,`ac_detail`,`ac_host`,`ac_contact`,`ctime`,`has_comm`,`likec`,`ac_pic`) VALUES ('捐书啦啦啦','2017-04-08','wyu',200,'wyu','detail','wyu','1234',1492580729,0,0,'Public/donation/donation_info/2017-04-19/58f6f979c2058.jpg') [ RunTime:0.017062s ]

[ 2017-04-19T13:46:03+08:00 ] ::1 /Xianlaiyizhuan/Home/Donation/getDonationList
INFO: [ app_begin ] --START--
INFO: Run Behavior\ReadHtmlCache [ RunTime:0.001025s ]
INFO: [ app_begin ] --END-- [ RunTime:0.001776s ]
NOTIC: [8] Undefined index: db_port F:\PHP Projects\Xianlaiyizhuan\ThinkPHP\Library\Think\Db.class.php 第 127 行.
NOTIC: [8] Undefined index: db_dsn F:\PHP Projects\Xianlaiyizhuan\ThinkPHP\Library\Think\Db.class.php 第 129 行.
NOTIC: [8] Undefined index: db_params F:\PHP Projects\Xianlaiyizhuan\ThinkPHP\Library\Think\Db.class.php 第 130 行.
NOTIC: [8192] mysql_connect(): The mysql extension is deprecated and will be removed in the future: use mysqli or PDO instead F:\PHP Projects\Xianlaiyizhuan\ThinkPHP\Library\Think\Db\Driver\Mysql.class.php 第 52 行.
SQL: SHOW COLUMNS FROM `xlyz_donate` [ RunTime:0.012770s ]
SQL: SELECT * FROM `xlyz_donate` LIMIT 0,10   [ RunTime:0.013048s ]

[ 2017-04-19T13:47:58+08:00 ] ::1 /Xianlaiyizhuan/Home/Donation/getDonationList
INFO: [ app_begin ] --START--
INFO: Run Behavior\ReadHtmlCache [ RunTime:0.000945s ]
INFO: [ app_begin ] --END-- [ RunTime:0.001794s ]
NOTIC: [8] Undefined index: db_port F:\PHP Projects\Xianlaiyizhuan\ThinkPHP\Library\Think\Db.class.php 第 127 行.
NOTIC: [8] Undefined index: db_dsn F:\PHP Projects\Xianlaiyizhuan\ThinkPHP\Library\Think\Db.class.php 第 129 行.
NOTIC: [8] Undefined index: db_params F:\PHP Projects\Xianlaiyizhuan\ThinkPHP\Library\Think\Db.class.php 第 130 行.
NOTIC: [8192] mysql_connect(): The mysql extension is deprecated and will be removed in the future: use mysqli or PDO instead F:\PHP Projects\Xianlaiyizhuan\ThinkPHP\Library\Think\Db\Driver\Mysql.class.php 第 52 行.
SQL: SHOW COLUMNS FROM `xlyz_donate` [ RunTime:0.020042s ]
SQL: SELECT * FROM `xlyz_donate` LIMIT 0,10   [ RunTime:0.013369s ]

[ 2017-04-19T13:48:37+08:00 ] ::1 /Xianlaiyizhuan/Home/Donation/getDonationList
INFO: [ app_begin ] --START--
INFO: Run Behavior\ReadHtmlCache [ RunTime:0.000997s ]
INFO: [ app_begin ] --END-- [ RunTime:0.002709s ]
NOTIC: [8] Undefined index: db_port F:\PHP Projects\Xianlaiyizhuan\ThinkPHP\Library\Think\Db.class.php 第 127 行.
NOTIC: [8] Undefined index: db_dsn F:\PHP Projects\Xianlaiyizhuan\ThinkPHP\Library\Think\Db.class.php 第 129 行.
NOTIC: [8] Undefined index: db_params F:\PHP Projects\Xianlaiyizhuan\ThinkPHP\Library\Think\Db.class.php 第 130 行.
NOTIC: [8192] mysql_connect(): The mysql extension is deprecated and will be removed in the future: use mysqli or PDO instead F:\PHP Projects\Xianlaiyizhuan\ThinkPHP\Library\Think\Db\Driver\Mysql.class.php 第 52 行.
SQL: SHOW COLUMNS FROM `xlyz_donate` [ RunTime:0.015000s ]
SQL: SELECT * FROM `xlyz_donate` LIMIT 0,10   [ RunTime:0.012761s ]

[ 2017-04-19T18:38:52+08:00 ] ::1 /xianlaiyizhuan/Home/Transact/getRecentTransactionList
INFO: [ app_begin ] --START--
INFO: Run Behavior\ReadHtmlCache [ RunTime:0.001310s ]
INFO: [ app_begin ] --END-- [ RunTime:0.061152s ]
NOTIC: [8] Undefined index: db_port F:\PHP Projects\Xianlaiyizhuan\ThinkPHP\Library\Think\Db.class.php 第 127 行.
NOTIC: [8] Undefined index: db_dsn F:\PHP Projects\Xianlaiyizhuan\ThinkPHP\Library\Think\Db.class.php 第 129 行.
NOTIC: [8] Undefined index: db_params F:\PHP Projects\Xianlaiyizhuan\ThinkPHP\Library\Think\Db.class.php 第 130 行.
NOTIC: [8192] mysql_connect(): The mysql extension is deprecated and will be removed in the future: use mysqli or PDO instead F:\PHP Projects\Xianlaiyizhuan\ThinkPHP\Library\Think\Db\Driver\Mysql.class.php 第 52 行.
NOTIC: [2] mysql_connect(): Host '27.45.53.140' is not allowed to connect to this MySQL server F:\PHP Projects\Xianlaiyizhuan\ThinkPHP\Library\Think\Db\Driver\Mysql.class.php 第 52 行.
ERR: Host '27.45.53.140' is not allowed to connect to this MySQL server

[ 2017-04-19T18:39:43+08:00 ] ::1 /xianlaiyizhuan/Home/Transact/getRecentTransactionList
INFO: [ app_begin ] --START--
INFO: Run Behavior\ReadHtmlCache [ RunTime:0.000935s ]
INFO: [ app_begin ] --END-- [ RunTime:0.001755s ]
NOTIC: [8] Undefined index: db_port F:\PHP Projects\Xianlaiyizhuan\ThinkPHP\Library\Think\Db.class.php 第 127 行.
NOTIC: [8] Undefined index: db_dsn F:\PHP Projects\Xianlaiyizhuan\ThinkPHP\Library\Think\Db.class.php 第 129 行.
NOTIC: [8] Undefined index: db_params F:\PHP Projects\Xianlaiyizhuan\ThinkPHP\Library\Think\Db.class.php 第 130 行.
NOTIC: [8192] mysql_connect(): The mysql extension is deprecated and will be removed in the future: use mysqli or PDO instead F:\PHP Projects\Xianlaiyizhuan\ThinkPHP\Library\Think\Db\Driver\Mysql.class.php 第 52 行.
NOTIC: [2] mysql_connect(): Host '27.45.53.140' is not allowed to connect to this MySQL server F:\PHP Projects\Xianlaiyizhuan\ThinkPHP\Library\Think\Db\Driver\Mysql.class.php 第 52 行.
ERR: Host '27.45.53.140' is not allowed to connect to this MySQL server

[ 2017-04-19T18:39:44+08:00 ] ::1 /xianlaiyizhuan/Home/Transact/getRecentTransactionList
INFO: [ app_begin ] --START--
INFO: Run Behavior\ReadHtmlCache [ RunTime:0.000707s ]
INFO: [ app_begin ] --END-- [ RunTime:0.001567s ]
NOTIC: [8] Undefined index: db_port F:\PHP Projects\Xianlaiyizhuan\ThinkPHP\Library\Think\Db.class.php 第 127 行.
NOTIC: [8] Undefined index: db_dsn F:\PHP Projects\Xianlaiyizhuan\ThinkPHP\Library\Think\Db.class.php 第 129 行.
NOTIC: [8] Undefined index: db_params F:\PHP Projects\Xianlaiyizhuan\ThinkPHP\Library\Think\Db.class.php 第 130 行.
NOTIC: [8192] mysql_connect(): The mysql extension is deprecated and will be removed in the future: use mysqli or PDO instead F:\PHP Projects\Xianlaiyizhuan\ThinkPHP\Library\Think\Db\Driver\Mysql.class.php 第 52 行.
NOTIC: [2] mysql_connect(): Host '27.45.53.140' is not allowed to connect to this MySQL server F:\PHP Projects\Xianlaiyizhuan\ThinkPHP\Library\Think\Db\Driver\Mysql.class.php 第 52 行.
ERR: Host '27.45.53.140' is not allowed to connect to this MySQL server

[ 2017-04-19T18:40:57+08:00 ] ::1 /xianlaiyizhuan/Home/Transact/getRecentTransactionList
INFO: [ app_begin ] --START--
INFO: Run Behavior\ReadHtmlCache [ RunTime:0.000880s ]
INFO: [ app_begin ] --END-- [ RunTime:0.001622s ]
NOTIC: [8] Undefined index: db_port F:\PHP Projects\Xianlaiyizhuan\ThinkPHP\Library\Think\Db.class.php 第 127 行.
NOTIC: [8] Undefined index: db_dsn F:\PHP Projects\Xianlaiyizhuan\ThinkPHP\Library\Think\Db.class.php 第 129 行.
NOTIC: [8] Undefined index: db_params F:\PHP Projects\Xianlaiyizhuan\ThinkPHP\Library\Think\Db.class.php 第 130 行.
NOTIC: [8192] mysql_connect(): The mysql extension is deprecated and will be removed in the future: use mysqli or PDO instead F:\PHP Projects\Xianlaiyizhuan\ThinkPHP\Library\Think\Db\Driver\Mysql.class.php 第 52 行.
SQL: SHOW COLUMNS FROM `xlyz_transact` [ RunTime:0.040991s ]
SQL: SELECT * FROM `xlyz_transact` WHERE ( `id` IN (19,18,17,16,15,5,84,20,91,100,26,72,87,52,5,5,1,2,3) )  [ RunTime:0.016737s ]
SQL: SHOW COLUMNS FROM `xlyz_user` [ RunTime:0.073994s ]
SQL: SELECT `id_number`,`realname`,`tel`,`qq_num`,`wx_id`,`nickname`,`avatar`,`addr`,`sign` FROM `xlyz_user` WHERE ( id = 1 ) LIMIT 1   [ RunTime:0.012002s ]
SQL: SELECT `id_number`,`realname`,`tel`,`qq_num`,`wx_id`,`nickname`,`avatar`,`addr`,`sign` FROM `xlyz_user` WHERE ( id = 2 ) LIMIT 1   [ RunTime:0.010462s ]
SQL: SELECT `id_number`,`realname`,`tel`,`qq_num`,`wx_id`,`nickname`,`avatar`,`addr`,`sign` FROM `xlyz_user` WHERE ( id = 6 ) LIMIT 1   [ RunTime:0.010023s ]

[ 2017-04-19T18:42:17+08:00 ] ::1 /xianlaiyizhuan/Home/Transact/getRecentTransactionList
INFO: [ app_begin ] --START--
INFO: Run Behavior\ReadHtmlCache [ RunTime:0.001042s ]
INFO: [ app_begin ] --END-- [ RunTime:0.001933s ]
NOTIC: [8] Undefined index: db_port F:\PHP Projects\Xianlaiyizhuan\ThinkPHP\Library\Think\Db.class.php 第 127 行.
NOTIC: [8] Undefined index: db_dsn F:\PHP Projects\Xianlaiyizhuan\ThinkPHP\Library\Think\Db.class.php 第 129 行.
NOTIC: [8] Undefined index: db_params F:\PHP Projects\Xianlaiyizhuan\ThinkPHP\Library\Think\Db.class.php 第 130 行.
NOTIC: [8192] mysql_connect(): The mysql extension is deprecated and will be removed in the future: use mysqli or PDO instead F:\PHP Projects\Xianlaiyizhuan\ThinkPHP\Library\Think\Db\Driver\Mysql.class.php 第 52 行.
SQL: SHOW COLUMNS FROM `xlyz_transact` [ RunTime:0.014099s ]
SQL: SELECT * FROM `xlyz_transact` WHERE ( `id` IN (19,18,17,16,15,5,84,20,91,100,26,72,87,52,5,5,1,2,3) )  [ RunTime:0.008912s ]
SQL: SHOW COLUMNS FROM `xlyz_user` [ RunTime:0.013143s ]
SQL: SELECT `id_number`,`realname`,`tel`,`qq_num`,`wx_id`,`nickname`,`avatar`,`addr`,`sign` FROM `xlyz_user` WHERE ( id = 1 ) LIMIT 1   [ RunTime:0.009996s ]
SQL: SELECT `id_number`,`realname`,`tel`,`qq_num`,`wx_id`,`nickname`,`avatar`,`addr`,`sign` FROM `xlyz_user` WHERE ( id = 2 ) LIMIT 1   [ RunTime:0.009610s ]
SQL: SELECT `id_number`,`realname`,`tel`,`qq_num`,`wx_id`,`nickname`,`avatar`,`addr`,`sign` FROM `xlyz_user` WHERE ( id = 6 ) LIMIT 1   [ RunTime:0.008530s ]

[ 2017-04-19T18:42:18+08:00 ] ::1 /xianlaiyizhuan/Home/Transact/getRecentTransactionList
INFO: [ app_begin ] --START--
INFO: Run Behavior\ReadHtmlCache [ RunTime:0.000703s ]
INFO: [ app_begin ] --END-- [ RunTime:0.001424s ]
NOTIC: [8] Undefined index: db_port F:\PHP Projects\Xianlaiyizhuan\ThinkPHP\Library\Think\Db.class.php 第 127 行.
NOTIC: [8] Undefined index: db_dsn F:\PHP Projects\Xianlaiyizhuan\ThinkPHP\Library\Think\Db.class.php 第 129 行.
NOTIC: [8] Undefined index: db_params F:\PHP Projects\Xianlaiyizhuan\ThinkPHP\Library\Think\Db.class.php 第 130 行.
NOTIC: [8192] mysql_connect(): The mysql extension is deprecated and will be removed in the future: use mysqli or PDO instead F:\PHP Projects\Xianlaiyizhuan\ThinkPHP\Library\Think\Db\Driver\Mysql.class.php 第 52 行.
SQL: SHOW COLUMNS FROM `xlyz_transact` [ RunTime:0.098899s ]
SQL: SELECT * FROM `xlyz_transact` WHERE ( `id` IN (19,18,17,16,15,5,84,20,91,100,26,72,87,52,5,5,1,2,3) )  [ RunTime:0.062543s ]
SQL: SHOW COLUMNS FROM `xlyz_user` [ RunTime:0.012694s ]
SQL: SELECT `id_number`,`realname`,`tel`,`qq_num`,`wx_id`,`nickname`,`avatar`,`addr`,`sign` FROM `xlyz_user` WHERE ( id = 1 ) LIMIT 1   [ RunTime:0.011367s ]
SQL: SELECT `id_number`,`realname`,`tel`,`qq_num`,`wx_id`,`nickname`,`avatar`,`addr`,`sign` FROM `xlyz_user` WHERE ( id = 2 ) LIMIT 1   [ RunTime:0.014060s ]
SQL: SELECT `id_number`,`realname`,`tel`,`qq_num`,`wx_id`,`nickname`,`avatar`,`addr`,`sign` FROM `xlyz_user` WHERE ( id = 6 ) LIMIT 1   [ RunTime:0.018171s ]

[ 2017-04-19T18:44:25+08:00 ] ::1 /xianlaiyizhuan/Home/Transact/getRecentTransactionList
INFO: [ app_begin ] --START--
INFO: Run Behavior\ReadHtmlCache [ RunTime:0.000906s ]
INFO: [ app_begin ] --END-- [ RunTime:0.001718s ]
NOTIC: [8] Undefined index: db_port F:\PHP Projects\Xianlaiyizhuan\ThinkPHP\Library\Think\Db.class.php 第 127 行.
NOTIC: [8] Undefined index: db_dsn F:\PHP Projects\Xianlaiyizhuan\ThinkPHP\Library\Think\Db.class.php 第 129 行.
NOTIC: [8] Undefined index: db_params F:\PHP Projects\Xianlaiyizhuan\ThinkPHP\Library\Think\Db.class.php 第 130 行.
NOTIC: [8192] mysql_connect(): The mysql extension is deprecated and will be removed in the future: use mysqli or PDO instead F:\PHP Projects\Xianlaiyizhuan\ThinkPHP\Library\Think\Db\Driver\Mysql.class.php 第 52 行.
SQL: SHOW COLUMNS FROM `xlyz_transact` [ RunTime:0.013959s ]
SQL: SELECT * FROM `xlyz_transact` WHERE ( `id` IN (19,18,17,16,15,5,84,20,91,100,26,72,87,52,5,5,1,2,3) )  [ RunTime:0.012221s ]
SQL: SHOW COLUMNS FROM `xlyz_user` [ RunTime:0.009854s ]
SQL: SELECT `id_number`,`realname`,`tel`,`qq_num`,`wx_id`,`nickname`,`avatar`,`addr`,`sign` FROM `xlyz_user` WHERE ( id = 1 ) LIMIT 1   [ RunTime:0.012270s ]
SQL: SELECT `id_number`,`realname`,`tel`,`qq_num`,`wx_id`,`nickname`,`avatar`,`addr`,`sign` FROM `xlyz_user` WHERE ( id = 2 ) LIMIT 1   [ RunTime:0.008910s ]
SQL: SELECT `id_number`,`realname`,`tel`,`qq_num`,`wx_id`,`nickname`,`avatar`,`addr`,`sign` FROM `xlyz_user` WHERE ( id = 6 ) LIMIT 1   [ RunTime:0.009581s ]

[ 2017-04-19T18:44:25+08:00 ] ::1 /xianlaiyizhuan/Home/Transact/getRecentTransactionList
INFO: [ app_begin ] --START--
INFO: Run Behavior\ReadHtmlCache [ RunTime:0.000857s ]
INFO: [ app_begin ] --END-- [ RunTime:0.001738s ]
NOTIC: [8] Undefined index: db_port F:\PHP Projects\Xianlaiyizhuan\ThinkPHP\Library\Think\Db.class.php 第 127 行.
NOTIC: [8] Undefined index: db_dsn F:\PHP Projects\Xianlaiyizhuan\ThinkPHP\Library\Think\Db.class.php 第 129 行.
NOTIC: [8] Undefined index: db_params F:\PHP Projects\Xianlaiyizhuan\ThinkPHP\Library\Think\Db.class.php 第 130 行.
NOTIC: [8192] mysql_connect(): The mysql extension is deprecated and will be removed in the future: use mysqli or PDO instead F:\PHP Projects\Xianlaiyizhuan\ThinkPHP\Library\Think\Db\Driver\Mysql.class.php 第 52 行.
SQL: SHOW COLUMNS FROM `xlyz_transact` [ RunTime:0.012426s ]
SQL: SELECT * FROM `xlyz_transact` WHERE ( `id` IN (19,18,17,16,15,5,84,20,91,100,26,72,87,52,5,5,1,2,3) )  [ RunTime:0.008882s ]
SQL: SHOW COLUMNS FROM `xlyz_user` [ RunTime:0.012016s ]
SQL: SELECT `id_number`,`realname`,`tel`,`qq_num`,`wx_id`,`nickname`,`avatar`,`addr`,`sign` FROM `xlyz_user` WHERE ( id = 1 ) LIMIT 1   [ RunTime:0.015807s ]
SQL: SELECT `id_number`,`realname`,`tel`,`qq_num`,`wx_id`,`nickname`,`avatar`,`addr`,`sign` FROM `xlyz_user` WHERE ( id = 2 ) LIMIT 1   [ RunTime:0.018248s ]
SQL: SELECT `id_number`,`realname`,`tel`,`qq_num`,`wx_id`,`nickname`,`avatar`,`addr`,`sign` FROM `xlyz_user` WHERE ( id = 6 ) LIMIT 1   [ RunTime:0.010432s ]

[ 2017-04-19T18:44:27+08:00 ] ::1 /xianlaiyizhuan/Home/Transact/getRecentTransactionList
INFO: [ app_begin ] --START--
INFO: Run Behavior\ReadHtmlCache [ RunTime:0.000707s ]
INFO: [ app_begin ] --END-- [ RunTime:0.001433s ]
NOTIC: [8] Undefined index: db_port F:\PHP Projects\Xianlaiyizhuan\ThinkPHP\Library\Think\Db.class.php 第 127 行.
NOTIC: [8] Undefined index: db_dsn F:\PHP Projects\Xianlaiyizhuan\ThinkPHP\Library\Think\Db.class.php 第 129 行.
NOTIC: [8] Undefined index: db_params F:\PHP Projects\Xianlaiyizhuan\ThinkPHP\Library\Think\Db.class.php 第 130 行.
NOTIC: [8192] mysql_connect(): The mysql extension is deprecated and will be removed in the future: use mysqli or PDO instead F:\PHP Projects\Xianlaiyizhuan\ThinkPHP\Library\Think\Db\Driver\Mysql.class.php 第 52 行.
SQL: SHOW COLUMNS FROM `xlyz_transact` [ RunTime:0.011909s ]
SQL: SELECT * FROM `xlyz_transact` WHERE ( `id` IN (19,18,17,16,15,5,84,20,91,100,26,72,87,52,5,5,1,2,3) )  [ RunTime:0.012624s ]
SQL: SHOW COLUMNS FROM `xlyz_user` [ RunTime:0.012421s ]
SQL: SELECT `id_number`,`realname`,`tel`,`qq_num`,`wx_id`,`nickname`,`avatar`,`addr`,`sign` FROM `xlyz_user` WHERE ( id = 1 ) LIMIT 1   [ RunTime:0.008279s ]
SQL: SELECT `id_number`,`realname`,`tel`,`qq_num`,`wx_id`,`nickname`,`avatar`,`addr`,`sign` FROM `xlyz_user` WHERE ( id = 2 ) LIMIT 1   [ RunTime:0.009208s ]
SQL: SELECT `id_number`,`realname`,`tel`,`qq_num`,`wx_id`,`nickname`,`avatar`,`addr`,`sign` FROM `xlyz_user` WHERE ( id = 6 ) LIMIT 1   [ RunTime:0.010263s ]

[ 2017-04-19T18:45:31+08:00 ] ::1 /xianlaiyizhuan/Home/Transact/getRecentTransactionList
INFO: [ app_begin ] --START--
INFO: Run Behavior\ReadHtmlCache [ RunTime:0.000860s ]
INFO: [ app_begin ] --END-- [ RunTime:0.001781s ]
NOTIC: [8] Undefined index: db_port F:\PHP Projects\Xianlaiyizhuan\ThinkPHP\Library\Think\Db.class.php 第 127 行.
NOTIC: [8] Undefined index: db_dsn F:\PHP Projects\Xianlaiyizhuan\ThinkPHP\Library\Think\Db.class.php 第 129 行.
NOTIC: [8] Undefined index: db_params F:\PHP Projects\Xianlaiyizhuan\ThinkPHP\Library\Think\Db.class.php 第 130 行.
NOTIC: [8192] mysql_connect(): The mysql extension is deprecated and will be removed in the future: use mysqli or PDO instead F:\PHP Projects\Xianlaiyizhuan\ThinkPHP\Library\Think\Db\Driver\Mysql.class.php 第 52 行.
SQL: SHOW COLUMNS FROM `xlyz_transact` [ RunTime:0.010168s ]
SQL: SELECT * FROM `xlyz_transact` WHERE ( `id` IN (19,18,17,16,15,5,84,20,91,100,26,72,87,52,5,5,1,2,3) )  [ RunTime:0.007943s ]
SQL: SHOW COLUMNS FROM `xlyz_user` [ RunTime:0.010649s ]
SQL: SELECT `id_number`,`realname`,`tel`,`qq_num`,`wx_id`,`nickname`,`avatar`,`addr`,`sign` FROM `xlyz_user` WHERE ( id = 1 ) LIMIT 1   [ RunTime:0.015839s ]
SQL: SELECT `id_number`,`realname`,`tel`,`qq_num`,`wx_id`,`nickname`,`avatar`,`addr`,`sign` FROM `xlyz_user` WHERE ( id = 2 ) LIMIT 1   [ RunTime:0.012482s ]
SQL: SELECT `id_number`,`realname`,`tel`,`qq_num`,`wx_id`,`nickname`,`avatar`,`addr`,`sign` FROM `xlyz_user` WHERE ( id = 6 ) LIMIT 1   [ RunTime:0.007578s ]

[ 2017-04-19T18:45:32+08:00 ] ::1 /xianlaiyizhuan/Home/Transact/getRecentTransactionList
INFO: [ app_begin ] --START--
INFO: Run Behavior\ReadHtmlCache [ RunTime:0.000977s ]
INFO: [ app_begin ] --END-- [ RunTime:0.003222s ]
NOTIC: [8] Undefined index: db_port F:\PHP Projects\Xianlaiyizhuan\ThinkPHP\Library\Think\Db.class.php 第 127 行.
NOTIC: [8] Undefined index: db_dsn F:\PHP Projects\Xianlaiyizhuan\ThinkPHP\Library\Think\Db.class.php 第 129 行.
NOTIC: [8] Undefined index: db_params F:\PHP Projects\Xianlaiyizhuan\ThinkPHP\Library\Think\Db.class.php 第 130 行.
NOTIC: [8192] mysql_connect(): The mysql extension is deprecated and will be removed in the future: use mysqli or PDO instead F:\PHP Projects\Xianlaiyizhuan\ThinkPHP\Library\Think\Db\Driver\Mysql.class.php 第 52 行.
SQL: SHOW COLUMNS FROM `xlyz_transact` [ RunTime:0.013984s ]
SQL: SELECT * FROM `xlyz_transact` WHERE ( `id` IN (19,18,17,16,15,5,84,20,91,100,26,72,87,52,5,5,1,2,3) )  [ RunTime:0.013210s ]
SQL: SHOW COLUMNS FROM `xlyz_user` [ RunTime:0.017868s ]
SQL: SELECT `id_number`,`realname`,`tel`,`qq_num`,`wx_id`,`nickname`,`avatar`,`addr`,`sign` FROM `xlyz_user` WHERE ( id = 1 ) LIMIT 1   [ RunTime:0.009029s ]
SQL: SELECT `id_number`,`realname`,`tel`,`qq_num`,`wx_id`,`nickname`,`avatar`,`addr`,`sign` FROM `xlyz_user` WHERE ( id = 2 ) LIMIT 1   [ RunTime:0.015172s ]
SQL: SELECT `id_number`,`realname`,`tel`,`qq_num`,`wx_id`,`nickname`,`avatar`,`addr`,`sign` FROM `xlyz_user` WHERE ( id = 6 ) LIMIT 1   [ RunTime:0.011916s ]

[ 2017-04-19T18:46:24+08:00 ] ::1 /xianlaiyizhuan/Home/Transact/getRecentTransactionList
INFO: [ app_begin ] --START--
INFO: Run Behavior\ReadHtmlCache [ RunTime:0.000897s ]
INFO: [ app_begin ] --END-- [ RunTime:0.001797s ]
NOTIC: [8] Undefined index: db_port F:\PHP Projects\Xianlaiyizhuan\ThinkPHP\Library\Think\Db.class.php 第 127 行.
NOTIC: [8] Undefined index: db_dsn F:\PHP Projects\Xianlaiyizhuan\ThinkPHP\Library\Think\Db.class.php 第 129 行.
NOTIC: [8] Undefined index: db_params F:\PHP Projects\Xianlaiyizhuan\ThinkPHP\Library\Think\Db.class.php 第 130 行.
NOTIC: [8192] mysql_connect(): The mysql extension is deprecated and will be removed in the future: use mysqli or PDO instead F:\PHP Projects\Xianlaiyizhuan\ThinkPHP\Library\Think\Db\Driver\Mysql.class.php 第 52 行.
SQL: SHOW COLUMNS FROM `xlyz_transact` [ RunTime:0.016263s ]
SQL: SELECT * FROM `xlyz_transact` WHERE ( `id` IN (19,18,17,16,15,5,84,20,91,100,26,72,87,52,5,5,1,2,3) )  [ RunTime:0.011137s ]
SQL: SHOW COLUMNS FROM `xlyz_user` [ RunTime:0.013177s ]
SQL: SELECT `nickname`,`avatar` FROM `xlyz_user` WHERE ( id = 1 ) LIMIT 1   [ RunTime:0.014032s ]
SQL: SELECT `nickname`,`avatar` FROM `xlyz_user` WHERE ( id = 2 ) LIMIT 1   [ RunTime:0.011234s ]
SQL: SELECT `nickname`,`avatar` FROM `xlyz_user` WHERE ( id = 6 ) LIMIT 1   [ RunTime:0.009111s ]

[ 2017-04-19T18:47:08+08:00 ] ::1 /Xianlaiyizhuan/Home/Requirement/recentRequirementList
INFO: [ app_begin ] --START--
INFO: Run Behavior\ReadHtmlCache [ RunTime:0.000821s ]
INFO: [ app_begin ] --END-- [ RunTime:0.001679s ]
NOTIC: [8] Undefined index: db_port F:\PHP Projects\Xianlaiyizhuan\ThinkPHP\Library\Think\Db.class.php 第 127 行.
NOTIC: [8] Undefined index: db_dsn F:\PHP Projects\Xianlaiyizhuan\ThinkPHP\Library\Think\Db.class.php 第 129 行.
NOTIC: [8] Undefined index: db_params F:\PHP Projects\Xianlaiyizhuan\ThinkPHP\Library\Think\Db.class.php 第 130 行.
NOTIC: [8192] mysql_connect(): The mysql extension is deprecated and will be removed in the future: use mysqli or PDO instead F:\PHP Projects\Xianlaiyizhuan\ThinkPHP\Library\Think\Db\Driver\Mysql.class.php 第 52 行.
SQL: SHOW COLUMNS FROM `xlyz_requirement` [ RunTime:0.013966s ]
SQL: SELECT * FROM `xlyz_requirement` WHERE ( `id` IN (16,14,9) )  [ RunTime:0.011993s ]
SQL: SHOW COLUMNS FROM `xlyz_user` [ RunTime:0.017520s ]
SQL: SELECT `id`,`nickname`,`avatar` FROM `xlyz_user` WHERE ( id = 1 ) LIMIT 1   [ RunTime:0.012997s ]
SQL: SELECT `id`,`nickname`,`avatar` FROM `xlyz_user` WHERE ( id = 1 ) LIMIT 1   [ RunTime:0.010599s ]

[ 2017-04-19T21:38:35+08:00 ] ::1 /xianlaiyizhuan/Home/Transact/getRecentTransactionList
INFO: [ app_begin ] --START--
INFO: Run Behavior\ReadHtmlCache [ RunTime:0.001023s ]
INFO: [ app_begin ] --END-- [ RunTime:0.003339s ]
NOTIC: [8] Undefined index: db_port F:\PHP Projects\Xianlaiyizhuan\ThinkPHP\Library\Think\Db.class.php 第 127 行.
NOTIC: [8] Undefined index: db_dsn F:\PHP Projects\Xianlaiyizhuan\ThinkPHP\Library\Think\Db.class.php 第 129 行.
NOTIC: [8] Undefined index: db_params F:\PHP Projects\Xianlaiyizhuan\ThinkPHP\Library\Think\Db.class.php 第 130 行.
NOTIC: [8192] mysql_connect(): The mysql extension is deprecated and will be removed in the future: use mysqli or PDO instead F:\PHP Projects\Xianlaiyizhuan\ThinkPHP\Library\Think\Db\Driver\Mysql.class.php 第 52 行.
SQL: SHOW COLUMNS FROM `xlyz_transact` [ RunTime:0.049884s ]
SQL: SELECT * FROM `xlyz_transact` WHERE ( `id` IN (19,18,17,16,15,5,84,20,91,100,26,72,87,52,5,5,1,2,3) )  [ RunTime:0.041124s ]
SQL: SHOW COLUMNS FROM `xlyz_user` [ RunTime:0.071600s ]
SQL: SELECT `id`,`nickname`,`avatar` FROM `xlyz_user` WHERE ( id = 1 ) LIMIT 1   [ RunTime:0.035706s ]
SQL: SELECT `id`,`nickname`,`avatar` FROM `xlyz_user` WHERE ( id = 2 ) LIMIT 1   [ RunTime:0.023522s ]
SQL: SELECT `id`,`nickname`,`avatar` FROM `xlyz_user` WHERE ( id = 6 ) LIMIT 1   [ RunTime:0.020190s ]

[ 2017-04-19T21:38:48+08:00 ] ::1 /Xianlaiyizhuan/Home/Donation/getDonationList
INFO: [ app_begin ] --START--
INFO: Run Behavior\ReadHtmlCache [ RunTime:0.000724s ]
INFO: [ app_begin ] --END-- [ RunTime:0.001668s ]
NOTIC: [8] Undefined index: db_port F:\PHP Projects\Xianlaiyizhuan\ThinkPHP\Library\Think\Db.class.php 第 127 行.
NOTIC: [8] Undefined index: db_dsn F:\PHP Projects\Xianlaiyizhuan\ThinkPHP\Library\Think\Db.class.php 第 129 行.
NOTIC: [8] Undefined index: db_params F:\PHP Projects\Xianlaiyizhuan\ThinkPHP\Library\Think\Db.class.php 第 130 行.
NOTIC: [8192] mysql_connect(): The mysql extension is deprecated and will be removed in the future: use mysqli or PDO instead F:\PHP Projects\Xianlaiyizhuan\ThinkPHP\Library\Think\Db\Driver\Mysql.class.php 第 52 行.
SQL: SHOW COLUMNS FROM `xlyz_donate` [ RunTime:0.181188s ]
SQL: SELECT * FROM `xlyz_donate` LIMIT 0,10   [ RunTime:0.049418s ]

[ 2017-04-19T21:39:28+08:00 ] ::1 /Xianlaiyizhuan/Home/Donation/updateDonationPicture?file=
INFO: [ app_begin ] --START--
INFO: Run Behavior\ReadHtmlCache [ RunTime:0.001019s ]
INFO: [ app_begin ] --END-- [ RunTime:0.001911s ]

[ 2017-04-19T21:39:48+08:00 ] ::1 /Xianlaiyizhuan/Home/User/userLogin
INFO: [ app_begin ] --START--
INFO: Run Behavior\ReadHtmlCache [ RunTime:0.000827s ]
INFO: [ app_begin ] --END-- [ RunTime:0.001579s ]
NOTIC: [8] Undefined index: db_port F:\PHP Projects\Xianlaiyizhuan\ThinkPHP\Library\Think\Db.class.php 第 127 行.
NOTIC: [8] Undefined index: db_dsn F:\PHP Projects\Xianlaiyizhuan\ThinkPHP\Library\Think\Db.class.php 第 129 行.
NOTIC: [8] Undefined index: db_params F:\PHP Projects\Xianlaiyizhuan\ThinkPHP\Library\Think\Db.class.php 第 130 行.
NOTIC: [8192] mysql_connect(): The mysql extension is deprecated and will be removed in the future: use mysqli or PDO instead F:\PHP Projects\Xianlaiyizhuan\ThinkPHP\Library\Think\Db\Driver\Mysql.class.php 第 52 行.
SQL: SHOW COLUMNS FROM `xlyz_user` [ RunTime:0.050677s ]
SQL: SELECT * FROM `xlyz_user` WHERE ( id_number = '1169559037' and password = 'e10adc3949ba59abbe56e057f20f883e' ) LIMIT 1   [ RunTime:0.453320s ]

[ 2017-04-19T21:39:54+08:00 ] ::1 /Xianlaiyizhuan/Home/Donation/updateDonationPicture?file=
INFO: [ app_begin ] --START--
INFO: Run Behavior\ReadHtmlCache [ RunTime:0.000658s ]
INFO: [ app_begin ] --END-- [ RunTime:0.001282s ]
NOTIC: [8] Undefined index: db_port F:\PHP Projects\Xianlaiyizhuan\ThinkPHP\Library\Think\Db.class.php 第 127 行.
NOTIC: [8] Undefined index: db_dsn F:\PHP Projects\Xianlaiyizhuan\ThinkPHP\Library\Think\Db.class.php 第 129 行.
NOTIC: [8] Undefined index: db_params F:\PHP Projects\Xianlaiyizhuan\ThinkPHP\Library\Think\Db.class.php 第 130 行.
NOTIC: [8192] mysql_connect(): The mysql extension is deprecated and will be removed in the future: use mysqli or PDO instead F:\PHP Projects\Xianlaiyizhuan\ThinkPHP\Library\Think\Db\Driver\Mysql.class.php 第 52 行.
SQL: SHOW COLUMNS FROM `xlyz_user` [ RunTime:0.023255s ]
SQL: SELECT * FROM `xlyz_user` WHERE ( id = 1 and perm = 1 ) LIMIT 1   [ RunTime:0.029177s ]

[ 2017-04-19T21:40:02+08:00 ] ::1 /Xianlaiyizhuan/Home/Donation/updateDonationPicture?file=
INFO: [ app_begin ] --START--
INFO: Run Behavior\ReadHtmlCache [ RunTime:0.000732s ]
INFO: [ app_begin ] --END-- [ RunTime:0.001393s ]
NOTIC: [8] Undefined index: db_port F:\PHP Projects\Xianlaiyizhuan\ThinkPHP\Library\Think\Db.class.php 第 127 行.
NOTIC: [8] Undefined index: db_dsn F:\PHP Projects\Xianlaiyizhuan\ThinkPHP\Library\Think\Db.class.php 第 129 行.
NOTIC: [8] Undefined index: db_params F:\PHP Projects\Xianlaiyizhuan\ThinkPHP\Library\Think\Db.class.php 第 130 行.
NOTIC: [8192] mysql_connect(): The mysql extension is deprecated and will be removed in the future: use mysqli or PDO instead F:\PHP Projects\Xianlaiyizhuan\ThinkPHP\Library\Think\Db\Driver\Mysql.class.php 第 52 行.
SQL: SHOW COLUMNS FROM `xlyz_user` [ RunTime:0.049020s ]
SQL: SELECT * FROM `xlyz_user` WHERE ( id = 1 and perm = 1 ) LIMIT 1   [ RunTime:0.025489s ]

[ 2017-04-19T21:42:00+08:00 ] ::1 /Xianlaiyizhuan/Home/Donation/updateDonationPicture?dn_id=&file=
INFO: [ app_begin ] --START--
INFO: Run Behavior\ReadHtmlCache [ RunTime:0.000922s ]
INFO: [ app_begin ] --END-- [ RunTime:0.001812s ]
NOTIC: [8] Undefined index: db_port F:\PHP Projects\Xianlaiyizhuan\ThinkPHP\Library\Think\Db.class.php 第 127 行.
NOTIC: [8] Undefined index: db_dsn F:\PHP Projects\Xianlaiyizhuan\ThinkPHP\Library\Think\Db.class.php 第 129 行.
NOTIC: [8] Undefined index: db_params F:\PHP Projects\Xianlaiyizhuan\ThinkPHP\Library\Think\Db.class.php 第 130 行.
NOTIC: [8192] mysql_connect(): The mysql extension is deprecated and will be removed in the future: use mysqli or PDO instead F:\PHP Projects\Xianlaiyizhuan\ThinkPHP\Library\Think\Db\Driver\Mysql.class.php 第 52 行.
SQL: SHOW COLUMNS FROM `xlyz_user` [ RunTime:0.014133s ]
SQL: SELECT * FROM `xlyz_user` WHERE ( id = 1 and perm = 1 ) LIMIT 1   [ RunTime:0.015417s ]

[ 2017-04-19T21:42:03+08:00 ] ::1 /Xianlaiyizhuan/Home/Donation/updateDonationPicture?dn_id=1&file=
INFO: [ app_begin ] --START--
INFO: Run Behavior\ReadHtmlCache [ RunTime:0.000899s ]
INFO: [ app_begin ] --END-- [ RunTime:0.001668s ]
NOTIC: [8] Undefined index: db_port F:\PHP Projects\Xianlaiyizhuan\ThinkPHP\Library\Think\Db.class.php 第 127 行.
NOTIC: [8] Undefined index: db_dsn F:\PHP Projects\Xianlaiyizhuan\ThinkPHP\Library\Think\Db.class.php 第 129 行.
NOTIC: [8] Undefined index: db_params F:\PHP Projects\Xianlaiyizhuan\ThinkPHP\Library\Think\Db.class.php 第 130 行.
NOTIC: [8192] mysql_connect(): The mysql extension is deprecated and will be removed in the future: use mysqli or PDO instead F:\PHP Projects\Xianlaiyizhuan\ThinkPHP\Library\Think\Db\Driver\Mysql.class.php 第 52 行.
SQL: SHOW COLUMNS FROM `xlyz_user` [ RunTime:0.010603s ]
SQL: SELECT * FROM `xlyz_user` WHERE ( id = 1 and perm = 1 ) LIMIT 1   [ RunTime:0.012351s ]

[ 2017-04-19T21:42:42+08:00 ] ::1 /Xianlaiyizhuan/Home/Donation/updateDonationPicture?dn_id=1&file=QQ%E5%9B%BE%E7%89%8720160816122406.jpg
INFO: [ app_begin ] --START--
INFO: Run Behavior\ReadHtmlCache [ RunTime:0.000685s ]
INFO: [ app_begin ] --END-- [ RunTime:0.001379s ]
NOTIC: [8] Undefined index: db_port F:\PHP Projects\Xianlaiyizhuan\ThinkPHP\Library\Think\Db.class.php 第 127 行.
NOTIC: [8] Undefined index: db_dsn F:\PHP Projects\Xianlaiyizhuan\ThinkPHP\Library\Think\Db.class.php 第 129 行.
NOTIC: [8] Undefined index: db_params F:\PHP Projects\Xianlaiyizhuan\ThinkPHP\Library\Think\Db.class.php 第 130 行.
NOTIC: [8192] mysql_connect(): The mysql extension is deprecated and will be removed in the future: use mysqli or PDO instead F:\PHP Projects\Xianlaiyizhuan\ThinkPHP\Library\Think\Db\Driver\Mysql.class.php 第 52 行.
SQL: SHOW COLUMNS FROM `xlyz_user` [ RunTime:0.010584s ]
SQL: SELECT * FROM `xlyz_user` WHERE ( id = 1 and perm = 1 ) LIMIT 1   [ RunTime:0.009699s ]

[ 2017-04-19T21:44:21+08:00 ] ::1 /Xianlaiyizhuan/Home/Donation/updateDonationPicture
INFO: [ app_begin ] --START--
INFO: Run Behavior\ReadHtmlCache [ RunTime:0.001497s ]
INFO: [ app_begin ] --END-- [ RunTime:0.002497s ]
NOTIC: [8] Undefined index: db_port F:\PHP Projects\Xianlaiyizhuan\ThinkPHP\Library\Think\Db.class.php 第 127 行.
NOTIC: [8] Undefined index: db_dsn F:\PHP Projects\Xianlaiyizhuan\ThinkPHP\Library\Think\Db.class.php 第 129 行.
NOTIC: [8] Undefined index: db_params F:\PHP Projects\Xianlaiyizhuan\ThinkPHP\Library\Think\Db.class.php 第 130 行.
NOTIC: [8192] mysql_connect(): The mysql extension is deprecated and will be removed in the future: use mysqli or PDO instead F:\PHP Projects\Xianlaiyizhuan\ThinkPHP\Library\Think\Db\Driver\Mysql.class.php 第 52 行.
SQL: SHOW COLUMNS FROM `xlyz_user` [ RunTime:0.010448s ]
SQL: SELECT * FROM `xlyz_user` WHERE ( id = 1 and perm = 1 ) LIMIT 1   [ RunTime:0.008354s ]

[ 2017-04-19T21:44:29+08:00 ] ::1 /Xianlaiyizhuan/Home/Donation/updateDonationPicture
INFO: [ app_begin ] --START--
INFO: Run Behavior\ReadHtmlCache [ RunTime:0.000686s ]
INFO: [ app_begin ] --END-- [ RunTime:0.001408s ]
NOTIC: [8] Undefined index: db_port F:\PHP Projects\Xianlaiyizhuan\ThinkPHP\Library\Think\Db.class.php 第 127 行.
NOTIC: [8] Undefined index: db_dsn F:\PHP Projects\Xianlaiyizhuan\ThinkPHP\Library\Think\Db.class.php 第 129 行.
NOTIC: [8] Undefined index: db_params F:\PHP Projects\Xianlaiyizhuan\ThinkPHP\Library\Think\Db.class.php 第 130 行.
NOTIC: [8192] mysql_connect(): The mysql extension is deprecated and will be removed in the future: use mysqli or PDO instead F:\PHP Projects\Xianlaiyizhuan\ThinkPHP\Library\Think\Db\Driver\Mysql.class.php 第 52 行.
SQL: SHOW COLUMNS FROM `xlyz_user` [ RunTime:0.012576s ]
SQL: SELECT * FROM `xlyz_user` WHERE ( id = 1 and perm = 1 ) LIMIT 1   [ RunTime:0.010242s ]

[ 2017-04-19T21:45:20+08:00 ] ::1 /Xianlaiyizhuan/Home/Donation/updateDonationPicture
INFO: [ app_begin ] --START--
INFO: Run Behavior\ReadHtmlCache [ RunTime:0.000700s ]
INFO: [ app_begin ] --END-- [ RunTime:0.001406s ]
NOTIC: [8] Undefined index: db_port F:\PHP Projects\Xianlaiyizhuan\ThinkPHP\Library\Think\Db.class.php 第 127 行.
NOTIC: [8] Undefined index: db_dsn F:\PHP Projects\Xianlaiyizhuan\ThinkPHP\Library\Think\Db.class.php 第 129 行.
NOTIC: [8] Undefined index: db_params F:\PHP Projects\Xianlaiyizhuan\ThinkPHP\Library\Think\Db.class.php 第 130 行.
NOTIC: [8192] mysql_connect(): The mysql extension is deprecated and will be removed in the future: use mysqli or PDO instead F:\PHP Projects\Xianlaiyizhuan\ThinkPHP\Library\Think\Db\Driver\Mysql.class.php 第 52 行.
SQL: SHOW COLUMNS FROM `xlyz_user` [ RunTime:0.010131s ]
SQL: SELECT * FROM `xlyz_user` WHERE ( id = 1 and perm = 1 ) LIMIT 1   [ RunTime:0.012760s ]

[ 2017-04-19T21:45:33+08:00 ] ::1 /Xianlaiyizhuan/Home/Donation/updateDonationPicture
INFO: [ app_begin ] --START--
INFO: Run Behavior\ReadHtmlCache [ RunTime:0.000757s ]
INFO: [ app_begin ] --END-- [ RunTime:0.001478s ]
NOTIC: [8] Undefined index: db_port F:\PHP Projects\Xianlaiyizhuan\ThinkPHP\Library\Think\Db.class.php 第 127 行.
NOTIC: [8] Undefined index: db_dsn F:\PHP Projects\Xianlaiyizhuan\ThinkPHP\Library\Think\Db.class.php 第 129 行.
NOTIC: [8] Undefined index: db_params F:\PHP Projects\Xianlaiyizhuan\ThinkPHP\Library\Think\Db.class.php 第 130 行.
NOTIC: [8192] mysql_connect(): The mysql extension is deprecated and will be removed in the future: use mysqli or PDO instead F:\PHP Projects\Xianlaiyizhuan\ThinkPHP\Library\Think\Db\Driver\Mysql.class.php 第 52 行.
SQL: SHOW COLUMNS FROM `xlyz_user` [ RunTime:0.011190s ]
SQL: SELECT * FROM `xlyz_user` WHERE ( id = 1 and perm = 1 ) LIMIT 1   [ RunTime:0.009037s ]
NOTIC: [2] call_user_func() expects parameter 1 to be a valid callback, no array or string given F:\PHP Projects\Xianlaiyizhuan\ThinkPHP\Library\Think\Upload.class.php 第 167 行.
INFO: [ app_end ] --START--
INFO: Run Behavior\ShowPageTrace [ RunTime:0.029398s ]
INFO: [ app_end ] --END-- [ RunTime:0.030083s ]

[ 2017-04-19T21:46:52+08:00 ] ::1 /Xianlaiyizhuan/Home/Donation/updateDonationPicture
INFO: [ app_begin ] --START--
INFO: Run Behavior\ReadHtmlCache [ RunTime:0.001133s ]
INFO: [ app_begin ] --END-- [ RunTime:0.001994s ]
NOTIC: [8] Undefined index: db_port F:\PHP Projects\Xianlaiyizhuan\ThinkPHP\Library\Think\Db.class.php 第 127 行.
NOTIC: [8] Undefined index: db_dsn F:\PHP Projects\Xianlaiyizhuan\ThinkPHP\Library\Think\Db.class.php 第 129 行.
NOTIC: [8] Undefined index: db_params F:\PHP Projects\Xianlaiyizhuan\ThinkPHP\Library\Think\Db.class.php 第 130 行.
NOTIC: [8192] mysql_connect(): The mysql extension is deprecated and will be removed in the future: use mysqli or PDO instead F:\PHP Projects\Xianlaiyizhuan\ThinkPHP\Library\Think\Db\Driver\Mysql.class.php 第 52 行.
SQL: SHOW COLUMNS FROM `xlyz_user` [ RunTime:0.011076s ]
SQL: SELECT * FROM `xlyz_user` WHERE ( id = 1 and perm = 1 ) LIMIT 1   [ RunTime:0.010117s ]
NOTIC: [2] call_user_func() expects parameter 1 to be a valid callback, no array or string given F:\PHP Projects\Xianlaiyizhuan\ThinkPHP\Library\Think\Upload.class.php 第 167 行.
INFO: [ app_end ] --START--
INFO: Run Behavior\ShowPageTrace [ RunTime:0.001327s ]
INFO: [ app_end ] --END-- [ RunTime:0.001715s ]

[ 2017-04-19T21:46:59+08:00 ] ::1 /Xianlaiyizhuan/Home/Donation/updateDonationPicture
INFO: [ app_begin ] --START--
INFO: Run Behavior\ReadHtmlCache [ RunTime:0.001016s ]
INFO: [ app_begin ] --END-- [ RunTime:0.001918s ]
NOTIC: [8] Undefined index: db_port F:\PHP Projects\Xianlaiyizhuan\ThinkPHP\Library\Think\Db.class.php 第 127 行.
NOTIC: [8] Undefined index: db_dsn F:\PHP Projects\Xianlaiyizhuan\ThinkPHP\Library\Think\Db.class.php 第 129 行.
NOTIC: [8] Undefined index: db_params F:\PHP Projects\Xianlaiyizhuan\ThinkPHP\Library\Think\Db.class.php 第 130 行.
NOTIC: [8192] mysql_connect(): The mysql extension is deprecated and will be removed in the future: use mysqli or PDO instead F:\PHP Projects\Xianlaiyizhuan\ThinkPHP\Library\Think\Db\Driver\Mysql.class.php 第 52 行.
SQL: SHOW COLUMNS FROM `xlyz_user` [ RunTime:0.011441s ]
SQL: SELECT * FROM `xlyz_user` WHERE ( id = 1 and perm = 1 ) LIMIT 1   [ RunTime:0.008752s ]
NOTIC: [2] call_user_func() expects parameter 1 to be a valid callback, no array or string given F:\PHP Projects\Xianlaiyizhuan\ThinkPHP\Library\Think\Upload.class.php 第 167 行.
INFO: [ app_end ] --START--
INFO: Run Behavior\ShowPageTrace [ RunTime:0.002448s ]
INFO: [ app_end ] --END-- [ RunTime:0.003070s ]

[ 2017-04-19T21:47:00+08:00 ] ::1 /Xianlaiyizhuan/Home/Donation/updateDonationPicture
INFO: [ app_begin ] --START--
INFO: Run Behavior\ReadHtmlCache [ RunTime:0.004201s ]
INFO: [ app_begin ] --END-- [ RunTime:0.007325s ]
NOTIC: [8] Undefined index: db_port F:\PHP Projects\Xianlaiyizhuan\ThinkPHP\Library\Think\Db.class.php 第 127 行.
NOTIC: [8] Undefined index: db_dsn F:\PHP Projects\Xianlaiyizhuan\ThinkPHP\Library\Think\Db.class.php 第 129 行.
NOTIC: [8] Undefined index: db_params F:\PHP Projects\Xianlaiyizhuan\ThinkPHP\Library\Think\Db.class.php 第 130 行.
NOTIC: [8192] mysql_connect(): The mysql extension is deprecated and will be removed in the future: use mysqli or PDO instead F:\PHP Projects\Xianlaiyizhuan\ThinkPHP\Library\Think\Db\Driver\Mysql.class.php 第 52 行.
SQL: SHOW COLUMNS FROM `xlyz_user` [ RunTime:0.010747s ]
SQL: SELECT * FROM `xlyz_user` WHERE ( id = 1 and perm = 1 ) LIMIT 1   [ RunTime:0.009381s ]
NOTIC: [2] call_user_func() expects parameter 1 to be a valid callback, no array or string given F:\PHP Projects\Xianlaiyizhuan\ThinkPHP\Library\Think\Upload.class.php 第 167 行.
INFO: [ app_end ] --START--
INFO: Run Behavior\ShowPageTrace [ RunTime:0.001042s ]
INFO: [ app_end ] --END-- [ RunTime:0.001323s ]

[ 2017-04-19T21:47:08+08:00 ] ::1 /Xianlaiyizhuan/Home/Donation/updateDonationPicture
INFO: [ app_begin ] --START--
INFO: Run Behavior\ReadHtmlCache [ RunTime:0.000799s ]
INFO: [ app_begin ] --END-- [ RunTime:0.001752s ]
NOTIC: [8] Undefined index: db_port F:\PHP Projects\Xianlaiyizhuan\ThinkPHP\Library\Think\Db.class.php 第 127 行.
NOTIC: [8] Undefined index: db_dsn F:\PHP Projects\Xianlaiyizhuan\ThinkPHP\Library\Think\Db.class.php 第 129 行.
NOTIC: [8] Undefined index: db_params F:\PHP Projects\Xianlaiyizhuan\ThinkPHP\Library\Think\Db.class.php 第 130 行.
NOTIC: [8192] mysql_connect(): The mysql extension is deprecated and will be removed in the future: use mysqli or PDO instead F:\PHP Projects\Xianlaiyizhuan\ThinkPHP\Library\Think\Db\Driver\Mysql.class.php 第 52 行.
SQL: SHOW COLUMNS FROM `xlyz_user` [ RunTime:0.012484s ]
SQL: SELECT * FROM `xlyz_user` WHERE ( id = 1 and perm = 1 ) LIMIT 1   [ RunTime:0.015918s ]
NOTIC: [2] call_user_func() expects parameter 1 to be a valid callback, no array or string given F:\PHP Projects\Xianlaiyizhuan\ThinkPHP\Library\Think\Upload.class.php 第 167 行.
INFO: [ app_end ] --START--
INFO: Run Behavior\ShowPageTrace [ RunTime:0.000741s ]
INFO: [ app_end ] --END-- [ RunTime:0.001011s ]

[ 2017-04-19T21:51:33+08:00 ] ::1 /Xianlaiyizhuan/Home/Donation/updateDonationPicture
INFO: [ app_begin ] --START--
INFO: Run Behavior\ReadHtmlCache [ RunTime:0.000860s ]
INFO: [ app_begin ] --END-- [ RunTime:0.001655s ]
NOTIC: [8] Undefined index: db_port F:\PHP Projects\Xianlaiyizhuan\ThinkPHP\Library\Think\Db.class.php 第 127 行.
NOTIC: [8] Undefined index: db_dsn F:\PHP Projects\Xianlaiyizhuan\ThinkPHP\Library\Think\Db.class.php 第 129 行.
NOTIC: [8] Undefined index: db_params F:\PHP Projects\Xianlaiyizhuan\ThinkPHP\Library\Think\Db.class.php 第 130 行.
NOTIC: [8192] mysql_connect(): The mysql extension is deprecated and will be removed in the future: use mysqli or PDO instead F:\PHP Projects\Xianlaiyizhuan\ThinkPHP\Library\Think\Db\Driver\Mysql.class.php 第 52 行.
SQL: SHOW COLUMNS FROM `xlyz_user` [ RunTime:0.010295s ]
SQL: SELECT * FROM `xlyz_user` WHERE ( id = 1 and perm = 1 ) LIMIT 1   [ RunTime:0.012423s ]
NOTIC: [2] call_user_func() expects parameter 1 to be a valid callback, no array or string given F:\PHP Projects\Xianlaiyizhuan\ThinkPHP\Library\Think\Upload.class.php 第 167 行.
SQL: SHOW COLUMNS FROM `xlyz_donate` [ RunTime:0.012022s ]
SQL: UPDATE `xlyz_donate` SET `ac_pic`='Public/donation/donation_info/2017-04-19/58f76b659d699.jpg' WHERE ( id = 2 ) [ RunTime:0.010302s ]

[ 2017-04-19T21:51:46+08:00 ] ::1 /Xianlaiyizhuan/Home/Donation/updateDonationPicture
INFO: [ app_begin ] --START--
INFO: Run Behavior\ReadHtmlCache [ RunTime:0.000791s ]
INFO: [ app_begin ] --END-- [ RunTime:0.001519s ]
NOTIC: [8] Undefined index: db_port F:\PHP Projects\Xianlaiyizhuan\ThinkPHP\Library\Think\Db.class.php 第 127 行.
NOTIC: [8] Undefined index: db_dsn F:\PHP Projects\Xianlaiyizhuan\ThinkPHP\Library\Think\Db.class.php 第 129 行.
NOTIC: [8] Undefined index: db_params F:\PHP Projects\Xianlaiyizhuan\ThinkPHP\Library\Think\Db.class.php 第 130 行.
NOTIC: [8192] mysql_connect(): The mysql extension is deprecated and will be removed in the future: use mysqli or PDO instead F:\PHP Projects\Xianlaiyizhuan\ThinkPHP\Library\Think\Db\Driver\Mysql.class.php 第 52 行.
SQL: SHOW COLUMNS FROM `xlyz_user` [ RunTime:0.010729s ]
SQL: SELECT * FROM `xlyz_user` WHERE ( id = 1 and perm = 1 ) LIMIT 1   [ RunTime:0.009002s ]
NOTIC: [2] call_user_func() expects parameter 1 to be a valid callback, no array or string given F:\PHP Projects\Xianlaiyizhuan\ThinkPHP\Library\Think\Upload.class.php 第 167 行.
SQL: SHOW COLUMNS FROM `xlyz_donate` [ RunTime:0.012373s ]
SQL: UPDATE `xlyz_donate` SET `ac_pic`='Public/donation/donation_info/2017-04-19/58f76b722c4b9.jpg' WHERE ( id = 2 ) [ RunTime:0.008890s ]

[ 2017-04-19T21:52:26+08:00 ] ::1 /Xianlaiyizhuan/Home/Donation/updateDonationPicture
INFO: [ app_begin ] --START--
INFO: Run Behavior\ReadHtmlCache [ RunTime:0.000979s ]
INFO: [ app_begin ] --END-- [ RunTime:0.044891s ]
NOTIC: [8] Undefined index: db_port F:\PHP Projects\Xianlaiyizhuan\ThinkPHP\Library\Think\Db.class.php 第 127 行.
NOTIC: [8] Undefined index: db_dsn F:\PHP Projects\Xianlaiyizhuan\ThinkPHP\Library\Think\Db.class.php 第 129 行.
NOTIC: [8] Undefined index: db_params F:\PHP Projects\Xianlaiyizhuan\ThinkPHP\Library\Think\Db.class.php 第 130 行.
NOTIC: [8192] mysql_connect(): The mysql extension is deprecated and will be removed in the future: use mysqli or PDO instead F:\PHP Projects\Xianlaiyizhuan\ThinkPHP\Library\Think\Db\Driver\Mysql.class.php 第 52 行.
SQL: SHOW COLUMNS FROM `xlyz_user` [ RunTime:0.011130s ]
SQL: SELECT * FROM `xlyz_user` WHERE ( id = 1 and perm = 1 ) LIMIT 1   [ RunTime:0.014118s ]
NOTIC: [2] call_user_func() expects parameter 1 to be a valid callback, no array or string given F:\PHP Projects\Xianlaiyizhuan\ThinkPHP\Library\Think\Upload.class.php 第 167 行.
SQL: SHOW COLUMNS FROM `xlyz_donate` [ RunTime:0.013300s ]
SQL: UPDATE `xlyz_donate` SET `ac_pic`='Public/donation/donation_info/2017-04-19/58f76b9a80651.jpg' WHERE ( id = 8 ) [ RunTime:0.010716s ]

[ 2017-04-19T21:53:05+08:00 ] ::1 /Xianlaiyizhuan/Home/Donation/updateDonationPicture
INFO: [ app_begin ] --START--
INFO: Run Behavior\ReadHtmlCache [ RunTime:0.001031s ]
INFO: [ app_begin ] --END-- [ RunTime:0.001826s ]
NOTIC: [8] Undefined index: db_port F:\PHP Projects\Xianlaiyizhuan\ThinkPHP\Library\Think\Db.class.php 第 127 行.
NOTIC: [8] Undefined index: db_dsn F:\PHP Projects\Xianlaiyizhuan\ThinkPHP\Library\Think\Db.class.php 第 129 行.
NOTIC: [8] Undefined index: db_params F:\PHP Projects\Xianlaiyizhuan\ThinkPHP\Library\Think\Db.class.php 第 130 行.
NOTIC: [8192] mysql_connect(): The mysql extension is deprecated and will be removed in the future: use mysqli or PDO instead F:\PHP Projects\Xianlaiyizhuan\ThinkPHP\Library\Think\Db\Driver\Mysql.class.php 第 52 行.
SQL: SHOW COLUMNS FROM `xlyz_user` [ RunTime:0.013847s ]
SQL: SELECT * FROM `xlyz_user` WHERE ( id = 1 and perm = 1 ) LIMIT 1   [ RunTime:0.015678s ]
NOTIC: [2] call_user_func() expects parameter 1 to be a valid callback, no array or string given F:\PHP Projects\Xianlaiyizhuan\ThinkPHP\Library\Think\Upload.class.php 第 167 行.
SQL: SHOW COLUMNS FROM `xlyz_donate` [ RunTime:0.042161s ]
SQL: UPDATE `xlyz_donate` SET `ac_pic`='Public/donation/donation_info/2017-04-19/58f76bc1da7f1.jpg' WHERE ( id = 9 ) [ RunTime:0.010344s ]

[ 2017-04-19T22:00:09+08:00 ] ::1 /Xianlaiyizhuan/Home/Donation/createDonationInfo
INFO: [ app_begin ] --START--
INFO: Run Behavior\ReadHtmlCache [ RunTime:0.000789s ]
INFO: [ app_begin ] --END-- [ RunTime:0.001631s ]
NOTIC: [8] Undefined index: db_port F:\PHP Projects\Xianlaiyizhuan\ThinkPHP\Library\Think\Db.class.php 第 127 行.
NOTIC: [8] Undefined index: db_dsn F:\PHP Projects\Xianlaiyizhuan\ThinkPHP\Library\Think\Db.class.php 第 129 行.
NOTIC: [8] Undefined index: db_params F:\PHP Projects\Xianlaiyizhuan\ThinkPHP\Library\Think\Db.class.php 第 130 行.
NOTIC: [8192] mysql_connect(): The mysql extension is deprecated and will be removed in the future: use mysqli or PDO instead F:\PHP Projects\Xianlaiyizhuan\ThinkPHP\Library\Think\Db\Driver\Mysql.class.php 第 52 行.
SQL: SHOW COLUMNS FROM `xlyz_user` [ RunTime:0.018982s ]
SQL: SELECT * FROM `xlyz_user` WHERE ( id = 1 and perm = 1 ) LIMIT 1   [ RunTime:0.011530s ]
NOTIC: [2] call_user_func() expects parameter 1 to be a valid callback, no array or string given F:\PHP Projects\Xianlaiyizhuan\ThinkPHP\Library\Think\Upload.class.php 第 167 行.
SQL: SHOW COLUMNS FROM `xlyz_donate` [ RunTime:0.012398s ]
SQL: INSERT INTO `xlyz_donate` (`ac_title`,`ac_time`,`ac_addr`,`ac_pay`,`ac_chk_addr`,`ac_detail`,`ac_host`,`ac_contact`,`ctime`,`has_comm`,`likec`,`ac_pic`) VALUES ('捐东西啦啦啦','2017-04-08','五邑大学',233,'南主楼','详情','你爸爸我','12345',1492610409,0,0,'Public/donation/donation_info/2017-04-19/58f76d69de2d6.jpg') [ RunTime:0.012115s ]

[ 2017-04-19T22:02:04+08:00 ] ::1 /Xianlaiyizhuan/Home/Donation/createDonationInfo
INFO: [ app_begin ] --START--
INFO: Run Behavior\ReadHtmlCache [ RunTime:0.001496s ]
INFO: [ app_begin ] --END-- [ RunTime:0.002323s ]
NOTIC: [8] Undefined index: db_port F:\PHP Projects\Xianlaiyizhuan\ThinkPHP\Library\Think\Db.class.php 第 127 行.
NOTIC: [8] Undefined index: db_dsn F:\PHP Projects\Xianlaiyizhuan\ThinkPHP\Library\Think\Db.class.php 第 129 行.
NOTIC: [8] Undefined index: db_params F:\PHP Projects\Xianlaiyizhuan\ThinkPHP\Library\Think\Db.class.php 第 130 行.
NOTIC: [8192] mysql_connect(): The mysql extension is deprecated and will be removed in the future: use mysqli or PDO instead F:\PHP Projects\Xianlaiyizhuan\ThinkPHP\Library\Think\Db\Driver\Mysql.class.php 第 52 行.
SQL: SHOW COLUMNS FROM `xlyz_user` [ RunTime:0.012580s ]
SQL: SELECT * FROM `xlyz_user` WHERE ( id = 1 and perm = 1 ) LIMIT 1   [ RunTime:0.008456s ]
NOTIC: [2] call_user_func() expects parameter 1 to be a valid callback, no array or string given F:\PHP Projects\Xianlaiyizhuan\ThinkPHP\Library\Think\Upload.class.php 第 167 行.
SQL: SHOW COLUMNS FROM `xlyz_donate` [ RunTime:0.010360s ]
SQL: INSERT INTO `xlyz_donate` (`ac_title`,`ac_time`,`ac_addr`,`ac_pay`,`ac_chk_addr`,`ac_detail`,`ac_host`,`ac_contact`,`ctime`,`has_comm`,`likec`,`ac_pic`) VALUES ('捐东西啦啦啦','2017-04-08','五邑大学',233,'南主楼','详情','你爸爸我','12345',1492610524,0,0,'Public/donation/donation_info/2017-04-19/58f76ddcdbf98.jpg') [ RunTime:0.013618s ]

[ 2017-04-19T22:07:56+08:00 ] ::1 /Xianlaiyizhuan/Home/Donation/getDonationList
INFO: [ app_begin ] --START--
INFO: Run Behavior\ReadHtmlCache [ RunTime:0.001163s ]
INFO: [ app_begin ] --END-- [ RunTime:0.002244s ]
NOTIC: [8] Undefined index: db_port F:\PHP Projects\Xianlaiyizhuan\ThinkPHP\Library\Think\Db.class.php 第 127 行.
NOTIC: [8] Undefined index: db_dsn F:\PHP Projects\Xianlaiyizhuan\ThinkPHP\Library\Think\Db.class.php 第 129 行.
NOTIC: [8] Undefined index: db_params F:\PHP Projects\Xianlaiyizhuan\ThinkPHP\Library\Think\Db.class.php 第 130 行.
NOTIC: [8192] mysql_connect(): The mysql extension is deprecated and will be removed in the future: use mysqli or PDO instead F:\PHP Projects\Xianlaiyizhuan\ThinkPHP\Library\Think\Db\Driver\Mysql.class.php 第 52 行.
SQL: SHOW COLUMNS FROM `xlyz_donate` [ RunTime:0.019377s ]
SQL: SELECT * FROM `xlyz_donate` LIMIT 0,10   [ RunTime:0.007689s ]

