[ 2017-03-19T19:39:00+08:00 ] ::1 /Xianlaiyizhuan/Home/User/updateUserInfo
INFO: [ app_begin ] --START--
INFO: Run Behavior\ReadHtmlCache [ RunTime:0.017311s ]
INFO: [ app_begin ] --END-- [ RunTime:0.030713s ]

[ 2017-03-19T19:39:06+08:00 ] ::1 /Xianlaiyizhuan/Home/User/updateUserInfo
INFO: [ app_begin ] --START--
INFO: Run Behavior\ReadHtmlCache [ RunTime:0.000815s ]
INFO: [ app_begin ] --END-- [ RunTime:0.001530s ]

[ 2017-03-19T19:39:09+08:00 ] ::1 /Xianlaiyizhuan/Home/User/updateUserInfo
INFO: [ app_begin ] --START--
INFO: Run Behavior\ReadHtmlCache [ RunTime:0.000659s ]
INFO: [ app_begin ] --END-- [ RunTime:0.001298s ]

[ 2017-03-19T19:39:15+08:00 ] ::1 /Xianlaiyizhuan/Home/User/updateUserInfo
INFO: [ app_begin ] --START--
INFO: Run Behavior\ReadHtmlCache [ RunTime:0.000967s ]
INFO: [ app_begin ] --END-- [ RunTime:0.025407s ]

[ 2017-03-19T19:39:15+08:00 ] ::1 /Xianlaiyizhuan/Home/User/updateUserInfo
INFO: [ app_begin ] --START--
INFO: Run Behavior\ReadHtmlCache [ RunTime:0.000757s ]
INFO: [ app_begin ] --END-- [ RunTime:0.001389s ]

[ 2017-03-19T19:39:16+08:00 ] ::1 /Xianlaiyizhuan/Home/User/updateUserInfo
INFO: [ app_begin ] --START--
INFO: Run Behavior\ReadHtmlCache [ RunTime:0.000689s ]
INFO: [ app_begin ] --END-- [ RunTime:0.001347s ]

[ 2017-03-19T19:39:16+08:00 ] ::1 /Xianlaiyizhuan/Home/User/updateUserInfo
INFO: [ app_begin ] --START--
INFO: Run Behavior\ReadHtmlCache [ RunTime:0.000674s ]
INFO: [ app_begin ] --END-- [ RunTime:0.001333s ]

[ 2017-03-19T19:39:17+08:00 ] ::1 /Xianlaiyizhuan/Home/User/updateUserInfo
INFO: [ app_begin ] --START--
INFO: Run Behavior\ReadHtmlCache [ RunTime:0.001326s ]
INFO: [ app_begin ] --END-- [ RunTime:0.002079s ]

[ 2017-03-19T19:39:18+08:00 ] ::1 /Xianlaiyizhuan/Home/User/updateUserInfo
INFO: [ app_begin ] --START--
INFO: Run Behavior\ReadHtmlCache [ RunTime:0.000849s ]
INFO: [ app_begin ] --END-- [ RunTime:0.002341s ]

[ 2017-03-19T19:39:19+08:00 ] ::1 /Xianlaiyizhuan/Home/User/updateUserInfo
INFO: [ app_begin ] --START--
INFO: Run Behavior\ReadHtmlCache [ RunTime:0.001086s ]
INFO: [ app_begin ] --END-- [ RunTime:0.001907s ]

[ 2017-03-19T19:40:28+08:00 ] ::1 /Xianlaiyizhuan/Home/User/updateUserInfo
INFO: [ app_begin ] --START--
INFO: Run Behavior\ReadHtmlCache [ RunTime:0.000719s ]
INFO: [ app_begin ] --END-- [ RunTime:0.001457s ]
INFO: [ app_end ] --START--
INFO: Run Behavior\ShowPageTrace [ RunTime:0.016453s ]
INFO: [ app_end ] --END-- [ RunTime:0.016752s ]

[ 2017-03-19T19:40:52+08:00 ] ::1 /Xianlaiyizhuan/Home/User/updateUserInfo
INFO: [ app_begin ] --START--
INFO: Run Behavior\ReadHtmlCache [ RunTime:0.002110s ]
INFO: [ app_begin ] --END-- [ RunTime:0.003805s ]

[ 2017-03-19T19:42:07+08:00 ] ::1 /Xianlaiyizhuan/Home/User/updateUserInfo
INFO: [ app_begin ] --START--
INFO: Run Behavior\ReadHtmlCache [ RunTime:0.000929s ]
INFO: [ app_begin ] --END-- [ RunTime:0.002375s ]

[ 2017-03-19T19:42:22+08:00 ] ::1 /Xianlaiyizhuan/Home/User/updateUserInfo
INFO: [ app_begin ] --START--
INFO: Run Behavior\ReadHtmlCache [ RunTime:0.002171s ]
INFO: [ app_begin ] --END-- [ RunTime:0.003790s ]
INFO: [ app_end ] --START--
INFO: Run Behavior\ShowPageTrace [ RunTime:0.000751s ]
INFO: [ app_end ] --END-- [ RunTime:0.001021s ]

[ 2017-03-19T19:42:24+08:00 ] ::1 /Xianlaiyizhuan/Home/User/updateUserInfo
INFO: [ app_begin ] --START--
INFO: Run Behavior\ReadHtmlCache [ RunTime:0.001042s ]
INFO: [ app_begin ] --END-- [ RunTime:0.002660s ]
INFO: [ app_end ] --START--
INFO: Run Behavior\ShowPageTrace [ RunTime:0.000910s ]
INFO: [ app_end ] --END-- [ RunTime:0.001210s ]

[ 2017-03-19T19:42:35+08:00 ] ::1 /Xianlaiyizhuan/Home/User/updateUserInfo
INFO: [ app_begin ] --START--
INFO: Run Behavior\ReadHtmlCache [ RunTime:0.001498s ]
INFO: [ app_begin ] --END-- [ RunTime:0.002573s ]

[ 2017-03-19T19:42:50+08:00 ] ::1 /Xianlaiyizhuan/Home/User/updateUserInfo
INFO: [ app_begin ] --START--
INFO: Run Behavior\ReadHtmlCache [ RunTime:0.000660s ]
INFO: [ app_begin ] --END-- [ RunTime:0.001359s ]

[ 2017-03-19T19:43:05+08:00 ] ::1 /Xianlaiyizhuan/Home/User/updateUserInfo
INFO: [ app_begin ] --START--
INFO: Run Behavior\ReadHtmlCache [ RunTime:0.000726s ]
INFO: [ app_begin ] --END-- [ RunTime:0.001559s ]
INFO: [ app_end ] --START--
INFO: Run Behavior\ShowPageTrace [ RunTime:0.000898s ]
INFO: [ app_end ] --END-- [ RunTime:0.001179s ]

[ 2017-03-19T19:43:23+08:00 ] ::1 /Xianlaiyizhuan/Home/User/updateUserInfo
INFO: [ app_begin ] --START--
INFO: Run Behavior\ReadHtmlCache [ RunTime:0.000751s ]
INFO: [ app_begin ] --END-- [ RunTime:0.001507s ]
INFO: [ app_end ] --START--
INFO: Run Behavior\ShowPageTrace [ RunTime:0.000900s ]
INFO: [ app_end ] --END-- [ RunTime:0.001182s ]

[ 2017-03-19T19:43:26+08:00 ] ::1 /Xianlaiyizhuan/Home/User/updateUserInfo
INFO: [ app_begin ] --START--
INFO: Run Behavior\ReadHtmlCache [ RunTime:0.000647s ]
INFO: [ app_begin ] --END-- [ RunTime:0.001385s ]
INFO: [ app_end ] --START--
INFO: Run Behavior\ShowPageTrace [ RunTime:0.000763s ]
INFO: [ app_end ] --END-- [ RunTime:0.001044s ]

[ 2017-03-19T19:43:27+08:00 ] ::1 /Xianlaiyizhuan/Home/User/updateUserInfo
INFO: [ app_begin ] --START--
INFO: Run Behavior\ReadHtmlCache [ RunTime:0.000661s ]
INFO: [ app_begin ] --END-- [ RunTime:0.001395s ]
INFO: [ app_end ] --START--
INFO: Run Behavior\ShowPageTrace [ RunTime:0.000722s ]
INFO: [ app_end ] --END-- [ RunTime:0.000997s ]

[ 2017-03-19T19:43:40+08:00 ] ::1 /Xianlaiyizhuan/Home/User/updateUserInfo
INFO: [ app_begin ] --START--
INFO: Run Behavior\ReadHtmlCache [ RunTime:0.000834s ]
INFO: [ app_begin ] --END-- [ RunTime:0.001566s ]
INFO: [ app_end ] --START--
INFO: Run Behavior\ShowPageTrace [ RunTime:0.000854s ]
INFO: [ app_end ] --END-- [ RunTime:0.001128s ]

[ 2017-03-19T19:43:44+08:00 ] ::1 /Xianlaiyizhuan/Home/User/updateUserInfo
INFO: [ app_begin ] --START--
INFO: Run Behavior\ReadHtmlCache [ RunTime:0.000841s ]
INFO: [ app_begin ] --END-- [ RunTime:0.001892s ]
INFO: [ app_end ] --START--
INFO: Run Behavior\ShowPageTrace [ RunTime:0.000788s ]
INFO: [ app_end ] --END-- [ RunTime:0.001064s ]

[ 2017-03-19T19:45:01+08:00 ] ::1 /Xianlaiyizhuan/Home/User/updateUserInfo
INFO: [ app_begin ] --START--
INFO: Run Behavior\ReadHtmlCache [ RunTime:0.001021s ]
INFO: [ app_begin ] --END-- [ RunTime:0.001896s ]
INFO: [ app_end ] --START--
INFO: Run Behavior\ShowPageTrace [ RunTime:0.000861s ]
INFO: [ app_end ] --END-- [ RunTime:0.001162s ]

[ 2017-03-19T19:45:03+08:00 ] ::1 /Xianlaiyizhuan/Home/User/updateUserInfo
INFO: [ app_begin ] --START--
INFO: Run Behavior\ReadHtmlCache [ RunTime:0.000655s ]
INFO: [ app_begin ] --END-- [ RunTime:0.001331s ]
INFO: [ app_end ] --START--
INFO: Run Behavior\ShowPageTrace [ RunTime:0.000740s ]
INFO: [ app_end ] --END-- [ RunTime:0.001009s ]

[ 2017-03-19T19:45:43+08:00 ] ::1 /Xianlaiyizhuan/Home/User/updateUserInfo
INFO: [ app_begin ] --START--
INFO: Run Behavior\ReadHtmlCache [ RunTime:0.000812s ]
INFO: [ app_begin ] --END-- [ RunTime:0.001510s ]
INFO: [ app_end ] --START--
INFO: Run Behavior\ShowPageTrace [ RunTime:0.001029s ]
INFO: [ app_end ] --END-- [ RunTime:0.001334s ]

[ 2017-03-19T19:45:44+08:00 ] ::1 /Xianlaiyizhuan/Home/User/updateUserInfo
INFO: [ app_begin ] --START--
INFO: Run Behavior\ReadHtmlCache [ RunTime:0.000767s ]
INFO: [ app_begin ] --END-- [ RunTime:0.001571s ]
INFO: [ app_end ] --START--
INFO: Run Behavior\ShowPageTrace [ RunTime:0.001386s ]
INFO: [ app_end ] --END-- [ RunTime:0.001719s ]

[ 2017-03-19T19:45:46+08:00 ] ::1 /Xianlaiyizhuan/Home/User/updateUserInfo
INFO: [ app_begin ] --START--
INFO: Run Behavior\ReadHtmlCache [ RunTime:0.001063s ]
INFO: [ app_begin ] --END-- [ RunTime:0.002022s ]
INFO: [ app_end ] --START--
INFO: Run Behavior\ShowPageTrace [ RunTime:0.000870s ]
INFO: [ app_end ] --END-- [ RunTime:0.001174s ]

[ 2017-03-19T19:45:48+08:00 ] ::1 /Xianlaiyizhuan/Home/User/updateUserInfo
INFO: [ app_begin ] --START--
INFO: Run Behavior\ReadHtmlCache [ RunTime:0.000756s ]
INFO: [ app_begin ] --END-- [ RunTime:0.001514s ]
INFO: [ app_end ] --START--
INFO: Run Behavior\ShowPageTrace [ RunTime:0.000926s ]
INFO: [ app_end ] --END-- [ RunTime:0.001215s ]

[ 2017-03-19T19:46:15+08:00 ] ::1 /Xianlaiyizhuan/Home/User/updateUserInfo
INFO: [ app_begin ] --START--
INFO: Run Behavior\ReadHtmlCache [ RunTime:0.001062s ]
INFO: [ app_begin ] --END-- [ RunTime:0.001968s ]

[ 2017-03-19T19:46:18+08:00 ] ::1 /Xianlaiyizhuan/Home/User/updateUserInfo
INFO: [ app_begin ] --START--
INFO: Run Behavior\ReadHtmlCache [ RunTime:0.001033s ]
INFO: [ app_begin ] --END-- [ RunTime:0.002161s ]
INFO: [ app_end ] --START--
INFO: Run Behavior\ShowPageTrace [ RunTime:0.000860s ]
INFO: [ app_end ] --END-- [ RunTime:0.001133s ]

[ 2017-03-19T19:49:24+08:00 ] ::1 /Xianlaiyizhuan/Home/User/updateUserInfo
INFO: [ app_begin ] --START--
INFO: Run Behavior\ReadHtmlCache [ RunTime:0.000835s ]
INFO: [ app_begin ] --END-- [ RunTime:0.001649s ]

[ 2017-03-19T19:49:25+08:00 ] ::1 /Xianlaiyizhuan/Home/User/updateUserInfo
INFO: [ app_begin ] --START--
INFO: Run Behavior\ReadHtmlCache [ RunTime:0.000848s ]
INFO: [ app_begin ] --END-- [ RunTime:0.001603s ]

[ 2017-03-19T19:55:10+08:00 ] ::1 /Xianlaiyizhuan/Home/User/updateUserInfo
INFO: [ app_begin ] --START--
INFO: Run Behavior\ReadHtmlCache [ RunTime:0.001000s ]
INFO: [ app_begin ] --END-- [ RunTime:0.001821s ]

[ 2017-03-19T19:56:34+08:00 ] ::1 /Xianlaiyizhuan/Home/User/updateUserInfo
INFO: [ app_begin ] --START--
INFO: Run Behavior\ReadHtmlCache [ RunTime:0.001175s ]
INFO: [ app_begin ] --END-- [ RunTime:0.001933s ]

[ 2017-03-19T19:57:23+08:00 ] ::1 /Xianlaiyizhuan/Home/User/updateUserInfo
INFO: [ app_begin ] --START--
INFO: Run Behavior\ReadHtmlCache [ RunTime:0.000870s ]
INFO: [ app_begin ] --END-- [ RunTime:0.001619s ]

[ 2017-03-19T19:57:30+08:00 ] ::1 /Xianlaiyizhuan/Home/User/userLogin
INFO: [ app_begin ] --START--
INFO: Run Behavior\ReadHtmlCache [ RunTime:0.000919s ]
INFO: [ app_begin ] --END-- [ RunTime:0.001943s ]
NOTIC: [8] Undefined index: db_port F:\PHP Projects\Xianlaiyizhuan\ThinkPHP\Library\Think\Db.class.php 第 127 行.
NOTIC: [8] Undefined index: db_dsn F:\PHP Projects\Xianlaiyizhuan\ThinkPHP\Library\Think\Db.class.php 第 129 行.
NOTIC: [8] Undefined index: db_params F:\PHP Projects\Xianlaiyizhuan\ThinkPHP\Library\Think\Db.class.php 第 130 行.
NOTIC: [8192] mysql_connect(): The mysql extension is deprecated and will be removed in the future: use mysqli or PDO instead F:\PHP Projects\Xianlaiyizhuan\ThinkPHP\Library\Think\Db\Driver\Mysql.class.php 第 52 行.
SQL: SHOW COLUMNS FROM `xlyz_user` [ RunTime:0.012831s ]
SQL: SELECT * FROM `xlyz_user` WHERE ( id_number = '3115003090' and password = 'e10adc3949ba59abbe56e057f20f883e' ) LIMIT 1   [ RunTime:0.012087s ]

[ 2017-03-19T19:57:33+08:00 ] ::1 /Xianlaiyizhuan/Home/User/updateUserInfo
INFO: [ app_begin ] --START--
INFO: Run Behavior\ReadHtmlCache [ RunTime:0.000655s ]
INFO: [ app_begin ] --END-- [ RunTime:0.001351s ]
NOTIC: [8] Undefined index: db_port F:\PHP Projects\Xianlaiyizhuan\ThinkPHP\Library\Think\Db.class.php 第 127 行.
NOTIC: [8] Undefined index: db_dsn F:\PHP Projects\Xianlaiyizhuan\ThinkPHP\Library\Think\Db.class.php 第 129 行.
NOTIC: [8] Undefined index: db_params F:\PHP Projects\Xianlaiyizhuan\ThinkPHP\Library\Think\Db.class.php 第 130 行.
NOTIC: [8192] mysql_connect(): The mysql extension is deprecated and will be removed in the future: use mysqli or PDO instead F:\PHP Projects\Xianlaiyizhuan\ThinkPHP\Library\Think\Db\Driver\Mysql.class.php 第 52 行.
SQL: SHOW COLUMNS FROM `xlyz_user` [ RunTime:0.013542s ]
SQL: UPDATE `xlyz_user` SET `addr`='Akina mountain' WHERE ( id = 2 ) [ RunTime:0.015473s ]

[ 2017-03-19T19:58:08+08:00 ] ::1 /Xianlaiyizhuan/Home/User/updateUserInfo
INFO: [ app_begin ] --START--
INFO: Run Behavior\ReadHtmlCache [ RunTime:0.000911s ]
INFO: [ app_begin ] --END-- [ RunTime:0.001969s ]
NOTIC: [8] Undefined index: db_port F:\PHP Projects\Xianlaiyizhuan\ThinkPHP\Library\Think\Db.class.php 第 127 行.
NOTIC: [8] Undefined index: db_dsn F:\PHP Projects\Xianlaiyizhuan\ThinkPHP\Library\Think\Db.class.php 第 129 行.
NOTIC: [8] Undefined index: db_params F:\PHP Projects\Xianlaiyizhuan\ThinkPHP\Library\Think\Db.class.php 第 130 行.
NOTIC: [8192] mysql_connect(): The mysql extension is deprecated and will be removed in the future: use mysqli or PDO instead F:\PHP Projects\Xianlaiyizhuan\ThinkPHP\Library\Think\Db\Driver\Mysql.class.php 第 52 行.
SQL: SHOW COLUMNS FROM `xlyz_user` [ RunTime:0.012670s ]
SQL: UPDATE `xlyz_user` SET `nickname`='Kurozaki' WHERE ( id = 2 ) [ RunTime:0.012907s ]

[ 2017-03-19T20:14:12+08:00 ] ::1 /Xianlaiyizhuan/Home/User/updateAvatar
INFO: [ app_begin ] --START--
INFO: Run Behavior\ReadHtmlCache [ RunTime:0.000840s ]
INFO: [ app_begin ] --END-- [ RunTime:0.001708s ]
INFO: [ app_end ] --START--
INFO: Run Behavior\ShowPageTrace [ RunTime:0.000862s ]
INFO: [ app_end ] --END-- [ RunTime:0.001139s ]

[ 2017-03-19T20:15:05+08:00 ] ::1 /Xianlaiyizhuan/Home/User/updateAvatar
INFO: [ app_begin ] --START--
INFO: Run Behavior\ReadHtmlCache [ RunTime:0.000765s ]
INFO: [ app_begin ] --END-- [ RunTime:0.001753s ]
INFO: [ app_end ] --START--
INFO: Run Behavior\ShowPageTrace [ RunTime:0.000713s ]
INFO: [ app_end ] --END-- [ RunTime:0.000993s ]

[ 2017-03-19T20:15:20+08:00 ] ::1 /Xianlaiyizhuan/Home/User/updateAvatar
INFO: [ app_begin ] --START--
INFO: Run Behavior\ReadHtmlCache [ RunTime:0.000642s ]
INFO: [ app_begin ] --END-- [ RunTime:0.001322s ]
NOTIC: [2] call_user_func() expects parameter 1 to be a valid callback, no array or string given F:\PHP Projects\Xianlaiyizhuan\ThinkPHP\Library\Think\Upload.class.php 第 167 行.
INFO: [ app_end ] --START--
INFO: Run Behavior\ShowPageTrace [ RunTime:0.001817s ]
INFO: [ app_end ] --END-- [ RunTime:0.002108s ]

[ 2017-03-19T20:17:31+08:00 ] ::1 /Xianlaiyizhuan/Home/User/updateAvatar
INFO: [ app_begin ] --START--
INFO: Run Behavior\ReadHtmlCache [ RunTime:0.001340s ]
INFO: [ app_begin ] --END-- [ RunTime:0.002161s ]
NOTIC: [2] call_user_func() expects parameter 1 to be a valid callback, no array or string given F:\PHP Projects\Xianlaiyizhuan\ThinkPHP\Library\Think\Upload.class.php 第 167 行.
INFO: [ app_end ] --START--
INFO: Run Behavior\ShowPageTrace [ RunTime:0.001563s ]
INFO: [ app_end ] --END-- [ RunTime:0.001857s ]

[ 2017-03-19T20:18:28+08:00 ] ::1 /Xianlaiyizhuan/Home/User/updateAvatar
INFO: [ app_begin ] --START--
INFO: Run Behavior\ReadHtmlCache [ RunTime:0.000959s ]
INFO: [ app_begin ] --END-- [ RunTime:0.001707s ]
NOTIC: [2] call_user_func() expects parameter 1 to be a valid callback, no array or string given F:\PHP Projects\Xianlaiyizhuan\ThinkPHP\Library\Think\Upload.class.php 第 167 行.
INFO: [ app_end ] --START--
INFO: Run Behavior\ShowPageTrace [ RunTime:0.001048s ]
INFO: [ app_end ] --END-- [ RunTime:0.001405s ]

[ 2017-03-19T20:19:57+08:00 ] ::1 /Xianlaiyizhuan/Home/User/updateAvatar
INFO: [ app_begin ] --START--
INFO: Run Behavior\ReadHtmlCache [ RunTime:0.001744s ]
INFO: [ app_begin ] --END-- [ RunTime:0.002799s ]
NOTIC: [2] call_user_func() expects parameter 1 to be a valid callback, no array or string given F:\PHP Projects\Xianlaiyizhuan\ThinkPHP\Library\Think\Upload.class.php 第 167 行.
INFO: [ app_end ] --START--
INFO: Run Behavior\ShowPageTrace [ RunTime:0.001351s ]
INFO: [ app_end ] --END-- [ RunTime:0.001658s ]

[ 2017-03-19T20:23:24+08:00 ] ::1 /Xianlaiyizhuan/Home/User/updateAvatar
INFO: [ app_begin ] --START--
INFO: Run Behavior\ReadHtmlCache [ RunTime:0.001159s ]
INFO: [ app_begin ] --END-- [ RunTime:0.001904s ]
NOTIC: [2] call_user_func() expects parameter 1 to be a valid callback, no array or string given F:\PHP Projects\Xianlaiyizhuan\ThinkPHP\Library\Think\Upload.class.php 第 167 行.
NOTIC: [8] Undefined index: savepatth F:\PHP Projects\Xianlaiyizhuan\Application\Home\Controller\UserController.class.php 第 154 行.
INFO: [ app_end ] --START--
INFO: Run Behavior\ShowPageTrace [ RunTime:0.001030s ]
INFO: [ app_end ] --END-- [ RunTime:0.001331s ]

[ 2017-03-19T20:23:51+08:00 ] ::1 /Xianlaiyizhuan/Home/User/updateAvatar
INFO: [ app_begin ] --START--
INFO: Run Behavior\ReadHtmlCache [ RunTime:0.001079s ]
INFO: [ app_begin ] --END-- [ RunTime:0.001886s ]
NOTIC: [2] call_user_func() expects parameter 1 to be a valid callback, no array or string given F:\PHP Projects\Xianlaiyizhuan\ThinkPHP\Library\Think\Upload.class.php 第 167 行.
INFO: [ app_end ] --START--
INFO: Run Behavior\ShowPageTrace [ RunTime:0.000994s ]
INFO: [ app_end ] --END-- [ RunTime:0.001271s ]

[ 2017-03-19T20:27:37+08:00 ] ::1 /Xianlaiyizhuan/Home/User/updateAvatar
INFO: [ app_begin ] --START--
INFO: Run Behavior\ReadHtmlCache [ RunTime:0.000961s ]
INFO: [ app_begin ] --END-- [ RunTime:0.001734s ]
NOTIC: [2] call_user_func() expects parameter 1 to be a valid callback, no array or string given F:\PHP Projects\Xianlaiyizhuan\ThinkPHP\Library\Think\Upload.class.php 第 167 行.
NOTIC: [8] Undefined index: db_port F:\PHP Projects\Xianlaiyizhuan\ThinkPHP\Library\Think\Db.class.php 第 127 行.
NOTIC: [8] Undefined index: db_dsn F:\PHP Projects\Xianlaiyizhuan\ThinkPHP\Library\Think\Db.class.php 第 129 行.
NOTIC: [8] Undefined index: db_params F:\PHP Projects\Xianlaiyizhuan\ThinkPHP\Library\Think\Db.class.php 第 130 行.
NOTIC: [8192] mysql_connect(): The mysql extension is deprecated and will be removed in the future: use mysqli or PDO instead F:\PHP Projects\Xianlaiyizhuan\ThinkPHP\Library\Think\Db\Driver\Mysql.class.php 第 52 行.
SQL: SHOW COLUMNS FROM `xlyz_user` [ RunTime:0.011775s ]
SQL: UPDATE `xlyz_user` SET `avatar`='./Public/user/user_avatar/2017-03-19/58ce79397e7f6.jpg' WHERE ( id = 2 ) [ RunTime:0.010251s ]

[ 2017-03-19T20:28:11+08:00 ] ::1 /Xianlaiyizhuan/Home/User/userlogout
INFO: [ app_begin ] --START--
INFO: Run Behavior\ReadHtmlCache [ RunTime:0.001186s ]
INFO: [ app_begin ] --END-- [ RunTime:0.002003s ]

[ 2017-03-19T20:28:14+08:00 ] ::1 /Xianlaiyizhuan/Home/User/updateAvatar
INFO: [ app_begin ] --START--
INFO: Run Behavior\ReadHtmlCache [ RunTime:0.001701s ]
INFO: [ app_begin ] --END-- [ RunTime:0.002933s ]

[ 2017-03-19T20:31:13+08:00 ] ::1 /Xianlaiyizhuan/Home/User/test
INFO: [ app_begin ] --START--
INFO: Run Behavior\ReadHtmlCache [ RunTime:0.001023s ]
INFO: [ app_begin ] --END-- [ RunTime:0.001822s ]
NOTIC: [2] call_user_func() expects parameter 1 to be a valid callback, no array or string given F:\PHP Projects\Xianlaiyizhuan\ThinkPHP\Library\Think\Upload.class.php 第 167 行.
NOTIC: [2] call_user_func() expects parameter 1 to be a valid callback, no array or string given F:\PHP Projects\Xianlaiyizhuan\ThinkPHP\Library\Think\Upload.class.php 第 167 行.
INFO: [ app_end ] --START--
INFO: Run Behavior\ShowPageTrace [ RunTime:0.001167s ]
INFO: [ app_end ] --END-- [ RunTime:0.001458s ]

[ 2017-03-19T20:43:20+08:00 ] ::1 /Xianlaiyizhuan/Home/Transact/createTransaction
INFO: [ app_begin ] --START--
INFO: Run Behavior\ReadHtmlCache [ RunTime:0.000971s ]
INFO: [ app_begin ] --END-- [ RunTime:0.001745s ]
ERR: 非法操作:createtransaction

[ 2017-03-19T20:43:38+08:00 ] ::1 /Xianlaiyizhuan/Home/Transact/createTransaction
INFO: [ app_begin ] --START--
INFO: Run Behavior\ReadHtmlCache [ RunTime:0.001252s ]
INFO: [ app_begin ] --END-- [ RunTime:0.002054s ]

[ 2017-03-19T20:43:47+08:00 ] ::1 /Xianlaiyizhuan/Home/Transact/createTransaction
INFO: [ app_begin ] --START--
INFO: Run Behavior\ReadHtmlCache [ RunTime:0.001009s ]
INFO: [ app_begin ] --END-- [ RunTime:0.001845s ]
NOTIC: [2] call_user_func() expects parameter 1 to be a valid callback, no array or string given F:\PHP Projects\Xianlaiyizhuan\ThinkPHP\Library\Think\Upload.class.php 第 167 行.
INFO: [ app_end ] --START--
INFO: Run Behavior\ShowPageTrace [ RunTime:0.001044s ]
INFO: [ app_end ] --END-- [ RunTime:0.001330s ]

[ 2017-03-19T20:46:20+08:00 ] ::1 /Xianlaiyizhuan/Home/Transact/createTransaction
INFO: [ app_begin ] --START--
INFO: Run Behavior\ReadHtmlCache [ RunTime:0.000977s ]
INFO: [ app_begin ] --END-- [ RunTime:0.001757s ]
INFO: [ app_end ] --START--
INFO: Run Behavior\ShowPageTrace [ RunTime:0.001396s ]
INFO: [ app_end ] --END-- [ RunTime:0.001707s ]

[ 2017-03-19T20:46:31+08:00 ] ::1 /Xianlaiyizhuan/Home/Transact/createTransaction
INFO: [ app_begin ] --START--
INFO: Run Behavior\ReadHtmlCache [ RunTime:0.001219s ]
INFO: [ app_begin ] --END-- [ RunTime:0.002438s ]
INFO: [ app_end ] --START--
INFO: Run Behavior\ShowPageTrace [ RunTime:0.001054s ]
INFO: [ app_end ] --END-- [ RunTime:0.001332s ]

[ 2017-03-19T20:46:42+08:00 ] ::1 /Xianlaiyizhuan/Home/Transact/createTransaction
INFO: [ app_begin ] --START--
INFO: Run Behavior\ReadHtmlCache [ RunTime:0.001005s ]
INFO: [ app_begin ] --END-- [ RunTime:0.001813s ]
NOTIC: [2] call_user_func() expects parameter 1 to be a valid callback, no array or string given F:\PHP Projects\Xianlaiyizhuan\ThinkPHP\Library\Think\Upload.class.php 第 167 行.
INFO: [ app_end ] --START--
INFO: Run Behavior\ShowPageTrace [ RunTime:0.001079s ]
INFO: [ app_end ] --END-- [ RunTime:0.001375s ]

[ 2017-03-19T20:48:18+08:00 ] ::1 /Xianlaiyizhuan/Home/Transact/createTransaction
INFO: [ app_begin ] --START--
INFO: Run Behavior\ReadHtmlCache [ RunTime:0.002074s ]
INFO: [ app_begin ] --END-- [ RunTime:0.003087s ]
NOTIC: [2] call_user_func() expects parameter 1 to be a valid callback, no array or string given F:\PHP Projects\Xianlaiyizhuan\ThinkPHP\Library\Think\Upload.class.php 第 167 行.
NOTIC: [2] call_user_func() expects parameter 1 to be a valid callback, no array or string given F:\PHP Projects\Xianlaiyizhuan\ThinkPHP\Library\Think\Upload.class.php 第 167 行.
INFO: [ app_end ] --START--
INFO: Run Behavior\ShowPageTrace [ RunTime:0.001181s ]
INFO: [ app_end ] --END-- [ RunTime:0.001471s ]

[ 2017-03-19T20:49:33+08:00 ] ::1 /Xianlaiyizhuan/Home/Transact/createTransaction
INFO: [ app_begin ] --START--
INFO: Run Behavior\ReadHtmlCache [ RunTime:0.001326s ]
INFO: [ app_begin ] --END-- [ RunTime:0.002193s ]
NOTIC: [2] call_user_func() expects parameter 1 to be a valid callback, no array or string given F:\PHP Projects\Xianlaiyizhuan\ThinkPHP\Library\Think\Upload.class.php 第 167 行.
NOTIC: [2] call_user_func() expects parameter 1 to be a valid callback, no array or string given F:\PHP Projects\Xianlaiyizhuan\ThinkPHP\Library\Think\Upload.class.php 第 167 行.
INFO: [ app_end ] --START--
INFO: Run Behavior\ShowPageTrace [ RunTime:0.001161s ]
INFO: [ app_end ] --END-- [ RunTime:0.001489s ]

[ 2017-03-19T20:53:15+08:00 ] ::1 /Xianlaiyizhuan/Home/Transact/createTransaction
INFO: [ app_begin ] --START--
INFO: Run Behavior\ReadHtmlCache [ RunTime:0.001199s ]
INFO: [ app_begin ] --END-- [ RunTime:0.002096s ]
NOTIC: [2] call_user_func() expects parameter 1 to be a valid callback, no array or string given F:\PHP Projects\Xianlaiyizhuan\ThinkPHP\Library\Think\Upload.class.php 第 167 行.
NOTIC: [2] call_user_func() expects parameter 1 to be a valid callback, no array or string given F:\PHP Projects\Xianlaiyizhuan\ThinkPHP\Library\Think\Upload.class.php 第 167 行.
INFO: [ app_end ] --START--
INFO: Run Behavior\ShowPageTrace [ RunTime:0.001154s ]
INFO: [ app_end ] --END-- [ RunTime:0.001499s ]

[ 2017-03-19T20:53:40+08:00 ] ::1 /Xianlaiyizhuan/Home/Transact/createTransaction
INFO: [ app_begin ] --START--
INFO: Run Behavior\ReadHtmlCache [ RunTime:0.001026s ]
INFO: [ app_begin ] --END-- [ RunTime:0.001959s ]
NOTIC: [2] call_user_func() expects parameter 1 to be a valid callback, no array or string given F:\PHP Projects\Xianlaiyizhuan\ThinkPHP\Library\Think\Upload.class.php 第 167 行.
NOTIC: [2] call_user_func() expects parameter 1 to be a valid callback, no array or string given F:\PHP Projects\Xianlaiyizhuan\ThinkPHP\Library\Think\Upload.class.php 第 167 行.
INFO: [ app_end ] --START--
INFO: Run Behavior\ShowPageTrace [ RunTime:0.001197s ]
INFO: [ app_end ] --END-- [ RunTime:0.001488s ]

[ 2017-03-19T20:54:33+08:00 ] ::1 /Xianlaiyizhuan/Home/Transact/createTransaction
INFO: [ app_begin ] --START--
INFO: Run Behavior\ReadHtmlCache [ RunTime:0.001725s ]
INFO: [ app_begin ] --END-- [ RunTime:0.002873s ]
NOTIC: [2] call_user_func() expects parameter 1 to be a valid callback, no array or string given F:\PHP Projects\Xianlaiyizhuan\ThinkPHP\Library\Think\Upload.class.php 第 167 行.
NOTIC: [2] call_user_func() expects parameter 1 to be a valid callback, no array or string given F:\PHP Projects\Xianlaiyizhuan\ThinkPHP\Library\Think\Upload.class.php 第 167 行.
INFO: [ app_end ] --START--
INFO: Run Behavior\ShowPageTrace [ RunTime:0.003733s ]
INFO: [ app_end ] --END-- [ RunTime:0.004046s ]

[ 2017-03-19T20:54:46+08:00 ] ::1 /Xianlaiyizhuan/Home/Transact/createTransaction
INFO: [ app_begin ] --START--
INFO: Run Behavior\ReadHtmlCache [ RunTime:0.000950s ]
INFO: [ app_begin ] --END-- [ RunTime:0.001707s ]
NOTIC: [2] call_user_func() expects parameter 1 to be a valid callback, no array or string given F:\PHP Projects\Xianlaiyizhuan\ThinkPHP\Library\Think\Upload.class.php 第 167 行.
NOTIC: [2] call_user_func() expects parameter 1 to be a valid callback, no array or string given F:\PHP Projects\Xianlaiyizhuan\ThinkPHP\Library\Think\Upload.class.php 第 167 行.
INFO: [ app_end ] --START--
INFO: Run Behavior\ShowPageTrace [ RunTime:0.001224s ]
INFO: [ app_end ] --END-- [ RunTime:0.001585s ]

[ 2017-03-19T20:56:19+08:00 ] ::1 /Xianlaiyizhuan/Home/Transact/createTransaction
INFO: [ app_begin ] --START--
INFO: Run Behavior\ReadHtmlCache [ RunTime:0.001003s ]
INFO: [ app_begin ] --END-- [ RunTime:0.001806s ]
NOTIC: [2] call_user_func() expects parameter 1 to be a valid callback, no array or string given F:\PHP Projects\Xianlaiyizhuan\ThinkPHP\Library\Think\Upload.class.php 第 167 行.
NOTIC: [2] call_user_func() expects parameter 1 to be a valid callback, no array or string given F:\PHP Projects\Xianlaiyizhuan\ThinkPHP\Library\Think\Upload.class.php 第 167 行.
INFO: [ app_end ] --START--
INFO: Run Behavior\ShowPageTrace [ RunTime:0.001355s ]
INFO: [ app_end ] --END-- [ RunTime:0.001641s ]

[ 2017-03-19T20:56:27+08:00 ] ::1 /Xianlaiyizhuan/Home/Transact/createTransaction
INFO: [ app_begin ] --START--
INFO: Run Behavior\ReadHtmlCache [ RunTime:0.000942s ]
INFO: [ app_begin ] --END-- [ RunTime:0.001682s ]
NOTIC: [2] call_user_func() expects parameter 1 to be a valid callback, no array or string given F:\PHP Projects\Xianlaiyizhuan\ThinkPHP\Library\Think\Upload.class.php 第 167 行.
NOTIC: [2] call_user_func() expects parameter 1 to be a valid callback, no array or string given F:\PHP Projects\Xianlaiyizhuan\ThinkPHP\Library\Think\Upload.class.php 第 167 行.
INFO: [ app_end ] --START--
INFO: Run Behavior\ShowPageTrace [ RunTime:0.001105s ]
INFO: [ app_end ] --END-- [ RunTime:0.001390s ]

[ 2017-03-19T20:56:34+08:00 ] ::1 /Xianlaiyizhuan/Home/Transact/createTransaction
INFO: [ app_begin ] --START--
INFO: Run Behavior\ReadHtmlCache [ RunTime:0.001515s ]
INFO: [ app_begin ] --END-- [ RunTime:0.002555s ]
NOTIC: [2] call_user_func() expects parameter 1 to be a valid callback, no array or string given F:\PHP Projects\Xianlaiyizhuan\ThinkPHP\Library\Think\Upload.class.php 第 167 行.
NOTIC: [2] call_user_func() expects parameter 1 to be a valid callback, no array or string given F:\PHP Projects\Xianlaiyizhuan\ThinkPHP\Library\Think\Upload.class.php 第 167 行.
INFO: [ app_end ] --START--
INFO: Run Behavior\ShowPageTrace [ RunTime:0.002243s ]
INFO: [ app_end ] --END-- [ RunTime:0.002531s ]

[ 2017-03-19T22:15:49+08:00 ] ::1 /Xianlaiyizhuan/Home/Transact/test
INFO: [ app_begin ] --START--
INFO: Run Behavior\ReadHtmlCache [ RunTime:0.000973s ]
INFO: [ app_begin ] --END-- [ RunTime:0.001801s ]
INFO: [ app_end ] --START--
INFO: Run Behavior\ShowPageTrace [ RunTime:0.001190s ]
INFO: [ app_end ] --END-- [ RunTime:0.001489s ]

[ 2017-03-19T22:16:05+08:00 ] ::1 /Xianlaiyizhuan/Home/Transact/test
INFO: [ app_begin ] --START--
INFO: Run Behavior\ReadHtmlCache [ RunTime:0.001196s ]
INFO: [ app_begin ] --END-- [ RunTime:0.002221s ]
INFO: [ app_end ] --START--
INFO: Run Behavior\ShowPageTrace [ RunTime:0.001212s ]
INFO: [ app_end ] --END-- [ RunTime:0.001517s ]

[ 2017-03-19T22:16:06+08:00 ] ::1 /Xianlaiyizhuan/Home/Transact/test
INFO: [ app_begin ] --START--
INFO: Run Behavior\ReadHtmlCache [ RunTime:0.000963s ]
INFO: [ app_begin ] --END-- [ RunTime:0.001839s ]
INFO: [ app_end ] --START--
INFO: Run Behavior\ShowPageTrace [ RunTime:0.001709s ]
INFO: [ app_end ] --END-- [ RunTime:0.001987s ]

[ 2017-03-19T22:16:06+08:00 ] ::1 /Xianlaiyizhuan/Home/Transact/test
INFO: [ app_begin ] --START--
INFO: Run Behavior\ReadHtmlCache [ RunTime:0.001117s ]
INFO: [ app_begin ] --END-- [ RunTime:0.002341s ]
INFO: [ app_end ] --START--
INFO: Run Behavior\ShowPageTrace [ RunTime:0.001113s ]
INFO: [ app_end ] --END-- [ RunTime:0.001396s ]

[ 2017-03-19T22:16:23+08:00 ] ::1 /Xianlaiyizhuan/Home/Transact/test
INFO: [ app_begin ] --START--
INFO: Run Behavior\ReadHtmlCache [ RunTime:0.000966s ]
INFO: [ app_begin ] --END-- [ RunTime:0.001794s ]
INFO: [ app_end ] --START--
INFO: Run Behavior\ShowPageTrace [ RunTime:0.001100s ]
INFO: [ app_end ] --END-- [ RunTime:0.001456s ]

[ 2017-03-19T22:16:27+08:00 ] ::1 /Xianlaiyizhuan/Home/Transact/test
INFO: [ app_begin ] --START--
INFO: Run Behavior\ReadHtmlCache [ RunTime:0.001488s ]
INFO: [ app_begin ] --END-- [ RunTime:0.002456s ]
INFO: [ app_end ] --START--
INFO: Run Behavior\ShowPageTrace [ RunTime:0.001184s ]
INFO: [ app_end ] --END-- [ RunTime:0.001492s ]

[ 2017-03-19T22:16:28+08:00 ] ::1 /Xianlaiyizhuan/Home/Transact/test
INFO: [ app_begin ] --START--
INFO: Run Behavior\ReadHtmlCache [ RunTime:0.000980s ]
INFO: [ app_begin ] --END-- [ RunTime:0.001902s ]
INFO: [ app_end ] --START--
INFO: Run Behavior\ShowPageTrace [ RunTime:0.001747s ]
INFO: [ app_end ] --END-- [ RunTime:0.002049s ]

