[ 2017-04-25T14:39:09+08:00 ] ::1 /Xianlaiyizhuan/Home/Rubberneck/getRecentTopicList
INFO: [ app_begin ] --START--
INFO: Run Behavior\ReadHtmlCache [ RunTime:0.015444s ]
INFO: [ app_begin ] --END-- [ RunTime:0.072577s ]
NOTIC: [8] Undefined index: db_port F:\PHP Projects\Xianlaiyizhuan\ThinkPHP\Library\Think\Db.class.php 第 127 行.
NOTIC: [8] Undefined index: db_dsn F:\PHP Projects\Xianlaiyizhuan\ThinkPHP\Library\Think\Db.class.php 第 129 行.
NOTIC: [8] Undefined index: db_params F:\PHP Projects\Xianlaiyizhuan\ThinkPHP\Library\Think\Db.class.php 第 130 行.
NOTIC: [8192] mysql_connect(): The mysql extension is deprecated and will be removed in the future: use mysqli or PDO instead F:\PHP Projects\Xianlaiyizhuan\ThinkPHP\Library\Think\Db\Driver\Mysql.class.php 第 52 行.
SQL: SHOW COLUMNS FROM `xlyz_rubberneck` [ RunTime:0.012023s ]
SQL: SELECT * FROM `xlyz_rubberneck` WHERE ( `id` IN (6,5,4,2) )  [ RunTime:0.010086s ]
SQL: SHOW COLUMNS FROM `xlyz_user` [ RunTime:0.011677s ]
SQL: SELECT `id`,`nickname`,`avatar` FROM `xlyz_user` WHERE ( id = 1 ) LIMIT 1   [ RunTime:0.010193s ]
SQL: SELECT `id`,`nickname`,`avatar` FROM `xlyz_user` WHERE ( id = 2 ) LIMIT 1   [ RunTime:0.009890s ]

[ 2017-04-25T14:39:16+08:00 ] ::1 /Xianlaiyizhuan/Home/Donation/getRecentDonationlist
INFO: [ app_begin ] --START--
INFO: Run Behavior\ReadHtmlCache [ RunTime:0.000795s ]
INFO: [ app_begin ] --END-- [ RunTime:0.001477s ]
NOTIC: [8] Undefined index: db_port F:\PHP Projects\Xianlaiyizhuan\ThinkPHP\Library\Think\Db.class.php 第 127 行.
NOTIC: [8] Undefined index: db_dsn F:\PHP Projects\Xianlaiyizhuan\ThinkPHP\Library\Think\Db.class.php 第 129 行.
NOTIC: [8] Undefined index: db_params F:\PHP Projects\Xianlaiyizhuan\ThinkPHP\Library\Think\Db.class.php 第 130 行.
NOTIC: [8192] mysql_connect(): The mysql extension is deprecated and will be removed in the future: use mysqli or PDO instead F:\PHP Projects\Xianlaiyizhuan\ThinkPHP\Library\Think\Db\Driver\Mysql.class.php 第 52 行.
SQL: SHOW COLUMNS FROM `xlyz_donate` [ RunTime:0.009756s ]
SQL: SELECT * FROM `xlyz_donate` WHERE ( `id` IN (8,11) )  [ RunTime:0.011736s ]

[ 2017-04-25T15:11:57+08:00 ] ::1 /Xianlaiyizhuan/Home/Transact/givelike
INFO: [ app_begin ] --START--
INFO: Run Behavior\ReadHtmlCache [ RunTime:0.000884s ]
INFO: [ app_begin ] --END-- [ RunTime:0.001756s ]
INFO: [ view_parse ] --START--
INFO: [ template_filter ] --START--
INFO: Run Behavior\ContentReplace [ RunTime:0.000101s ]
INFO: [ template_filter ] --END-- [ RunTime:0.000363s ]
INFO: Run Behavior\ParseTemplate [ RunTime:0.065519s ]
INFO: [ view_parse ] --END-- [ RunTime:0.065842s ]
INFO: [ view_filter ] --START--
INFO: Run Behavior\WriteHtmlCache [ RunTime:0.016612s ]
INFO: [ view_filter ] --END-- [ RunTime:0.016889s ]
INFO: [ app_end ] --START--
INFO: Run Behavior\ShowPageTrace [ RunTime:0.018175s ]
INFO: [ app_end ] --END-- [ RunTime:0.018436s ]

[ 2017-04-25T15:11:59+08:00 ] ::1 /Xianlaiyizhuan/Home/Transact/givelike
INFO: [ app_begin ] --START--
INFO: Run Behavior\ReadHtmlCache [ RunTime:0.000746s ]
INFO: [ app_begin ] --END-- [ RunTime:0.001436s ]
INFO: [ view_parse ] --START--
INFO: [ template_filter ] --START--
INFO: Run Behavior\ContentReplace [ RunTime:0.000101s ]
INFO: [ template_filter ] --END-- [ RunTime:0.000383s ]
INFO: Run Behavior\ParseTemplate [ RunTime:0.008701s ]
INFO: [ view_parse ] --END-- [ RunTime:0.008979s ]
INFO: [ view_filter ] --START--
INFO: Run Behavior\WriteHtmlCache [ RunTime:0.000352s ]
INFO: [ view_filter ] --END-- [ RunTime:0.000585s ]
INFO: [ app_end ] --START--
INFO: Run Behavior\ShowPageTrace [ RunTime:0.000706s ]
INFO: [ app_end ] --END-- [ RunTime:0.000975s ]

[ 2017-04-25T15:12:19+08:00 ] ::1 /Xianlaiyizhuan/Home/Transact/givelike
INFO: [ app_begin ] --START--
INFO: Run Behavior\ReadHtmlCache [ RunTime:0.000956s ]
INFO: [ app_begin ] --END-- [ RunTime:0.001662s ]
INFO: [ view_parse ] --START--
INFO: [ template_filter ] --START--
INFO: Run Behavior\ContentReplace [ RunTime:0.000098s ]
INFO: [ template_filter ] --END-- [ RunTime:0.000365s ]
INFO: Run Behavior\ParseTemplate [ RunTime:0.008776s ]
INFO: [ view_parse ] --END-- [ RunTime:0.009048s ]
INFO: [ view_filter ] --START--
INFO: Run Behavior\WriteHtmlCache [ RunTime:0.000363s ]
INFO: [ view_filter ] --END-- [ RunTime:0.000602s ]
INFO: [ app_end ] --START--
INFO: Run Behavior\ShowPageTrace [ RunTime:0.000726s ]
INFO: [ app_end ] --END-- [ RunTime:0.000967s ]

[ 2017-04-25T15:12:46+08:00 ] ::1 /Xianlaiyizhuan/Home/Transact/giveLikeToTransaction
INFO: [ app_begin ] --START--
INFO: Run Behavior\ReadHtmlCache [ RunTime:0.000902s ]
INFO: [ app_begin ] --END-- [ RunTime:0.003272s ]
INFO: [ app_end ] --START--
INFO: Run Behavior\ShowPageTrace [ RunTime:0.000965s ]
INFO: [ app_end ] --END-- [ RunTime:0.001368s ]

[ 2017-04-25T15:16:39+08:00 ] ::1 /Xianlaiyizhuan/Home/Transact/giveLikeToTransaction
INFO: [ app_begin ] --START--
INFO: Run Behavior\ReadHtmlCache [ RunTime:0.000838s ]
INFO: [ app_begin ] --END-- [ RunTime:0.001692s ]
INFO: [ app_end ] --START--
INFO: Run Behavior\ShowPageTrace [ RunTime:0.001256s ]
INFO: [ app_end ] --END-- [ RunTime:0.001754s ]

[ 2017-04-25T15:18:29+08:00 ] ::1 /Xianlaiyizhuan/Home/Transact/giveLikeToTransaction
INFO: [ app_begin ] --START--
INFO: Run Behavior\ReadHtmlCache [ RunTime:0.000818s ]
INFO: [ app_begin ] --END-- [ RunTime:0.001648s ]

[ 2017-04-25T15:18:37+08:00 ] ::1 /Xianlaiyizhuan/Home/User/userLogin
INFO: [ app_begin ] --START--
INFO: Run Behavior\ReadHtmlCache [ RunTime:0.000784s ]
INFO: [ app_begin ] --END-- [ RunTime:0.001693s ]
NOTIC: [8] Undefined index: db_port F:\PHP Projects\Xianlaiyizhuan\ThinkPHP\Library\Think\Db.class.php 第 127 行.
NOTIC: [8] Undefined index: db_dsn F:\PHP Projects\Xianlaiyizhuan\ThinkPHP\Library\Think\Db.class.php 第 129 行.
NOTIC: [8] Undefined index: db_params F:\PHP Projects\Xianlaiyizhuan\ThinkPHP\Library\Think\Db.class.php 第 130 行.
NOTIC: [8192] mysql_connect(): The mysql extension is deprecated and will be removed in the future: use mysqli or PDO instead F:\PHP Projects\Xianlaiyizhuan\ThinkPHP\Library\Think\Db\Driver\Mysql.class.php 第 52 行.
SQL: SHOW COLUMNS FROM `xlyz_user` [ RunTime:0.013071s ]
SQL: SELECT * FROM `xlyz_user` WHERE ( id_number = '1169559037' and password = 'e10adc3949ba59abbe56e057f20f883e' ) LIMIT 1   [ RunTime:0.010008s ]

[ 2017-04-25T15:18:38+08:00 ] ::1 /Xianlaiyizhuan/Home/Transact/giveLikeToTransaction
INFO: [ app_begin ] --START--
INFO: Run Behavior\ReadHtmlCache [ RunTime:0.000658s ]
INFO: [ app_begin ] --END-- [ RunTime:0.001331s ]
NOTIC: [8] Undefined index: db_port F:\PHP Projects\Xianlaiyizhuan\ThinkPHP\Library\Think\Db.class.php 第 127 行.
NOTIC: [8] Undefined index: db_dsn F:\PHP Projects\Xianlaiyizhuan\ThinkPHP\Library\Think\Db.class.php 第 129 行.
NOTIC: [8] Undefined index: db_params F:\PHP Projects\Xianlaiyizhuan\ThinkPHP\Library\Think\Db.class.php 第 130 行.
NOTIC: [8192] mysql_connect(): The mysql extension is deprecated and will be removed in the future: use mysqli or PDO instead F:\PHP Projects\Xianlaiyizhuan\ThinkPHP\Library\Think\Db\Driver\Mysql.class.php 第 52 行.
SQL: SHOW COLUMNS FROM `xlyz_transact` [ RunTime:0.011687s ]
SQL: SHOW COLUMNS FROM `xlyz_givelike` [ RunTime:0.018091s ]
SQL: SELECT * FROM `xlyz_givelike` WHERE ( user_id = 1 and p_id = 1 and type = 1 ) LIMIT 1   [ RunTime:0.029686s ]
SQL: INSERT INTO `xlyz_givelike` (`user_id`,`p_id`,`type`) VALUES (1,1,1) [ RunTime:0.015402s ]
SQL: SELECT * FROM `xlyz_transact` WHERE ( id = 1 ) LIMIT 1   [ RunTime:0.016346s ]
SQL: UPDATE `xlyz_transact` SET `likec`=1 WHERE ( id = 1 ) [ RunTime:0.009081s ]

[ 2017-04-25T15:19:15+08:00 ] ::1 /Xianlaiyizhuan/Home/Transact/giveLikeToTransaction
INFO: [ app_begin ] --START--
INFO: Run Behavior\ReadHtmlCache [ RunTime:0.000659s ]
INFO: [ app_begin ] --END-- [ RunTime:0.001341s ]
NOTIC: [8] Undefined index: db_port F:\PHP Projects\Xianlaiyizhuan\ThinkPHP\Library\Think\Db.class.php 第 127 行.
NOTIC: [8] Undefined index: db_dsn F:\PHP Projects\Xianlaiyizhuan\ThinkPHP\Library\Think\Db.class.php 第 129 行.
NOTIC: [8] Undefined index: db_params F:\PHP Projects\Xianlaiyizhuan\ThinkPHP\Library\Think\Db.class.php 第 130 行.
NOTIC: [8192] mysql_connect(): The mysql extension is deprecated and will be removed in the future: use mysqli or PDO instead F:\PHP Projects\Xianlaiyizhuan\ThinkPHP\Library\Think\Db\Driver\Mysql.class.php 第 52 行.
SQL: SHOW COLUMNS FROM `xlyz_transact` [ RunTime:0.012201s ]
SQL: SHOW COLUMNS FROM `xlyz_givelike` [ RunTime:0.011787s ]
SQL: SELECT * FROM `xlyz_givelike` WHERE ( user_id = 1 and p_id = 18 and type = 1 ) LIMIT 1   [ RunTime:0.010548s ]
SQL: INSERT INTO `xlyz_givelike` (`user_id`,`p_id`,`type`) VALUES (1,18,1) [ RunTime:0.012302s ]
SQL: SELECT * FROM `xlyz_transact` WHERE ( id = 18 ) LIMIT 1   [ RunTime:0.010130s ]
SQL: UPDATE `xlyz_transact` SET `likec`=1 WHERE ( id = 18 ) [ RunTime:0.013073s ]

[ 2017-04-25T15:19:20+08:00 ] ::1 /Xianlaiyizhuan/Home/Transact/giveLikeToTransaction
INFO: [ app_begin ] --START--
INFO: Run Behavior\ReadHtmlCache [ RunTime:0.000711s ]
INFO: [ app_begin ] --END-- [ RunTime:0.001949s ]
NOTIC: [8] Undefined index: db_port F:\PHP Projects\Xianlaiyizhuan\ThinkPHP\Library\Think\Db.class.php 第 127 行.
NOTIC: [8] Undefined index: db_dsn F:\PHP Projects\Xianlaiyizhuan\ThinkPHP\Library\Think\Db.class.php 第 129 行.
NOTIC: [8] Undefined index: db_params F:\PHP Projects\Xianlaiyizhuan\ThinkPHP\Library\Think\Db.class.php 第 130 行.
NOTIC: [8192] mysql_connect(): The mysql extension is deprecated and will be removed in the future: use mysqli or PDO instead F:\PHP Projects\Xianlaiyizhuan\ThinkPHP\Library\Think\Db\Driver\Mysql.class.php 第 52 行.
SQL: SHOW COLUMNS FROM `xlyz_transact` [ RunTime:0.009331s ]
SQL: SHOW COLUMNS FROM `xlyz_givelike` [ RunTime:0.008828s ]
SQL: SELECT * FROM `xlyz_givelike` WHERE ( user_id = 1 and p_id = 18 and type = 1 ) LIMIT 1   [ RunTime:0.007984s ]

[ 2017-04-25T15:19:34+08:00 ] ::1 /Xianlaiyizhuan/Home/Transact/giveLikeToTransaction
INFO: [ app_begin ] --START--
INFO: Run Behavior\ReadHtmlCache [ RunTime:0.001050s ]
INFO: [ app_begin ] --END-- [ RunTime:0.001741s ]
NOTIC: [8] Undefined index: db_port F:\PHP Projects\Xianlaiyizhuan\ThinkPHP\Library\Think\Db.class.php 第 127 行.
NOTIC: [8] Undefined index: db_dsn F:\PHP Projects\Xianlaiyizhuan\ThinkPHP\Library\Think\Db.class.php 第 129 行.
NOTIC: [8] Undefined index: db_params F:\PHP Projects\Xianlaiyizhuan\ThinkPHP\Library\Think\Db.class.php 第 130 行.
NOTIC: [8192] mysql_connect(): The mysql extension is deprecated and will be removed in the future: use mysqli or PDO instead F:\PHP Projects\Xianlaiyizhuan\ThinkPHP\Library\Think\Db\Driver\Mysql.class.php 第 52 行.
SQL: SHOW COLUMNS FROM `xlyz_transact` [ RunTime:0.011667s ]
SQL: SHOW COLUMNS FROM `xlyz_givelike` [ RunTime:0.010380s ]
SQL: SELECT * FROM `xlyz_givelike` WHERE ( user_id = 1 and p_id = 19 and type = 1 ) LIMIT 1   [ RunTime:0.009145s ]
SQL: INSERT INTO `xlyz_givelike` (`user_id`,`p_id`,`type`) VALUES (1,19,1) [ RunTime:0.011676s ]
SQL: SELECT * FROM `xlyz_transact` WHERE ( id = 19 ) LIMIT 1   [ RunTime:0.009472s ]
SQL: UPDATE `xlyz_transact` SET `likec`=1 WHERE ( id = 19 ) [ RunTime:0.014465s ]

[ 2017-04-25T15:19:44+08:00 ] ::1 /Xianlaiyizhuan/Home/Transact/giveLikeToTransaction
INFO: [ app_begin ] --START--
INFO: Run Behavior\ReadHtmlCache [ RunTime:0.000734s ]
INFO: [ app_begin ] --END-- [ RunTime:0.005549s ]
NOTIC: [8] Undefined index: db_port F:\PHP Projects\Xianlaiyizhuan\ThinkPHP\Library\Think\Db.class.php 第 127 行.
NOTIC: [8] Undefined index: db_dsn F:\PHP Projects\Xianlaiyizhuan\ThinkPHP\Library\Think\Db.class.php 第 129 行.
NOTIC: [8] Undefined index: db_params F:\PHP Projects\Xianlaiyizhuan\ThinkPHP\Library\Think\Db.class.php 第 130 行.
NOTIC: [8192] mysql_connect(): The mysql extension is deprecated and will be removed in the future: use mysqli or PDO instead F:\PHP Projects\Xianlaiyizhuan\ThinkPHP\Library\Think\Db\Driver\Mysql.class.php 第 52 行.
SQL: SHOW COLUMNS FROM `xlyz_transact` [ RunTime:0.011046s ]
SQL: SHOW COLUMNS FROM `xlyz_givelike` [ RunTime:0.011617s ]
SQL: SELECT * FROM `xlyz_givelike` WHERE ( user_id = 1 and p_id = 19 and type = 1 ) LIMIT 1   [ RunTime:0.009154s ]

[ 2017-04-25T15:20:27+08:00 ] ::1 /Xianlaiyizhuan/Home/Transact/giveLikeToTransaction
INFO: [ app_begin ] --START--
INFO: Run Behavior\ReadHtmlCache [ RunTime:0.000775s ]
INFO: [ app_begin ] --END-- [ RunTime:0.001842s ]
NOTIC: [8] Undefined index: db_port F:\PHP Projects\Xianlaiyizhuan\ThinkPHP\Library\Think\Db.class.php 第 127 行.
NOTIC: [8] Undefined index: db_dsn F:\PHP Projects\Xianlaiyizhuan\ThinkPHP\Library\Think\Db.class.php 第 129 行.
NOTIC: [8] Undefined index: db_params F:\PHP Projects\Xianlaiyizhuan\ThinkPHP\Library\Think\Db.class.php 第 130 行.
NOTIC: [8192] mysql_connect(): The mysql extension is deprecated and will be removed in the future: use mysqli or PDO instead F:\PHP Projects\Xianlaiyizhuan\ThinkPHP\Library\Think\Db\Driver\Mysql.class.php 第 52 行.
SQL: SHOW COLUMNS FROM `xlyz_transact` [ RunTime:0.012674s ]
SQL: SHOW COLUMNS FROM `xlyz_givelike` [ RunTime:0.012527s ]
SQL: SELECT * FROM `xlyz_givelike` WHERE ( user_id = 1 and p_id = 19 and type = 1 ) LIMIT 1   [ RunTime:0.010475s ]

[ 2017-04-25T15:20:31+08:00 ] ::1 /Xianlaiyizhuan/Home/Transact/giveLikeToTransaction
INFO: [ app_begin ] --START--
INFO: Run Behavior\ReadHtmlCache [ RunTime:0.000796s ]
INFO: [ app_begin ] --END-- [ RunTime:0.001528s ]
NOTIC: [8] Undefined index: db_port F:\PHP Projects\Xianlaiyizhuan\ThinkPHP\Library\Think\Db.class.php 第 127 行.
NOTIC: [8] Undefined index: db_dsn F:\PHP Projects\Xianlaiyizhuan\ThinkPHP\Library\Think\Db.class.php 第 129 行.
NOTIC: [8] Undefined index: db_params F:\PHP Projects\Xianlaiyizhuan\ThinkPHP\Library\Think\Db.class.php 第 130 行.
NOTIC: [8192] mysql_connect(): The mysql extension is deprecated and will be removed in the future: use mysqli or PDO instead F:\PHP Projects\Xianlaiyizhuan\ThinkPHP\Library\Think\Db\Driver\Mysql.class.php 第 52 行.
SQL: SHOW COLUMNS FROM `xlyz_transact` [ RunTime:0.012920s ]
SQL: SHOW COLUMNS FROM `xlyz_givelike` [ RunTime:0.013649s ]
SQL: SELECT * FROM `xlyz_givelike` WHERE ( user_id = 1 and p_id = 20 and type = 1 ) LIMIT 1   [ RunTime:0.011068s ]
SQL: INSERT INTO `xlyz_givelike` (`user_id`,`p_id`,`type`) VALUES (1,20,1) [ RunTime:0.013533s ]
SQL: SELECT * FROM `xlyz_transact` WHERE ( id = 20 ) LIMIT 1   [ RunTime:0.011440s ]
SQL: UPDATE `xlyz_transact` SET `likec`=1 WHERE ( id = 20 ) [ RunTime:0.014352s ]

[ 2017-04-25T15:20:37+08:00 ] ::1 /Xianlaiyizhuan/Home/Transact/giveLikeToTransaction
INFO: [ app_begin ] --START--
INFO: Run Behavior\ReadHtmlCache [ RunTime:0.000700s ]
INFO: [ app_begin ] --END-- [ RunTime:0.001438s ]
NOTIC: [8] Undefined index: db_port F:\PHP Projects\Xianlaiyizhuan\ThinkPHP\Library\Think\Db.class.php 第 127 行.
NOTIC: [8] Undefined index: db_dsn F:\PHP Projects\Xianlaiyizhuan\ThinkPHP\Library\Think\Db.class.php 第 129 行.
NOTIC: [8] Undefined index: db_params F:\PHP Projects\Xianlaiyizhuan\ThinkPHP\Library\Think\Db.class.php 第 130 行.
NOTIC: [8192] mysql_connect(): The mysql extension is deprecated and will be removed in the future: use mysqli or PDO instead F:\PHP Projects\Xianlaiyizhuan\ThinkPHP\Library\Think\Db\Driver\Mysql.class.php 第 52 行.
SQL: SHOW COLUMNS FROM `xlyz_transact` [ RunTime:0.012591s ]
SQL: SHOW COLUMNS FROM `xlyz_givelike` [ RunTime:0.012020s ]
SQL: SELECT * FROM `xlyz_givelike` WHERE ( user_id = 1 and p_id = 20 and type = 1 ) LIMIT 1   [ RunTime:0.010466s ]

[ 2017-04-25T15:20:45+08:00 ] ::1 /Xianlaiyizhuan/Home/User/userLogin
INFO: [ app_begin ] --START--
INFO: Run Behavior\ReadHtmlCache [ RunTime:0.000655s ]
INFO: [ app_begin ] --END-- [ RunTime:0.001353s ]
NOTIC: [8] Undefined index: db_port F:\PHP Projects\Xianlaiyizhuan\ThinkPHP\Library\Think\Db.class.php 第 127 行.
NOTIC: [8] Undefined index: db_dsn F:\PHP Projects\Xianlaiyizhuan\ThinkPHP\Library\Think\Db.class.php 第 129 行.
NOTIC: [8] Undefined index: db_params F:\PHP Projects\Xianlaiyizhuan\ThinkPHP\Library\Think\Db.class.php 第 130 行.
NOTIC: [8192] mysql_connect(): The mysql extension is deprecated and will be removed in the future: use mysqli or PDO instead F:\PHP Projects\Xianlaiyizhuan\ThinkPHP\Library\Think\Db\Driver\Mysql.class.php 第 52 行.
SQL: SHOW COLUMNS FROM `xlyz_user` [ RunTime:0.009604s ]
SQL: SELECT * FROM `xlyz_user` WHERE ( id_number = '3115003090' and password = 'e10adc3949ba59abbe56e057f20f883e' ) LIMIT 1   [ RunTime:0.007763s ]

[ 2017-04-25T15:20:47+08:00 ] ::1 /Xianlaiyizhuan/Home/Transact/giveLikeToTransaction
INFO: [ app_begin ] --START--
INFO: Run Behavior\ReadHtmlCache [ RunTime:0.000667s ]
INFO: [ app_begin ] --END-- [ RunTime:0.001387s ]
NOTIC: [8] Undefined index: db_port F:\PHP Projects\Xianlaiyizhuan\ThinkPHP\Library\Think\Db.class.php 第 127 行.
NOTIC: [8] Undefined index: db_dsn F:\PHP Projects\Xianlaiyizhuan\ThinkPHP\Library\Think\Db.class.php 第 129 行.
NOTIC: [8] Undefined index: db_params F:\PHP Projects\Xianlaiyizhuan\ThinkPHP\Library\Think\Db.class.php 第 130 行.
NOTIC: [8192] mysql_connect(): The mysql extension is deprecated and will be removed in the future: use mysqli or PDO instead F:\PHP Projects\Xianlaiyizhuan\ThinkPHP\Library\Think\Db\Driver\Mysql.class.php 第 52 行.
SQL: SHOW COLUMNS FROM `xlyz_transact` [ RunTime:0.009975s ]
SQL: SHOW COLUMNS FROM `xlyz_givelike` [ RunTime:0.008385s ]
SQL: SELECT * FROM `xlyz_givelike` WHERE ( user_id = 2 and p_id = 20 and type = 1 ) LIMIT 1   [ RunTime:0.007269s ]
SQL: INSERT INTO `xlyz_givelike` (`user_id`,`p_id`,`type`) VALUES (2,20,1) [ RunTime:0.008361s ]
SQL: SELECT * FROM `xlyz_transact` WHERE ( id = 20 ) LIMIT 1   [ RunTime:0.007415s ]
SQL: UPDATE `xlyz_transact` SET `likec`=2 WHERE ( id = 20 ) [ RunTime:0.010031s ]

[ 2017-04-25T15:20:49+08:00 ] ::1 /Xianlaiyizhuan/Home/Transact/giveLikeToTransaction
INFO: [ app_begin ] --START--
INFO: Run Behavior\ReadHtmlCache [ RunTime:0.000633s ]
INFO: [ app_begin ] --END-- [ RunTime:0.001271s ]
NOTIC: [8] Undefined index: db_port F:\PHP Projects\Xianlaiyizhuan\ThinkPHP\Library\Think\Db.class.php 第 127 行.
NOTIC: [8] Undefined index: db_dsn F:\PHP Projects\Xianlaiyizhuan\ThinkPHP\Library\Think\Db.class.php 第 129 行.
NOTIC: [8] Undefined index: db_params F:\PHP Projects\Xianlaiyizhuan\ThinkPHP\Library\Think\Db.class.php 第 130 行.
NOTIC: [8192] mysql_connect(): The mysql extension is deprecated and will be removed in the future: use mysqli or PDO instead F:\PHP Projects\Xianlaiyizhuan\ThinkPHP\Library\Think\Db\Driver\Mysql.class.php 第 52 行.
SQL: SHOW COLUMNS FROM `xlyz_transact` [ RunTime:0.010747s ]
SQL: SHOW COLUMNS FROM `xlyz_givelike` [ RunTime:0.010636s ]
SQL: SELECT * FROM `xlyz_givelike` WHERE ( user_id = 2 and p_id = 20 and type = 1 ) LIMIT 1   [ RunTime:0.008741s ]

[ 2017-04-25T15:21:12+08:00 ] ::1 /Xianlaiyizhuan/Home/Transact/giveLikeToTransaction
INFO: [ app_begin ] --START--
INFO: Run Behavior\ReadHtmlCache [ RunTime:0.000672s ]
INFO: [ app_begin ] --END-- [ RunTime:0.001345s ]
NOTIC: [8] Undefined index: db_port F:\PHP Projects\Xianlaiyizhuan\ThinkPHP\Library\Think\Db.class.php 第 127 行.
NOTIC: [8] Undefined index: db_dsn F:\PHP Projects\Xianlaiyizhuan\ThinkPHP\Library\Think\Db.class.php 第 129 行.
NOTIC: [8] Undefined index: db_params F:\PHP Projects\Xianlaiyizhuan\ThinkPHP\Library\Think\Db.class.php 第 130 行.
NOTIC: [8192] mysql_connect(): The mysql extension is deprecated and will be removed in the future: use mysqli or PDO instead F:\PHP Projects\Xianlaiyizhuan\ThinkPHP\Library\Think\Db\Driver\Mysql.class.php 第 52 行.
SQL: SHOW COLUMNS FROM `xlyz_transact` [ RunTime:0.009985s ]
SQL: SHOW COLUMNS FROM `xlyz_givelike` [ RunTime:0.010073s ]
SQL: SELECT * FROM `xlyz_givelike` WHERE ( user_id = 2 and p_id = 2 and type = 1 ) LIMIT 1   [ RunTime:0.007972s ]
SQL: INSERT INTO `xlyz_givelike` (`user_id`,`p_id`,`type`) VALUES (2,2,1) [ RunTime:0.017741s ]
SQL: SELECT * FROM `xlyz_transact` WHERE ( id = 2 ) LIMIT 1   [ RunTime:0.008028s ]
SQL: UPDATE `xlyz_transact` SET `likec`=1 WHERE ( id = 2 ) [ RunTime:0.007875s ]

[ 2017-04-25T15:23:24+08:00 ] ::1 /Xianlaiyizhuan/Home/Transact/giveLikeToTransaction
INFO: [ app_begin ] --START--
INFO: Run Behavior\ReadHtmlCache [ RunTime:0.001593s ]
INFO: [ app_begin ] --END-- [ RunTime:0.002533s ]
NOTIC: [8] Undefined index: db_port F:\PHP Projects\Xianlaiyizhuan\ThinkPHP\Library\Think\Db.class.php 第 127 行.
NOTIC: [8] Undefined index: db_dsn F:\PHP Projects\Xianlaiyizhuan\ThinkPHP\Library\Think\Db.class.php 第 129 行.
NOTIC: [8] Undefined index: db_params F:\PHP Projects\Xianlaiyizhuan\ThinkPHP\Library\Think\Db.class.php 第 130 行.
NOTIC: [8192] mysql_connect(): The mysql extension is deprecated and will be removed in the future: use mysqli or PDO instead F:\PHP Projects\Xianlaiyizhuan\ThinkPHP\Library\Think\Db\Driver\Mysql.class.php 第 52 行.
SQL: SHOW COLUMNS FROM `xlyz_transact` [ RunTime:0.010638s ]
SQL: SELECT * FROM `xlyz_transact` WHERE ( id = 2 ) LIMIT 1   [ RunTime:0.009003s ]

[ 2017-04-25T15:24:32+08:00 ] ::1 /Xianlaiyizhuan/Home/Transact/giveLikeToTransaction
INFO: [ app_begin ] --START--
INFO: Run Behavior\ReadHtmlCache [ RunTime:0.001520s ]
INFO: [ app_begin ] --END-- [ RunTime:0.002997s ]
NOTIC: [8] Undefined index: db_port F:\PHP Projects\Xianlaiyizhuan\ThinkPHP\Library\Think\Db.class.php 第 127 行.
NOTIC: [8] Undefined index: db_dsn F:\PHP Projects\Xianlaiyizhuan\ThinkPHP\Library\Think\Db.class.php 第 129 行.
NOTIC: [8] Undefined index: db_params F:\PHP Projects\Xianlaiyizhuan\ThinkPHP\Library\Think\Db.class.php 第 130 行.
NOTIC: [8192] mysql_connect(): The mysql extension is deprecated and will be removed in the future: use mysqli or PDO instead F:\PHP Projects\Xianlaiyizhuan\ThinkPHP\Library\Think\Db\Driver\Mysql.class.php 第 52 行.
SQL: SHOW COLUMNS FROM `xlyz_transact` [ RunTime:0.009033s ]
SQL: SELECT * FROM `xlyz_transact` WHERE ( id = 2 ) LIMIT 1   [ RunTime:0.007472s ]

[ 2017-04-25T15:24:42+08:00 ] ::1 /Xianlaiyizhuan/Home/Transact/giveLikeToTransaction
INFO: [ app_begin ] --START--
INFO: Run Behavior\ReadHtmlCache [ RunTime:0.000689s ]
INFO: [ app_begin ] --END-- [ RunTime:0.001385s ]
NOTIC: [8] Undefined index: db_port F:\PHP Projects\Xianlaiyizhuan\ThinkPHP\Library\Think\Db.class.php 第 127 行.
NOTIC: [8] Undefined index: db_dsn F:\PHP Projects\Xianlaiyizhuan\ThinkPHP\Library\Think\Db.class.php 第 129 行.
NOTIC: [8] Undefined index: db_params F:\PHP Projects\Xianlaiyizhuan\ThinkPHP\Library\Think\Db.class.php 第 130 行.
NOTIC: [8192] mysql_connect(): The mysql extension is deprecated and will be removed in the future: use mysqli or PDO instead F:\PHP Projects\Xianlaiyizhuan\ThinkPHP\Library\Think\Db\Driver\Mysql.class.php 第 52 行.
SQL: SHOW COLUMNS FROM `xlyz_transact` [ RunTime:0.011626s ]
SQL: SELECT * FROM `xlyz_transact` WHERE ( id = 18 ) LIMIT 1   [ RunTime:0.009953s ]
SQL: SHOW COLUMNS FROM `xlyz_givelike` [ RunTime:0.011353s ]
SQL: SELECT * FROM `xlyz_givelike` WHERE ( user_id = 2 and p_id = 18 and type = 1 ) LIMIT 1   [ RunTime:0.010000s ]
SQL: INSERT INTO `xlyz_givelike` (`user_id`,`p_id`,`type`) VALUES (2,18,1) [ RunTime:0.012194s ]
SQL: UPDATE `xlyz_transact` SET `likec`=1 WHERE ( id = 18 ) [ RunTime:0.014254s ]

[ 2017-04-25T15:24:45+08:00 ] ::1 /Xianlaiyizhuan/Home/Transact/giveLikeToTransaction
INFO: [ app_begin ] --START--
INFO: Run Behavior\ReadHtmlCache [ RunTime:0.000747s ]
INFO: [ app_begin ] --END-- [ RunTime:0.001411s ]
NOTIC: [8] Undefined index: db_port F:\PHP Projects\Xianlaiyizhuan\ThinkPHP\Library\Think\Db.class.php 第 127 行.
NOTIC: [8] Undefined index: db_dsn F:\PHP Projects\Xianlaiyizhuan\ThinkPHP\Library\Think\Db.class.php 第 129 行.
NOTIC: [8] Undefined index: db_params F:\PHP Projects\Xianlaiyizhuan\ThinkPHP\Library\Think\Db.class.php 第 130 行.
NOTIC: [8192] mysql_connect(): The mysql extension is deprecated and will be removed in the future: use mysqli or PDO instead F:\PHP Projects\Xianlaiyizhuan\ThinkPHP\Library\Think\Db\Driver\Mysql.class.php 第 52 行.
SQL: SHOW COLUMNS FROM `xlyz_transact` [ RunTime:0.010076s ]
SQL: SELECT * FROM `xlyz_transact` WHERE ( id = 18 ) LIMIT 1   [ RunTime:0.007828s ]
SQL: SHOW COLUMNS FROM `xlyz_givelike` [ RunTime:0.009496s ]
SQL: SELECT * FROM `xlyz_givelike` WHERE ( user_id = 2 and p_id = 18 and type = 1 ) LIMIT 1   [ RunTime:0.007515s ]

[ 2017-04-25T15:24:47+08:00 ] ::1 /Xianlaiyizhuan/Home/Transact/giveLikeToTransaction
INFO: [ app_begin ] --START--
INFO: Run Behavior\ReadHtmlCache [ RunTime:0.000666s ]
INFO: [ app_begin ] --END-- [ RunTime:0.001355s ]
NOTIC: [8] Undefined index: db_port F:\PHP Projects\Xianlaiyizhuan\ThinkPHP\Library\Think\Db.class.php 第 127 行.
NOTIC: [8] Undefined index: db_dsn F:\PHP Projects\Xianlaiyizhuan\ThinkPHP\Library\Think\Db.class.php 第 129 行.
NOTIC: [8] Undefined index: db_params F:\PHP Projects\Xianlaiyizhuan\ThinkPHP\Library\Think\Db.class.php 第 130 行.
NOTIC: [8192] mysql_connect(): The mysql extension is deprecated and will be removed in the future: use mysqli or PDO instead F:\PHP Projects\Xianlaiyizhuan\ThinkPHP\Library\Think\Db\Driver\Mysql.class.php 第 52 行.
SQL: SHOW COLUMNS FROM `xlyz_transact` [ RunTime:0.011304s ]
SQL: SELECT * FROM `xlyz_transact` WHERE ( id = 18 ) LIMIT 1   [ RunTime:0.009820s ]
SQL: SHOW COLUMNS FROM `xlyz_givelike` [ RunTime:0.012345s ]
SQL: SELECT * FROM `xlyz_givelike` WHERE ( user_id = 2 and p_id = 18 and type = 1 ) LIMIT 1   [ RunTime:0.009648s ]

[ 2017-04-25T15:25:00+08:00 ] ::1 /Xianlaiyizhuan/Home/Transact/giveLikeToTransaction
INFO: [ app_begin ] --START--
INFO: Run Behavior\ReadHtmlCache [ RunTime:0.000714s ]
INFO: [ app_begin ] --END-- [ RunTime:0.001593s ]
NOTIC: [8] Undefined index: db_port F:\PHP Projects\Xianlaiyizhuan\ThinkPHP\Library\Think\Db.class.php 第 127 行.
NOTIC: [8] Undefined index: db_dsn F:\PHP Projects\Xianlaiyizhuan\ThinkPHP\Library\Think\Db.class.php 第 129 行.
NOTIC: [8] Undefined index: db_params F:\PHP Projects\Xianlaiyizhuan\ThinkPHP\Library\Think\Db.class.php 第 130 行.
NOTIC: [8192] mysql_connect(): The mysql extension is deprecated and will be removed in the future: use mysqli or PDO instead F:\PHP Projects\Xianlaiyizhuan\ThinkPHP\Library\Think\Db\Driver\Mysql.class.php 第 52 行.
SQL: SHOW COLUMNS FROM `xlyz_transact` [ RunTime:0.009051s ]
SQL: SELECT * FROM `xlyz_transact` WHERE ( id = 19 ) LIMIT 1   [ RunTime:0.007157s ]
SQL: SHOW COLUMNS FROM `xlyz_givelike` [ RunTime:0.008519s ]
SQL: SELECT * FROM `xlyz_givelike` WHERE ( user_id = 2 and p_id = 19 and type = 1 ) LIMIT 1   [ RunTime:0.006784s ]
SQL: INSERT INTO `xlyz_givelike` (`user_id`,`p_id`,`type`) VALUES (2,19,1) [ RunTime:0.009168s ]
SQL: UPDATE `xlyz_transact` SET `likec`=1 WHERE ( id = 19 ) [ RunTime:0.008753s ]

[ 2017-04-25T15:25:06+08:00 ] ::1 /Xianlaiyizhuan/Home/Transact/giveLikeToTransaction
INFO: [ app_begin ] --START--
INFO: Run Behavior\ReadHtmlCache [ RunTime:0.000665s ]
INFO: [ app_begin ] --END-- [ RunTime:0.001465s ]
NOTIC: [8] Undefined index: db_port F:\PHP Projects\Xianlaiyizhuan\ThinkPHP\Library\Think\Db.class.php 第 127 行.
NOTIC: [8] Undefined index: db_dsn F:\PHP Projects\Xianlaiyizhuan\ThinkPHP\Library\Think\Db.class.php 第 129 行.
NOTIC: [8] Undefined index: db_params F:\PHP Projects\Xianlaiyizhuan\ThinkPHP\Library\Think\Db.class.php 第 130 行.
NOTIC: [8192] mysql_connect(): The mysql extension is deprecated and will be removed in the future: use mysqli or PDO instead F:\PHP Projects\Xianlaiyizhuan\ThinkPHP\Library\Think\Db\Driver\Mysql.class.php 第 52 行.
SQL: SHOW COLUMNS FROM `xlyz_transact` [ RunTime:0.011382s ]
SQL: SELECT * FROM `xlyz_transact` WHERE ( id = 2 ) LIMIT 1   [ RunTime:0.009784s ]

[ 2017-04-25T15:25:26+08:00 ] ::1 /Xianlaiyizhuan/Home/User/userLogin
INFO: [ app_begin ] --START--
INFO: Run Behavior\ReadHtmlCache [ RunTime:0.000886s ]
INFO: [ app_begin ] --END-- [ RunTime:0.001713s ]
NOTIC: [8] Undefined index: db_port F:\PHP Projects\Xianlaiyizhuan\ThinkPHP\Library\Think\Db.class.php 第 127 行.
NOTIC: [8] Undefined index: db_dsn F:\PHP Projects\Xianlaiyizhuan\ThinkPHP\Library\Think\Db.class.php 第 129 行.
NOTIC: [8] Undefined index: db_params F:\PHP Projects\Xianlaiyizhuan\ThinkPHP\Library\Think\Db.class.php 第 130 行.
NOTIC: [8192] mysql_connect(): The mysql extension is deprecated and will be removed in the future: use mysqli or PDO instead F:\PHP Projects\Xianlaiyizhuan\ThinkPHP\Library\Think\Db\Driver\Mysql.class.php 第 52 行.
SQL: SHOW COLUMNS FROM `xlyz_user` [ RunTime:0.012155s ]
SQL: SELECT * FROM `xlyz_user` WHERE ( id_number = '1169559037' and password = 'e10adc3949ba59abbe56e057f20f883e' ) LIMIT 1   [ RunTime:0.010070s ]

[ 2017-04-25T15:25:28+08:00 ] ::1 /Xianlaiyizhuan/Home/Transact/giveLikeToTransaction
INFO: [ app_begin ] --START--
INFO: Run Behavior\ReadHtmlCache [ RunTime:0.000642s ]
INFO: [ app_begin ] --END-- [ RunTime:0.001341s ]
NOTIC: [8] Undefined index: db_port F:\PHP Projects\Xianlaiyizhuan\ThinkPHP\Library\Think\Db.class.php 第 127 行.
NOTIC: [8] Undefined index: db_dsn F:\PHP Projects\Xianlaiyizhuan\ThinkPHP\Library\Think\Db.class.php 第 129 行.
NOTIC: [8] Undefined index: db_params F:\PHP Projects\Xianlaiyizhuan\ThinkPHP\Library\Think\Db.class.php 第 130 行.
NOTIC: [8192] mysql_connect(): The mysql extension is deprecated and will be removed in the future: use mysqli or PDO instead F:\PHP Projects\Xianlaiyizhuan\ThinkPHP\Library\Think\Db\Driver\Mysql.class.php 第 52 行.
SQL: SHOW COLUMNS FROM `xlyz_transact` [ RunTime:0.011442s ]
SQL: SELECT * FROM `xlyz_transact` WHERE ( id = 2 ) LIMIT 1   [ RunTime:0.009980s ]

[ 2017-04-25T15:25:33+08:00 ] ::1 /Xianlaiyizhuan/Home/Transact/giveLikeToTransaction
INFO: [ app_begin ] --START--
INFO: Run Behavior\ReadHtmlCache [ RunTime:0.001125s ]
INFO: [ app_begin ] --END-- [ RunTime:0.002116s ]
NOTIC: [8] Undefined index: db_port F:\PHP Projects\Xianlaiyizhuan\ThinkPHP\Library\Think\Db.class.php 第 127 行.
NOTIC: [8] Undefined index: db_dsn F:\PHP Projects\Xianlaiyizhuan\ThinkPHP\Library\Think\Db.class.php 第 129 行.
NOTIC: [8] Undefined index: db_params F:\PHP Projects\Xianlaiyizhuan\ThinkPHP\Library\Think\Db.class.php 第 130 行.
NOTIC: [8192] mysql_connect(): The mysql extension is deprecated and will be removed in the future: use mysqli or PDO instead F:\PHP Projects\Xianlaiyizhuan\ThinkPHP\Library\Think\Db\Driver\Mysql.class.php 第 52 行.
SQL: SHOW COLUMNS FROM `xlyz_transact` [ RunTime:0.013253s ]
SQL: SELECT * FROM `xlyz_transact` WHERE ( id = 18 ) LIMIT 1   [ RunTime:0.007654s ]
SQL: SHOW COLUMNS FROM `xlyz_givelike` [ RunTime:0.011011s ]
SQL: SELECT * FROM `xlyz_givelike` WHERE ( user_id = 1 and p_id = 18 and type = 1 ) LIMIT 1   [ RunTime:0.007790s ]
SQL: INSERT INTO `xlyz_givelike` (`user_id`,`p_id`,`type`) VALUES (1,18,1) [ RunTime:0.010725s ]
SQL: UPDATE `xlyz_transact` SET `likec`=2 WHERE ( id = 18 ) [ RunTime:0.007981s ]

[ 2017-04-25T15:31:38+08:00 ] ::1 /Xianlaiyizhuan/Home/Requirement/giveLikeToRequirement
INFO: [ app_begin ] --START--
INFO: Run Behavior\ReadHtmlCache [ RunTime:0.000802s ]
INFO: [ app_begin ] --END-- [ RunTime:0.001661s ]
NOTIC: [8] Undefined index: db_port F:\PHP Projects\Xianlaiyizhuan\ThinkPHP\Library\Think\Db.class.php 第 127 行.
NOTIC: [8] Undefined index: db_dsn F:\PHP Projects\Xianlaiyizhuan\ThinkPHP\Library\Think\Db.class.php 第 129 行.
NOTIC: [8] Undefined index: db_params F:\PHP Projects\Xianlaiyizhuan\ThinkPHP\Library\Think\Db.class.php 第 130 行.
NOTIC: [8192] mysql_connect(): The mysql extension is deprecated and will be removed in the future: use mysqli or PDO instead F:\PHP Projects\Xianlaiyizhuan\ThinkPHP\Library\Think\Db\Driver\Mysql.class.php 第 52 行.
SQL: SHOW COLUMNS FROM `xlyz_requirement` [ RunTime:0.008517s ]
SQL: SELECT * FROM `xlyz_requirement` WHERE ( id = 1 ) LIMIT 1   [ RunTime:0.009953s ]

[ 2017-04-25T15:31:54+08:00 ] ::1 /Xianlaiyizhuan/Home/Requirement/giveLikeToRequirement
INFO: [ app_begin ] --START--
INFO: Run Behavior\ReadHtmlCache [ RunTime:0.000681s ]
INFO: [ app_begin ] --END-- [ RunTime:0.001489s ]
NOTIC: [8] Undefined index: db_port F:\PHP Projects\Xianlaiyizhuan\ThinkPHP\Library\Think\Db.class.php 第 127 行.
NOTIC: [8] Undefined index: db_dsn F:\PHP Projects\Xianlaiyizhuan\ThinkPHP\Library\Think\Db.class.php 第 129 行.
NOTIC: [8] Undefined index: db_params F:\PHP Projects\Xianlaiyizhuan\ThinkPHP\Library\Think\Db.class.php 第 130 行.
NOTIC: [8192] mysql_connect(): The mysql extension is deprecated and will be removed in the future: use mysqli or PDO instead F:\PHP Projects\Xianlaiyizhuan\ThinkPHP\Library\Think\Db\Driver\Mysql.class.php 第 52 行.
SQL: SHOW COLUMNS FROM `xlyz_requirement` [ RunTime:0.010427s ]
SQL: SELECT * FROM `xlyz_requirement` WHERE ( id = 18 ) LIMIT 1   [ RunTime:0.008333s ]

[ 2017-04-25T15:31:57+08:00 ] ::1 /Xianlaiyizhuan/Home/Requirement/giveLikeToRequirement
INFO: [ app_begin ] --START--
INFO: Run Behavior\ReadHtmlCache [ RunTime:0.000759s ]
INFO: [ app_begin ] --END-- [ RunTime:0.001543s ]
NOTIC: [8] Undefined index: db_port F:\PHP Projects\Xianlaiyizhuan\ThinkPHP\Library\Think\Db.class.php 第 127 行.
NOTIC: [8] Undefined index: db_dsn F:\PHP Projects\Xianlaiyizhuan\ThinkPHP\Library\Think\Db.class.php 第 129 行.
NOTIC: [8] Undefined index: db_params F:\PHP Projects\Xianlaiyizhuan\ThinkPHP\Library\Think\Db.class.php 第 130 行.
NOTIC: [8192] mysql_connect(): The mysql extension is deprecated and will be removed in the future: use mysqli or PDO instead F:\PHP Projects\Xianlaiyizhuan\ThinkPHP\Library\Think\Db\Driver\Mysql.class.php 第 52 行.
SQL: SHOW COLUMNS FROM `xlyz_requirement` [ RunTime:0.010848s ]
SQL: SELECT * FROM `xlyz_requirement` WHERE ( id = 17 ) LIMIT 1   [ RunTime:0.009272s ]
SQL: SHOW COLUMNS FROM `xlyz_givelike` [ RunTime:0.010514s ]
SQL: SELECT * FROM `xlyz_givelike` WHERE ( user_id = 1 and p_id = 17 and type = 2 ) LIMIT 1   [ RunTime:0.009203s ]
SQL: INSERT INTO `xlyz_givelike` (`user_id`,`p_id`,`type`) VALUES (1,17,2) [ RunTime:0.010403s ]
SQL: UPDATE `xlyz_requirement` SET `likec`=1 WHERE ( id = 17 ) [ RunTime:0.009342s ]

[ 2017-04-25T15:32:42+08:00 ] ::1 /Xianlaiyizhuan/Home/Requirement/giveLikeToRequirement
INFO: [ app_begin ] --START--
INFO: Run Behavior\ReadHtmlCache [ RunTime:0.000824s ]
INFO: [ app_begin ] --END-- [ RunTime:0.001796s ]
NOTIC: [8] Undefined index: db_port F:\PHP Projects\Xianlaiyizhuan\ThinkPHP\Library\Think\Db.class.php 第 127 行.
NOTIC: [8] Undefined index: db_dsn F:\PHP Projects\Xianlaiyizhuan\ThinkPHP\Library\Think\Db.class.php 第 129 行.
NOTIC: [8] Undefined index: db_params F:\PHP Projects\Xianlaiyizhuan\ThinkPHP\Library\Think\Db.class.php 第 130 行.
NOTIC: [8192] mysql_connect(): The mysql extension is deprecated and will be removed in the future: use mysqli or PDO instead F:\PHP Projects\Xianlaiyizhuan\ThinkPHP\Library\Think\Db\Driver\Mysql.class.php 第 52 行.
SQL: SHOW COLUMNS FROM `xlyz_requirement` [ RunTime:0.010737s ]
SQL: SELECT * FROM `xlyz_requirement` WHERE ( id = 21 ) LIMIT 1   [ RunTime:0.009439s ]
SQL: SHOW COLUMNS FROM `xlyz_givelike` [ RunTime:0.011398s ]
SQL: SELECT * FROM `xlyz_givelike` WHERE ( user_id = 1 and p_id = 21 and type = 2 ) LIMIT 1   [ RunTime:0.009489s ]
SQL: INSERT INTO `xlyz_givelike` (`user_id`,`p_id`,`type`) VALUES (1,21,2) [ RunTime:0.010413s ]
SQL: UPDATE `xlyz_requirement` SET `likec`=1 WHERE ( id = 21 ) [ RunTime:0.010136s ]

[ 2017-04-25T15:41:40+08:00 ] ::1 /Xianlaiyizhuan/Home/Donation/giveLikeToDonation
INFO: [ app_begin ] --START--
INFO: Run Behavior\ReadHtmlCache [ RunTime:0.001100s ]
INFO: [ app_begin ] --END-- [ RunTime:0.001933s ]
NOTIC: [8] Undefined index: db_port F:\PHP Projects\Xianlaiyizhuan\ThinkPHP\Library\Think\Db.class.php 第 127 行.
NOTIC: [8] Undefined index: db_dsn F:\PHP Projects\Xianlaiyizhuan\ThinkPHP\Library\Think\Db.class.php 第 129 行.
NOTIC: [8] Undefined index: db_params F:\PHP Projects\Xianlaiyizhuan\ThinkPHP\Library\Think\Db.class.php 第 130 行.
NOTIC: [8192] mysql_connect(): The mysql extension is deprecated and will be removed in the future: use mysqli or PDO instead F:\PHP Projects\Xianlaiyizhuan\ThinkPHP\Library\Think\Db\Driver\Mysql.class.php 第 52 行.
SQL: SHOW COLUMNS FROM `xlyz_donate` [ RunTime:0.009056s ]
SQL: SELECT * FROM `xlyz_donate` WHERE ( id = 1 ) LIMIT 1   [ RunTime:0.007328s ]

[ 2017-04-25T15:41:55+08:00 ] ::1 /Xianlaiyizhuan/Home/Donation/giveLikeToDonation
INFO: [ app_begin ] --START--
INFO: Run Behavior\ReadHtmlCache [ RunTime:0.000649s ]
INFO: [ app_begin ] --END-- [ RunTime:0.001325s ]
NOTIC: [8] Undefined index: db_port F:\PHP Projects\Xianlaiyizhuan\ThinkPHP\Library\Think\Db.class.php 第 127 行.
NOTIC: [8] Undefined index: db_dsn F:\PHP Projects\Xianlaiyizhuan\ThinkPHP\Library\Think\Db.class.php 第 129 行.
NOTIC: [8] Undefined index: db_params F:\PHP Projects\Xianlaiyizhuan\ThinkPHP\Library\Think\Db.class.php 第 130 行.
NOTIC: [8192] mysql_connect(): The mysql extension is deprecated and will be removed in the future: use mysqli or PDO instead F:\PHP Projects\Xianlaiyizhuan\ThinkPHP\Library\Think\Db\Driver\Mysql.class.php 第 52 行.
SQL: SHOW COLUMNS FROM `xlyz_donate` [ RunTime:0.009702s ]
SQL: SELECT * FROM `xlyz_donate` WHERE ( id = 8 ) LIMIT 1   [ RunTime:0.008150s ]
SQL: SHOW COLUMNS FROM `xlyz_givelike` [ RunTime:0.009204s ]
SQL: SELECT * FROM `xlyz_givelike` WHERE ( user_id = 1 and p_id = 8 and type = 3 ) LIMIT 1   [ RunTime:0.008126s ]
SQL: INSERT INTO `xlyz_givelike` (`user_id`,`p_id`,`type`) VALUES (1,8,3) [ RunTime:0.011109s ]
SQL: UPDATE `xlyz_donate` SET `likec`=1 WHERE ( id = 8 ) [ RunTime:0.009132s ]

[ 2017-04-25T15:42:10+08:00 ] ::1 /Xianlaiyizhuan/Home/Donation/giveLikeToDonation
INFO: [ app_begin ] --START--
INFO: Run Behavior\ReadHtmlCache [ RunTime:0.000707s ]
INFO: [ app_begin ] --END-- [ RunTime:0.001360s ]
NOTIC: [8] Undefined index: db_port F:\PHP Projects\Xianlaiyizhuan\ThinkPHP\Library\Think\Db.class.php 第 127 行.
NOTIC: [8] Undefined index: db_dsn F:\PHP Projects\Xianlaiyizhuan\ThinkPHP\Library\Think\Db.class.php 第 129 行.
NOTIC: [8] Undefined index: db_params F:\PHP Projects\Xianlaiyizhuan\ThinkPHP\Library\Think\Db.class.php 第 130 行.
NOTIC: [8192] mysql_connect(): The mysql extension is deprecated and will be removed in the future: use mysqli or PDO instead F:\PHP Projects\Xianlaiyizhuan\ThinkPHP\Library\Think\Db\Driver\Mysql.class.php 第 52 行.
SQL: SHOW COLUMNS FROM `xlyz_donate` [ RunTime:0.013368s ]
SQL: SELECT * FROM `xlyz_donate` WHERE ( id = 8 ) LIMIT 1   [ RunTime:0.010588s ]
SQL: SHOW COLUMNS FROM `xlyz_givelike` [ RunTime:0.012199s ]
SQL: SELECT * FROM `xlyz_givelike` WHERE ( user_id = 1 and p_id = 8 and type = 3 ) LIMIT 1   [ RunTime:0.011757s ]

[ 2017-04-25T15:42:12+08:00 ] ::1 /Xianlaiyizhuan/Home/Donation/giveLikeToDonation
INFO: [ app_begin ] --START--
INFO: Run Behavior\ReadHtmlCache [ RunTime:0.001158s ]
INFO: [ app_begin ] --END-- [ RunTime:0.003014s ]
NOTIC: [8] Undefined index: db_port F:\PHP Projects\Xianlaiyizhuan\ThinkPHP\Library\Think\Db.class.php 第 127 行.
NOTIC: [8] Undefined index: db_dsn F:\PHP Projects\Xianlaiyizhuan\ThinkPHP\Library\Think\Db.class.php 第 129 行.
NOTIC: [8] Undefined index: db_params F:\PHP Projects\Xianlaiyizhuan\ThinkPHP\Library\Think\Db.class.php 第 130 行.
NOTIC: [8192] mysql_connect(): The mysql extension is deprecated and will be removed in the future: use mysqli or PDO instead F:\PHP Projects\Xianlaiyizhuan\ThinkPHP\Library\Think\Db\Driver\Mysql.class.php 第 52 行.
SQL: SHOW COLUMNS FROM `xlyz_donate` [ RunTime:0.011786s ]
SQL: SELECT * FROM `xlyz_donate` WHERE ( id = 8 ) LIMIT 1   [ RunTime:0.010665s ]
SQL: SHOW COLUMNS FROM `xlyz_givelike` [ RunTime:0.011944s ]
SQL: SELECT * FROM `xlyz_givelike` WHERE ( user_id = 1 and p_id = 8 and type = 3 ) LIMIT 1   [ RunTime:0.009953s ]

[ 2017-04-25T15:42:15+08:00 ] ::1 /Xianlaiyizhuan/Home/Donation/giveLikeToDonation
INFO: [ app_begin ] --START--
INFO: Run Behavior\ReadHtmlCache [ RunTime:0.000672s ]
INFO: [ app_begin ] --END-- [ RunTime:0.001664s ]
NOTIC: [8] Undefined index: db_port F:\PHP Projects\Xianlaiyizhuan\ThinkPHP\Library\Think\Db.class.php 第 127 行.
NOTIC: [8] Undefined index: db_dsn F:\PHP Projects\Xianlaiyizhuan\ThinkPHP\Library\Think\Db.class.php 第 129 行.
NOTIC: [8] Undefined index: db_params F:\PHP Projects\Xianlaiyizhuan\ThinkPHP\Library\Think\Db.class.php 第 130 行.
NOTIC: [8192] mysql_connect(): The mysql extension is deprecated and will be removed in the future: use mysqli or PDO instead F:\PHP Projects\Xianlaiyizhuan\ThinkPHP\Library\Think\Db\Driver\Mysql.class.php 第 52 行.
SQL: SHOW COLUMNS FROM `xlyz_donate` [ RunTime:0.009990s ]
SQL: SELECT * FROM `xlyz_donate` WHERE ( id = 12 ) LIMIT 1   [ RunTime:0.007625s ]
SQL: SHOW COLUMNS FROM `xlyz_givelike` [ RunTime:0.008635s ]
SQL: SELECT * FROM `xlyz_givelike` WHERE ( user_id = 1 and p_id = 12 and type = 3 ) LIMIT 1   [ RunTime:0.006995s ]
SQL: INSERT INTO `xlyz_givelike` (`user_id`,`p_id`,`type`) VALUES (1,12,3) [ RunTime:0.008459s ]
SQL: UPDATE `xlyz_donate` SET `likec`=1 WHERE ( id = 12 ) [ RunTime:0.008653s ]

[ 2017-04-25T15:43:59+08:00 ] ::1 /Xianlaiyizhuan/Home/Rubberneck/giveLikeToTopic
INFO: [ app_begin ] --START--
INFO: Run Behavior\ReadHtmlCache [ RunTime:0.000905s ]
INFO: [ app_begin ] --END-- [ RunTime:0.004244s ]
INFO: [ app_end ] --START--
INFO: Run Behavior\ShowPageTrace [ RunTime:0.000960s ]
INFO: [ app_end ] --END-- [ RunTime:0.001247s ]

[ 2017-04-25T15:44:02+08:00 ] ::1 /Xianlaiyizhuan/Home/Rubberneck/giveLikeToTopic
INFO: [ app_begin ] --START--
INFO: Run Behavior\ReadHtmlCache [ RunTime:0.000765s ]
INFO: [ app_begin ] --END-- [ RunTime:0.001452s ]
INFO: [ app_end ] --START--
INFO: Run Behavior\ShowPageTrace [ RunTime:0.001019s ]
INFO: [ app_end ] --END-- [ RunTime:0.002001s ]

[ 2017-04-25T15:45:51+08:00 ] ::1 /Xianlaiyizhuan/Home/Rubberneck/giveLikeToTopic
INFO: [ app_begin ] --START--
INFO: Run Behavior\ReadHtmlCache [ RunTime:0.000656s ]
INFO: [ app_begin ] --END-- [ RunTime:0.001397s ]
INFO: [ app_end ] --START--
INFO: Run Behavior\ShowPageTrace [ RunTime:0.000730s ]
INFO: [ app_end ] --END-- [ RunTime:0.001006s ]

[ 2017-04-25T15:46:18+08:00 ] ::1 /Xianlaiyizhuan/Home/Rubberneck/giveLikeToTopic
INFO: [ app_begin ] --START--
INFO: Run Behavior\ReadHtmlCache [ RunTime:0.000765s ]
INFO: [ app_begin ] --END-- [ RunTime:0.001489s ]

[ 2017-04-25T15:47:32+08:00 ] ::1 /Xianlaiyizhuan/Home/Rubberneck/giveLikeToTopic
INFO: [ app_begin ] --START--
INFO: Run Behavior\ReadHtmlCache [ RunTime:0.000856s ]
INFO: [ app_begin ] --END-- [ RunTime:0.001659s ]

[ 2017-04-25T15:47:43+08:00 ] ::1 /Xianlaiyizhuan/Home/Rubberneck/giveLikeToTopic
INFO: [ app_begin ] --START--
INFO: Run Behavior\ReadHtmlCache [ RunTime:0.002151s ]
INFO: [ app_begin ] --END-- [ RunTime:0.003005s ]

[ 2017-04-25T15:48:06+08:00 ] ::1 /Xianlaiyizhuan/Home/Rubberneck/giveLikeToTopic
INFO: [ app_begin ] --START--
INFO: Run Behavior\ReadHtmlCache [ RunTime:0.000743s ]
INFO: [ app_begin ] --END-- [ RunTime:0.001411s ]
NOTIC: [8] Undefined index: db_port F:\PHP Projects\Xianlaiyizhuan\ThinkPHP\Library\Think\Db.class.php 第 127 行.
NOTIC: [8] Undefined index: db_dsn F:\PHP Projects\Xianlaiyizhuan\ThinkPHP\Library\Think\Db.class.php 第 129 行.
NOTIC: [8] Undefined index: db_params F:\PHP Projects\Xianlaiyizhuan\ThinkPHP\Library\Think\Db.class.php 第 130 行.
NOTIC: [8192] mysql_connect(): The mysql extension is deprecated and will be removed in the future: use mysqli or PDO instead F:\PHP Projects\Xianlaiyizhuan\ThinkPHP\Library\Think\Db\Driver\Mysql.class.php 第 52 行.
SQL: SHOW COLUMNS FROM `xlyz_rubberneck` [ RunTime:0.009705s ]
SQL: SELECT * FROM `xlyz_rubberneck` WHERE ( id = 5 ) LIMIT 1   [ RunTime:0.007310s ]
SQL: SHOW COLUMNS FROM `xlyz_givelike` [ RunTime:0.008718s ]
SQL: SELECT * FROM `xlyz_givelike` WHERE ( user_id = 1 and p_id = 5 and type = 4 ) LIMIT 1   [ RunTime:0.007275s ]
SQL: INSERT INTO `xlyz_givelike` (`user_id`,`p_id`,`type`) VALUES (1,5,4) [ RunTime:0.008041s ]
SQL: UPDATE `xlyz_rubberneck` SET `likec`=1 WHERE ( id = 5 ) [ RunTime:0.020200s ]

[ 2017-04-25T15:48:09+08:00 ] ::1 /Xianlaiyizhuan/Home/Rubberneck/giveLikeToTopic
INFO: [ app_begin ] --START--
INFO: Run Behavior\ReadHtmlCache [ RunTime:0.000650s ]
INFO: [ app_begin ] --END-- [ RunTime:0.001315s ]
NOTIC: [8] Undefined index: db_port F:\PHP Projects\Xianlaiyizhuan\ThinkPHP\Library\Think\Db.class.php 第 127 行.
NOTIC: [8] Undefined index: db_dsn F:\PHP Projects\Xianlaiyizhuan\ThinkPHP\Library\Think\Db.class.php 第 129 行.
NOTIC: [8] Undefined index: db_params F:\PHP Projects\Xianlaiyizhuan\ThinkPHP\Library\Think\Db.class.php 第 130 行.
NOTIC: [8192] mysql_connect(): The mysql extension is deprecated and will be removed in the future: use mysqli or PDO instead F:\PHP Projects\Xianlaiyizhuan\ThinkPHP\Library\Think\Db\Driver\Mysql.class.php 第 52 行.
SQL: SHOW COLUMNS FROM `xlyz_rubberneck` [ RunTime:0.012772s ]
SQL: SELECT * FROM `xlyz_rubberneck` WHERE ( id = 5 ) LIMIT 1   [ RunTime:0.010034s ]
SQL: SHOW COLUMNS FROM `xlyz_givelike` [ RunTime:0.011249s ]
SQL: SELECT * FROM `xlyz_givelike` WHERE ( user_id = 1 and p_id = 5 and type = 4 ) LIMIT 1   [ RunTime:0.009878s ]

[ 2017-04-25T15:48:12+08:00 ] ::1 /Xianlaiyizhuan/Home/Rubberneck/giveLikeToTopic
INFO: [ app_begin ] --START--
INFO: Run Behavior\ReadHtmlCache [ RunTime:0.001179s ]
INFO: [ app_begin ] --END-- [ RunTime:0.002235s ]
NOTIC: [8] Undefined index: db_port F:\PHP Projects\Xianlaiyizhuan\ThinkPHP\Library\Think\Db.class.php 第 127 行.
NOTIC: [8] Undefined index: db_dsn F:\PHP Projects\Xianlaiyizhuan\ThinkPHP\Library\Think\Db.class.php 第 129 行.
NOTIC: [8] Undefined index: db_params F:\PHP Projects\Xianlaiyizhuan\ThinkPHP\Library\Think\Db.class.php 第 130 行.
NOTIC: [8192] mysql_connect(): The mysql extension is deprecated and will be removed in the future: use mysqli or PDO instead F:\PHP Projects\Xianlaiyizhuan\ThinkPHP\Library\Think\Db\Driver\Mysql.class.php 第 52 行.
SQL: SHOW COLUMNS FROM `xlyz_rubberneck` [ RunTime:0.010333s ]
SQL: SELECT * FROM `xlyz_rubberneck` WHERE ( id = 111 ) LIMIT 1   [ RunTime:0.008281s ]

