[ 2017-03-16T19:19:48+08:00 ] ::1 /Xianlaiyizhuan/Home/Base/test?stu_itn=3115003090&pwd=270956
INFO: [ app_begin ] --START--
INFO: Run Behavior\ReadHtmlCache [ RunTime:0.083282s ]
INFO: [ app_begin ] --END-- [ RunTime:0.216902s ]
INFO: [ app_end ] --START--
INFO: Run Behavior\ShowPageTrace [ RunTime:0.152987s ]
INFO: [ app_end ] --END-- [ RunTime:0.153276s ]

[ 2017-03-16T19:37:13+08:00 ] ::1 /Xianlaiyizhuan/Home/User/test?idn=3115003090&pwd=270956
INFO: [ app_begin ] --START--
INFO: Run Behavior\ReadHtmlCache [ RunTime:0.000824s ]
INFO: [ app_begin ] --END-- [ RunTime:0.001603s ]
INFO: [ app_end ] --START--
INFO: Run Behavior\ShowPageTrace [ RunTime:0.000908s ]
INFO: [ app_end ] --END-- [ RunTime:0.001200s ]

[ 2017-03-16T19:37:18+08:00 ] ::1 /Xianlaiyizhuan/Home/User/test?idn=3115003090&pwd=270951
INFO: [ app_begin ] --START--
INFO: Run Behavior\ReadHtmlCache [ RunTime:0.000647s ]
INFO: [ app_begin ] --END-- [ RunTime:0.001276s ]
NOTIC: [8] Undefined offset: 1 F:\PHP Projects\Xianlaiyizhuan\Application\Home\Controller\BaseController.class.php 第 64 行.
NOTIC: [8] Undefined offset: 0 F:\PHP Projects\Xianlaiyizhuan\Application\Home\Controller\BaseController.class.php 第 66 行.
NOTIC: [8] Undefined offset: 0 F:\PHP Projects\Xianlaiyizhuan\Application\Home\Controller\BaseController.class.php 第 66 行.

[ 2017-03-16T19:37:21+08:00 ] ::1 /Xianlaiyizhuan/Home/User/test?idn=3115003090&pwd=270956
INFO: [ app_begin ] --START--
INFO: Run Behavior\ReadHtmlCache [ RunTime:0.000844s ]
INFO: [ app_begin ] --END-- [ RunTime:0.002018s ]
INFO: [ app_end ] --START--
INFO: Run Behavior\ShowPageTrace [ RunTime:0.001489s ]
INFO: [ app_end ] --END-- [ RunTime:0.002020s ]

[ 2017-03-16T19:43:10+08:00 ] ::1 /Xianlaiyizhuan/Home/User/idnCheck
INFO: [ app_begin ] --START--
INFO: Run Behavior\ReadHtmlCache [ RunTime:0.000843s ]
INFO: [ app_begin ] --END-- [ RunTime:0.001568s ]
INFO: [ app_end ] --START--
INFO: Run Behavior\ShowPageTrace [ RunTime:0.000935s ]
INFO: [ app_end ] --END-- [ RunTime:0.001224s ]

[ 2017-03-16T19:43:26+08:00 ] ::1 /Xianlaiyizhuan/Home/User/idnCheck
INFO: [ app_begin ] --START--
INFO: Run Behavior\ReadHtmlCache [ RunTime:0.000842s ]
INFO: [ app_begin ] --END-- [ RunTime:0.001770s ]
INFO: [ app_end ] --START--
INFO: Run Behavior\ShowPageTrace [ RunTime:0.000776s ]
INFO: [ app_end ] --END-- [ RunTime:0.001053s ]

[ 2017-03-16T19:46:55+08:00 ] ::1 /Xianlaiyizhuan/Home/User/test?idn=3115003090&pwd=270956
INFO: [ app_begin ] --START--
INFO: Run Behavior\ReadHtmlCache [ RunTime:0.003403s ]
INFO: [ app_begin ] --END-- [ RunTime:0.004399s ]
ERR: 非法操作:test

[ 2017-03-16T19:46:57+08:00 ] ::1 /Xianlaiyizhuan/Home/User/test?idn=3115003090&pwd=270951
INFO: [ app_begin ] --START--
INFO: Run Behavior\ReadHtmlCache [ RunTime:0.000870s ]
INFO: [ app_begin ] --END-- [ RunTime:0.001524s ]
ERR: 非法操作:test

[ 2017-03-16T19:47:16+08:00 ] ::1 /Xianlaiyizhuan/Home/User/idnCheck
INFO: [ app_begin ] --START--
INFO: Run Behavior\ReadHtmlCache [ RunTime:0.000749s ]
INFO: [ app_begin ] --END-- [ RunTime:0.001567s ]
NOTIC: [8] Undefined variable: realname F:\PHP Projects\Xianlaiyizhuan\Application\Home\Controller\UserController.class.php 第 34 行.

[ 2017-03-16T19:47:19+08:00 ] ::1 /Xianlaiyizhuan/Home/User/idnCheck
INFO: [ app_begin ] --START--
INFO: Run Behavior\ReadHtmlCache [ RunTime:0.000687s ]
INFO: [ app_begin ] --END-- [ RunTime:0.001690s ]
NOTIC: [8] Undefined variable: realname F:\PHP Projects\Xianlaiyizhuan\Application\Home\Controller\UserController.class.php 第 34 行.

[ 2017-03-16T19:47:35+08:00 ] ::1 /Xianlaiyizhuan/Home/User/idnCheck
INFO: [ app_begin ] --START--
INFO: Run Behavior\ReadHtmlCache [ RunTime:0.000798s ]
INFO: [ app_begin ] --END-- [ RunTime:0.001545s ]
INFO: [ app_end ] --START--
INFO: Run Behavior\ShowPageTrace [ RunTime:0.001054s ]
INFO: [ app_end ] --END-- [ RunTime:0.001385s ]

[ 2017-03-16T19:47:49+08:00 ] ::1 /Xianlaiyizhuan/Home/User/idnCheck
INFO: [ app_begin ] --START--
INFO: Run Behavior\ReadHtmlCache [ RunTime:0.000641s ]
INFO: [ app_begin ] --END-- [ RunTime:0.001319s ]
INFO: [ app_end ] --START--
INFO: Run Behavior\ShowPageTrace [ RunTime:0.001953s ]
INFO: [ app_end ] --END-- [ RunTime:0.002588s ]

[ 2017-03-16T19:47:56+08:00 ] ::1 /Xianlaiyizhuan/Home/User/idnCheck
INFO: [ app_begin ] --START--
INFO: Run Behavior\ReadHtmlCache [ RunTime:0.000649s ]
INFO: [ app_begin ] --END-- [ RunTime:0.001288s ]
INFO: [ app_end ] --START--
INFO: Run Behavior\ShowPageTrace [ RunTime:0.000831s ]
INFO: [ app_end ] --END-- [ RunTime:0.001214s ]

[ 2017-03-16T19:49:39+08:00 ] ::1 /Xianlaiyizhuan/Home/User/idnCheck
INFO: [ app_begin ] --START--
INFO: Run Behavior\ReadHtmlCache [ RunTime:0.000774s ]
INFO: [ app_begin ] --END-- [ RunTime:0.001524s ]

[ 2017-03-16T19:49:49+08:00 ] ::1 /Xianlaiyizhuan/Home/User/idnCheck
INFO: [ app_begin ] --START--
INFO: Run Behavior\ReadHtmlCache [ RunTime:0.000651s ]
INFO: [ app_begin ] --END-- [ RunTime:0.001346s ]

[ 2017-03-16T19:51:50+08:00 ] ::1 /Xianlaiyizhuan/Home/User/idnCheck
INFO: [ app_begin ] --START--
INFO: Run Behavior\ReadHtmlCache [ RunTime:0.000810s ]
INFO: [ app_begin ] --END-- [ RunTime:0.001534s ]

[ 2017-03-16T19:51:57+08:00 ] ::1 /Xianlaiyizhuan/Home/User/idnCheck
INFO: [ app_begin ] --START--
INFO: Run Behavior\ReadHtmlCache [ RunTime:0.000642s ]
INFO: [ app_begin ] --END-- [ RunTime:0.001310s ]

[ 2017-03-16T19:52:04+08:00 ] ::1 /Xianlaiyizhuan/Home/User/userRegister
INFO: [ app_begin ] --START--
INFO: Run Behavior\ReadHtmlCache [ RunTime:0.000706s ]
INFO: [ app_begin ] --END-- [ RunTime:0.001446s ]

[ 2017-03-16T19:52:14+08:00 ] ::1 /Xianlaiyizhuan/Home/User/userRegister
INFO: [ app_begin ] --START--
INFO: Run Behavior\ReadHtmlCache [ RunTime:0.002710s ]
INFO: [ app_begin ] --END-- [ RunTime:0.004103s ]

[ 2017-03-16T19:52:27+08:00 ] ::1 /Xianlaiyizhuan/Home/User/idnCheck
INFO: [ app_begin ] --START--
INFO: Run Behavior\ReadHtmlCache [ RunTime:0.001025s ]
INFO: [ app_begin ] --END-- [ RunTime:0.001694s ]

[ 2017-03-16T19:52:34+08:00 ] ::1 /Xianlaiyizhuan/Home/User/userRegister
INFO: [ app_begin ] --START--
INFO: Run Behavior\ReadHtmlCache [ RunTime:0.000751s ]
INFO: [ app_begin ] --END-- [ RunTime:0.001482s ]

[ 2017-03-16T19:58:02+08:00 ] ::1 /Xianlaiyizhuan/Home/User/idnCheck
INFO: [ app_begin ] --START--
INFO: Run Behavior\ReadHtmlCache [ RunTime:0.001937s ]
INFO: [ app_begin ] --END-- [ RunTime:0.003766s ]

[ 2017-03-16T19:58:16+08:00 ] ::1 /Xianlaiyizhuan/Home/User/userRegister
INFO: [ app_begin ] --START--
INFO: Run Behavior\ReadHtmlCache [ RunTime:0.000758s ]
INFO: [ app_begin ] --END-- [ RunTime:0.001418s ]

[ 2017-03-16T20:10:11+08:00 ] ::1 /Xianlaiyizhuan/Home/User/updateUserAvatar
INFO: [ app_begin ] --START--
INFO: Run Behavior\ReadHtmlCache [ RunTime:0.000876s ]
INFO: [ app_begin ] --END-- [ RunTime:0.001588s ]
NOTIC: [2] call_user_func() expects parameter 1 to be a valid callback, no array or string given F:\PHP Projects\Xianlaiyizhuan\ThinkPHP\Library\Think\Upload.class.php 第 167 行.
INFO: [ app_end ] --START--
INFO: Run Behavior\ShowPageTrace [ RunTime:0.001006s ]
INFO: [ app_end ] --END-- [ RunTime:0.001291s ]

[ 2017-03-16T20:12:24+08:00 ] ::1 /Xianlaiyizhuan/Home/User/updateUserAvatar
INFO: [ app_begin ] --START--
INFO: Run Behavior\ReadHtmlCache [ RunTime:0.001116s ]
INFO: [ app_begin ] --END-- [ RunTime:0.002245s ]
NOTIC: [2] call_user_func() expects parameter 1 to be a valid callback, no array or string given F:\PHP Projects\Xianlaiyizhuan\ThinkPHP\Library\Think\Upload.class.php 第 167 行.
INFO: [ app_end ] --START--
INFO: Run Behavior\ShowPageTrace [ RunTime:0.002468s ]
INFO: [ app_end ] --END-- [ RunTime:0.002771s ]

[ 2017-03-16T20:13:43+08:00 ] ::1 /Xianlaiyizhuan/Home/User/updateUserAvatar
INFO: [ app_begin ] --START--
INFO: Run Behavior\ReadHtmlCache [ RunTime:0.001084s ]
INFO: [ app_begin ] --END-- [ RunTime:0.002029s ]
NOTIC: [2] call_user_func() expects parameter 1 to be a valid callback, no array or string given F:\PHP Projects\Xianlaiyizhuan\ThinkPHP\Library\Think\Upload.class.php 第 167 行.
INFO: [ app_end ] --START--
INFO: Run Behavior\ShowPageTrace [ RunTime:0.002640s ]
INFO: [ app_end ] --END-- [ RunTime:0.003198s ]

[ 2017-03-16T20:17:30+08:00 ] ::1 /Xianlaiyizhuan/Home/User/updateUserAvatar
INFO: [ app_begin ] --START--
INFO: Run Behavior\ReadHtmlCache [ RunTime:0.001039s ]
INFO: [ app_begin ] --END-- [ RunTime:0.001954s ]

[ 2017-03-16T20:17:47+08:00 ] ::1 /Xianlaiyizhuan/Home/User/updateUserAvatar
INFO: [ app_begin ] --START--
INFO: Run Behavior\ReadHtmlCache [ RunTime:0.000845s ]
INFO: [ app_begin ] --END-- [ RunTime:0.001602s ]
NOTIC: [2] call_user_func() expects parameter 1 to be a valid callback, no array or string given F:\PHP Projects\Xianlaiyizhuan\ThinkPHP\Library\Think\Upload.class.php 第 167 行.

