[ 2017-05-10T15:25:24+08:00 ] ::1 /xianlaiyizhuan/Home/Transact/getRecentTransactionList
INFO: [ app_begin ] --START--
INFO: Run Behavior\ReadHtmlCache [ RunTime:0.000848s ]
INFO: [ app_begin ] --END-- [ RunTime:0.001603s ]

[ 2017-05-10T15:25:51+08:00 ] ::1 /xianlaiyizhuan/Home/Transact/getRecentTransactionList
INFO: [ app_begin ] --START--
INFO: Run Behavior\ReadHtmlCache [ RunTime:0.001093s ]
INFO: [ app_begin ] --END-- [ RunTime:0.001995s ]

[ 2017-05-10T15:25:55+08:00 ] ::1 /xianlaiyizhuan/Home/Transact/getRecentTransactionList
INFO: [ app_begin ] --START--
INFO: Run Behavior\ReadHtmlCache [ RunTime:0.000715s ]
INFO: [ app_begin ] --END-- [ RunTime:0.001416s ]
NOTIC: [8] Undefined variable: pData F:\PHP Projects\Xianlaiyizhuan\Application\Home\Controller\TransactController.class.php 第 186 行.

[ 2017-05-10T15:25:56+08:00 ] ::1 /xianlaiyizhuan/Home/Transact/getRecentTransactionList
INFO: [ app_begin ] --START--
INFO: Run Behavior\ReadHtmlCache [ RunTime:0.000739s ]
INFO: [ app_begin ] --END-- [ RunTime:0.001445s ]
NOTIC: [8] Undefined variable: pData F:\PHP Projects\Xianlaiyizhuan\Application\Home\Controller\TransactController.class.php 第 186 行.

[ 2017-05-10T15:26:54+08:00 ] ::1 /xianlaiyizhuan/Home/Transact/getRecentTransactionList
INFO: [ app_begin ] --START--
INFO: Run Behavior\ReadHtmlCache [ RunTime:0.000840s ]
INFO: [ app_begin ] --END-- [ RunTime:0.001692s ]

[ 2017-05-10T15:27:00+08:00 ] ::1 /xianlaiyizhuan/Home/Transact/getRecentTransactionList
INFO: [ app_begin ] --START--
INFO: Run Behavior\ReadHtmlCache [ RunTime:0.000734s ]
INFO: [ app_begin ] --END-- [ RunTime:0.001458s ]

[ 2017-05-10T15:27:02+08:00 ] ::1 /xianlaiyizhuan/Home/Transact/getRecentTransactionList
INFO: [ app_begin ] --START--
INFO: Run Behavior\ReadHtmlCache [ RunTime:0.000677s ]
INFO: [ app_begin ] --END-- [ RunTime:0.001351s ]
NOTIC: [8] Undefined index: db_port F:\PHP Projects\Xianlaiyizhuan\ThinkPHP\Library\Think\Db.class.php 第 127 行.
NOTIC: [8] Undefined index: db_dsn F:\PHP Projects\Xianlaiyizhuan\ThinkPHP\Library\Think\Db.class.php 第 129 行.
NOTIC: [8] Undefined index: db_params F:\PHP Projects\Xianlaiyizhuan\ThinkPHP\Library\Think\Db.class.php 第 130 行.
NOTIC: [8192] mysql_connect(): The mysql extension is deprecated and will be removed in the future: use mysqli or PDO instead F:\PHP Projects\Xianlaiyizhuan\ThinkPHP\Library\Think\Db\Driver\Mysql.class.php 第 52 行.
SQL: SHOW COLUMNS FROM `xlyz_transact` [ RunTime:0.014586s ]
SQL: SELECT * FROM `xlyz_transact` ORDER BY id desc LIMIT 0,10   [ RunTime:0.011627s ]
SQL: SHOW COLUMNS FROM `xlyz_user` [ RunTime:0.013112s ]
SQL: SHOW COLUMNS FROM `xlyz_givelike` [ RunTime:0.013779s ]
SQL: SELECT `id`,`nickname`,`avatar` FROM `xlyz_user` WHERE ( id = 2 ) LIMIT 1   [ RunTime:0.011146s ]
SQL: SELECT `id`,`nickname`,`avatar` FROM `xlyz_user` WHERE ( id = 6 ) LIMIT 1   [ RunTime:0.011271s ]
SQL: SELECT `id`,`nickname`,`avatar` FROM `xlyz_user` WHERE ( id = 2 ) LIMIT 1   [ RunTime:0.011199s ]
SQL: SELECT `id`,`nickname`,`avatar` FROM `xlyz_user` WHERE ( id = 1 ) LIMIT 1   [ RunTime:0.011418s ]

[ 2017-05-10T15:28:32+08:00 ] ::1 /xianlaiyizhuan/Home/Transact/getRecentTransactionList
INFO: [ app_begin ] --START--
INFO: Run Behavior\ReadHtmlCache [ RunTime:0.001049s ]
INFO: [ app_begin ] --END-- [ RunTime:0.002020s ]
NOTIC: [8] Undefined index: db_port F:\PHP Projects\Xianlaiyizhuan\ThinkPHP\Library\Think\Db.class.php 第 127 行.
NOTIC: [8] Undefined index: db_dsn F:\PHP Projects\Xianlaiyizhuan\ThinkPHP\Library\Think\Db.class.php 第 129 行.
NOTIC: [8] Undefined index: db_params F:\PHP Projects\Xianlaiyizhuan\ThinkPHP\Library\Think\Db.class.php 第 130 行.
NOTIC: [8192] mysql_connect(): The mysql extension is deprecated and will be removed in the future: use mysqli or PDO instead F:\PHP Projects\Xianlaiyizhuan\ThinkPHP\Library\Think\Db\Driver\Mysql.class.php 第 52 行.
SQL: SHOW COLUMNS FROM `xlyz_transact` [ RunTime:0.014074s ]
SQL: SELECT * FROM `xlyz_transact` ORDER BY id desc LIMIT 0,10   [ RunTime:0.011914s ]
SQL: SHOW COLUMNS FROM `xlyz_user` [ RunTime:0.016761s ]
SQL: SELECT `id`,`nickname`,`avatar` FROM `xlyz_user` WHERE ( id = 2 ) LIMIT 1   [ RunTime:0.011572s ]
SQL: SELECT `id`,`nickname`,`avatar` FROM `xlyz_user` WHERE ( id = 6 ) LIMIT 1   [ RunTime:0.012881s ]
SQL: SELECT `id`,`nickname`,`avatar` FROM `xlyz_user` WHERE ( id = 2 ) LIMIT 1   [ RunTime:0.011975s ]
SQL: SELECT `id`,`nickname`,`avatar` FROM `xlyz_user` WHERE ( id = 1 ) LIMIT 1   [ RunTime:0.011573s ]

[ 2017-05-10T15:28:44+08:00 ] ::1 /xianlaiyizhuan/Home/Transact/getRecentTransactionList
INFO: [ app_begin ] --START--
INFO: Run Behavior\ReadHtmlCache [ RunTime:0.000732s ]
INFO: [ app_begin ] --END-- [ RunTime:0.001489s ]
NOTIC: [8] Undefined index: db_port F:\PHP Projects\Xianlaiyizhuan\ThinkPHP\Library\Think\Db.class.php 第 127 行.
NOTIC: [8] Undefined index: db_dsn F:\PHP Projects\Xianlaiyizhuan\ThinkPHP\Library\Think\Db.class.php 第 129 行.
NOTIC: [8] Undefined index: db_params F:\PHP Projects\Xianlaiyizhuan\ThinkPHP\Library\Think\Db.class.php 第 130 行.
NOTIC: [8192] mysql_connect(): The mysql extension is deprecated and will be removed in the future: use mysqli or PDO instead F:\PHP Projects\Xianlaiyizhuan\ThinkPHP\Library\Think\Db\Driver\Mysql.class.php 第 52 行.
SQL: SHOW COLUMNS FROM `xlyz_transact` [ RunTime:0.013779s ]
SQL: SELECT * FROM `xlyz_transact` ORDER BY id desc LIMIT 0,10   [ RunTime:0.010957s ]
SQL: SHOW COLUMNS FROM `xlyz_user` [ RunTime:0.013361s ]
SQL: SELECT `id`,`nickname`,`avatar` FROM `xlyz_user` WHERE ( id = 2 ) LIMIT 1   [ RunTime:0.010750s ]
SQL: SELECT `id`,`nickname`,`avatar` FROM `xlyz_user` WHERE ( id = 6 ) LIMIT 1   [ RunTime:0.009805s ]
SQL: SELECT `id`,`nickname`,`avatar` FROM `xlyz_user` WHERE ( id = 2 ) LIMIT 1   [ RunTime:0.010068s ]
SQL: SELECT `id`,`nickname`,`avatar` FROM `xlyz_user` WHERE ( id = 1 ) LIMIT 1   [ RunTime:0.010213s ]

[ 2017-05-10T15:29:32+08:00 ] ::1 /xianlaiyizhuan/Home/Transact/getRecentTransactionList
INFO: [ app_begin ] --START--
INFO: Run Behavior\ReadHtmlCache [ RunTime:0.000936s ]
INFO: [ app_begin ] --END-- [ RunTime:0.002700s ]
NOTIC: [8] Undefined index: db_port F:\PHP Projects\Xianlaiyizhuan\ThinkPHP\Library\Think\Db.class.php 第 127 行.
NOTIC: [8] Undefined index: db_dsn F:\PHP Projects\Xianlaiyizhuan\ThinkPHP\Library\Think\Db.class.php 第 129 行.
NOTIC: [8] Undefined index: db_params F:\PHP Projects\Xianlaiyizhuan\ThinkPHP\Library\Think\Db.class.php 第 130 行.
NOTIC: [8192] mysql_connect(): The mysql extension is deprecated and will be removed in the future: use mysqli or PDO instead F:\PHP Projects\Xianlaiyizhuan\ThinkPHP\Library\Think\Db\Driver\Mysql.class.php 第 52 行.
SQL: SHOW COLUMNS FROM `xlyz_transact` [ RunTime:0.011804s ]
SQL: SELECT * FROM `xlyz_transact` WHERE ( type = 6 ) ORDER BY id desc LIMIT 0,10   [ RunTime:0.007932s ]
SQL: SHOW COLUMNS FROM `xlyz_user` [ RunTime:0.010545s ]
SQL: SELECT `id`,`nickname`,`avatar` FROM `xlyz_user` WHERE ( id = 2 ) LIMIT 1   [ RunTime:0.007411s ]

[ 2017-05-10T15:29:42+08:00 ] ::1 /xianlaiyizhuan/Home/Transact/getRecentTransactionList
INFO: [ app_begin ] --START--
INFO: Run Behavior\ReadHtmlCache [ RunTime:0.001005s ]
INFO: [ app_begin ] --END-- [ RunTime:0.002720s ]
NOTIC: [8] Undefined index: db_port F:\PHP Projects\Xianlaiyizhuan\ThinkPHP\Library\Think\Db.class.php 第 127 行.
NOTIC: [8] Undefined index: db_dsn F:\PHP Projects\Xianlaiyizhuan\ThinkPHP\Library\Think\Db.class.php 第 129 行.
NOTIC: [8] Undefined index: db_params F:\PHP Projects\Xianlaiyizhuan\ThinkPHP\Library\Think\Db.class.php 第 130 行.
NOTIC: [8192] mysql_connect(): The mysql extension is deprecated and will be removed in the future: use mysqli or PDO instead F:\PHP Projects\Xianlaiyizhuan\ThinkPHP\Library\Think\Db\Driver\Mysql.class.php 第 52 行.
SQL: SHOW COLUMNS FROM `xlyz_transact` [ RunTime:0.013216s ]
SQL: SELECT * FROM `xlyz_transact` WHERE ( type = 1 ) ORDER BY id desc LIMIT 0,10   [ RunTime:0.007673s ]
SQL: SHOW COLUMNS FROM `xlyz_user` [ RunTime:0.012005s ]
SQL: SELECT `id`,`nickname`,`avatar` FROM `xlyz_user` WHERE ( id = 1 ) LIMIT 1   [ RunTime:0.007538s ]

[ 2017-05-10T15:32:03+08:00 ] ::1 /xianlaiyizhuan/Home/Transact/getRecentTransactionList
INFO: [ app_begin ] --START--
INFO: Run Behavior\ReadHtmlCache [ RunTime:0.001077s ]
INFO: [ app_begin ] --END-- [ RunTime:0.026318s ]
NOTIC: [8] Undefined index: db_port F:\PHP Projects\Xianlaiyizhuan\ThinkPHP\Library\Think\Db.class.php 第 127 行.
NOTIC: [8] Undefined index: db_dsn F:\PHP Projects\Xianlaiyizhuan\ThinkPHP\Library\Think\Db.class.php 第 129 行.
NOTIC: [8] Undefined index: db_params F:\PHP Projects\Xianlaiyizhuan\ThinkPHP\Library\Think\Db.class.php 第 130 行.
NOTIC: [8192] mysql_connect(): The mysql extension is deprecated and will be removed in the future: use mysqli or PDO instead F:\PHP Projects\Xianlaiyizhuan\ThinkPHP\Library\Think\Db\Driver\Mysql.class.php 第 52 行.
SQL: SHOW COLUMNS FROM `xlyz_transact` [ RunTime:0.012267s ]
SQL: SELECT * FROM `xlyz_transact` ORDER BY id desc LIMIT 0,10   [ RunTime:0.323138s ]
SQL: SHOW COLUMNS FROM `xlyz_user` [ RunTime:0.012616s ]
SQL: SELECT `id`,`nickname`,`avatar` FROM `xlyz_user` WHERE ( id = 2 ) LIMIT 1   [ RunTime:0.010176s ]
SQL: SELECT `id`,`nickname`,`avatar` FROM `xlyz_user` WHERE ( id = 6 ) LIMIT 1   [ RunTime:0.010074s ]
SQL: SELECT `id`,`nickname`,`avatar` FROM `xlyz_user` WHERE ( id = 2 ) LIMIT 1   [ RunTime:0.010126s ]
SQL: SELECT `id`,`nickname`,`avatar` FROM `xlyz_user` WHERE ( id = 1 ) LIMIT 1   [ RunTime:0.009925s ]

[ 2017-05-10T15:40:19+08:00 ] ::1 /Xianlaiyizhuan/Home/Requirement/myrequirementlist
INFO: [ app_begin ] --START--
INFO: Run Behavior\ReadHtmlCache [ RunTime:0.000998s ]
INFO: [ app_begin ] --END-- [ RunTime:0.001774s ]

[ 2017-05-10T15:40:24+08:00 ] ::1 /Xianlaiyizhuan/Home/Requirement/getrecentrequirementlist
INFO: [ app_begin ] --START--
INFO: Run Behavior\ReadHtmlCache [ RunTime:0.000758s ]
INFO: [ app_begin ] --END-- [ RunTime:0.001556s ]
ERR: 非法操作:getrecentrequirementlist

[ 2017-05-10T15:40:29+08:00 ] ::1 /Xianlaiyizhuan/Home/Requirement/recentRequirementList
INFO: [ app_begin ] --START--
INFO: Run Behavior\ReadHtmlCache [ RunTime:0.000841s ]
INFO: [ app_begin ] --END-- [ RunTime:0.001654s ]
NOTIC: [8] Undefined index: db_port F:\PHP Projects\Xianlaiyizhuan\ThinkPHP\Library\Think\Db.class.php 第 127 行.
NOTIC: [8] Undefined index: db_dsn F:\PHP Projects\Xianlaiyizhuan\ThinkPHP\Library\Think\Db.class.php 第 129 行.
NOTIC: [8] Undefined index: db_params F:\PHP Projects\Xianlaiyizhuan\ThinkPHP\Library\Think\Db.class.php 第 130 行.
NOTIC: [8192] mysql_connect(): The mysql extension is deprecated and will be removed in the future: use mysqli or PDO instead F:\PHP Projects\Xianlaiyizhuan\ThinkPHP\Library\Think\Db\Driver\Mysql.class.php 第 52 行.
SQL: SHOW COLUMNS FROM `xlyz_requirement` [ RunTime:0.013306s ]
SQL: SELECT * FROM `xlyz_requirement` ORDER BY id desc LIMIT 0,10   [ RunTime:0.010719s ]
SQL: SHOW COLUMNS FROM `xlyz_user` [ RunTime:0.012882s ]
SQL: SELECT `id`,`nickname`,`avatar` FROM `xlyz_user` WHERE ( id = 2 ) LIMIT 1   [ RunTime:0.009674s ]
SQL: SELECT `id`,`nickname`,`avatar` FROM `xlyz_user` WHERE ( id = 2 ) LIMIT 1   [ RunTime:0.010339s ]
SQL: SELECT `id`,`nickname`,`avatar` FROM `xlyz_user` WHERE ( id = 6 ) LIMIT 1   [ RunTime:0.010922s ]
SQL: SELECT `id`,`nickname`,`avatar` FROM `xlyz_user` WHERE ( id = 1 ) LIMIT 1   [ RunTime:0.009614s ]
SQL: SELECT `id`,`nickname`,`avatar` FROM `xlyz_user` WHERE ( id = 1 ) LIMIT 1   [ RunTime:0.010150s ]
SQL: SELECT `id`,`nickname`,`avatar` FROM `xlyz_user` WHERE ( id = 1 ) LIMIT 1   [ RunTime:0.009989s ]

[ 2017-05-10T15:42:38+08:00 ] ::1 /Xianlaiyizhuan/Home/Requirement/recentRequirementList
INFO: [ app_begin ] --START--
INFO: Run Behavior\ReadHtmlCache [ RunTime:0.001219s ]
INFO: [ app_begin ] --END-- [ RunTime:0.002021s ]
NOTIC: [8] Undefined index: db_port F:\PHP Projects\Xianlaiyizhuan\ThinkPHP\Library\Think\Db.class.php 第 127 行.
NOTIC: [8] Undefined index: db_dsn F:\PHP Projects\Xianlaiyizhuan\ThinkPHP\Library\Think\Db.class.php 第 129 行.
NOTIC: [8] Undefined index: db_params F:\PHP Projects\Xianlaiyizhuan\ThinkPHP\Library\Think\Db.class.php 第 130 行.
NOTIC: [8192] mysql_connect(): The mysql extension is deprecated and will be removed in the future: use mysqli or PDO instead F:\PHP Projects\Xianlaiyizhuan\ThinkPHP\Library\Think\Db\Driver\Mysql.class.php 第 52 行.
SQL: SHOW COLUMNS FROM `xlyz_requirement` [ RunTime:0.010477s ]
SQL: SELECT * FROM `xlyz_requirement` ORDER BY id desc LIMIT 0,10   [ RunTime:0.011316s ]
SQL: SHOW COLUMNS FROM `xlyz_user` [ RunTime:0.010825s ]
SQL: SELECT `id`,`nickname`,`avatar` FROM `xlyz_user` WHERE ( id = 2 ) LIMIT 1   [ RunTime:0.007489s ]
SQL: SELECT `id`,`nickname`,`avatar` FROM `xlyz_user` WHERE ( id = 2 ) LIMIT 1   [ RunTime:0.007829s ]
SQL: SELECT `id`,`nickname`,`avatar` FROM `xlyz_user` WHERE ( id = 6 ) LIMIT 1   [ RunTime:0.007773s ]
SQL: SELECT `id`,`nickname`,`avatar` FROM `xlyz_user` WHERE ( id = 1 ) LIMIT 1   [ RunTime:0.007530s ]
SQL: SELECT `id`,`nickname`,`avatar` FROM `xlyz_user` WHERE ( id = 1 ) LIMIT 1   [ RunTime:0.007598s ]
SQL: SELECT `id`,`nickname`,`avatar` FROM `xlyz_user` WHERE ( id = 1 ) LIMIT 1   [ RunTime:0.007551s ]

[ 2017-05-10T15:42:39+08:00 ] ::1 /Xianlaiyizhuan/Home/Requirement/recentRequirementList
INFO: [ app_begin ] --START--
INFO: Run Behavior\ReadHtmlCache [ RunTime:0.000850s ]
INFO: [ app_begin ] --END-- [ RunTime:0.001649s ]
NOTIC: [8] Undefined index: db_port F:\PHP Projects\Xianlaiyizhuan\ThinkPHP\Library\Think\Db.class.php 第 127 行.
NOTIC: [8] Undefined index: db_dsn F:\PHP Projects\Xianlaiyizhuan\ThinkPHP\Library\Think\Db.class.php 第 129 行.
NOTIC: [8] Undefined index: db_params F:\PHP Projects\Xianlaiyizhuan\ThinkPHP\Library\Think\Db.class.php 第 130 行.
NOTIC: [8192] mysql_connect(): The mysql extension is deprecated and will be removed in the future: use mysqli or PDO instead F:\PHP Projects\Xianlaiyizhuan\ThinkPHP\Library\Think\Db\Driver\Mysql.class.php 第 52 行.
SQL: SHOW COLUMNS FROM `xlyz_requirement` [ RunTime:0.012519s ]
SQL: SELECT * FROM `xlyz_requirement` ORDER BY id desc LIMIT 0,10   [ RunTime:0.010544s ]
SQL: SHOW COLUMNS FROM `xlyz_user` [ RunTime:0.012700s ]
SQL: SELECT `id`,`nickname`,`avatar` FROM `xlyz_user` WHERE ( id = 2 ) LIMIT 1   [ RunTime:0.010130s ]
SQL: SELECT `id`,`nickname`,`avatar` FROM `xlyz_user` WHERE ( id = 2 ) LIMIT 1   [ RunTime:0.010357s ]
SQL: SELECT `id`,`nickname`,`avatar` FROM `xlyz_user` WHERE ( id = 6 ) LIMIT 1   [ RunTime:0.009932s ]
SQL: SELECT `id`,`nickname`,`avatar` FROM `xlyz_user` WHERE ( id = 1 ) LIMIT 1   [ RunTime:0.013154s ]
SQL: SELECT `id`,`nickname`,`avatar` FROM `xlyz_user` WHERE ( id = 1 ) LIMIT 1   [ RunTime:0.009982s ]
SQL: SELECT `id`,`nickname`,`avatar` FROM `xlyz_user` WHERE ( id = 1 ) LIMIT 1   [ RunTime:0.010828s ]

[ 2017-05-10T15:42:51+08:00 ] ::1 /Xianlaiyizhuan/Home/Requirement/recentRequirementList
INFO: [ app_begin ] --START--
INFO: Run Behavior\ReadHtmlCache [ RunTime:0.001032s ]
INFO: [ app_begin ] --END-- [ RunTime:0.002290s ]
NOTIC: [8] Undefined index: db_port F:\PHP Projects\Xianlaiyizhuan\ThinkPHP\Library\Think\Db.class.php 第 127 行.
NOTIC: [8] Undefined index: db_dsn F:\PHP Projects\Xianlaiyizhuan\ThinkPHP\Library\Think\Db.class.php 第 129 行.
NOTIC: [8] Undefined index: db_params F:\PHP Projects\Xianlaiyizhuan\ThinkPHP\Library\Think\Db.class.php 第 130 行.
NOTIC: [8192] mysql_connect(): The mysql extension is deprecated and will be removed in the future: use mysqli or PDO instead F:\PHP Projects\Xianlaiyizhuan\ThinkPHP\Library\Think\Db\Driver\Mysql.class.php 第 52 行.
SQL: SHOW COLUMNS FROM `xlyz_requirement` [ RunTime:0.012544s ]
SQL: SELECT * FROM `xlyz_requirement` ORDER BY id desc LIMIT 0,10   [ RunTime:0.009305s ]
SQL: SHOW COLUMNS FROM `xlyz_user` [ RunTime:0.015343s ]
SQL: SELECT `id`,`nickname`,`avatar` FROM `xlyz_user` WHERE ( id = 2 ) LIMIT 1   [ RunTime:0.008883s ]
SQL: SELECT `id`,`nickname`,`avatar` FROM `xlyz_user` WHERE ( id = 2 ) LIMIT 1   [ RunTime:0.010217s ]
SQL: SELECT `id`,`nickname`,`avatar` FROM `xlyz_user` WHERE ( id = 6 ) LIMIT 1   [ RunTime:0.010809s ]
SQL: SELECT `id`,`nickname`,`avatar` FROM `xlyz_user` WHERE ( id = 1 ) LIMIT 1   [ RunTime:0.011468s ]
SQL: SELECT `id`,`nickname`,`avatar` FROM `xlyz_user` WHERE ( id = 1 ) LIMIT 1   [ RunTime:0.008448s ]
SQL: SELECT `id`,`nickname`,`avatar` FROM `xlyz_user` WHERE ( id = 1 ) LIMIT 1   [ RunTime:0.008689s ]

[ 2017-05-10T15:43:04+08:00 ] ::1 /Xianlaiyizhuan/Home/Requirement/recentRequirementList
INFO: [ app_begin ] --START--
INFO: Run Behavior\ReadHtmlCache [ RunTime:0.002420s ]
INFO: [ app_begin ] --END-- [ RunTime:0.003919s ]
NOTIC: [8] Undefined index: db_port F:\PHP Projects\Xianlaiyizhuan\ThinkPHP\Library\Think\Db.class.php 第 127 行.
NOTIC: [8] Undefined index: db_dsn F:\PHP Projects\Xianlaiyizhuan\ThinkPHP\Library\Think\Db.class.php 第 129 行.
NOTIC: [8] Undefined index: db_params F:\PHP Projects\Xianlaiyizhuan\ThinkPHP\Library\Think\Db.class.php 第 130 行.
NOTIC: [8192] mysql_connect(): The mysql extension is deprecated and will be removed in the future: use mysqli or PDO instead F:\PHP Projects\Xianlaiyizhuan\ThinkPHP\Library\Think\Db\Driver\Mysql.class.php 第 52 行.
SQL: SHOW COLUMNS FROM `xlyz_requirement` [ RunTime:0.010820s ]
SQL: SELECT * FROM `xlyz_requirement` WHERE ( type = 1 ) ORDER BY id desc LIMIT 0,10   [ RunTime:0.008838s ]
SQL: SHOW COLUMNS FROM `xlyz_user` [ RunTime:0.010678s ]
SQL: SELECT `id`,`nickname`,`avatar` FROM `xlyz_user` WHERE ( id = 1 ) LIMIT 1   [ RunTime:0.008191s ]
SQL: SELECT `id`,`nickname`,`avatar` FROM `xlyz_user` WHERE ( id = 1 ) LIMIT 1   [ RunTime:0.008741s ]

[ 2017-05-10T15:43:16+08:00 ] ::1 /Xianlaiyizhuan/Home/Requirement/recentRequirementList
INFO: [ app_begin ] --START--
INFO: Run Behavior\ReadHtmlCache [ RunTime:0.000737s ]
INFO: [ app_begin ] --END-- [ RunTime:0.001479s ]
NOTIC: [8] Undefined index: db_port F:\PHP Projects\Xianlaiyizhuan\ThinkPHP\Library\Think\Db.class.php 第 127 行.
NOTIC: [8] Undefined index: db_dsn F:\PHP Projects\Xianlaiyizhuan\ThinkPHP\Library\Think\Db.class.php 第 129 行.
NOTIC: [8] Undefined index: db_params F:\PHP Projects\Xianlaiyizhuan\ThinkPHP\Library\Think\Db.class.php 第 130 行.
NOTIC: [8192] mysql_connect(): The mysql extension is deprecated and will be removed in the future: use mysqli or PDO instead F:\PHP Projects\Xianlaiyizhuan\ThinkPHP\Library\Think\Db\Driver\Mysql.class.php 第 52 行.
SQL: SHOW COLUMNS FROM `xlyz_requirement` [ RunTime:0.012452s ]
SQL: SELECT * FROM `xlyz_requirement` ORDER BY id desc LIMIT 0,10   [ RunTime:0.010913s ]
SQL: SHOW COLUMNS FROM `xlyz_user` [ RunTime:0.013169s ]
SQL: SELECT `id`,`nickname`,`avatar` FROM `xlyz_user` WHERE ( id = 2 ) LIMIT 1   [ RunTime:0.010060s ]
SQL: SELECT `id`,`nickname`,`avatar` FROM `xlyz_user` WHERE ( id = 2 ) LIMIT 1   [ RunTime:0.010527s ]
SQL: SELECT `id`,`nickname`,`avatar` FROM `xlyz_user` WHERE ( id = 6 ) LIMIT 1   [ RunTime:0.010330s ]
SQL: SELECT `id`,`nickname`,`avatar` FROM `xlyz_user` WHERE ( id = 1 ) LIMIT 1   [ RunTime:0.010238s ]
SQL: SELECT `id`,`nickname`,`avatar` FROM `xlyz_user` WHERE ( id = 1 ) LIMIT 1   [ RunTime:0.010441s ]
SQL: SELECT `id`,`nickname`,`avatar` FROM `xlyz_user` WHERE ( id = 1 ) LIMIT 1   [ RunTime:0.010786s ]

[ 2017-05-10T15:43:29+08:00 ] ::1 /Xianlaiyizhuan/Home/Requirement/recentRequirementList
INFO: [ app_begin ] --START--
INFO: Run Behavior\ReadHtmlCache [ RunTime:0.004943s ]
INFO: [ app_begin ] --END-- [ RunTime:0.005868s ]
NOTIC: [8] Undefined index: db_port F:\PHP Projects\Xianlaiyizhuan\ThinkPHP\Library\Think\Db.class.php 第 127 行.
NOTIC: [8] Undefined index: db_dsn F:\PHP Projects\Xianlaiyizhuan\ThinkPHP\Library\Think\Db.class.php 第 129 行.
NOTIC: [8] Undefined index: db_params F:\PHP Projects\Xianlaiyizhuan\ThinkPHP\Library\Think\Db.class.php 第 130 行.
NOTIC: [8192] mysql_connect(): The mysql extension is deprecated and will be removed in the future: use mysqli or PDO instead F:\PHP Projects\Xianlaiyizhuan\ThinkPHP\Library\Think\Db\Driver\Mysql.class.php 第 52 行.
SQL: SHOW COLUMNS FROM `xlyz_requirement` [ RunTime:0.011133s ]
SQL: SELECT * FROM `xlyz_requirement` WHERE ( type = 1 ) ORDER BY id desc LIMIT 0,10   [ RunTime:0.008188s ]
SQL: SHOW COLUMNS FROM `xlyz_user` [ RunTime:0.012502s ]
SQL: SELECT `id`,`nickname`,`avatar` FROM `xlyz_user` WHERE ( id = 1 ) LIMIT 1   [ RunTime:0.009268s ]
SQL: SELECT `id`,`nickname`,`avatar` FROM `xlyz_user` WHERE ( id = 1 ) LIMIT 1   [ RunTime:0.008036s ]

[ 2017-05-10T15:43:37+08:00 ] ::1 /Xianlaiyizhuan/Home/Requirement/recentRequirementList
INFO: [ app_begin ] --START--
INFO: Run Behavior\ReadHtmlCache [ RunTime:0.000712s ]
INFO: [ app_begin ] --END-- [ RunTime:0.001461s ]
NOTIC: [8] Undefined index: db_port F:\PHP Projects\Xianlaiyizhuan\ThinkPHP\Library\Think\Db.class.php 第 127 行.
NOTIC: [8] Undefined index: db_dsn F:\PHP Projects\Xianlaiyizhuan\ThinkPHP\Library\Think\Db.class.php 第 129 行.
NOTIC: [8] Undefined index: db_params F:\PHP Projects\Xianlaiyizhuan\ThinkPHP\Library\Think\Db.class.php 第 130 行.
NOTIC: [8192] mysql_connect(): The mysql extension is deprecated and will be removed in the future: use mysqli or PDO instead F:\PHP Projects\Xianlaiyizhuan\ThinkPHP\Library\Think\Db\Driver\Mysql.class.php 第 52 行.
SQL: SHOW COLUMNS FROM `xlyz_requirement` [ RunTime:0.012113s ]
SQL: SELECT * FROM `xlyz_requirement` ORDER BY id desc LIMIT 0,10   [ RunTime:0.010130s ]
SQL: SHOW COLUMNS FROM `xlyz_user` [ RunTime:0.012112s ]
SQL: SELECT `id`,`nickname`,`avatar` FROM `xlyz_user` WHERE ( id = 2 ) LIMIT 1   [ RunTime:0.009812s ]
SQL: SELECT `id`,`nickname`,`avatar` FROM `xlyz_user` WHERE ( id = 2 ) LIMIT 1   [ RunTime:0.011220s ]
SQL: SELECT `id`,`nickname`,`avatar` FROM `xlyz_user` WHERE ( id = 6 ) LIMIT 1   [ RunTime:0.009715s ]
SQL: SELECT `id`,`nickname`,`avatar` FROM `xlyz_user` WHERE ( id = 1 ) LIMIT 1   [ RunTime:0.010106s ]
SQL: SELECT `id`,`nickname`,`avatar` FROM `xlyz_user` WHERE ( id = 1 ) LIMIT 1   [ RunTime:0.010370s ]
SQL: SELECT `id`,`nickname`,`avatar` FROM `xlyz_user` WHERE ( id = 1 ) LIMIT 1   [ RunTime:0.009651s ]

[ 2017-05-10T15:47:30+08:00 ] ::1 /xianlaiyizhuan/Home/Test/test
INFO: [ app_begin ] --START--
INFO: Run Behavior\ReadHtmlCache [ RunTime:0.000956s ]
INFO: [ app_begin ] --END-- [ RunTime:0.001819s ]
INFO: [ app_end ] --START--
INFO: Run Behavior\ShowPageTrace [ RunTime:0.125257s ]
INFO: [ app_end ] --END-- [ RunTime:0.125557s ]

[ 2017-05-10T15:47:43+08:00 ] ::1 /xianlaiyizhuan/Home/Test/test
INFO: [ app_begin ] --START--
INFO: Run Behavior\ReadHtmlCache [ RunTime:0.001092s ]
INFO: [ app_begin ] --END-- [ RunTime:0.001977s ]
INFO: [ app_end ] --START--
INFO: Run Behavior\ShowPageTrace [ RunTime:0.002691s ]
INFO: [ app_end ] --END-- [ RunTime:0.003041s ]

[ 2017-05-10T15:47:47+08:00 ] ::1 /xianlaiyizhuan/Home/Test/test?type=0
INFO: [ app_begin ] --START--
INFO: Run Behavior\ReadHtmlCache [ RunTime:0.000670s ]
INFO: [ app_begin ] --END-- [ RunTime:0.001319s ]
INFO: [ app_end ] --START--
INFO: Run Behavior\ShowPageTrace [ RunTime:0.001183s ]
INFO: [ app_end ] --END-- [ RunTime:0.001569s ]

[ 2017-05-10T15:47:55+08:00 ] ::1 /xianlaiyizhuan/Home/Test/test?type=-1
INFO: [ app_begin ] --START--
INFO: Run Behavior\ReadHtmlCache [ RunTime:0.000983s ]
INFO: [ app_begin ] --END-- [ RunTime:0.002213s ]
INFO: [ app_end ] --START--
INFO: Run Behavior\ShowPageTrace [ RunTime:0.000732s ]
INFO: [ app_end ] --END-- [ RunTime:0.000995s ]

[ 2017-05-10T15:47:59+08:00 ] ::1 /xianlaiyizhuan/Home/Test/test?type=%220%22
INFO: [ app_begin ] --START--
INFO: Run Behavior\ReadHtmlCache [ RunTime:0.000726s ]
INFO: [ app_begin ] --END-- [ RunTime:0.001533s ]
INFO: [ app_end ] --START--
INFO: Run Behavior\ShowPageTrace [ RunTime:0.000810s ]
INFO: [ app_end ] --END-- [ RunTime:0.001086s ]

[ 2017-05-10T15:48:04+08:00 ] ::1 /xianlaiyizhuan/Home/Test/test?type=%270%27
INFO: [ app_begin ] --START--
INFO: Run Behavior\ReadHtmlCache [ RunTime:0.000693s ]
INFO: [ app_begin ] --END-- [ RunTime:0.001382s ]
INFO: [ app_end ] --START--
INFO: Run Behavior\ShowPageTrace [ RunTime:0.000873s ]
INFO: [ app_end ] --END-- [ RunTime:0.001168s ]

[ 2017-05-10T15:48:10+08:00 ] ::1 /xianlaiyizhuan/Home/Test/test?type=
INFO: [ app_begin ] --START--
INFO: Run Behavior\ReadHtmlCache [ RunTime:0.000711s ]
INFO: [ app_begin ] --END-- [ RunTime:0.001400s ]
INFO: [ app_end ] --START--
INFO: Run Behavior\ShowPageTrace [ RunTime:0.000819s ]
INFO: [ app_end ] --END-- [ RunTime:0.001096s ]

[ 2017-05-10T15:48:14+08:00 ] ::1 /xianlaiyizhuan/Home/Test/test?
INFO: [ app_begin ] --START--
INFO: Run Behavior\ReadHtmlCache [ RunTime:0.000977s ]
INFO: [ app_begin ] --END-- [ RunTime:0.002149s ]
INFO: [ app_end ] --START--
INFO: Run Behavior\ShowPageTrace [ RunTime:0.001674s ]
INFO: [ app_end ] --END-- [ RunTime:0.002001s ]

[ 2017-05-10T15:49:03+08:00 ] ::1 /Xianlaiyizhuan/Home/Requirement/recentRequirementList
INFO: [ app_begin ] --START--
INFO: Run Behavior\ReadHtmlCache [ RunTime:0.001374s ]
INFO: [ app_begin ] --END-- [ RunTime:0.002338s ]
NOTIC: [8] Undefined index: db_port F:\PHP Projects\Xianlaiyizhuan\ThinkPHP\Library\Think\Db.class.php 第 127 行.
NOTIC: [8] Undefined index: db_dsn F:\PHP Projects\Xianlaiyizhuan\ThinkPHP\Library\Think\Db.class.php 第 129 行.
NOTIC: [8] Undefined index: db_params F:\PHP Projects\Xianlaiyizhuan\ThinkPHP\Library\Think\Db.class.php 第 130 行.
NOTIC: [8192] mysql_connect(): The mysql extension is deprecated and will be removed in the future: use mysqli or PDO instead F:\PHP Projects\Xianlaiyizhuan\ThinkPHP\Library\Think\Db\Driver\Mysql.class.php 第 52 行.
SQL: SHOW COLUMNS FROM `xlyz_requirement` [ RunTime:0.013244s ]
SQL: SELECT * FROM `xlyz_requirement` WHERE ( type = -1 ) ORDER BY id desc LIMIT 0,10   [ RunTime:0.027654s ]

[ 2017-05-10T15:49:22+08:00 ] ::1 /Xianlaiyizhuan/Home/Requirement/recentRequirementList
INFO: [ app_begin ] --START--
INFO: Run Behavior\ReadHtmlCache [ RunTime:0.000794s ]
INFO: [ app_begin ] --END-- [ RunTime:0.001513s ]
NOTIC: [8] Undefined index: db_port F:\PHP Projects\Xianlaiyizhuan\ThinkPHP\Library\Think\Db.class.php 第 127 行.
NOTIC: [8] Undefined index: db_dsn F:\PHP Projects\Xianlaiyizhuan\ThinkPHP\Library\Think\Db.class.php 第 129 行.
NOTIC: [8] Undefined index: db_params F:\PHP Projects\Xianlaiyizhuan\ThinkPHP\Library\Think\Db.class.php 第 130 行.
NOTIC: [8192] mysql_connect(): The mysql extension is deprecated and will be removed in the future: use mysqli or PDO instead F:\PHP Projects\Xianlaiyizhuan\ThinkPHP\Library\Think\Db\Driver\Mysql.class.php 第 52 行.
SQL: SHOW COLUMNS FROM `xlyz_requirement` [ RunTime:0.009793s ]
SQL: SELECT * FROM `xlyz_requirement` ORDER BY id desc LIMIT 0,10   [ RunTime:0.008142s ]
SQL: SHOW COLUMNS FROM `xlyz_user` [ RunTime:0.011376s ]
SQL: SELECT `id`,`nickname`,`avatar` FROM `xlyz_user` WHERE ( id = 2 ) LIMIT 1   [ RunTime:0.008971s ]
SQL: SELECT `id`,`nickname`,`avatar` FROM `xlyz_user` WHERE ( id = 2 ) LIMIT 1   [ RunTime:0.007754s ]
SQL: SELECT `id`,`nickname`,`avatar` FROM `xlyz_user` WHERE ( id = 6 ) LIMIT 1   [ RunTime:0.007842s ]
SQL: SELECT `id`,`nickname`,`avatar` FROM `xlyz_user` WHERE ( id = 1 ) LIMIT 1   [ RunTime:0.007545s ]
SQL: SELECT `id`,`nickname`,`avatar` FROM `xlyz_user` WHERE ( id = 1 ) LIMIT 1   [ RunTime:0.007413s ]
SQL: SELECT `id`,`nickname`,`avatar` FROM `xlyz_user` WHERE ( id = 1 ) LIMIT 1   [ RunTime:0.007677s ]

[ 2017-05-10T15:49:37+08:00 ] ::1 /Xianlaiyizhuan/Home/Requirement/recentRequirementList
INFO: [ app_begin ] --START--
INFO: Run Behavior\ReadHtmlCache [ RunTime:0.000843s ]
INFO: [ app_begin ] --END-- [ RunTime:0.001903s ]
NOTIC: [8] Undefined index: db_port F:\PHP Projects\Xianlaiyizhuan\ThinkPHP\Library\Think\Db.class.php 第 127 行.
NOTIC: [8] Undefined index: db_dsn F:\PHP Projects\Xianlaiyizhuan\ThinkPHP\Library\Think\Db.class.php 第 129 行.
NOTIC: [8] Undefined index: db_params F:\PHP Projects\Xianlaiyizhuan\ThinkPHP\Library\Think\Db.class.php 第 130 行.
NOTIC: [8192] mysql_connect(): The mysql extension is deprecated and will be removed in the future: use mysqli or PDO instead F:\PHP Projects\Xianlaiyizhuan\ThinkPHP\Library\Think\Db\Driver\Mysql.class.php 第 52 行.
SQL: SHOW COLUMNS FROM `xlyz_requirement` [ RunTime:0.012976s ]
SQL: SELECT * FROM `xlyz_requirement` ORDER BY id desc LIMIT 0,10   [ RunTime:0.008167s ]
SQL: SHOW COLUMNS FROM `xlyz_user` [ RunTime:0.011515s ]
SQL: SELECT `id`,`nickname`,`avatar` FROM `xlyz_user` WHERE ( id = 2 ) LIMIT 1   [ RunTime:0.008116s ]
SQL: SELECT `id`,`nickname`,`avatar` FROM `xlyz_user` WHERE ( id = 2 ) LIMIT 1   [ RunTime:0.008124s ]
SQL: SELECT `id`,`nickname`,`avatar` FROM `xlyz_user` WHERE ( id = 6 ) LIMIT 1   [ RunTime:0.008459s ]
SQL: SELECT `id`,`nickname`,`avatar` FROM `xlyz_user` WHERE ( id = 1 ) LIMIT 1   [ RunTime:0.008060s ]
SQL: SELECT `id`,`nickname`,`avatar` FROM `xlyz_user` WHERE ( id = 1 ) LIMIT 1   [ RunTime:0.007531s ]
SQL: SELECT `id`,`nickname`,`avatar` FROM `xlyz_user` WHERE ( id = 1 ) LIMIT 1   [ RunTime:0.007456s ]

[ 2017-05-10T15:49:43+08:00 ] ::1 /Xianlaiyizhuan/Home/Requirement/recentRequirementList?type=1
INFO: [ app_begin ] --START--
INFO: Run Behavior\ReadHtmlCache [ RunTime:0.001006s ]
INFO: [ app_begin ] --END-- [ RunTime:0.001820s ]
NOTIC: [8] Undefined index: db_port F:\PHP Projects\Xianlaiyizhuan\ThinkPHP\Library\Think\Db.class.php 第 127 行.
NOTIC: [8] Undefined index: db_dsn F:\PHP Projects\Xianlaiyizhuan\ThinkPHP\Library\Think\Db.class.php 第 129 行.
NOTIC: [8] Undefined index: db_params F:\PHP Projects\Xianlaiyizhuan\ThinkPHP\Library\Think\Db.class.php 第 130 行.
NOTIC: [8192] mysql_connect(): The mysql extension is deprecated and will be removed in the future: use mysqli or PDO instead F:\PHP Projects\Xianlaiyizhuan\ThinkPHP\Library\Think\Db\Driver\Mysql.class.php 第 52 行.
SQL: SHOW COLUMNS FROM `xlyz_requirement` [ RunTime:0.015956s ]
SQL: SELECT * FROM `xlyz_requirement` WHERE ( type = 1 ) ORDER BY id desc LIMIT 0,10   [ RunTime:0.013408s ]
SQL: SHOW COLUMNS FROM `xlyz_user` [ RunTime:0.016032s ]
SQL: SELECT `id`,`nickname`,`avatar` FROM `xlyz_user` WHERE ( id = 1 ) LIMIT 1   [ RunTime:0.012907s ]
SQL: SELECT `id`,`nickname`,`avatar` FROM `xlyz_user` WHERE ( id = 1 ) LIMIT 1   [ RunTime:0.013066s ]

[ 2017-05-10T15:49:47+08:00 ] ::1 /Xianlaiyizhuan/Home/Requirement/recentRequirementList?type=0
INFO: [ app_begin ] --START--
INFO: Run Behavior\ReadHtmlCache [ RunTime:0.001964s ]
INFO: [ app_begin ] --END-- [ RunTime:0.003120s ]
NOTIC: [8] Undefined index: db_port F:\PHP Projects\Xianlaiyizhuan\ThinkPHP\Library\Think\Db.class.php 第 127 行.
NOTIC: [8] Undefined index: db_dsn F:\PHP Projects\Xianlaiyizhuan\ThinkPHP\Library\Think\Db.class.php 第 129 行.
NOTIC: [8] Undefined index: db_params F:\PHP Projects\Xianlaiyizhuan\ThinkPHP\Library\Think\Db.class.php 第 130 行.
NOTIC: [8192] mysql_connect(): The mysql extension is deprecated and will be removed in the future: use mysqli or PDO instead F:\PHP Projects\Xianlaiyizhuan\ThinkPHP\Library\Think\Db\Driver\Mysql.class.php 第 52 行.
SQL: SHOW COLUMNS FROM `xlyz_requirement` [ RunTime:0.013078s ]
SQL: SELECT * FROM `xlyz_requirement` WHERE ( type = 0 ) ORDER BY id desc LIMIT 0,10   [ RunTime:0.008851s ]
SQL: SHOW COLUMNS FROM `xlyz_user` [ RunTime:0.010772s ]
SQL: SELECT `id`,`nickname`,`avatar` FROM `xlyz_user` WHERE ( id = 2 ) LIMIT 1   [ RunTime:0.008078s ]
SQL: SELECT `id`,`nickname`,`avatar` FROM `xlyz_user` WHERE ( id = 2 ) LIMIT 1   [ RunTime:0.008398s ]
SQL: SELECT `id`,`nickname`,`avatar` FROM `xlyz_user` WHERE ( id = 6 ) LIMIT 1   [ RunTime:0.008381s ]

[ 2017-05-10T15:50:21+08:00 ] ::1 /Xianlaiyizhuan/Home/Requirement/recentRequirementList?type=0
INFO: [ app_begin ] --START--
INFO: Run Behavior\ReadHtmlCache [ RunTime:0.000882s ]
INFO: [ app_begin ] --END-- [ RunTime:0.001695s ]
NOTIC: [8] Undefined index: db_port F:\PHP Projects\Xianlaiyizhuan\ThinkPHP\Library\Think\Db.class.php 第 127 行.
NOTIC: [8] Undefined index: db_dsn F:\PHP Projects\Xianlaiyizhuan\ThinkPHP\Library\Think\Db.class.php 第 129 行.
NOTIC: [8] Undefined index: db_params F:\PHP Projects\Xianlaiyizhuan\ThinkPHP\Library\Think\Db.class.php 第 130 行.
NOTIC: [8192] mysql_connect(): The mysql extension is deprecated and will be removed in the future: use mysqli or PDO instead F:\PHP Projects\Xianlaiyizhuan\ThinkPHP\Library\Think\Db\Driver\Mysql.class.php 第 52 行.
SQL: SHOW COLUMNS FROM `xlyz_requirement` [ RunTime:0.015577s ]
SQL: SELECT * FROM `xlyz_requirement` ORDER BY id desc LIMIT 0,10   [ RunTime:0.013509s ]
SQL: SHOW COLUMNS FROM `xlyz_user` [ RunTime:0.015293s ]
SQL: SELECT `id`,`nickname`,`avatar` FROM `xlyz_user` WHERE ( id = 2 ) LIMIT 1   [ RunTime:0.013065s ]
SQL: SELECT `id`,`nickname`,`avatar` FROM `xlyz_user` WHERE ( id = 2 ) LIMIT 1   [ RunTime:0.013139s ]
SQL: SELECT `id`,`nickname`,`avatar` FROM `xlyz_user` WHERE ( id = 6 ) LIMIT 1   [ RunTime:0.014036s ]
SQL: SELECT `id`,`nickname`,`avatar` FROM `xlyz_user` WHERE ( id = 1 ) LIMIT 1   [ RunTime:0.013294s ]
SQL: SELECT `id`,`nickname`,`avatar` FROM `xlyz_user` WHERE ( id = 1 ) LIMIT 1   [ RunTime:0.013155s ]
SQL: SELECT `id`,`nickname`,`avatar` FROM `xlyz_user` WHERE ( id = 1 ) LIMIT 1   [ RunTime:0.013228s ]

[ 2017-05-10T15:50:23+08:00 ] ::1 /Xianlaiyizhuan/Home/Requirement/recentRequirementList
INFO: [ app_begin ] --START--
INFO: Run Behavior\ReadHtmlCache [ RunTime:0.000730s ]
INFO: [ app_begin ] --END-- [ RunTime:0.001465s ]
NOTIC: [8] Undefined index: db_port F:\PHP Projects\Xianlaiyizhuan\ThinkPHP\Library\Think\Db.class.php 第 127 行.
NOTIC: [8] Undefined index: db_dsn F:\PHP Projects\Xianlaiyizhuan\ThinkPHP\Library\Think\Db.class.php 第 129 行.
NOTIC: [8] Undefined index: db_params F:\PHP Projects\Xianlaiyizhuan\ThinkPHP\Library\Think\Db.class.php 第 130 行.
NOTIC: [8192] mysql_connect(): The mysql extension is deprecated and will be removed in the future: use mysqli or PDO instead F:\PHP Projects\Xianlaiyizhuan\ThinkPHP\Library\Think\Db\Driver\Mysql.class.php 第 52 行.
SQL: SHOW COLUMNS FROM `xlyz_requirement` [ RunTime:0.013138s ]
SQL: SELECT * FROM `xlyz_requirement` ORDER BY id desc LIMIT 0,10   [ RunTime:0.010997s ]
SQL: SHOW COLUMNS FROM `xlyz_user` [ RunTime:0.012855s ]
SQL: SELECT `id`,`nickname`,`avatar` FROM `xlyz_user` WHERE ( id = 2 ) LIMIT 1   [ RunTime:0.010764s ]
SQL: SELECT `id`,`nickname`,`avatar` FROM `xlyz_user` WHERE ( id = 2 ) LIMIT 1   [ RunTime:0.011743s ]
SQL: SELECT `id`,`nickname`,`avatar` FROM `xlyz_user` WHERE ( id = 6 ) LIMIT 1   [ RunTime:0.010259s ]
SQL: SELECT `id`,`nickname`,`avatar` FROM `xlyz_user` WHERE ( id = 1 ) LIMIT 1   [ RunTime:0.010385s ]
SQL: SELECT `id`,`nickname`,`avatar` FROM `xlyz_user` WHERE ( id = 1 ) LIMIT 1   [ RunTime:0.010618s ]
SQL: SELECT `id`,`nickname`,`avatar` FROM `xlyz_user` WHERE ( id = 1 ) LIMIT 1   [ RunTime:0.010748s ]

[ 2017-05-10T15:51:08+08:00 ] ::1 /xianlaiyizhuan/Home/Test/test?
INFO: [ app_begin ] --START--
INFO: Run Behavior\ReadHtmlCache [ RunTime:0.000772s ]
INFO: [ app_begin ] --END-- [ RunTime:0.001559s ]
INFO: [ app_end ] --START--
INFO: Run Behavior\ShowPageTrace [ RunTime:0.001129s ]
INFO: [ app_end ] --END-- [ RunTime:0.001427s ]

[ 2017-05-10T15:51:09+08:00 ] ::1 /xianlaiyizhuan/Home/Test/test?
INFO: [ app_begin ] --START--
INFO: Run Behavior\ReadHtmlCache [ RunTime:0.000716s ]
INFO: [ app_begin ] --END-- [ RunTime:0.001676s ]
INFO: [ app_end ] --START--
INFO: Run Behavior\ShowPageTrace [ RunTime:0.000910s ]
INFO: [ app_end ] --END-- [ RunTime:0.001179s ]

[ 2017-05-10T15:51:10+08:00 ] ::1 /xianlaiyizhuan/Home/Test/test?
INFO: [ app_begin ] --START--
INFO: Run Behavior\ReadHtmlCache [ RunTime:0.001436s ]
INFO: [ app_begin ] --END-- [ RunTime:0.002248s ]
INFO: [ app_end ] --START--
INFO: Run Behavior\ShowPageTrace [ RunTime:0.001267s ]
INFO: [ app_end ] --END-- [ RunTime:0.001578s ]

[ 2017-05-10T15:51:36+08:00 ] ::1 /xianlaiyizhuan/Home/Test/test?
INFO: [ app_begin ] --START--
INFO: Run Behavior\ReadHtmlCache [ RunTime:0.000673s ]
INFO: [ app_begin ] --END-- [ RunTime:0.001388s ]
INFO: [ app_end ] --START--
INFO: Run Behavior\ShowPageTrace [ RunTime:0.000930s ]
INFO: [ app_end ] --END-- [ RunTime:0.001204s ]

[ 2017-05-10T15:51:37+08:00 ] ::1 /xianlaiyizhuan/Home/Test/test?
INFO: [ app_begin ] --START--
INFO: Run Behavior\ReadHtmlCache [ RunTime:0.001556s ]
INFO: [ app_begin ] --END-- [ RunTime:0.002839s ]
INFO: [ app_end ] --START--
INFO: Run Behavior\ShowPageTrace [ RunTime:0.005882s ]
INFO: [ app_end ] --END-- [ RunTime:0.006434s ]

[ 2017-05-10T15:51:43+08:00 ] ::1 /xianlaiyizhuan/Home/Test/test?
INFO: [ app_begin ] --START--
INFO: Run Behavior\ReadHtmlCache [ RunTime:0.000878s ]
INFO: [ app_begin ] --END-- [ RunTime:0.002513s ]
INFO: [ app_end ] --START--
INFO: Run Behavior\ShowPageTrace [ RunTime:0.000937s ]
INFO: [ app_end ] --END-- [ RunTime:0.001238s ]

[ 2017-05-10T15:51:44+08:00 ] ::1 /xianlaiyizhuan/Home/Test/test?
INFO: [ app_begin ] --START--
INFO: Run Behavior\ReadHtmlCache [ RunTime:0.000702s ]
INFO: [ app_begin ] --END-- [ RunTime:0.001373s ]
INFO: [ app_end ] --START--
INFO: Run Behavior\ShowPageTrace [ RunTime:0.000758s ]
INFO: [ app_end ] --END-- [ RunTime:0.001027s ]

[ 2017-05-10T15:52:04+08:00 ] ::1 /xianlaiyizhuan/Home/Test/test?
INFO: [ app_begin ] --START--
INFO: Run Behavior\ReadHtmlCache [ RunTime:0.000906s ]
INFO: [ app_begin ] --END-- [ RunTime:0.001692s ]
INFO: [ app_end ] --START--
INFO: Run Behavior\ShowPageTrace [ RunTime:0.000787s ]
INFO: [ app_end ] --END-- [ RunTime:0.001068s ]

[ 2017-05-10T15:52:05+08:00 ] ::1 /xianlaiyizhuan/Home/Test/test?
INFO: [ app_begin ] --START--
INFO: Run Behavior\ReadHtmlCache [ RunTime:0.000749s ]
INFO: [ app_begin ] --END-- [ RunTime:0.001567s ]
INFO: [ app_end ] --START--
INFO: Run Behavior\ShowPageTrace [ RunTime:0.000748s ]
INFO: [ app_end ] --END-- [ RunTime:0.001021s ]

[ 2017-05-10T15:52:25+08:00 ] ::1 /xianlaiyizhuan/Home/Test/test?
INFO: [ app_begin ] --START--
INFO: Run Behavior\ReadHtmlCache [ RunTime:0.000931s ]
INFO: [ app_begin ] --END-- [ RunTime:0.001738s ]
INFO: [ app_end ] --START--
INFO: Run Behavior\ShowPageTrace [ RunTime:0.001202s ]
INFO: [ app_end ] --END-- [ RunTime:0.001527s ]

[ 2017-05-10T15:53:42+08:00 ] ::1 /xianlaiyizhuan/Home/Transact/getRecentTransactionList
INFO: [ app_begin ] --START--
INFO: Run Behavior\ReadHtmlCache [ RunTime:0.000727s ]
INFO: [ app_begin ] --END-- [ RunTime:0.001476s ]
NOTIC: [8] Undefined index: db_port F:\PHP Projects\Xianlaiyizhuan\ThinkPHP\Library\Think\Db.class.php 第 127 行.
NOTIC: [8] Undefined index: db_dsn F:\PHP Projects\Xianlaiyizhuan\ThinkPHP\Library\Think\Db.class.php 第 129 行.
NOTIC: [8] Undefined index: db_params F:\PHP Projects\Xianlaiyizhuan\ThinkPHP\Library\Think\Db.class.php 第 130 行.
NOTIC: [8192] mysql_connect(): The mysql extension is deprecated and will be removed in the future: use mysqli or PDO instead F:\PHP Projects\Xianlaiyizhuan\ThinkPHP\Library\Think\Db\Driver\Mysql.class.php 第 52 行.
SQL: SHOW COLUMNS FROM `xlyz_transact` [ RunTime:0.013296s ]
SQL: SELECT * FROM `xlyz_transact` ORDER BY id desc LIMIT 0,10   [ RunTime:0.010309s ]
SQL: SHOW COLUMNS FROM `xlyz_user` [ RunTime:0.012421s ]
SQL: SELECT `id`,`nickname`,`avatar` FROM `xlyz_user` WHERE ( id = 2 ) LIMIT 1   [ RunTime:0.009800s ]
SQL: SELECT `id`,`nickname`,`avatar` FROM `xlyz_user` WHERE ( id = 6 ) LIMIT 1   [ RunTime:0.010074s ]
SQL: SELECT `id`,`nickname`,`avatar` FROM `xlyz_user` WHERE ( id = 2 ) LIMIT 1   [ RunTime:0.009649s ]
SQL: SELECT `id`,`nickname`,`avatar` FROM `xlyz_user` WHERE ( id = 1 ) LIMIT 1   [ RunTime:0.009417s ]

[ 2017-05-10T15:57:11+08:00 ] ::1 /Xianlaiyizhuan/Home/Requirement/recentRequirementList
INFO: [ app_begin ] --START--
INFO: Run Behavior\ReadHtmlCache [ RunTime:0.000946s ]
INFO: [ app_begin ] --END-- [ RunTime:0.001769s ]
NOTIC: [8] Undefined index: db_port F:\PHP Projects\Xianlaiyizhuan\ThinkPHP\Library\Think\Db.class.php 第 127 行.
NOTIC: [8] Undefined index: db_dsn F:\PHP Projects\Xianlaiyizhuan\ThinkPHP\Library\Think\Db.class.php 第 129 行.
NOTIC: [8] Undefined index: db_params F:\PHP Projects\Xianlaiyizhuan\ThinkPHP\Library\Think\Db.class.php 第 130 行.
NOTIC: [8192] mysql_connect(): The mysql extension is deprecated and will be removed in the future: use mysqli or PDO instead F:\PHP Projects\Xianlaiyizhuan\ThinkPHP\Library\Think\Db\Driver\Mysql.class.php 第 52 行.
SQL: SHOW COLUMNS FROM `xlyz_requirement` [ RunTime:0.013343s ]
SQL: SELECT * FROM `xlyz_requirement` ORDER BY id desc LIMIT 0,10   [ RunTime:0.008232s ]
SQL: SHOW COLUMNS FROM `xlyz_user` [ RunTime:0.011200s ]
SQL: SELECT `id`,`nickname`,`avatar` FROM `xlyz_user` WHERE ( id = 2 ) LIMIT 1   [ RunTime:0.007745s ]
SQL: SELECT `id`,`nickname`,`avatar` FROM `xlyz_user` WHERE ( id = 2 ) LIMIT 1   [ RunTime:0.007783s ]
SQL: SELECT `id`,`nickname`,`avatar` FROM `xlyz_user` WHERE ( id = 6 ) LIMIT 1   [ RunTime:0.007590s ]
SQL: SELECT `id`,`nickname`,`avatar` FROM `xlyz_user` WHERE ( id = 1 ) LIMIT 1   [ RunTime:0.008372s ]
SQL: SELECT `id`,`nickname`,`avatar` FROM `xlyz_user` WHERE ( id = 1 ) LIMIT 1   [ RunTime:0.008042s ]
SQL: SELECT `id`,`nickname`,`avatar` FROM `xlyz_user` WHERE ( id = 1 ) LIMIT 1   [ RunTime:0.008203s ]

[ 2017-05-10T16:00:48+08:00 ] ::1 /Xianlaiyizhuan/Home/Donation/getDonationList
INFO: [ app_begin ] --START--
INFO: Run Behavior\ReadHtmlCache [ RunTime:0.001364s ]
INFO: [ app_begin ] --END-- [ RunTime:0.002754s ]
NOTIC: [8] Undefined index: db_port F:\PHP Projects\Xianlaiyizhuan\ThinkPHP\Library\Think\Db.class.php 第 127 行.
NOTIC: [8] Undefined index: db_dsn F:\PHP Projects\Xianlaiyizhuan\ThinkPHP\Library\Think\Db.class.php 第 129 行.
NOTIC: [8] Undefined index: db_params F:\PHP Projects\Xianlaiyizhuan\ThinkPHP\Library\Think\Db.class.php 第 130 行.
NOTIC: [8192] mysql_connect(): The mysql extension is deprecated and will be removed in the future: use mysqli or PDO instead F:\PHP Projects\Xianlaiyizhuan\ThinkPHP\Library\Think\Db\Driver\Mysql.class.php 第 52 行.
SQL: SHOW COLUMNS FROM `xlyz_donate` [ RunTime:0.011437s ]
SQL: SELECT * FROM `xlyz_donate` ORDER BY id desc LIMIT 0,10   [ RunTime:0.009647s ]
SQL: SHOW COLUMNS FROM `xlyz_givelike` [ RunTime:0.010922s ]

[ 2017-05-10T16:01:36+08:00 ] ::1 /Xianlaiyizhuan/Home/Rubberneck/getRecentTopicList
INFO: [ app_begin ] --START--
INFO: Run Behavior\ReadHtmlCache [ RunTime:0.001301s ]
INFO: [ app_begin ] --END-- [ RunTime:0.002150s ]
ERR: 非法操作:getrecenttopiclist

[ 2017-05-10T16:01:44+08:00 ] ::1 /Xianlaiyizhuan/Home/Rubberneck/RecentTopicList
INFO: [ app_begin ] --START--
INFO: Run Behavior\ReadHtmlCache [ RunTime:0.000850s ]
INFO: [ app_begin ] --END-- [ RunTime:0.001612s ]
NOTIC: [8] Undefined index: db_port F:\PHP Projects\Xianlaiyizhuan\ThinkPHP\Library\Think\Db.class.php 第 127 行.
NOTIC: [8] Undefined index: db_dsn F:\PHP Projects\Xianlaiyizhuan\ThinkPHP\Library\Think\Db.class.php 第 129 行.
NOTIC: [8] Undefined index: db_params F:\PHP Projects\Xianlaiyizhuan\ThinkPHP\Library\Think\Db.class.php 第 130 行.
NOTIC: [8192] mysql_connect(): The mysql extension is deprecated and will be removed in the future: use mysqli or PDO instead F:\PHP Projects\Xianlaiyizhuan\ThinkPHP\Library\Think\Db\Driver\Mysql.class.php 第 52 行.
SQL: SHOW COLUMNS FROM `xlyz_rubberneck` [ RunTime:0.012902s ]
SQL: SELECT * FROM `xlyz_rubberneck` ORDER BY id desc LIMIT 0,10   [ RunTime:0.323549s ]
SQL: SHOW COLUMNS FROM `xlyz_user` [ RunTime:0.012596s ]
SQL: SHOW COLUMNS FROM `xlyz_givelike` [ RunTime:0.012258s ]
SQL: SELECT `id`,`nickname`,`avatar` FROM `xlyz_user` WHERE ( id = 2 ) LIMIT 1   [ RunTime:0.010332s ]
SQL: SELECT `id`,`nickname`,`avatar` FROM `xlyz_user` WHERE ( id = 1 ) LIMIT 1   [ RunTime:0.010719s ]

