[ 2017-03-14T20:04:21+08:00 ] ::1 /Xianlaiyizhuan/Home/User/userLogin
INFO: [ app_begin ] --START--
INFO: Run Behavior\ReadHtmlCache [ RunTime:0.039985s ]
INFO: [ app_begin ] --END-- [ RunTime:0.106940s ]

[ 2017-03-14T20:06:07+08:00 ] ::1 /Xianlaiyizhuan/Home/User/userLogin
INFO: [ app_begin ] --START--
INFO: Run Behavior\ReadHtmlCache [ RunTime:0.000962s ]
INFO: [ app_begin ] --END-- [ RunTime:0.049116s ]

[ 2017-03-14T20:06:15+08:00 ] ::1 /Xianlaiyizhuan/Home/User/idnCheck
INFO: [ app_begin ] --START--
INFO: Run Behavior\ReadHtmlCache [ RunTime:0.001213s ]
INFO: [ app_begin ] --END-- [ RunTime:0.002022s ]
INFO: [ app_end ] --START--
INFO: Run Behavior\ShowPageTrace [ RunTime:0.017334s ]
INFO: [ app_end ] --END-- [ RunTime:0.017642s ]

[ 2017-03-14T20:06:17+08:00 ] ::1 /Xianlaiyizhuan/Home/User/userLogin
INFO: [ app_begin ] --START--
INFO: Run Behavior\ReadHtmlCache [ RunTime:0.001080s ]
INFO: [ app_begin ] --END-- [ RunTime:0.001894s ]

[ 2017-03-14T20:06:43+08:00 ] ::1 /Xianlaiyizhuan/Home/User/idnCheck
INFO: [ app_begin ] --START--
INFO: Run Behavior\ReadHtmlCache [ RunTime:0.000675s ]
INFO: [ app_begin ] --END-- [ RunTime:0.001325s ]
INFO: [ app_end ] --START--
INFO: Run Behavior\ShowPageTrace [ RunTime:0.002703s ]
INFO: [ app_end ] --END-- [ RunTime:0.002995s ]

[ 2017-03-14T20:06:45+08:00 ] ::1 /Xianlaiyizhuan/Home/User/userLogin
INFO: [ app_begin ] --START--
INFO: Run Behavior\ReadHtmlCache [ RunTime:0.000974s ]
INFO: [ app_begin ] --END-- [ RunTime:0.001674s ]

[ 2017-03-14T20:06:45+08:00 ] ::1 /Xianlaiyizhuan/Home/User/userLogin
INFO: [ app_begin ] --START--
INFO: Run Behavior\ReadHtmlCache [ RunTime:0.000636s ]
INFO: [ app_begin ] --END-- [ RunTime:0.001266s ]

[ 2017-03-14T20:06:46+08:00 ] ::1 /Xianlaiyizhuan/Home/User/userLogin
INFO: [ app_begin ] --START--
INFO: Run Behavior\ReadHtmlCache [ RunTime:0.000665s ]
INFO: [ app_begin ] --END-- [ RunTime:0.001325s ]

[ 2017-03-14T20:06:46+08:00 ] ::1 /Xianlaiyizhuan/Home/User/userLogin
INFO: [ app_begin ] --START--
INFO: Run Behavior\ReadHtmlCache [ RunTime:0.000646s ]
INFO: [ app_begin ] --END-- [ RunTime:0.001294s ]

[ 2017-03-14T20:06:46+08:00 ] ::1 /Xianlaiyizhuan/Home/User/userLogin
INFO: [ app_begin ] --START--
INFO: Run Behavior\ReadHtmlCache [ RunTime:0.000716s ]
INFO: [ app_begin ] --END-- [ RunTime:0.001420s ]

[ 2017-03-14T20:06:47+08:00 ] ::1 /Xianlaiyizhuan/Home/User/idnCheck
INFO: [ app_begin ] --START--
INFO: Run Behavior\ReadHtmlCache [ RunTime:0.000658s ]
INFO: [ app_begin ] --END-- [ RunTime:0.001430s ]
INFO: [ app_end ] --START--
INFO: Run Behavior\ShowPageTrace [ RunTime:0.000789s ]
INFO: [ app_end ] --END-- [ RunTime:0.001474s ]

[ 2017-03-14T20:06:48+08:00 ] ::1 /Xianlaiyizhuan/Home/User/userLogin
INFO: [ app_begin ] --START--
INFO: Run Behavior\ReadHtmlCache [ RunTime:0.000825s ]
INFO: [ app_begin ] --END-- [ RunTime:0.002496s ]

[ 2017-03-14T20:06:49+08:00 ] ::1 /Xianlaiyizhuan/Home/User/userLogin
INFO: [ app_begin ] --START--
INFO: Run Behavior\ReadHtmlCache [ RunTime:0.000803s ]
INFO: [ app_begin ] --END-- [ RunTime:0.001502s ]

[ 2017-03-14T20:07:05+08:00 ] ::1 /Xianlaiyizhuan/Home/User/idnCheck
INFO: [ app_begin ] --START--
INFO: Run Behavior\ReadHtmlCache [ RunTime:0.000781s ]
INFO: [ app_begin ] --END-- [ RunTime:0.001456s ]
INFO: [ app_end ] --START--
INFO: Run Behavior\ShowPageTrace [ RunTime:0.000993s ]
INFO: [ app_end ] --END-- [ RunTime:0.001329s ]

[ 2017-03-14T20:07:06+08:00 ] ::1 /Xianlaiyizhuan/Home/User/userLogin
INFO: [ app_begin ] --START--
INFO: Run Behavior\ReadHtmlCache [ RunTime:0.000705s ]
INFO: [ app_begin ] --END-- [ RunTime:0.001359s ]

[ 2017-03-14T20:07:06+08:00 ] ::1 /Xianlaiyizhuan/Home/User/userLogin
INFO: [ app_begin ] --START--
INFO: Run Behavior\ReadHtmlCache [ RunTime:0.000645s ]
INFO: [ app_begin ] --END-- [ RunTime:0.001304s ]

[ 2017-03-14T20:07:07+08:00 ] ::1 /Xianlaiyizhuan/Home/User/userLogin
INFO: [ app_begin ] --START--
INFO: Run Behavior\ReadHtmlCache [ RunTime:0.000676s ]
INFO: [ app_begin ] --END-- [ RunTime:0.001379s ]

[ 2017-03-14T20:07:07+08:00 ] ::1 /Xianlaiyizhuan/Home/User/userLogin
INFO: [ app_begin ] --START--
INFO: Run Behavior\ReadHtmlCache [ RunTime:0.000782s ]
INFO: [ app_begin ] --END-- [ RunTime:0.001592s ]

[ 2017-03-14T20:07:07+08:00 ] ::1 /Xianlaiyizhuan/Home/User/userLogin
INFO: [ app_begin ] --START--
INFO: Run Behavior\ReadHtmlCache [ RunTime:0.000744s ]
INFO: [ app_begin ] --END-- [ RunTime:0.001441s ]

[ 2017-03-14T20:07:08+08:00 ] ::1 /Xianlaiyizhuan/Home/User/idnCheck
INFO: [ app_begin ] --START--
INFO: Run Behavior\ReadHtmlCache [ RunTime:0.001316s ]
INFO: [ app_begin ] --END-- [ RunTime:0.002150s ]
INFO: [ app_end ] --START--
INFO: Run Behavior\ShowPageTrace [ RunTime:0.000958s ]
INFO: [ app_end ] --END-- [ RunTime:0.001257s ]

[ 2017-03-14T20:07:08+08:00 ] ::1 /Xianlaiyizhuan/Home/User/userLogin
INFO: [ app_begin ] --START--
INFO: Run Behavior\ReadHtmlCache [ RunTime:0.000733s ]
INFO: [ app_begin ] --END-- [ RunTime:0.001404s ]

[ 2017-03-14T20:07:41+08:00 ] ::1 /Xianlaiyizhuan/Home/User/idnCheck
INFO: [ app_begin ] --START--
INFO: Run Behavior\ReadHtmlCache [ RunTime:0.000711s ]
INFO: [ app_begin ] --END-- [ RunTime:0.001511s ]
INFO: [ app_end ] --START--
INFO: Run Behavior\ShowPageTrace [ RunTime:0.000768s ]
INFO: [ app_end ] --END-- [ RunTime:0.001047s ]

[ 2017-03-14T20:07:42+08:00 ] ::1 /Xianlaiyizhuan/Home/User/userLogin
INFO: [ app_begin ] --START--
INFO: Run Behavior\ReadHtmlCache [ RunTime:0.001124s ]
INFO: [ app_begin ] --END-- [ RunTime:0.001848s ]

[ 2017-03-14T20:07:43+08:00 ] ::1 /Xianlaiyizhuan/Home/User/userLogin
INFO: [ app_begin ] --START--
INFO: Run Behavior\ReadHtmlCache [ RunTime:0.000639s ]
INFO: [ app_begin ] --END-- [ RunTime:0.001263s ]

[ 2017-03-14T20:07:44+08:00 ] ::1 /Xianlaiyizhuan/Home/User/userLogin
INFO: [ app_begin ] --START--
INFO: Run Behavior\ReadHtmlCache [ RunTime:0.000679s ]
INFO: [ app_begin ] --END-- [ RunTime:0.001454s ]

[ 2017-03-14T20:07:44+08:00 ] ::1 /Xianlaiyizhuan/Home/User/idnCheck
INFO: [ app_begin ] --START--
INFO: Run Behavior\ReadHtmlCache [ RunTime:0.000656s ]
INFO: [ app_begin ] --END-- [ RunTime:0.001288s ]
INFO: [ app_end ] --START--
INFO: Run Behavior\ShowPageTrace [ RunTime:0.001128s ]
INFO: [ app_end ] --END-- [ RunTime:0.001562s ]

[ 2017-03-14T20:07:45+08:00 ] ::1 /Xianlaiyizhuan/Home/User/userLogin
INFO: [ app_begin ] --START--
INFO: Run Behavior\ReadHtmlCache [ RunTime:0.000832s ]
INFO: [ app_begin ] --END-- [ RunTime:0.001559s ]

[ 2017-03-14T20:12:56+08:00 ] ::1 /Xianlaiyizhuan/Home/User/idnCheck
INFO: [ app_begin ] --START--
INFO: Run Behavior\ReadHtmlCache [ RunTime:0.000960s ]
INFO: [ app_begin ] --END-- [ RunTime:0.001967s ]
INFO: [ app_end ] --START--
INFO: Run Behavior\ShowPageTrace [ RunTime:0.000932s ]
INFO: [ app_end ] --END-- [ RunTime:0.001363s ]

[ 2017-03-14T20:12:57+08:00 ] ::1 /Xianlaiyizhuan/Home/User/userLogin
INFO: [ app_begin ] --START--
INFO: Run Behavior\ReadHtmlCache [ RunTime:0.000707s ]
INFO: [ app_begin ] --END-- [ RunTime:0.001499s ]

[ 2017-03-14T20:12:58+08:00 ] ::1 /Xianlaiyizhuan/Home/User/userLogin
INFO: [ app_begin ] --START--
INFO: Run Behavior\ReadHtmlCache [ RunTime:0.000689s ]
INFO: [ app_begin ] --END-- [ RunTime:0.001379s ]

[ 2017-03-14T20:13:03+08:00 ] ::1 /Xianlaiyizhuan/Home/User/userRegister
INFO: [ app_begin ] --START--
INFO: Run Behavior\ReadHtmlCache [ RunTime:0.000679s ]
INFO: [ app_begin ] --END-- [ RunTime:0.001368s ]
NOTIC: [8] A session had already been started - ignoring session_start() F:\PHP Projects\Xianlaiyizhuan\ThinkPHP\Common\functions.php 第 1092 行.
INFO: [ app_end ] --START--
INFO: Run Behavior\ShowPageTrace [ RunTime:0.000936s ]
INFO: [ app_end ] --END-- [ RunTime:0.001310s ]

[ 2017-03-14T20:13:04+08:00 ] ::1 /Xianlaiyizhuan/Home/User/userRegister
INFO: [ app_begin ] --START--
INFO: Run Behavior\ReadHtmlCache [ RunTime:0.000715s ]
INFO: [ app_begin ] --END-- [ RunTime:0.001355s ]
NOTIC: [8] A session had already been started - ignoring session_start() F:\PHP Projects\Xianlaiyizhuan\ThinkPHP\Common\functions.php 第 1092 行.
INFO: [ app_end ] --START--
INFO: Run Behavior\ShowPageTrace [ RunTime:0.001309s ]
INFO: [ app_end ] --END-- [ RunTime:0.001712s ]

[ 2017-03-14T20:13:05+08:00 ] ::1 /Xianlaiyizhuan/Home/User/userRegister
INFO: [ app_begin ] --START--
INFO: Run Behavior\ReadHtmlCache [ RunTime:0.000660s ]
INFO: [ app_begin ] --END-- [ RunTime:0.001298s ]
NOTIC: [8] A session had already been started - ignoring session_start() F:\PHP Projects\Xianlaiyizhuan\ThinkPHP\Common\functions.php 第 1092 行.
INFO: [ app_end ] --START--
INFO: Run Behavior\ShowPageTrace [ RunTime:0.000931s ]
INFO: [ app_end ] --END-- [ RunTime:0.001211s ]

[ 2017-03-14T20:13:05+08:00 ] ::1 /Xianlaiyizhuan/Home/User/userRegister
INFO: [ app_begin ] --START--
INFO: Run Behavior\ReadHtmlCache [ RunTime:0.000662s ]
INFO: [ app_begin ] --END-- [ RunTime:0.001339s ]
NOTIC: [8] A session had already been started - ignoring session_start() F:\PHP Projects\Xianlaiyizhuan\ThinkPHP\Common\functions.php 第 1092 行.
INFO: [ app_end ] --START--
INFO: Run Behavior\ShowPageTrace [ RunTime:0.001215s ]
INFO: [ app_end ] --END-- [ RunTime:0.001509s ]

[ 2017-03-14T20:13:05+08:00 ] ::1 /Xianlaiyizhuan/Home/User/userRegister
INFO: [ app_begin ] --START--
INFO: Run Behavior\ReadHtmlCache [ RunTime:0.000832s ]
INFO: [ app_begin ] --END-- [ RunTime:0.001577s ]
NOTIC: [8] A session had already been started - ignoring session_start() F:\PHP Projects\Xianlaiyizhuan\ThinkPHP\Common\functions.php 第 1092 行.
INFO: [ app_end ] --START--
INFO: Run Behavior\ShowPageTrace [ RunTime:0.000753s ]
INFO: [ app_end ] --END-- [ RunTime:0.001023s ]

[ 2017-03-14T20:13:18+08:00 ] ::1 /Xianlaiyizhuan/Home/User/userRegister
INFO: [ app_begin ] --START--
INFO: Run Behavior\ReadHtmlCache [ RunTime:0.000792s ]
INFO: [ app_begin ] --END-- [ RunTime:0.001480s ]
INFO: [ app_end ] --START--
INFO: Run Behavior\ShowPageTrace [ RunTime:0.000961s ]
INFO: [ app_end ] --END-- [ RunTime:0.001270s ]

[ 2017-03-14T20:13:18+08:00 ] ::1 /Xianlaiyizhuan/Home/User/userRegister
INFO: [ app_begin ] --START--
INFO: Run Behavior\ReadHtmlCache [ RunTime:0.000972s ]
INFO: [ app_begin ] --END-- [ RunTime:0.001813s ]

[ 2017-03-14T20:13:19+08:00 ] ::1 /Xianlaiyizhuan/Home/User/userRegister
INFO: [ app_begin ] --START--
INFO: Run Behavior\ReadHtmlCache [ RunTime:0.001038s ]
INFO: [ app_begin ] --END-- [ RunTime:0.001726s ]

[ 2017-03-14T20:13:19+08:00 ] ::1 /Xianlaiyizhuan/Home/User/userRegister
INFO: [ app_begin ] --START--
INFO: Run Behavior\ReadHtmlCache [ RunTime:0.000664s ]
INFO: [ app_begin ] --END-- [ RunTime:0.001339s ]

[ 2017-03-14T20:13:20+08:00 ] ::1 /Xianlaiyizhuan/Home/User/userRegister
INFO: [ app_begin ] --START--
INFO: Run Behavior\ReadHtmlCache [ RunTime:0.000665s ]
INFO: [ app_begin ] --END-- [ RunTime:0.001438s ]

[ 2017-03-14T20:13:20+08:00 ] ::1 /Xianlaiyizhuan/Home/User/idnCheck
INFO: [ app_begin ] --START--
INFO: Run Behavior\ReadHtmlCache [ RunTime:0.000731s ]
INFO: [ app_begin ] --END-- [ RunTime:0.001548s ]
INFO: [ app_end ] --START--
INFO: Run Behavior\ShowPageTrace [ RunTime:0.000772s ]
INFO: [ app_end ] --END-- [ RunTime:0.001058s ]

[ 2017-03-14T20:13:21+08:00 ] ::1 /Xianlaiyizhuan/Home/User/userRegister
INFO: [ app_begin ] --START--
INFO: Run Behavior\ReadHtmlCache [ RunTime:0.000872s ]
INFO: [ app_begin ] --END-- [ RunTime:0.001860s ]
INFO: [ app_end ] --START--
INFO: Run Behavior\ShowPageTrace [ RunTime:0.001188s ]
INFO: [ app_end ] --END-- [ RunTime:0.001492s ]

[ 2017-03-14T20:13:22+08:00 ] ::1 /Xianlaiyizhuan/Home/User/userRegister
INFO: [ app_begin ] --START--
INFO: Run Behavior\ReadHtmlCache [ RunTime:0.001370s ]
INFO: [ app_begin ] --END-- [ RunTime:0.002501s ]

[ 2017-03-14T20:13:54+08:00 ] ::1 /Xianlaiyizhuan/Home/User/idnCheck
INFO: [ app_begin ] --START--
INFO: Run Behavior\ReadHtmlCache [ RunTime:0.000658s ]
INFO: [ app_begin ] --END-- [ RunTime:0.001308s ]
INFO: [ app_end ] --START--
INFO: Run Behavior\ShowPageTrace [ RunTime:0.000705s ]
INFO: [ app_end ] --END-- [ RunTime:0.000971s ]

[ 2017-03-14T20:13:55+08:00 ] ::1 /Xianlaiyizhuan/Home/User/userRegister
INFO: [ app_begin ] --START--
INFO: Run Behavior\ReadHtmlCache [ RunTime:0.000656s ]
INFO: [ app_begin ] --END-- [ RunTime:0.001301s ]
INFO: [ app_end ] --START--
INFO: Run Behavior\ShowPageTrace [ RunTime:0.001446s ]
INFO: [ app_end ] --END-- [ RunTime:0.001904s ]

[ 2017-03-14T20:13:56+08:00 ] ::1 /Xianlaiyizhuan/Home/User/userRegister
INFO: [ app_begin ] --START--
INFO: Run Behavior\ReadHtmlCache [ RunTime:0.000676s ]
INFO: [ app_begin ] --END-- [ RunTime:0.001421s ]

[ 2017-03-14T20:13:57+08:00 ] ::1 /Xianlaiyizhuan/Home/User/idnCheck
INFO: [ app_begin ] --START--
INFO: Run Behavior\ReadHtmlCache [ RunTime:0.001053s ]
INFO: [ app_begin ] --END-- [ RunTime:0.001964s ]
INFO: [ app_end ] --START--
INFO: Run Behavior\ShowPageTrace [ RunTime:0.000717s ]
INFO: [ app_end ] --END-- [ RunTime:0.000990s ]

[ 2017-03-14T20:13:58+08:00 ] ::1 /Xianlaiyizhuan/Home/User/userRegister
INFO: [ app_begin ] --START--
INFO: Run Behavior\ReadHtmlCache [ RunTime:0.000691s ]
INFO: [ app_begin ] --END-- [ RunTime:0.001381s ]
INFO: [ app_end ] --START--
INFO: Run Behavior\ShowPageTrace [ RunTime:0.000807s ]
INFO: [ app_end ] --END-- [ RunTime:0.001789s ]

[ 2017-03-14T20:28:39+08:00 ] ::1 /Xianlaiyizhuan/Home/Base/test
INFO: [ app_begin ] --START--
INFO: Run Behavior\ReadHtmlCache [ RunTime:0.000822s ]
INFO: [ app_begin ] --END-- [ RunTime:0.001535s ]
NOTIC: [8] Undefined index: db_port F:\PHP Projects\Xianlaiyizhuan\ThinkPHP\Library\Think\Db.class.php 第 127 行.
NOTIC: [8] Undefined index: db_dsn F:\PHP Projects\Xianlaiyizhuan\ThinkPHP\Library\Think\Db.class.php 第 129 行.
NOTIC: [8] Undefined index: db_params F:\PHP Projects\Xianlaiyizhuan\ThinkPHP\Library\Think\Db.class.php 第 130 行.
NOTIC: [8192] mysql_connect(): The mysql extension is deprecated and will be removed in the future: use mysqli or PDO instead F:\PHP Projects\Xianlaiyizhuan\ThinkPHP\Library\Think\Db\Driver\Mysql.class.php 第 52 行.
SQL: SHOW COLUMNS FROM `xlyz_user` [ RunTime:0.011700s ]
INFO: [ app_end ] --START--
INFO: Run Behavior\ShowPageTrace [ RunTime:0.001833s ]
INFO: [ app_end ] --END-- [ RunTime:0.002332s ]

[ 2017-03-14T20:28:55+08:00 ] ::1 /Xianlaiyizhuan/Home/User/idnCheck
INFO: [ app_begin ] --START--
INFO: Run Behavior\ReadHtmlCache [ RunTime:0.000795s ]
INFO: [ app_begin ] --END-- [ RunTime:0.001494s ]
INFO: [ app_end ] --START--
INFO: Run Behavior\ShowPageTrace [ RunTime:0.000938s ]
INFO: [ app_end ] --END-- [ RunTime:0.001252s ]

[ 2017-03-14T20:35:31+08:00 ] ::1 /Xianlaiyizhuan/Home/User/userLogin
INFO: [ app_begin ] --START--
INFO: Run Behavior\ReadHtmlCache [ RunTime:0.001246s ]
INFO: [ app_begin ] --END-- [ RunTime:0.002138s ]

[ 2017-03-14T20:35:56+08:00 ] ::1 /Xianlaiyizhuan/Home/User/userLogin
INFO: [ app_begin ] --START--
INFO: Run Behavior\ReadHtmlCache [ RunTime:0.000966s ]
INFO: [ app_begin ] --END-- [ RunTime:0.001691s ]
NOTIC: [8] Undefined index: db_port F:\PHP Projects\Xianlaiyizhuan\ThinkPHP\Library\Think\Db.class.php 第 127 行.
NOTIC: [8] Undefined index: db_dsn F:\PHP Projects\Xianlaiyizhuan\ThinkPHP\Library\Think\Db.class.php 第 129 行.
NOTIC: [8] Undefined index: db_params F:\PHP Projects\Xianlaiyizhuan\ThinkPHP\Library\Think\Db.class.php 第 130 行.
NOTIC: [8192] mysql_connect(): The mysql extension is deprecated and will be removed in the future: use mysqli or PDO instead F:\PHP Projects\Xianlaiyizhuan\ThinkPHP\Library\Think\Db\Driver\Mysql.class.php 第 52 行.
SQL: SHOW COLUMNS FROM `xlyz_user` [ RunTime:0.013873s ]
SQL: SELECT * FROM `xlyz_user` WHERE ( id_number = 3115002333 and password = e10adc3949ba59abbe56e057f20f883e ) LIMIT 1   [ RunTime:0.019855s ]
ERR: 1054:Unknown column 'e10adc3949ba59abbe56e057f20f883e' in 'where clause'
 [ SQL语句 ] : SELECT * FROM `xlyz_user` WHERE ( id_number = 3115002333 and password = e10adc3949ba59abbe56e057f20f883e ) LIMIT 1  

[ 2017-03-14T20:36:00+08:00 ] ::1 /Xianlaiyizhuan/Home/User/userLogin
INFO: [ app_begin ] --START--
INFO: Run Behavior\ReadHtmlCache [ RunTime:0.000844s ]
INFO: [ app_begin ] --END-- [ RunTime:0.001601s ]
NOTIC: [8] Undefined index: db_port F:\PHP Projects\Xianlaiyizhuan\ThinkPHP\Library\Think\Db.class.php 第 127 行.
NOTIC: [8] Undefined index: db_dsn F:\PHP Projects\Xianlaiyizhuan\ThinkPHP\Library\Think\Db.class.php 第 129 行.
NOTIC: [8] Undefined index: db_params F:\PHP Projects\Xianlaiyizhuan\ThinkPHP\Library\Think\Db.class.php 第 130 行.
NOTIC: [8192] mysql_connect(): The mysql extension is deprecated and will be removed in the future: use mysqli or PDO instead F:\PHP Projects\Xianlaiyizhuan\ThinkPHP\Library\Think\Db\Driver\Mysql.class.php 第 52 行.
SQL: SHOW COLUMNS FROM `xlyz_user` [ RunTime:0.011519s ]
SQL: SELECT * FROM `xlyz_user` WHERE ( id_number = 3115002333 and password = e10adc3949ba59abbe56e057f20f883e ) LIMIT 1   [ RunTime:0.010281s ]
ERR: 1054:Unknown column 'e10adc3949ba59abbe56e057f20f883e' in 'where clause'
 [ SQL语句 ] : SELECT * FROM `xlyz_user` WHERE ( id_number = 3115002333 and password = e10adc3949ba59abbe56e057f20f883e ) LIMIT 1  

[ 2017-03-14T20:36:25+08:00 ] ::1 /Xianlaiyizhuan/Home/User/userLogin
INFO: [ app_begin ] --START--
INFO: Run Behavior\ReadHtmlCache [ RunTime:0.000667s ]
INFO: [ app_begin ] --END-- [ RunTime:0.001348s ]

[ 2017-03-14T20:37:08+08:00 ] ::1 /Xianlaiyizhuan/Home/User/userLogin
INFO: [ app_begin ] --START--
INFO: Run Behavior\ReadHtmlCache [ RunTime:0.000905s ]
INFO: [ app_begin ] --END-- [ RunTime:0.001705s ]
NOTIC: [8] Undefined index: db_port F:\PHP Projects\Xianlaiyizhuan\ThinkPHP\Library\Think\Db.class.php 第 127 行.
NOTIC: [8] Undefined index: db_dsn F:\PHP Projects\Xianlaiyizhuan\ThinkPHP\Library\Think\Db.class.php 第 129 行.
NOTIC: [8] Undefined index: db_params F:\PHP Projects\Xianlaiyizhuan\ThinkPHP\Library\Think\Db.class.php 第 130 行.
NOTIC: [8192] mysql_connect(): The mysql extension is deprecated and will be removed in the future: use mysqli or PDO instead F:\PHP Projects\Xianlaiyizhuan\ThinkPHP\Library\Think\Db\Driver\Mysql.class.php 第 52 行.
SQL: SHOW COLUMNS FROM `xlyz_user` [ RunTime:0.013083s ]
SQL: SELECT * FROM `xlyz_user` WHERE ( id_number = 3115002333 and password = e10adc3949ba59abbe56e057f20f883e ) LIMIT 1   [ RunTime:0.010826s ]
ERR: 1054:Unknown column 'e10adc3949ba59abbe56e057f20f883e' in 'where clause'
 [ SQL语句 ] : SELECT * FROM `xlyz_user` WHERE ( id_number = 3115002333 and password = e10adc3949ba59abbe56e057f20f883e ) LIMIT 1  

[ 2017-03-14T20:37:59+08:00 ] ::1 /Xianlaiyizhuan/Home/User/userLogin
INFO: [ app_begin ] --START--
INFO: Run Behavior\ReadHtmlCache [ RunTime:0.001879s ]
INFO: [ app_begin ] --END-- [ RunTime:0.002852s ]

[ 2017-03-14T20:38:29+08:00 ] ::1 /Xianlaiyizhuan/Home/User/userLogin
INFO: [ app_begin ] --START--
INFO: Run Behavior\ReadHtmlCache [ RunTime:0.000761s ]
INFO: [ app_begin ] --END-- [ RunTime:0.001519s ]

[ 2017-03-14T20:39:10+08:00 ] ::1 /Xianlaiyizhuan/Home/User/userLogin
INFO: [ app_begin ] --START--
INFO: Run Behavior\ReadHtmlCache [ RunTime:0.000677s ]
INFO: [ app_begin ] --END-- [ RunTime:0.001352s ]
NOTIC: [8] Undefined index: db_port F:\PHP Projects\Xianlaiyizhuan\ThinkPHP\Library\Think\Db.class.php 第 127 行.
NOTIC: [8] Undefined index: db_dsn F:\PHP Projects\Xianlaiyizhuan\ThinkPHP\Library\Think\Db.class.php 第 129 行.
NOTIC: [8] Undefined index: db_params F:\PHP Projects\Xianlaiyizhuan\ThinkPHP\Library\Think\Db.class.php 第 130 行.
NOTIC: [8192] mysql_connect(): The mysql extension is deprecated and will be removed in the future: use mysqli or PDO instead F:\PHP Projects\Xianlaiyizhuan\ThinkPHP\Library\Think\Db\Driver\Mysql.class.php 第 52 行.
SQL: SHOW COLUMNS FROM `xlyz_user` [ RunTime:0.014281s ]
SQL: SELECT * FROM `xlyz_user` WHERE ( id_number = 3115002333 and password = e10adc3949ba59abbe56e057f20f883e ) LIMIT 1   [ RunTime:0.011034s ]
ERR: 1054:Unknown column 'e10adc3949ba59abbe56e057f20f883e' in 'where clause'
 [ SQL语句 ] : SELECT * FROM `xlyz_user` WHERE ( id_number = 3115002333 and password = e10adc3949ba59abbe56e057f20f883e ) LIMIT 1  

[ 2017-03-14T20:39:31+08:00 ] ::1 /Xianlaiyizhuan/Home/User/userLogin
INFO: [ app_begin ] --START--
INFO: Run Behavior\ReadHtmlCache [ RunTime:0.000829s ]
INFO: [ app_begin ] --END-- [ RunTime:0.002023s ]
NOTIC: [8] Undefined index: db_port F:\PHP Projects\Xianlaiyizhuan\ThinkPHP\Library\Think\Db.class.php 第 127 行.
NOTIC: [8] Undefined index: db_dsn F:\PHP Projects\Xianlaiyizhuan\ThinkPHP\Library\Think\Db.class.php 第 129 行.
NOTIC: [8] Undefined index: db_params F:\PHP Projects\Xianlaiyizhuan\ThinkPHP\Library\Think\Db.class.php 第 130 行.
NOTIC: [8192] mysql_connect(): The mysql extension is deprecated and will be removed in the future: use mysqli or PDO instead F:\PHP Projects\Xianlaiyizhuan\ThinkPHP\Library\Think\Db\Driver\Mysql.class.php 第 52 行.
SQL: SHOW COLUMNS FROM `xlyz_user` [ RunTime:0.009909s ]
SQL: SELECT * FROM `xlyz_user` WHERE ( id_number = 3115002333 and password = e10adc3949ba59abbe56e057f20f883e ) LIMIT 1   [ RunTime:0.007641s ]
ERR: 1054:Unknown column 'e10adc3949ba59abbe56e057f20f883e' in 'where clause'
 [ SQL语句 ] : SELECT * FROM `xlyz_user` WHERE ( id_number = 3115002333 and password = e10adc3949ba59abbe56e057f20f883e ) LIMIT 1  

[ 2017-03-14T20:40:44+08:00 ] ::1 /Xianlaiyizhuan/Home/User/userLogin
INFO: [ app_begin ] --START--
INFO: Run Behavior\ReadHtmlCache [ RunTime:0.001212s ]
INFO: [ app_begin ] --END-- [ RunTime:0.001992s ]
NOTIC: [8] Undefined index: db_port F:\PHP Projects\Xianlaiyizhuan\ThinkPHP\Library\Think\Db.class.php 第 127 行.
NOTIC: [8] Undefined index: db_dsn F:\PHP Projects\Xianlaiyizhuan\ThinkPHP\Library\Think\Db.class.php 第 129 行.
NOTIC: [8] Undefined index: db_params F:\PHP Projects\Xianlaiyizhuan\ThinkPHP\Library\Think\Db.class.php 第 130 行.
NOTIC: [8192] mysql_connect(): The mysql extension is deprecated and will be removed in the future: use mysqli or PDO instead F:\PHP Projects\Xianlaiyizhuan\ThinkPHP\Library\Think\Db\Driver\Mysql.class.php 第 52 行.
SQL: SHOW COLUMNS FROM `xlyz_user` [ RunTime:0.015151s ]
SQL: SELECT * FROM `xlyz_user` WHERE ( id_number = 3115002333 and password = e10adc3949ba59abbe56e057f20f883e ) LIMIT 1   [ RunTime:0.010017s ]
ERR: 1054:Unknown column 'e10adc3949ba59abbe56e057f20f883e' in 'where clause'
 [ SQL语句 ] : SELECT * FROM `xlyz_user` WHERE ( id_number = 3115002333 and password = e10adc3949ba59abbe56e057f20f883e ) LIMIT 1  

[ 2017-03-14T20:40:54+08:00 ] ::1 /Xianlaiyizhuan/Home/User/userLogin
INFO: [ app_begin ] --START--
INFO: Run Behavior\ReadHtmlCache [ RunTime:0.000775s ]
INFO: [ app_begin ] --END-- [ RunTime:0.001494s ]
NOTIC: [8] Undefined index: db_port F:\PHP Projects\Xianlaiyizhuan\ThinkPHP\Library\Think\Db.class.php 第 127 行.
NOTIC: [8] Undefined index: db_dsn F:\PHP Projects\Xianlaiyizhuan\ThinkPHP\Library\Think\Db.class.php 第 129 行.
NOTIC: [8] Undefined index: db_params F:\PHP Projects\Xianlaiyizhuan\ThinkPHP\Library\Think\Db.class.php 第 130 行.
NOTIC: [8192] mysql_connect(): The mysql extension is deprecated and will be removed in the future: use mysqli or PDO instead F:\PHP Projects\Xianlaiyizhuan\ThinkPHP\Library\Think\Db\Driver\Mysql.class.php 第 52 行.
SQL: SHOW COLUMNS FROM `xlyz_user` [ RunTime:0.012312s ]
SQL: SELECT * FROM `xlyz_user` WHERE ( id_number = 3115002333 and password = e10adc3949ba59abbe56e057f20f883e ) LIMIT 1   [ RunTime:0.013005s ]
ERR: 1054:Unknown column 'e10adc3949ba59abbe56e057f20f883e' in 'where clause'
 [ SQL语句 ] : SELECT * FROM `xlyz_user` WHERE ( id_number = 3115002333 and password = e10adc3949ba59abbe56e057f20f883e ) LIMIT 1  

[ 2017-03-14T20:41:33+08:00 ] ::1 /Xianlaiyizhuan/Home/User/userLogin
INFO: [ app_begin ] --START--
INFO: Run Behavior\ReadHtmlCache [ RunTime:0.000763s ]
INFO: [ app_begin ] --END-- [ RunTime:0.001648s ]
NOTIC: [8] Undefined index: db_port F:\PHP Projects\Xianlaiyizhuan\ThinkPHP\Library\Think\Db.class.php 第 127 行.
NOTIC: [8] Undefined index: db_dsn F:\PHP Projects\Xianlaiyizhuan\ThinkPHP\Library\Think\Db.class.php 第 129 行.
NOTIC: [8] Undefined index: db_params F:\PHP Projects\Xianlaiyizhuan\ThinkPHP\Library\Think\Db.class.php 第 130 行.
NOTIC: [8192] mysql_connect(): The mysql extension is deprecated and will be removed in the future: use mysqli or PDO instead F:\PHP Projects\Xianlaiyizhuan\ThinkPHP\Library\Think\Db\Driver\Mysql.class.php 第 52 行.
SQL: SHOW COLUMNS FROM `xlyz_user` [ RunTime:0.013570s ]
SQL: SELECT * FROM `xlyz_user` WHERE ( id_number = 3115002333 and password = e10adc3949ba59abbe56e057f20f883e ) LIMIT 1   [ RunTime:0.012807s ]
ERR: 1054:Unknown column 'e10adc3949ba59abbe56e057f20f883e' in 'where clause'
 [ SQL语句 ] : SELECT * FROM `xlyz_user` WHERE ( id_number = 3115002333 and password = e10adc3949ba59abbe56e057f20f883e ) LIMIT 1  

[ 2017-03-14T20:42:18+08:00 ] ::1 /Xianlaiyizhuan/Home/User/userLogin
INFO: [ app_begin ] --START--
INFO: Run Behavior\ReadHtmlCache [ RunTime:0.000767s ]
INFO: [ app_begin ] --END-- [ RunTime:0.001464s ]
NOTIC: [8] Undefined index: db_port F:\PHP Projects\Xianlaiyizhuan\ThinkPHP\Library\Think\Db.class.php 第 127 行.
NOTIC: [8] Undefined index: db_dsn F:\PHP Projects\Xianlaiyizhuan\ThinkPHP\Library\Think\Db.class.php 第 129 行.
NOTIC: [8] Undefined index: db_params F:\PHP Projects\Xianlaiyizhuan\ThinkPHP\Library\Think\Db.class.php 第 130 行.
NOTIC: [8192] mysql_connect(): The mysql extension is deprecated and will be removed in the future: use mysqli or PDO instead F:\PHP Projects\Xianlaiyizhuan\ThinkPHP\Library\Think\Db\Driver\Mysql.class.php 第 52 行.
SQL: SHOW COLUMNS FROM `xlyz_user` [ RunTime:0.013529s ]
SQL: SELECT * FROM `xlyz_user` WHERE ( id_number = '3115002333' and password = 'e10adc3949ba59abbe56e057f20f883e' ) LIMIT 1   [ RunTime:0.011579s ]

[ 2017-03-14T20:42:48+08:00 ] ::1 /Xianlaiyizhuan/Home/User/userLogin
INFO: [ app_begin ] --START--
INFO: Run Behavior\ReadHtmlCache [ RunTime:0.001200s ]
INFO: [ app_begin ] --END-- [ RunTime:0.002234s ]
NOTIC: [8] Undefined index: db_port F:\PHP Projects\Xianlaiyizhuan\ThinkPHP\Library\Think\Db.class.php 第 127 行.
NOTIC: [8] Undefined index: db_dsn F:\PHP Projects\Xianlaiyizhuan\ThinkPHP\Library\Think\Db.class.php 第 129 行.
NOTIC: [8] Undefined index: db_params F:\PHP Projects\Xianlaiyizhuan\ThinkPHP\Library\Think\Db.class.php 第 130 行.
NOTIC: [8192] mysql_connect(): The mysql extension is deprecated and will be removed in the future: use mysqli or PDO instead F:\PHP Projects\Xianlaiyizhuan\ThinkPHP\Library\Think\Db\Driver\Mysql.class.php 第 52 行.
SQL: SHOW COLUMNS FROM `xlyz_user` [ RunTime:0.010674s ]
SQL: SELECT * FROM `xlyz_user` WHERE ( id_number = '3115002333' and password = 'e10adc3949ba59abbe56e057f20f883e' ) LIMIT 1   [ RunTime:0.009538s ]

[ 2017-03-14T20:42:52+08:00 ] ::1 /Xianlaiyizhuan/Home/User/userLogin
INFO: [ app_begin ] --START--
INFO: Run Behavior\ReadHtmlCache [ RunTime:0.000651s ]
INFO: [ app_begin ] --END-- [ RunTime:0.001356s ]
NOTIC: [8] Undefined index: db_port F:\PHP Projects\Xianlaiyizhuan\ThinkPHP\Library\Think\Db.class.php 第 127 行.
NOTIC: [8] Undefined index: db_dsn F:\PHP Projects\Xianlaiyizhuan\ThinkPHP\Library\Think\Db.class.php 第 129 行.
NOTIC: [8] Undefined index: db_params F:\PHP Projects\Xianlaiyizhuan\ThinkPHP\Library\Think\Db.class.php 第 130 行.
NOTIC: [8192] mysql_connect(): The mysql extension is deprecated and will be removed in the future: use mysqli or PDO instead F:\PHP Projects\Xianlaiyizhuan\ThinkPHP\Library\Think\Db\Driver\Mysql.class.php 第 52 行.
SQL: SHOW COLUMNS FROM `xlyz_user` [ RunTime:0.009223s ]
SQL: SELECT * FROM `xlyz_user` WHERE ( id_number = '3115002333' and password = 'e10adc3949ba59abbe56e057f20f883e' ) LIMIT 1   [ RunTime:0.008213s ]

[ 2017-03-14T20:42:55+08:00 ] ::1 /Xianlaiyizhuan/Home/User/userLogin
INFO: [ app_begin ] --START--
INFO: Run Behavior\ReadHtmlCache [ RunTime:0.000656s ]
INFO: [ app_begin ] --END-- [ RunTime:0.001344s ]
NOTIC: [8] Undefined index: db_port F:\PHP Projects\Xianlaiyizhuan\ThinkPHP\Library\Think\Db.class.php 第 127 行.
NOTIC: [8] Undefined index: db_dsn F:\PHP Projects\Xianlaiyizhuan\ThinkPHP\Library\Think\Db.class.php 第 129 行.
NOTIC: [8] Undefined index: db_params F:\PHP Projects\Xianlaiyizhuan\ThinkPHP\Library\Think\Db.class.php 第 130 行.
NOTIC: [8192] mysql_connect(): The mysql extension is deprecated and will be removed in the future: use mysqli or PDO instead F:\PHP Projects\Xianlaiyizhuan\ThinkPHP\Library\Think\Db\Driver\Mysql.class.php 第 52 行.
SQL: SHOW COLUMNS FROM `xlyz_user` [ RunTime:0.017733s ]
SQL: SELECT * FROM `xlyz_user` WHERE ( id_number = '3115002333' and password = 'e10adc3949ba59abbe56e057f20f883e' ) LIMIT 1   [ RunTime:0.014268s ]

[ 2017-03-14T20:43:02+08:00 ] ::1 /Xianlaiyizhuan/Home/User/userLogin
INFO: [ app_begin ] --START--
INFO: Run Behavior\ReadHtmlCache [ RunTime:0.000636s ]
INFO: [ app_begin ] --END-- [ RunTime:0.001289s ]
NOTIC: [8] Undefined index: db_port F:\PHP Projects\Xianlaiyizhuan\ThinkPHP\Library\Think\Db.class.php 第 127 行.
NOTIC: [8] Undefined index: db_dsn F:\PHP Projects\Xianlaiyizhuan\ThinkPHP\Library\Think\Db.class.php 第 129 行.
NOTIC: [8] Undefined index: db_params F:\PHP Projects\Xianlaiyizhuan\ThinkPHP\Library\Think\Db.class.php 第 130 行.
NOTIC: [8192] mysql_connect(): The mysql extension is deprecated and will be removed in the future: use mysqli or PDO instead F:\PHP Projects\Xianlaiyizhuan\ThinkPHP\Library\Think\Db\Driver\Mysql.class.php 第 52 行.
SQL: SHOW COLUMNS FROM `xlyz_user` [ RunTime:0.012685s ]
SQL: SELECT * FROM `xlyz_user` WHERE ( id_number = '3115002333' and password = 'aaa42296669b958c3cee6c0475c8093e' ) LIMIT 1   [ RunTime:0.009834s ]

[ 2017-03-14T20:43:06+08:00 ] ::1 /Xianlaiyizhuan/Home/User/userLogin
INFO: [ app_begin ] --START--
INFO: Run Behavior\ReadHtmlCache [ RunTime:0.000699s ]
INFO: [ app_begin ] --END-- [ RunTime:0.001454s ]
NOTIC: [8] Undefined index: db_port F:\PHP Projects\Xianlaiyizhuan\ThinkPHP\Library\Think\Db.class.php 第 127 行.
NOTIC: [8] Undefined index: db_dsn F:\PHP Projects\Xianlaiyizhuan\ThinkPHP\Library\Think\Db.class.php 第 129 行.
NOTIC: [8] Undefined index: db_params F:\PHP Projects\Xianlaiyizhuan\ThinkPHP\Library\Think\Db.class.php 第 130 行.
NOTIC: [8192] mysql_connect(): The mysql extension is deprecated and will be removed in the future: use mysqli or PDO instead F:\PHP Projects\Xianlaiyizhuan\ThinkPHP\Library\Think\Db\Driver\Mysql.class.php 第 52 行.
SQL: SHOW COLUMNS FROM `xlyz_user` [ RunTime:0.013084s ]
SQL: SELECT * FROM `xlyz_user` WHERE ( id_number = '3115002333' and password = 'e10adc3949ba59abbe56e057f20f883e' ) LIMIT 1   [ RunTime:0.011671s ]

[ 2017-03-14T20:43:10+08:00 ] ::1 /Xianlaiyizhuan/Home/User/userLogin
INFO: [ app_begin ] --START--
INFO: Run Behavior\ReadHtmlCache [ RunTime:0.000957s ]
INFO: [ app_begin ] --END-- [ RunTime:0.001884s ]
NOTIC: [8] Undefined index: db_port F:\PHP Projects\Xianlaiyizhuan\ThinkPHP\Library\Think\Db.class.php 第 127 行.
NOTIC: [8] Undefined index: db_dsn F:\PHP Projects\Xianlaiyizhuan\ThinkPHP\Library\Think\Db.class.php 第 129 行.
NOTIC: [8] Undefined index: db_params F:\PHP Projects\Xianlaiyizhuan\ThinkPHP\Library\Think\Db.class.php 第 130 行.
NOTIC: [8192] mysql_connect(): The mysql extension is deprecated and will be removed in the future: use mysqli or PDO instead F:\PHP Projects\Xianlaiyizhuan\ThinkPHP\Library\Think\Db\Driver\Mysql.class.php 第 52 行.
SQL: SHOW COLUMNS FROM `xlyz_user` [ RunTime:0.014734s ]
SQL: SELECT * FROM `xlyz_user` WHERE ( id_number = '3115002333' and password = '827ccb0eea8a706c4c34a16891f84e7b' ) LIMIT 1   [ RunTime:0.013773s ]

[ 2017-03-14T20:43:13+08:00 ] ::1 /Xianlaiyizhuan/Home/User/userLogin
INFO: [ app_begin ] --START--
INFO: Run Behavior\ReadHtmlCache [ RunTime:0.001297s ]
INFO: [ app_begin ] --END-- [ RunTime:0.002576s ]

[ 2017-03-14T20:47:15+08:00 ] ::1 /Xianlaiyizhuan/Home/User/userLogin
INFO: [ app_begin ] --START--
INFO: Run Behavior\ReadHtmlCache [ RunTime:0.000891s ]
INFO: [ app_begin ] --END-- [ RunTime:0.001900s ]
NOTIC: [8] Undefined index: db_port F:\PHP Projects\Xianlaiyizhuan\ThinkPHP\Library\Think\Db.class.php 第 127 行.
NOTIC: [8] Undefined index: db_dsn F:\PHP Projects\Xianlaiyizhuan\ThinkPHP\Library\Think\Db.class.php 第 129 行.
NOTIC: [8] Undefined index: db_params F:\PHP Projects\Xianlaiyizhuan\ThinkPHP\Library\Think\Db.class.php 第 130 行.
NOTIC: [8192] mysql_connect(): The mysql extension is deprecated and will be removed in the future: use mysqli or PDO instead F:\PHP Projects\Xianlaiyizhuan\ThinkPHP\Library\Think\Db\Driver\Mysql.class.php 第 52 行.
SQL: SHOW COLUMNS FROM `xlyz_user` [ RunTime:0.016132s ]
SQL: SELECT * FROM `xlyz_user` WHERE ( id_number = '3115002333' and password = '202cb962ac59075b964b07152d234b70' ) LIMIT 1   [ RunTime:0.013506s ]

[ 2017-03-14T20:47:20+08:00 ] ::1 /Xianlaiyizhuan/Home/User/userLogin
INFO: [ app_begin ] --START--
INFO: Run Behavior\ReadHtmlCache [ RunTime:0.000784s ]
INFO: [ app_begin ] --END-- [ RunTime:0.001583s ]
NOTIC: [8] Undefined index: db_port F:\PHP Projects\Xianlaiyizhuan\ThinkPHP\Library\Think\Db.class.php 第 127 行.
NOTIC: [8] Undefined index: db_dsn F:\PHP Projects\Xianlaiyizhuan\ThinkPHP\Library\Think\Db.class.php 第 129 行.
NOTIC: [8] Undefined index: db_params F:\PHP Projects\Xianlaiyizhuan\ThinkPHP\Library\Think\Db.class.php 第 130 行.
NOTIC: [8192] mysql_connect(): The mysql extension is deprecated and will be removed in the future: use mysqli or PDO instead F:\PHP Projects\Xianlaiyizhuan\ThinkPHP\Library\Think\Db\Driver\Mysql.class.php 第 52 行.
SQL: SHOW COLUMNS FROM `xlyz_user` [ RunTime:0.011344s ]
SQL: SELECT * FROM `xlyz_user` WHERE ( id_number = '3115002333' and password = 'e10adc3949ba59abbe56e057f20f883e' ) LIMIT 1   [ RunTime:0.009822s ]

[ 2017-03-14T20:47:28+08:00 ] ::1 /Xianlaiyizhuan/Home/User/userLogin
INFO: [ app_begin ] --START--
INFO: Run Behavior\ReadHtmlCache [ RunTime:0.001078s ]
INFO: [ app_begin ] --END-- [ RunTime:0.004224s ]
NOTIC: [8] Undefined index: db_port F:\PHP Projects\Xianlaiyizhuan\ThinkPHP\Library\Think\Db.class.php 第 127 行.
NOTIC: [8] Undefined index: db_dsn F:\PHP Projects\Xianlaiyizhuan\ThinkPHP\Library\Think\Db.class.php 第 129 行.
NOTIC: [8] Undefined index: db_params F:\PHP Projects\Xianlaiyizhuan\ThinkPHP\Library\Think\Db.class.php 第 130 行.
NOTIC: [8192] mysql_connect(): The mysql extension is deprecated and will be removed in the future: use mysqli or PDO instead F:\PHP Projects\Xianlaiyizhuan\ThinkPHP\Library\Think\Db\Driver\Mysql.class.php 第 52 行.
SQL: SHOW COLUMNS FROM `xlyz_user` [ RunTime:0.014699s ]
SQL: SELECT * FROM `xlyz_user` WHERE ( id_number = '3115002333' and password = 'e10adc3949ba59abbe56e057f20f883e' ) LIMIT 1   [ RunTime:0.012736s ]

[ 2017-03-14T20:47:51+08:00 ] ::1 /Xianlaiyizhuan/Home/User/userLogin
INFO: [ app_begin ] --START--
INFO: Run Behavior\ReadHtmlCache [ RunTime:0.001136s ]
INFO: [ app_begin ] --END-- [ RunTime:0.002413s ]
NOTIC: [8] Undefined index: db_port F:\PHP Projects\Xianlaiyizhuan\ThinkPHP\Library\Think\Db.class.php 第 127 行.
NOTIC: [8] Undefined index: db_dsn F:\PHP Projects\Xianlaiyizhuan\ThinkPHP\Library\Think\Db.class.php 第 129 行.
NOTIC: [8] Undefined index: db_params F:\PHP Projects\Xianlaiyizhuan\ThinkPHP\Library\Think\Db.class.php 第 130 行.
NOTIC: [8192] mysql_connect(): The mysql extension is deprecated and will be removed in the future: use mysqli or PDO instead F:\PHP Projects\Xianlaiyizhuan\ThinkPHP\Library\Think\Db\Driver\Mysql.class.php 第 52 行.
SQL: SHOW COLUMNS FROM `xlyz_user` [ RunTime:0.018221s ]
SQL: SELECT * FROM `xlyz_user` WHERE ( id_number = '3115002333' and password = 'e10adc3949ba59abbe56e057f20f883e' ) LIMIT 1   [ RunTime:0.014246s ]

[ 2017-03-14T20:49:03+08:00 ] ::1 /Xianlaiyizhuan/Home/User/userLogin
INFO: [ app_begin ] --START--
INFO: Run Behavior\ReadHtmlCache [ RunTime:0.000642s ]
INFO: [ app_begin ] --END-- [ RunTime:0.001330s ]
NOTIC: [8] Undefined index: db_port F:\PHP Projects\Xianlaiyizhuan\ThinkPHP\Library\Think\Db.class.php 第 127 行.
NOTIC: [8] Undefined index: db_dsn F:\PHP Projects\Xianlaiyizhuan\ThinkPHP\Library\Think\Db.class.php 第 129 行.
NOTIC: [8] Undefined index: db_params F:\PHP Projects\Xianlaiyizhuan\ThinkPHP\Library\Think\Db.class.php 第 130 行.
NOTIC: [8192] mysql_connect(): The mysql extension is deprecated and will be removed in the future: use mysqli or PDO instead F:\PHP Projects\Xianlaiyizhuan\ThinkPHP\Library\Think\Db\Driver\Mysql.class.php 第 52 行.
SQL: SHOW COLUMNS FROM `xlyz_user` [ RunTime:0.012469s ]
SQL: SELECT * FROM `xlyz_user` WHERE ( id_number = '3115002333' and password = 'e10adc3949ba59abbe56e057f20f883e' ) LIMIT 1   [ RunTime:0.010188s ]

[ 2017-03-14T20:50:07+08:00 ] ::1 /Xianlaiyizhuan/Home/User/userLogin
INFO: [ app_begin ] --START--
INFO: Run Behavior\ReadHtmlCache [ RunTime:0.000796s ]
INFO: [ app_begin ] --END-- [ RunTime:0.001534s ]
NOTIC: [8] Undefined index: db_port F:\PHP Projects\Xianlaiyizhuan\ThinkPHP\Library\Think\Db.class.php 第 127 行.
NOTIC: [8] Undefined index: db_dsn F:\PHP Projects\Xianlaiyizhuan\ThinkPHP\Library\Think\Db.class.php 第 129 行.
NOTIC: [8] Undefined index: db_params F:\PHP Projects\Xianlaiyizhuan\ThinkPHP\Library\Think\Db.class.php 第 130 行.
NOTIC: [8192] mysql_connect(): The mysql extension is deprecated and will be removed in the future: use mysqli or PDO instead F:\PHP Projects\Xianlaiyizhuan\ThinkPHP\Library\Think\Db\Driver\Mysql.class.php 第 52 行.
SQL: SHOW COLUMNS FROM `xlyz_user` [ RunTime:0.010675s ]
SQL: SELECT * FROM `xlyz_user` WHERE ( id_number = '3115002333' and password = 'e10adc3949ba59abbe56e057f20f883e' ) LIMIT 1   [ RunTime:0.008043s ]

[ 2017-03-14T20:50:12+08:00 ] ::1 /Xianlaiyizhuan/Home/User/userLogin
INFO: [ app_begin ] --START--
INFO: Run Behavior\ReadHtmlCache [ RunTime:0.000900s ]
INFO: [ app_begin ] --END-- [ RunTime:0.001847s ]
NOTIC: [8] Undefined index: db_port F:\PHP Projects\Xianlaiyizhuan\ThinkPHP\Library\Think\Db.class.php 第 127 行.
NOTIC: [8] Undefined index: db_dsn F:\PHP Projects\Xianlaiyizhuan\ThinkPHP\Library\Think\Db.class.php 第 129 行.
NOTIC: [8] Undefined index: db_params F:\PHP Projects\Xianlaiyizhuan\ThinkPHP\Library\Think\Db.class.php 第 130 行.
NOTIC: [8192] mysql_connect(): The mysql extension is deprecated and will be removed in the future: use mysqli or PDO instead F:\PHP Projects\Xianlaiyizhuan\ThinkPHP\Library\Think\Db\Driver\Mysql.class.php 第 52 行.
SQL: SHOW COLUMNS FROM `xlyz_user` [ RunTime:0.010416s ]
SQL: SELECT * FROM `xlyz_user` WHERE ( id_number = '3115002333' and password = 'e10adc3949ba59abbe56e057f20f883e' ) LIMIT 1   [ RunTime:0.009152s ]

[ 2017-03-14T20:51:46+08:00 ] ::1 /Xianlaiyizhuan/Home/User/getUserInfo
INFO: [ app_begin ] --START--
INFO: Run Behavior\ReadHtmlCache [ RunTime:0.000882s ]
INFO: [ app_begin ] --END-- [ RunTime:0.001593s ]

[ 2017-03-14T20:52:00+08:00 ] ::1 /Xianlaiyizhuan/Home/User/userLogin
INFO: [ app_begin ] --START--
INFO: Run Behavior\ReadHtmlCache [ RunTime:0.000715s ]
INFO: [ app_begin ] --END-- [ RunTime:0.001510s ]
NOTIC: [8] Undefined index: db_port F:\PHP Projects\Xianlaiyizhuan\ThinkPHP\Library\Think\Db.class.php 第 127 行.
NOTIC: [8] Undefined index: db_dsn F:\PHP Projects\Xianlaiyizhuan\ThinkPHP\Library\Think\Db.class.php 第 129 行.
NOTIC: [8] Undefined index: db_params F:\PHP Projects\Xianlaiyizhuan\ThinkPHP\Library\Think\Db.class.php 第 130 行.
NOTIC: [8192] mysql_connect(): The mysql extension is deprecated and will be removed in the future: use mysqli or PDO instead F:\PHP Projects\Xianlaiyizhuan\ThinkPHP\Library\Think\Db\Driver\Mysql.class.php 第 52 行.
SQL: SHOW COLUMNS FROM `xlyz_user` [ RunTime:0.011501s ]
SQL: SELECT * FROM `xlyz_user` WHERE ( id_number = '3115002333' and password = 'e10adc3949ba59abbe56e057f20f883e' ) LIMIT 1   [ RunTime:0.008851s ]

[ 2017-03-14T20:52:02+08:00 ] ::1 /Xianlaiyizhuan/Home/User/getUserInfo
INFO: [ app_begin ] --START--
INFO: Run Behavior\ReadHtmlCache [ RunTime:0.000691s ]
INFO: [ app_begin ] --END-- [ RunTime:0.001430s ]

[ 2017-03-14T20:52:03+08:00 ] ::1 /Xianlaiyizhuan/Home/User/getUserInfo
INFO: [ app_begin ] --START--
INFO: Run Behavior\ReadHtmlCache [ RunTime:0.000648s ]
INFO: [ app_begin ] --END-- [ RunTime:0.001291s ]

[ 2017-03-14T20:52:03+08:00 ] ::1 /Xianlaiyizhuan/Home/User/getUserInfo
INFO: [ app_begin ] --START--
INFO: Run Behavior\ReadHtmlCache [ RunTime:0.000732s ]
INFO: [ app_begin ] --END-- [ RunTime:0.001381s ]

[ 2017-03-14T20:52:04+08:00 ] ::1 /Xianlaiyizhuan/Home/User/getUserInfo
INFO: [ app_begin ] --START--
INFO: Run Behavior\ReadHtmlCache [ RunTime:0.000639s ]
INFO: [ app_begin ] --END-- [ RunTime:0.001337s ]

[ 2017-03-14T20:53:14+08:00 ] ::1 /Xianlaiyizhuan/Home/User/userLogin
INFO: [ app_begin ] --START--
INFO: Run Behavior\ReadHtmlCache [ RunTime:0.000638s ]
INFO: [ app_begin ] --END-- [ RunTime:0.001301s ]
NOTIC: [8] Undefined index: db_port F:\PHP Projects\Xianlaiyizhuan\ThinkPHP\Library\Think\Db.class.php 第 127 行.
NOTIC: [8] Undefined index: db_dsn F:\PHP Projects\Xianlaiyizhuan\ThinkPHP\Library\Think\Db.class.php 第 129 行.
NOTIC: [8] Undefined index: db_params F:\PHP Projects\Xianlaiyizhuan\ThinkPHP\Library\Think\Db.class.php 第 130 行.
NOTIC: [8192] mysql_connect(): The mysql extension is deprecated and will be removed in the future: use mysqli or PDO instead F:\PHP Projects\Xianlaiyizhuan\ThinkPHP\Library\Think\Db\Driver\Mysql.class.php 第 52 行.
SQL: SHOW COLUMNS FROM `xlyz_user` [ RunTime:0.013212s ]
SQL: SELECT * FROM `xlyz_user` WHERE ( id_number = '3115002333' and password = 'e10adc3949ba59abbe56e057f20f883e' ) LIMIT 1   [ RunTime:0.012802s ]

[ 2017-03-14T20:53:15+08:00 ] ::1 /Xianlaiyizhuan/Home/User/getUserInfo
INFO: [ app_begin ] --START--
INFO: Run Behavior\ReadHtmlCache [ RunTime:0.000715s ]
INFO: [ app_begin ] --END-- [ RunTime:0.001431s ]

[ 2017-03-14T20:53:16+08:00 ] ::1 /Xianlaiyizhuan/Home/User/getUserInfo
INFO: [ app_begin ] --START--
INFO: Run Behavior\ReadHtmlCache [ RunTime:0.000656s ]
INFO: [ app_begin ] --END-- [ RunTime:0.001305s ]

[ 2017-03-14T21:07:40+08:00 ] ::1 /Xianlaiyizhuan/Home/User/getUserInfo
INFO: [ app_begin ] --START--
INFO: Run Behavior\ReadHtmlCache [ RunTime:0.000792s ]
INFO: [ app_begin ] --END-- [ RunTime:0.001520s ]
NOTIC: [8] Undefined index: db_port F:\PHP Projects\Xianlaiyizhuan\ThinkPHP\Library\Think\Db.class.php 第 127 行.
NOTIC: [8] Undefined index: db_dsn F:\PHP Projects\Xianlaiyizhuan\ThinkPHP\Library\Think\Db.class.php 第 129 行.
NOTIC: [8] Undefined index: db_params F:\PHP Projects\Xianlaiyizhuan\ThinkPHP\Library\Think\Db.class.php 第 130 行.
NOTIC: [8192] mysql_connect(): The mysql extension is deprecated and will be removed in the future: use mysqli or PDO instead F:\PHP Projects\Xianlaiyizhuan\ThinkPHP\Library\Think\Db\Driver\Mysql.class.php 第 52 行.
SQL: SHOW COLUMNS FROM `xlyz_user` [ RunTime:0.013175s ]
SQL: SELECT * FROM `xlyz_user` WHERE ( id = 1 ) LIMIT 1   [ RunTime:0.010164s ]

[ 2017-03-14T22:04:14+08:00 ] ::1 /Xianlaiyizhuan/Home/User/idnCheck
INFO: [ app_begin ] --START--
INFO: Run Behavior\ReadHtmlCache [ RunTime:0.001737s ]
INFO: [ app_begin ] --END-- [ RunTime:0.002853s ]
INFO: [ app_end ] --START--
INFO: Run Behavior\ShowPageTrace [ RunTime:0.012710s ]
INFO: [ app_end ] --END-- [ RunTime:0.013252s ]

[ 2017-03-14T22:06:10+08:00 ] ::1 /Xianlaiyizhuan/Home/Base/test
INFO: [ app_begin ] --START--
INFO: Run Behavior\ReadHtmlCache [ RunTime:0.000683s ]
INFO: [ app_begin ] --END-- [ RunTime:0.001798s ]
INFO: [ app_end ] --START--
INFO: Run Behavior\ShowPageTrace [ RunTime:0.004718s ]
INFO: [ app_end ] --END-- [ RunTime:0.005297s ]

[ 2017-03-14T22:06:43+08:00 ] ::1 /Xianlaiyizhuan/Home/Base/test
INFO: [ app_begin ] --START--
INFO: Run Behavior\ReadHtmlCache [ RunTime:0.000892s ]
INFO: [ app_begin ] --END-- [ RunTime:0.001673s ]
INFO: [ app_end ] --START--
INFO: Run Behavior\ShowPageTrace [ RunTime:0.000899s ]
INFO: [ app_end ] --END-- [ RunTime:0.001187s ]

[ 2017-03-14T22:09:27+08:00 ] ::1 /Xianlaiyizhuan/Home/Base/test
INFO: [ app_begin ] --START--
INFO: Run Behavior\ReadHtmlCache [ RunTime:0.001691s ]
INFO: [ app_begin ] --END-- [ RunTime:0.002518s ]
INFO: [ app_end ] --START--
INFO: Run Behavior\ShowPageTrace [ RunTime:0.000981s ]
INFO: [ app_end ] --END-- [ RunTime:0.020212s ]

[ 2017-03-14T22:09:53+08:00 ] ::1 /Xianlaiyizhuan/Home/Base/test
INFO: [ app_begin ] --START--
INFO: Run Behavior\ReadHtmlCache [ RunTime:0.001032s ]
INFO: [ app_begin ] --END-- [ RunTime:0.001990s ]

[ 2017-03-14T22:11:08+08:00 ] ::1 /Xianlaiyizhuan/Home/Base/test
INFO: [ app_begin ] --START--
INFO: Run Behavior\ReadHtmlCache [ RunTime:0.002279s ]
INFO: [ app_begin ] --END-- [ RunTime:0.003367s ]

[ 2017-03-14T22:11:09+08:00 ] ::1 /Xianlaiyizhuan/Home/Base/test
INFO: [ app_begin ] --START--
INFO: Run Behavior\ReadHtmlCache [ RunTime:0.000743s ]
INFO: [ app_begin ] --END-- [ RunTime:0.001434s ]

[ 2017-03-14T22:35:35+08:00 ] ::1 /Xianlaiyizhuan/Home/Base/test
INFO: [ app_begin ] --START--
INFO: Run Behavior\ReadHtmlCache [ RunTime:0.000857s ]
INFO: [ app_begin ] --END-- [ RunTime:0.001600s ]
INFO: [ app_end ] --START--
INFO: Run Behavior\ShowPageTrace [ RunTime:0.001067s ]
INFO: [ app_end ] --END-- [ RunTime:0.001389s ]

[ 2017-03-14T22:35:59+08:00 ] ::1 /Xianlaiyizhuan/Home/Base/test
INFO: [ app_begin ] --START--
INFO: Run Behavior\ReadHtmlCache [ RunTime:0.001135s ]
INFO: [ app_begin ] --END-- [ RunTime:0.001890s ]
INFO: [ app_end ] --START--
INFO: Run Behavior\ShowPageTrace [ RunTime:0.002283s ]
INFO: [ app_end ] --END-- [ RunTime:0.002864s ]

[ 2017-03-14T22:36:13+08:00 ] ::1 /Xianlaiyizhuan/Home/Base/test
INFO: [ app_begin ] --START--
INFO: Run Behavior\ReadHtmlCache [ RunTime:0.000705s ]
INFO: [ app_begin ] --END-- [ RunTime:0.001517s ]
INFO: [ app_end ] --START--
INFO: Run Behavior\ShowPageTrace [ RunTime:0.000911s ]
INFO: [ app_end ] --END-- [ RunTime:0.001534s ]

[ 2017-03-14T22:36:23+08:00 ] ::1 /Xianlaiyizhuan/Home/Base/test
INFO: [ app_begin ] --START--
INFO: Run Behavior\ReadHtmlCache [ RunTime:0.000653s ]
INFO: [ app_begin ] --END-- [ RunTime:0.001426s ]
INFO: [ app_end ] --START--
INFO: Run Behavior\ShowPageTrace [ RunTime:0.000952s ]
INFO: [ app_end ] --END-- [ RunTime:0.001290s ]

[ 2017-03-14T22:38:48+08:00 ] ::1 /Xianlaiyizhuan/Home/Base/test
INFO: [ app_begin ] --START--
INFO: Run Behavior\ReadHtmlCache [ RunTime:0.000864s ]
INFO: [ app_begin ] --END-- [ RunTime:0.001726s ]
INFO: [ app_end ] --START--
INFO: Run Behavior\ShowPageTrace [ RunTime:0.002106s ]
INFO: [ app_end ] --END-- [ RunTime:0.003298s ]

[ 2017-03-14T22:38:48+08:00 ] ::1 /Xianlaiyizhuan/Home/Base/Style.css
INFO: [ app_begin ] --START--
INFO: Run Behavior\ReadHtmlCache [ RunTime:0.000721s ]
INFO: [ app_begin ] --END-- [ RunTime:0.001439s ]
ERR: 非法操作:style.css

[ 2017-03-14T22:38:48+08:00 ] ::1 /Xianlaiyizhuan/Home/Base/disable.js
INFO: [ app_begin ] --START--
INFO: Run Behavior\ReadHtmlCache [ RunTime:0.001048s ]
INFO: [ app_begin ] --END-- [ RunTime:0.001801s ]
ERR: 非法操作:disable.js

[ 2017-03-14T22:39:56+08:00 ] ::1 /Xianlaiyizhuan/Home/Base/test
INFO: [ app_begin ] --START--
INFO: Run Behavior\ReadHtmlCache [ RunTime:0.000895s ]
INFO: [ app_begin ] --END-- [ RunTime:0.002433s ]
INFO: [ app_end ] --START--
INFO: Run Behavior\ShowPageTrace [ RunTime:0.001129s ]
INFO: [ app_end ] --END-- [ RunTime:0.001489s ]

[ 2017-03-14T22:39:56+08:00 ] ::1 /Xianlaiyizhuan/Home/Base/Style.css
INFO: [ app_begin ] --START--
INFO: Run Behavior\ReadHtmlCache [ RunTime:0.000953s ]
INFO: [ app_begin ] --END-- [ RunTime:0.002315s ]
ERR: 非法操作:style.css

[ 2017-03-14T22:39:56+08:00 ] ::1 /Xianlaiyizhuan/Home/Base/disable.js
INFO: [ app_begin ] --START--
INFO: Run Behavior\ReadHtmlCache [ RunTime:0.000732s ]
INFO: [ app_begin ] --END-- [ RunTime:0.001565s ]
ERR: 非法操作:disable.js

[ 2017-03-14T22:40:45+08:00 ] ::1 /Xianlaiyizhuan/Home/Base/test
INFO: [ app_begin ] --START--
INFO: Run Behavior\ReadHtmlCache [ RunTime:0.000801s ]
INFO: [ app_begin ] --END-- [ RunTime:0.001463s ]
INFO: [ app_end ] --START--
INFO: Run Behavior\ShowPageTrace [ RunTime:0.001447s ]
INFO: [ app_end ] --END-- [ RunTime:0.002163s ]

[ 2017-03-14T22:40:45+08:00 ] ::1 /Xianlaiyizhuan/Home/Base/disable.js
INFO: [ app_begin ] --START--
INFO: Run Behavior\ReadHtmlCache [ RunTime:0.000770s ]
INFO: [ app_begin ] --END-- [ RunTime:0.001596s ]
ERR: 非法操作:disable.js

[ 2017-03-14T22:40:45+08:00 ] ::1 /Xianlaiyizhuan/Home/Base/Style.css
INFO: [ app_begin ] --START--
INFO: Run Behavior\ReadHtmlCache [ RunTime:0.000925s ]
INFO: [ app_begin ] --END-- [ RunTime:0.072749s ]
ERR: 非法操作:style.css

[ 2017-03-14T22:41:02+08:00 ] ::1 /Xianlaiyizhuan/Home/Base/test
INFO: [ app_begin ] --START--
INFO: Run Behavior\ReadHtmlCache [ RunTime:0.000812s ]
INFO: [ app_begin ] --END-- [ RunTime:0.002013s ]
INFO: [ app_end ] --START--
INFO: Run Behavior\ShowPageTrace [ RunTime:0.001081s ]
INFO: [ app_end ] --END-- [ RunTime:0.001414s ]

[ 2017-03-14T22:41:45+08:00 ] ::1 /Xianlaiyizhuan/Home/Base/test
INFO: [ app_begin ] --START--
INFO: Run Behavior\ReadHtmlCache [ RunTime:0.001246s ]
INFO: [ app_begin ] --END-- [ RunTime:0.002489s ]
INFO: [ app_end ] --START--
INFO: Run Behavior\ShowPageTrace [ RunTime:0.001435s ]
INFO: [ app_end ] --END-- [ RunTime:0.002056s ]

[ 2017-03-14T22:41:50+08:00 ] ::1 /Xianlaiyizhuan/Home/Base/test
INFO: [ app_begin ] --START--
INFO: Run Behavior\ReadHtmlCache [ RunTime:0.001487s ]
INFO: [ app_begin ] --END-- [ RunTime:0.004437s ]
INFO: [ app_end ] --START--
INFO: Run Behavior\ShowPageTrace [ RunTime:0.000975s ]
INFO: [ app_end ] --END-- [ RunTime:0.001269s ]

[ 2017-03-14T22:41:50+08:00 ] ::1 /Xianlaiyizhuan/Home/Base/Style.css
INFO: [ app_begin ] --START--
INFO: Run Behavior\ReadHtmlCache [ RunTime:0.000753s ]
INFO: [ app_begin ] --END-- [ RunTime:0.001508s ]
ERR: 非法操作:style.css

[ 2017-03-14T22:41:50+08:00 ] ::1 /Xianlaiyizhuan/Home/Base/disable.js
INFO: [ app_begin ] --START--
INFO: Run Behavior\ReadHtmlCache [ RunTime:0.000713s ]
INFO: [ app_begin ] --END-- [ RunTime:0.001381s ]
ERR: 非法操作:disable.js

[ 2017-03-14T22:44:42+08:00 ] ::1 /Xianlaiyizhuan/Home/Base/test
INFO: [ app_begin ] --START--
INFO: Run Behavior\ReadHtmlCache [ RunTime:0.000856s ]
INFO: [ app_begin ] --END-- [ RunTime:0.001684s ]
INFO: [ app_end ] --START--
INFO: Run Behavior\ShowPageTrace [ RunTime:0.001971s ]
INFO: [ app_end ] --END-- [ RunTime:0.002522s ]

[ 2017-03-14T22:46:52+08:00 ] ::1 /Xianlaiyizhuan/Home/Base/test
INFO: [ app_begin ] --START--
INFO: Run Behavior\ReadHtmlCache [ RunTime:0.001250s ]
INFO: [ app_begin ] --END-- [ RunTime:0.002453s ]
INFO: [ app_end ] --START--
INFO: Run Behavior\ShowPageTrace [ RunTime:0.000917s ]
INFO: [ app_end ] --END-- [ RunTime:0.001209s ]

[ 2017-03-14T22:46:52+08:00 ] ::1 /Xianlaiyizhuan/Home/Base/Style.css
INFO: [ app_begin ] --START--
INFO: Run Behavior\ReadHtmlCache [ RunTime:0.000870s ]
INFO: [ app_begin ] --END-- [ RunTime:0.002891s ]
ERR: 非法操作:style.css

[ 2017-03-14T22:46:52+08:00 ] ::1 /Xianlaiyizhuan/Home/Base/disable.js
INFO: [ app_begin ] --START--
INFO: Run Behavior\ReadHtmlCache [ RunTime:0.000831s ]
INFO: [ app_begin ] --END-- [ RunTime:0.001542s ]
ERR: 非法操作:disable.js

[ 2017-03-14T22:53:33+08:00 ] ::1 /Xianlaiyizhuan/Home/Base/test
INFO: [ app_begin ] --START--
INFO: Run Behavior\ReadHtmlCache [ RunTime:0.000859s ]
INFO: [ app_begin ] --END-- [ RunTime:0.001625s ]
INFO: [ app_end ] --START--
INFO: Run Behavior\ShowPageTrace [ RunTime:0.000924s ]
INFO: [ app_end ] --END-- [ RunTime:0.001230s ]

[ 2017-03-14T22:53:34+08:00 ] ::1 /Xianlaiyizhuan/Home/Base/Style.css
INFO: [ app_begin ] --START--
INFO: Run Behavior\ReadHtmlCache [ RunTime:0.000835s ]
INFO: [ app_begin ] --END-- [ RunTime:0.001683s ]
ERR: 非法操作:style.css

[ 2017-03-14T22:53:34+08:00 ] ::1 /Xianlaiyizhuan/Home/Base/disable.js
INFO: [ app_begin ] --START--
INFO: Run Behavior\ReadHtmlCache [ RunTime:0.001411s ]
INFO: [ app_begin ] --END-- [ RunTime:0.002783s ]
ERR: 非法操作:disable.js

[ 2017-03-14T22:54:11+08:00 ] ::1 /Xianlaiyizhuan/Home/Base/test
INFO: [ app_begin ] --START--
INFO: Run Behavior\ReadHtmlCache [ RunTime:0.000812s ]
INFO: [ app_begin ] --END-- [ RunTime:0.001690s ]
INFO: [ app_end ] --START--
INFO: Run Behavior\ShowPageTrace [ RunTime:0.001827s ]
INFO: [ app_end ] --END-- [ RunTime:0.002431s ]

[ 2017-03-14T22:54:31+08:00 ] ::1 /Xianlaiyizhuan/Home/Base/test
INFO: [ app_begin ] --START--
INFO: Run Behavior\ReadHtmlCache [ RunTime:0.001207s ]
INFO: [ app_begin ] --END-- [ RunTime:0.002098s ]
INFO: [ app_end ] --START--
INFO: Run Behavior\ShowPageTrace [ RunTime:0.000846s ]
INFO: [ app_end ] --END-- [ RunTime:0.001176s ]

[ 2017-03-14T22:54:52+08:00 ] ::1 /Xianlaiyizhuan/Home/Base/test
INFO: [ app_begin ] --START--
INFO: Run Behavior\ReadHtmlCache [ RunTime:0.000722s ]
INFO: [ app_begin ] --END-- [ RunTime:0.001464s ]
NOTIC: [2] DOMDocument::loadHTML(): htmlParseStartTag: misplaced &lt;html&gt; tag in Entity, line: 10 F:\PHP Projects\Xianlaiyizhuan\ThinkPHP\Library\Think\ParserDom.class.php 第 33 行.
NOTIC: [2] DOMDocument::loadHTML(): htmlParseStartTag: misplaced &lt;head&gt; tag in Entity, line: 11 F:\PHP Projects\Xianlaiyizhuan\ThinkPHP\Library\Think\ParserDom.class.php 第 33 行.
NOTIC: [2] DOMDocument::loadHTML(): input conversion failed due to input error, bytes 0xA6 0xE7 0x94 0x9F F:\PHP Projects\Xianlaiyizhuan\ThinkPHP\Library\Think\ParserDom.class.php 第 33 行.
NOTIC: [2] DOMDocument::loadHTML(): input conversion failed due to input error, bytes 0xA6 0xE7 0x94 0x9F F:\PHP Projects\Xianlaiyizhuan\ThinkPHP\Library\Think\ParserDom.class.php 第 33 行.
INFO: [ app_end ] --START--
INFO: Run Behavior\ShowPageTrace [ RunTime:0.000983s ]
INFO: [ app_end ] --END-- [ RunTime:0.001347s ]

[ 2017-03-14T22:55:59+08:00 ] ::1 /Xianlaiyizhuan/Home/Base/test
INFO: [ app_begin ] --START--
INFO: Run Behavior\ReadHtmlCache [ RunTime:0.001823s ]
INFO: [ app_begin ] --END-- [ RunTime:0.002727s ]
NOTIC: [2] DOMDocument::loadHTML(): htmlParseStartTag: misplaced &lt;html&gt; tag in Entity, line: 10 F:\PHP Projects\Xianlaiyizhuan\ThinkPHP\Library\Think\ParserDom.class.php 第 33 行.
NOTIC: [2] DOMDocument::loadHTML(): htmlParseStartTag: misplaced &lt;head&gt; tag in Entity, line: 11 F:\PHP Projects\Xianlaiyizhuan\ThinkPHP\Library\Think\ParserDom.class.php 第 33 行.
NOTIC: [2] DOMDocument::loadHTML(): input conversion failed due to input error, bytes 0xA6 0xE7 0x94 0x9F F:\PHP Projects\Xianlaiyizhuan\ThinkPHP\Library\Think\ParserDom.class.php 第 33 行.
NOTIC: [2] DOMDocument::loadHTML(): input conversion failed due to input error, bytes 0xA6 0xE7 0x94 0x9F F:\PHP Projects\Xianlaiyizhuan\ThinkPHP\Library\Think\ParserDom.class.php 第 33 行.
INFO: [ app_end ] --START--
INFO: Run Behavior\ShowPageTrace [ RunTime:0.000903s ]
INFO: [ app_end ] --END-- [ RunTime:0.001189s ]

[ 2017-03-14T22:56:49+08:00 ] ::1 /Xianlaiyizhuan/Home/Base/test
INFO: [ app_begin ] --START--
INFO: Run Behavior\ReadHtmlCache [ RunTime:0.000679s ]
INFO: [ app_begin ] --END-- [ RunTime:0.001433s ]
NOTIC: [2] DOMDocument::loadHTML(): htmlParseStartTag: misplaced &lt;html&gt; tag in Entity, line: 10 F:\PHP Projects\Xianlaiyizhuan\ThinkPHP\Library\Think\ParserDom.class.php 第 33 行.
NOTIC: [2] DOMDocument::loadHTML(): htmlParseStartTag: misplaced &lt;head&gt; tag in Entity, line: 11 F:\PHP Projects\Xianlaiyizhuan\ThinkPHP\Library\Think\ParserDom.class.php 第 33 行.
NOTIC: [2] DOMDocument::loadHTML(): input conversion failed due to input error, bytes 0xA6 0xE7 0x94 0x9F F:\PHP Projects\Xianlaiyizhuan\ThinkPHP\Library\Think\ParserDom.class.php 第 33 行.
NOTIC: [2] DOMDocument::loadHTML(): input conversion failed due to input error, bytes 0xA6 0xE7 0x94 0x9F F:\PHP Projects\Xianlaiyizhuan\ThinkPHP\Library\Think\ParserDom.class.php 第 33 行.
INFO: [ app_end ] --START--
INFO: Run Behavior\ShowPageTrace [ RunTime:0.000969s ]
INFO: [ app_end ] --END-- [ RunTime:0.001272s ]

[ 2017-03-14T22:57:08+08:00 ] ::1 /Xianlaiyizhuan/Home/Base/test
INFO: [ app_begin ] --START--
INFO: Run Behavior\ReadHtmlCache [ RunTime:0.002806s ]
INFO: [ app_begin ] --END-- [ RunTime:0.004968s ]
NOTIC: [2] DOMDocument::loadHTML(): htmlParseStartTag: misplaced &lt;html&gt; tag in Entity, line: 10 F:\PHP Projects\Xianlaiyizhuan\ThinkPHP\Library\Think\ParserDom.class.php 第 33 行.
NOTIC: [2] DOMDocument::loadHTML(): htmlParseStartTag: misplaced &lt;head&gt; tag in Entity, line: 11 F:\PHP Projects\Xianlaiyizhuan\ThinkPHP\Library\Think\ParserDom.class.php 第 33 行.
NOTIC: [2] DOMDocument::loadHTML(): input conversion failed due to input error, bytes 0xA6 0xE7 0x94 0x9F F:\PHP Projects\Xianlaiyizhuan\ThinkPHP\Library\Think\ParserDom.class.php 第 33 行.
NOTIC: [2] DOMDocument::loadHTML(): input conversion failed due to input error, bytes 0xA6 0xE7 0x94 0x9F F:\PHP Projects\Xianlaiyizhuan\ThinkPHP\Library\Think\ParserDom.class.php 第 33 行.
INFO: [ app_end ] --START--
INFO: Run Behavior\ShowPageTrace [ RunTime:0.001470s ]
INFO: [ app_end ] --END-- [ RunTime:0.002043s ]

[ 2017-03-14T22:57:08+08:00 ] ::1 /Xianlaiyizhuan/Home/Base/Style.css
INFO: [ app_begin ] --START--
INFO: Run Behavior\ReadHtmlCache [ RunTime:0.001326s ]
INFO: [ app_begin ] --END-- [ RunTime:0.002624s ]
ERR: 非法操作:style.css

[ 2017-03-14T22:57:08+08:00 ] ::1 /Xianlaiyizhuan/Home/Base/disable.js
INFO: [ app_begin ] --START--
INFO: Run Behavior\ReadHtmlCache [ RunTime:0.001057s ]
INFO: [ app_begin ] --END-- [ RunTime:0.001941s ]
ERR: 非法操作:disable.js

[ 2017-03-14T23:10:38+08:00 ] ::1 /Xianlaiyizhuan/Home/Base/test
INFO: [ app_begin ] --START--
INFO: Run Behavior\ReadHtmlCache [ RunTime:0.000913s ]
INFO: [ app_begin ] --END-- [ RunTime:0.001699s ]
NOTIC: [2] preg_match(): Unknown modifier 't' F:\PHP Projects\Xianlaiyizhuan\Application\Home\Controller\BaseController.class.php 第 64 行.
INFO: [ app_end ] --START--
INFO: Run Behavior\ShowPageTrace [ RunTime:0.000938s ]
INFO: [ app_end ] --END-- [ RunTime:0.001214s ]

[ 2017-03-14T23:10:59+08:00 ] ::1 /Xianlaiyizhuan/Home/Base/test
INFO: [ app_begin ] --START--
INFO: Run Behavior\ReadHtmlCache [ RunTime:0.000833s ]
INFO: [ app_begin ] --END-- [ RunTime:0.005274s ]
NOTIC: [2] preg_match(): Unknown modifier 't' F:\PHP Projects\Xianlaiyizhuan\Application\Home\Controller\BaseController.class.php 第 65 行.
INFO: [ app_end ] --START--
INFO: Run Behavior\ShowPageTrace [ RunTime:0.002036s ]
INFO: [ app_end ] --END-- [ RunTime:0.002579s ]

