[ 2017-03-17T20:09:15+08:00 ] ::1 /Xianlaiyizhuan/Home/User/idnCheck
INFO: [ app_begin ] --START--
INFO: Run Behavior\ReadHtmlCache [ RunTime:0.030751s ]
INFO: [ app_begin ] --END-- [ RunTime:0.088688s ]
ERR: 无法加载控制器:User

[ 2017-03-17T20:09:17+08:00 ] ::1 /Xianlaiyizhuan/Home/User/idnCheck
INFO: [ app_begin ] --START--
INFO: Run Behavior\ReadHtmlCache [ RunTime:0.000767s ]
INFO: [ app_begin ] --END-- [ RunTime:0.001563s ]
ERR: 无法加载控制器:User

[ 2017-03-17T20:09:18+08:00 ] ::1 /Xianlaiyizhuan/Home/User/idnCheck
INFO: [ app_begin ] --START--
INFO: Run Behavior\ReadHtmlCache [ RunTime:0.000863s ]
INFO: [ app_begin ] --END-- [ RunTime:0.001569s ]
ERR: 无法加载控制器:User

[ 2017-03-17T20:09:33+08:00 ] ::1 /Xianlaiyizhuan/Home/User/idnCheck
INFO: [ app_begin ] --START--
INFO: Run Behavior\ReadHtmlCache [ RunTime:0.000976s ]
INFO: [ app_begin ] --END-- [ RunTime:0.002341s ]
ERR: 无法加载控制器:User

[ 2017-03-17T20:09:34+08:00 ] ::1 /Xianlaiyizhuan/Home/User/idnCheck
INFO: [ app_begin ] --START--
INFO: Run Behavior\ReadHtmlCache [ RunTime:0.001305s ]
INFO: [ app_begin ] --END-- [ RunTime:0.002082s ]
ERR: 无法加载控制器:User

[ 2017-03-17T20:09:53+08:00 ] ::1 /Xianlaiyizhuan/Home/User/idnCheck
INFO: [ app_begin ] --START--
INFO: Run Behavior\ReadHtmlCache [ RunTime:0.001949s ]
INFO: [ app_begin ] --END-- [ RunTime:0.003310s ]
ERR: 无法加载控制器:User

[ 2017-03-17T20:10:18+08:00 ] ::1 /Xianlaiyizhuan/Home/User/idnCheck
INFO: [ app_begin ] --START--
INFO: Run Behavior\ReadHtmlCache [ RunTime:0.000783s ]
INFO: [ app_begin ] --END-- [ RunTime:0.003291s ]
ERR: 无法加载控制器:User

[ 2017-03-17T20:10:18+08:00 ] ::1 /Xianlaiyizhuan/Home/User/idnCheck
INFO: [ app_begin ] --START--
INFO: Run Behavior\ReadHtmlCache [ RunTime:0.000717s ]
INFO: [ app_begin ] --END-- [ RunTime:0.001457s ]
ERR: 无法加载控制器:User

[ 2017-03-17T20:10:19+08:00 ] ::1 /Xianlaiyizhuan/Home/User/idnCheck
INFO: [ app_begin ] --START--
INFO: Run Behavior\ReadHtmlCache [ RunTime:0.001011s ]
INFO: [ app_begin ] --END-- [ RunTime:0.002009s ]
ERR: 无法加载控制器:User

[ 2017-03-17T20:10:47+08:00 ] ::1 /Xianlaiyizhuan/Home/User/idnCheck
INFO: [ app_begin ] --START--
INFO: Run Behavior\ReadHtmlCache [ RunTime:0.006524s ]
INFO: [ app_begin ] --END-- [ RunTime:0.007618s ]
ERR: 无法加载控制器:User

[ 2017-03-17T20:10:48+08:00 ] ::1 /Xianlaiyizhuan/Home/User/idnCheck
INFO: [ app_begin ] --START--
INFO: Run Behavior\ReadHtmlCache [ RunTime:0.000835s ]
INFO: [ app_begin ] --END-- [ RunTime:0.001518s ]
ERR: 无法加载控制器:User

[ 2017-03-17T20:10:49+08:00 ] ::1 /Xianlaiyizhuan/Home/User/idnCheck
INFO: [ app_begin ] --START--
INFO: Run Behavior\ReadHtmlCache [ RunTime:0.000957s ]
INFO: [ app_begin ] --END-- [ RunTime:0.001929s ]
ERR: 无法加载控制器:User

[ 2017-03-17T20:10:49+08:00 ] ::1 /Xianlaiyizhuan/Home/User/idnCheck
INFO: [ app_begin ] --START--
INFO: Run Behavior\ReadHtmlCache [ RunTime:0.000724s ]
INFO: [ app_begin ] --END-- [ RunTime:0.001466s ]
ERR: 无法加载控制器:User

[ 2017-03-17T20:10:59+08:00 ] ::1 /Xianlaiyizhuan/Home/User/idnCheck
INFO: [ app_begin ] --START--
INFO: Run Behavior\ReadHtmlCache [ RunTime:0.001144s ]
INFO: [ app_begin ] --END-- [ RunTime:0.002413s ]

[ 2017-03-17T20:11:13+08:00 ] ::1 /Xianlaiyizhuan/Home/User/idnCheck
INFO: [ app_begin ] --START--
INFO: Run Behavior\ReadHtmlCache [ RunTime:0.000678s ]
INFO: [ app_begin ] --END-- [ RunTime:0.001364s ]
ERR: 无法加载控制器:User

[ 2017-03-17T20:11:45+08:00 ] ::1 /Xianlaiyizhuan/Home/User/idnCheck
INFO: [ app_begin ] --START--
INFO: Run Behavior\ReadHtmlCache [ RunTime:0.000693s ]
INFO: [ app_begin ] --END-- [ RunTime:0.001394s ]

[ 2017-03-17T20:12:26+08:00 ] ::1 /Xianlaiyizhuan/Home/User/idnCheck
INFO: [ app_begin ] --START--
INFO: Run Behavior\ReadHtmlCache [ RunTime:0.000853s ]
INFO: [ app_begin ] --END-- [ RunTime:0.001995s ]
INFO: [ app_end ] --START--
INFO: Run Behavior\ShowPageTrace [ RunTime:0.012696s ]
INFO: [ app_end ] --END-- [ RunTime:0.013029s ]

[ 2017-03-17T20:14:11+08:00 ] ::1 /Xianlaiyizhuan/Home/User/idnCheck
INFO: [ app_begin ] --START--
INFO: Run Behavior\ReadHtmlCache [ RunTime:0.000696s ]
INFO: [ app_begin ] --END-- [ RunTime:0.001447s ]
INFO: [ app_end ] --START--
INFO: Run Behavior\ShowPageTrace [ RunTime:0.002577s ]
INFO: [ app_end ] --END-- [ RunTime:0.002922s ]

[ 2017-03-17T20:15:29+08:00 ] ::1 /Xianlaiyizhuan/Home/User/idnCheck
INFO: [ app_begin ] --START--
INFO: Run Behavior\ReadHtmlCache [ RunTime:0.000821s ]
INFO: [ app_begin ] --END-- [ RunTime:0.001610s ]
INFO: [ app_end ] --START--
INFO: Run Behavior\ShowPageTrace [ RunTime:0.000994s ]
INFO: [ app_end ] --END-- [ RunTime:0.001294s ]

[ 2017-03-17T20:15:44+08:00 ] ::1 /Xianlaiyizhuan/Home/User/idnCheck
INFO: [ app_begin ] --START--
INFO: Run Behavior\ReadHtmlCache [ RunTime:0.000857s ]
INFO: [ app_begin ] --END-- [ RunTime:0.001512s ]
INFO: [ app_end ] --START--
INFO: Run Behavior\ShowPageTrace [ RunTime:0.000956s ]
INFO: [ app_end ] --END-- [ RunTime:0.001291s ]

[ 2017-03-17T20:15:53+08:00 ] ::1 /Xianlaiyizhuan/Home/User/idnCheck
INFO: [ app_begin ] --START--
INFO: Run Behavior\ReadHtmlCache [ RunTime:0.001125s ]
INFO: [ app_begin ] --END-- [ RunTime:0.002013s ]
INFO: [ app_end ] --START--
INFO: Run Behavior\ShowPageTrace [ RunTime:0.000981s ]
INFO: [ app_end ] --END-- [ RunTime:0.001276s ]

[ 2017-03-17T20:17:42+08:00 ] ::1 /Xianlaiyizhuan/Home/User/userRegister
INFO: [ app_begin ] --START--
INFO: Run Behavior\ReadHtmlCache [ RunTime:0.000707s ]
INFO: [ app_begin ] --END-- [ RunTime:0.001363s ]
INFO: [ app_end ] --START--
INFO: Run Behavior\ShowPageTrace [ RunTime:0.002262s ]
INFO: [ app_end ] --END-- [ RunTime:0.002574s ]

[ 2017-03-17T20:17:55+08:00 ] ::1 /Xianlaiyizhuan/Home/User/idnCheck
INFO: [ app_begin ] --START--
INFO: Run Behavior\ReadHtmlCache [ RunTime:0.000859s ]
INFO: [ app_begin ] --END-- [ RunTime:0.001644s ]
INFO: [ app_end ] --START--
INFO: Run Behavior\ShowPageTrace [ RunTime:0.001059s ]
INFO: [ app_end ] --END-- [ RunTime:0.001447s ]

[ 2017-03-17T20:18:01+08:00 ] ::1 /Xianlaiyizhuan/Home/User/userRegister
INFO: [ app_begin ] --START--
INFO: Run Behavior\ReadHtmlCache [ RunTime:0.001126s ]
INFO: [ app_begin ] --END-- [ RunTime:0.002417s ]
INFO: [ app_end ] --START--
INFO: Run Behavior\ShowPageTrace [ RunTime:0.000791s ]
INFO: [ app_end ] --END-- [ RunTime:0.001073s ]

[ 2017-03-17T20:18:26+08:00 ] ::1 /Xianlaiyizhuan/Home/User/userRegister
INFO: [ app_begin ] --START--
INFO: Run Behavior\ReadHtmlCache [ RunTime:0.001246s ]
INFO: [ app_begin ] --END-- [ RunTime:0.003425s ]
INFO: [ app_end ] --START--
INFO: Run Behavior\ShowPageTrace [ RunTime:0.000980s ]
INFO: [ app_end ] --END-- [ RunTime:0.001276s ]

[ 2017-03-17T20:26:28+08:00 ] ::1 /Xianlaiyizhuan/Home/User/userRegister
INFO: [ app_begin ] --START--
INFO: Run Behavior\ReadHtmlCache [ RunTime:0.000957s ]
INFO: [ app_begin ] --END-- [ RunTime:0.001734s ]

[ 2017-03-17T20:26:29+08:00 ] ::1 /Xianlaiyizhuan/Home/User/userRegister
INFO: [ app_begin ] --START--
INFO: Run Behavior\ReadHtmlCache [ RunTime:0.001032s ]
INFO: [ app_begin ] --END-- [ RunTime:0.001805s ]

[ 2017-03-17T20:26:29+08:00 ] ::1 /Xianlaiyizhuan/Home/User/userRegister
INFO: [ app_begin ] --START--
INFO: Run Behavior\ReadHtmlCache [ RunTime:0.000966s ]
INFO: [ app_begin ] --END-- [ RunTime:0.001788s ]

[ 2017-03-17T20:26:30+08:00 ] ::1 /Xianlaiyizhuan/Home/User/userRegister
INFO: [ app_begin ] --START--
INFO: Run Behavior\ReadHtmlCache [ RunTime:0.001035s ]
INFO: [ app_begin ] --END-- [ RunTime:0.002475s ]

[ 2017-03-17T20:26:30+08:00 ] ::1 /Xianlaiyizhuan/Home/User/userRegister
INFO: [ app_begin ] --START--
INFO: Run Behavior\ReadHtmlCache [ RunTime:0.000822s ]
INFO: [ app_begin ] --END-- [ RunTime:0.001709s ]

[ 2017-03-17T20:26:30+08:00 ] ::1 /Xianlaiyizhuan/Home/User/userRegister
INFO: [ app_begin ] --START--
INFO: Run Behavior\ReadHtmlCache [ RunTime:0.000798s ]
INFO: [ app_begin ] --END-- [ RunTime:0.001524s ]

[ 2017-03-17T20:27:48+08:00 ] ::1 /Xianlaiyizhuan/Home/User/idnCheck
INFO: [ app_begin ] --START--
INFO: Run Behavior\ReadHtmlCache [ RunTime:0.000685s ]
INFO: [ app_begin ] --END-- [ RunTime:0.001393s ]

[ 2017-03-17T20:27:50+08:00 ] ::1 /Xianlaiyizhuan/Home/User/userRegister
INFO: [ app_begin ] --START--
INFO: Run Behavior\ReadHtmlCache [ RunTime:0.001597s ]
INFO: [ app_begin ] --END-- [ RunTime:0.002548s ]

[ 2017-03-17T20:28:00+08:00 ] ::1 /Xianlaiyizhuan/Home/User/idnCheck
INFO: [ app_begin ] --START--
INFO: Run Behavior\ReadHtmlCache [ RunTime:0.000861s ]
INFO: [ app_begin ] --END-- [ RunTime:0.001586s ]

[ 2017-03-17T20:28:02+08:00 ] ::1 /Xianlaiyizhuan/Home/User/userRegister
INFO: [ app_begin ] --START--
INFO: Run Behavior\ReadHtmlCache [ RunTime:0.001005s ]
INFO: [ app_begin ] --END-- [ RunTime:0.001958s ]
NOTIC: [8] Undefined index: realnaem F:\PHP Projects\Xianlaiyizhuan\Application\Home\Controller\UserController.class.php 第 35 行.

[ 2017-03-17T20:32:01+08:00 ] ::1 /Xianlaiyizhuan/Home/User/userRegister
INFO: [ app_begin ] --START--
INFO: Run Behavior\ReadHtmlCache [ RunTime:0.000983s ]
INFO: [ app_begin ] --END-- [ RunTime:0.005250s ]
NOTIC: [8] Undefined index: realnaem F:\PHP Projects\Xianlaiyizhuan\Application\Home\Controller\UserController.class.php 第 35 行.
NOTIC: [8] Undefined index: db_port F:\PHP Projects\Xianlaiyizhuan\ThinkPHP\Library\Think\Db.class.php 第 127 行.
NOTIC: [8] Undefined index: db_dsn F:\PHP Projects\Xianlaiyizhuan\ThinkPHP\Library\Think\Db.class.php 第 129 行.
NOTIC: [8] Undefined index: db_params F:\PHP Projects\Xianlaiyizhuan\ThinkPHP\Library\Think\Db.class.php 第 130 行.
NOTIC: [8192] mysql_connect(): The mysql extension is deprecated and will be removed in the future: use mysqli or PDO instead F:\PHP Projects\Xianlaiyizhuan\ThinkPHP\Library\Think\Db\Driver\Mysql.class.php 第 52 行.
SQL: SHOW COLUMNS FROM `xlyz_user` [ RunTime:0.012568s ]

[ 2017-03-17T20:33:42+08:00 ] ::1 /Xianlaiyizhuan/Home/User/userRegister
INFO: [ app_begin ] --START--
INFO: Run Behavior\ReadHtmlCache [ RunTime:0.000792s ]
INFO: [ app_begin ] --END-- [ RunTime:0.001744s ]
NOTIC: [8] Undefined index: realnaem F:\PHP Projects\Xianlaiyizhuan\Application\Home\Controller\UserController.class.php 第 35 行.
NOTIC: [8] Undefined index: db_port F:\PHP Projects\Xianlaiyizhuan\ThinkPHP\Library\Think\Db.class.php 第 127 行.
NOTIC: [8] Undefined index: db_dsn F:\PHP Projects\Xianlaiyizhuan\ThinkPHP\Library\Think\Db.class.php 第 129 行.
NOTIC: [8] Undefined index: db_params F:\PHP Projects\Xianlaiyizhuan\ThinkPHP\Library\Think\Db.class.php 第 130 行.
NOTIC: [8192] mysql_connect(): The mysql extension is deprecated and will be removed in the future: use mysqli or PDO instead F:\PHP Projects\Xianlaiyizhuan\ThinkPHP\Library\Think\Db\Driver\Mysql.class.php 第 52 行.
SQL: SHOW COLUMNS FROM `xlyz_user` [ RunTime:0.012825s ]
SQL: INSERT INTO `xlyz_user` (`tel`,`password`,`nickname`,`addr`,`sign`,`id_number`,`realname`) VALUES ('15014331669','e10adc3949ba59abbe56e057f20f883e','','','','3115003090',null) [ RunTime:0.051087s ]
ERR: 1048:Column 'realname' cannot be null
 [ SQL语句 ] : INSERT INTO `xlyz_user` (`tel`,`password`,`nickname`,`addr`,`sign`,`id_number`,`realname`) VALUES ('15014331669','e10adc3949ba59abbe56e057f20f883e','','','','3115003090',null)

[ 2017-03-17T20:34:00+08:00 ] ::1 /Xianlaiyizhuan/Home/User/idnCheck
INFO: [ app_begin ] --START--
INFO: Run Behavior\ReadHtmlCache [ RunTime:0.001384s ]
INFO: [ app_begin ] --END-- [ RunTime:0.002312s ]

[ 2017-03-17T20:34:01+08:00 ] ::1 /Xianlaiyizhuan/Home/User/userRegister
INFO: [ app_begin ] --START--
INFO: Run Behavior\ReadHtmlCache [ RunTime:0.000728s ]
INFO: [ app_begin ] --END-- [ RunTime:0.001460s ]
NOTIC: [8] Undefined index: realnaem F:\PHP Projects\Xianlaiyizhuan\Application\Home\Controller\UserController.class.php 第 35 行.

[ 2017-03-17T20:34:19+08:00 ] ::1 /Xianlaiyizhuan/Home/User/userRegister
INFO: [ app_begin ] --START--
INFO: Run Behavior\ReadHtmlCache [ RunTime:0.000823s ]
INFO: [ app_begin ] --END-- [ RunTime:0.001583s ]
NOTIC: [8] Undefined index: realnaem F:\PHP Projects\Xianlaiyizhuan\Application\Home\Controller\UserController.class.php 第 35 行.

[ 2017-03-17T20:34:42+08:00 ] ::1 /Xianlaiyizhuan/Home/User/userRegister
INFO: [ app_begin ] --START--
INFO: Run Behavior\ReadHtmlCache [ RunTime:0.000736s ]
INFO: [ app_begin ] --END-- [ RunTime:0.002010s ]
NOTIC: [8] Undefined index: realnaem F:\PHP Projects\Xianlaiyizhuan\Application\Home\Controller\UserController.class.php 第 35 行.

[ 2017-03-17T20:34:49+08:00 ] ::1 /Xianlaiyizhuan/Home/User/userRegister
INFO: [ app_begin ] --START--
INFO: Run Behavior\ReadHtmlCache [ RunTime:0.001136s ]
INFO: [ app_begin ] --END-- [ RunTime:0.002002s ]
NOTIC: [8] Undefined index: realnaem F:\PHP Projects\Xianlaiyizhuan\Application\Home\Controller\UserController.class.php 第 35 行.
NOTIC: [8] Undefined index: db_port F:\PHP Projects\Xianlaiyizhuan\ThinkPHP\Library\Think\Db.class.php 第 127 行.
NOTIC: [8] Undefined index: db_dsn F:\PHP Projects\Xianlaiyizhuan\ThinkPHP\Library\Think\Db.class.php 第 129 行.
NOTIC: [8] Undefined index: db_params F:\PHP Projects\Xianlaiyizhuan\ThinkPHP\Library\Think\Db.class.php 第 130 行.
NOTIC: [8192] mysql_connect(): The mysql extension is deprecated and will be removed in the future: use mysqli or PDO instead F:\PHP Projects\Xianlaiyizhuan\ThinkPHP\Library\Think\Db\Driver\Mysql.class.php 第 52 行.
SQL: SHOW COLUMNS FROM `xlyz_user` [ RunTime:0.012874s ]
SQL: INSERT INTO `xlyz_user` (`tel`,`password`,`nickname`,`addr`,`sign`,`id_number`,`realname`) VALUES ('15014331669','e10adc3949ba59abbe56e057f20f883e','','','','3115003090',null) [ RunTime:0.013148s ]
ERR: 1048:Column 'realname' cannot be null
 [ SQL语句 ] : INSERT INTO `xlyz_user` (`tel`,`password`,`nickname`,`addr`,`sign`,`id_number`,`realname`) VALUES ('15014331669','e10adc3949ba59abbe56e057f20f883e','','','','3115003090',null)

[ 2017-03-17T20:35:32+08:00 ] ::1 /Xianlaiyizhuan/Home/User/userRegister
INFO: [ app_begin ] --START--
INFO: Run Behavior\ReadHtmlCache [ RunTime:0.001062s ]
INFO: [ app_begin ] --END-- [ RunTime:0.001858s ]
NOTIC: [8] Undefined index: realnaem F:\PHP Projects\Xianlaiyizhuan\Application\Home\Controller\UserController.class.php 第 35 行.
NOTIC: [8] Undefined index: db_port F:\PHP Projects\Xianlaiyizhuan\ThinkPHP\Library\Think\Db.class.php 第 127 行.
NOTIC: [8] Undefined index: db_dsn F:\PHP Projects\Xianlaiyizhuan\ThinkPHP\Library\Think\Db.class.php 第 129 行.
NOTIC: [8] Undefined index: db_params F:\PHP Projects\Xianlaiyizhuan\ThinkPHP\Library\Think\Db.class.php 第 130 行.
NOTIC: [8192] mysql_connect(): The mysql extension is deprecated and will be removed in the future: use mysqli or PDO instead F:\PHP Projects\Xianlaiyizhuan\ThinkPHP\Library\Think\Db\Driver\Mysql.class.php 第 52 行.
SQL: SHOW COLUMNS FROM `xlyz_user` [ RunTime:0.036602s ]
SQL: INSERT INTO `xlyz_user` (`tel`,`password`,`nickname`,`addr`,`sign`,`id_number`,`realname`) VALUES ('15014331669','e10adc3949ba59abbe56e057f20f883e','','','','3115003090',null) [ RunTime:0.012343s ]
ERR: 1048:Column 'realname' cannot be null
 [ SQL语句 ] : INSERT INTO `xlyz_user` (`tel`,`password`,`nickname`,`addr`,`sign`,`id_number`,`realname`) VALUES ('15014331669','e10adc3949ba59abbe56e057f20f883e','','','','3115003090',null)

[ 2017-03-17T20:35:34+08:00 ] ::1 /Xianlaiyizhuan/Home/User/userRegister
INFO: [ app_begin ] --START--
INFO: Run Behavior\ReadHtmlCache [ RunTime:0.001850s ]
INFO: [ app_begin ] --END-- [ RunTime:0.002913s ]
NOTIC: [8] Undefined index: realnaem F:\PHP Projects\Xianlaiyizhuan\Application\Home\Controller\UserController.class.php 第 35 行.
NOTIC: [8] Undefined index: db_port F:\PHP Projects\Xianlaiyizhuan\ThinkPHP\Library\Think\Db.class.php 第 127 行.
NOTIC: [8] Undefined index: db_dsn F:\PHP Projects\Xianlaiyizhuan\ThinkPHP\Library\Think\Db.class.php 第 129 行.
NOTIC: [8] Undefined index: db_params F:\PHP Projects\Xianlaiyizhuan\ThinkPHP\Library\Think\Db.class.php 第 130 行.
NOTIC: [8192] mysql_connect(): The mysql extension is deprecated and will be removed in the future: use mysqli or PDO instead F:\PHP Projects\Xianlaiyizhuan\ThinkPHP\Library\Think\Db\Driver\Mysql.class.php 第 52 行.
SQL: SHOW COLUMNS FROM `xlyz_user` [ RunTime:0.014243s ]
SQL: INSERT INTO `xlyz_user` (`tel`,`password`,`nickname`,`addr`,`sign`,`id_number`,`realname`) VALUES ('15014331669','e10adc3949ba59abbe56e057f20f883e','','','','3115003090',null) [ RunTime:0.011008s ]
ERR: 1048:Column 'realname' cannot be null
 [ SQL语句 ] : INSERT INTO `xlyz_user` (`tel`,`password`,`nickname`,`addr`,`sign`,`id_number`,`realname`) VALUES ('15014331669','e10adc3949ba59abbe56e057f20f883e','','','','3115003090',null)

[ 2017-03-17T20:35:34+08:00 ] ::1 /Xianlaiyizhuan/Home/User/userRegister
INFO: [ app_begin ] --START--
INFO: Run Behavior\ReadHtmlCache [ RunTime:0.000717s ]
INFO: [ app_begin ] --END-- [ RunTime:0.001581s ]
NOTIC: [8] Undefined index: realnaem F:\PHP Projects\Xianlaiyizhuan\Application\Home\Controller\UserController.class.php 第 35 行.
NOTIC: [8] Undefined index: db_port F:\PHP Projects\Xianlaiyizhuan\ThinkPHP\Library\Think\Db.class.php 第 127 行.
NOTIC: [8] Undefined index: db_dsn F:\PHP Projects\Xianlaiyizhuan\ThinkPHP\Library\Think\Db.class.php 第 129 行.
NOTIC: [8] Undefined index: db_params F:\PHP Projects\Xianlaiyizhuan\ThinkPHP\Library\Think\Db.class.php 第 130 行.
NOTIC: [8192] mysql_connect(): The mysql extension is deprecated and will be removed in the future: use mysqli or PDO instead F:\PHP Projects\Xianlaiyizhuan\ThinkPHP\Library\Think\Db\Driver\Mysql.class.php 第 52 行.
SQL: SHOW COLUMNS FROM `xlyz_user` [ RunTime:0.010106s ]
SQL: INSERT INTO `xlyz_user` (`tel`,`password`,`nickname`,`addr`,`sign`,`id_number`,`realname`) VALUES ('15014331669','e10adc3949ba59abbe56e057f20f883e','','','','3115003090',null) [ RunTime:0.007615s ]
ERR: 1048:Column 'realname' cannot be null
 [ SQL语句 ] : INSERT INTO `xlyz_user` (`tel`,`password`,`nickname`,`addr`,`sign`,`id_number`,`realname`) VALUES ('15014331669','e10adc3949ba59abbe56e057f20f883e','','','','3115003090',null)

[ 2017-03-17T20:35:35+08:00 ] ::1 /Xianlaiyizhuan/Home/User/userRegister
INFO: [ app_begin ] --START--
INFO: Run Behavior\ReadHtmlCache [ RunTime:0.001808s ]
INFO: [ app_begin ] --END-- [ RunTime:0.002729s ]
NOTIC: [8] Undefined index: realnaem F:\PHP Projects\Xianlaiyizhuan\Application\Home\Controller\UserController.class.php 第 35 行.
NOTIC: [8] Undefined index: db_port F:\PHP Projects\Xianlaiyizhuan\ThinkPHP\Library\Think\Db.class.php 第 127 行.
NOTIC: [8] Undefined index: db_dsn F:\PHP Projects\Xianlaiyizhuan\ThinkPHP\Library\Think\Db.class.php 第 129 行.
NOTIC: [8] Undefined index: db_params F:\PHP Projects\Xianlaiyizhuan\ThinkPHP\Library\Think\Db.class.php 第 130 行.
NOTIC: [8192] mysql_connect(): The mysql extension is deprecated and will be removed in the future: use mysqli or PDO instead F:\PHP Projects\Xianlaiyizhuan\ThinkPHP\Library\Think\Db\Driver\Mysql.class.php 第 52 行.
SQL: SHOW COLUMNS FROM `xlyz_user` [ RunTime:0.017026s ]
SQL: INSERT INTO `xlyz_user` (`tel`,`password`,`nickname`,`addr`,`sign`,`id_number`,`realname`) VALUES ('15014331669','e10adc3949ba59abbe56e057f20f883e','','','','3115003090',null) [ RunTime:0.014099s ]
ERR: 1048:Column 'realname' cannot be null
 [ SQL语句 ] : INSERT INTO `xlyz_user` (`tel`,`password`,`nickname`,`addr`,`sign`,`id_number`,`realname`) VALUES ('15014331669','e10adc3949ba59abbe56e057f20f883e','','','','3115003090',null)

[ 2017-03-17T20:35:36+08:00 ] ::1 /Xianlaiyizhuan/Home/User/userRegister
INFO: [ app_begin ] --START--
INFO: Run Behavior\ReadHtmlCache [ RunTime:0.003419s ]
INFO: [ app_begin ] --END-- [ RunTime:0.004449s ]
NOTIC: [8] Undefined index: realnaem F:\PHP Projects\Xianlaiyizhuan\Application\Home\Controller\UserController.class.php 第 35 行.
NOTIC: [8] Undefined index: db_port F:\PHP Projects\Xianlaiyizhuan\ThinkPHP\Library\Think\Db.class.php 第 127 行.
NOTIC: [8] Undefined index: db_dsn F:\PHP Projects\Xianlaiyizhuan\ThinkPHP\Library\Think\Db.class.php 第 129 行.
NOTIC: [8] Undefined index: db_params F:\PHP Projects\Xianlaiyizhuan\ThinkPHP\Library\Think\Db.class.php 第 130 行.
NOTIC: [8192] mysql_connect(): The mysql extension is deprecated and will be removed in the future: use mysqli or PDO instead F:\PHP Projects\Xianlaiyizhuan\ThinkPHP\Library\Think\Db\Driver\Mysql.class.php 第 52 行.
SQL: SHOW COLUMNS FROM `xlyz_user` [ RunTime:0.014361s ]
SQL: INSERT INTO `xlyz_user` (`tel`,`password`,`nickname`,`addr`,`sign`,`id_number`,`realname`) VALUES ('15014331669','e10adc3949ba59abbe56e057f20f883e','','','','3115003090',null) [ RunTime:0.013058s ]
ERR: 1048:Column 'realname' cannot be null
 [ SQL语句 ] : INSERT INTO `xlyz_user` (`tel`,`password`,`nickname`,`addr`,`sign`,`id_number`,`realname`) VALUES ('15014331669','e10adc3949ba59abbe56e057f20f883e','','','','3115003090',null)

[ 2017-03-17T20:35:36+08:00 ] ::1 /Xianlaiyizhuan/Home/User/userRegister
INFO: [ app_begin ] --START--
INFO: Run Behavior\ReadHtmlCache [ RunTime:0.000821s ]
INFO: [ app_begin ] --END-- [ RunTime:0.001569s ]
NOTIC: [8] Undefined index: realnaem F:\PHP Projects\Xianlaiyizhuan\Application\Home\Controller\UserController.class.php 第 35 行.
NOTIC: [8] Undefined index: db_port F:\PHP Projects\Xianlaiyizhuan\ThinkPHP\Library\Think\Db.class.php 第 127 行.
NOTIC: [8] Undefined index: db_dsn F:\PHP Projects\Xianlaiyizhuan\ThinkPHP\Library\Think\Db.class.php 第 129 行.
NOTIC: [8] Undefined index: db_params F:\PHP Projects\Xianlaiyizhuan\ThinkPHP\Library\Think\Db.class.php 第 130 行.
NOTIC: [8192] mysql_connect(): The mysql extension is deprecated and will be removed in the future: use mysqli or PDO instead F:\PHP Projects\Xianlaiyizhuan\ThinkPHP\Library\Think\Db\Driver\Mysql.class.php 第 52 行.
SQL: SHOW COLUMNS FROM `xlyz_user` [ RunTime:0.019470s ]
SQL: INSERT INTO `xlyz_user` (`tel`,`password`,`nickname`,`addr`,`sign`,`id_number`,`realname`) VALUES ('15014331669','e10adc3949ba59abbe56e057f20f883e','','','','3115003090',null) [ RunTime:0.010911s ]
ERR: 1048:Column 'realname' cannot be null
 [ SQL语句 ] : INSERT INTO `xlyz_user` (`tel`,`password`,`nickname`,`addr`,`sign`,`id_number`,`realname`) VALUES ('15014331669','e10adc3949ba59abbe56e057f20f883e','','','','3115003090',null)

[ 2017-03-17T20:35:41+08:00 ] ::1 /Xianlaiyizhuan/Home/User/userRegister
INFO: [ app_begin ] --START--
INFO: Run Behavior\ReadHtmlCache [ RunTime:0.000663s ]
INFO: [ app_begin ] --END-- [ RunTime:0.001376s ]
NOTIC: [8] Undefined index: realnaem F:\PHP Projects\Xianlaiyizhuan\Application\Home\Controller\UserController.class.php 第 35 行.
NOTIC: [8] Undefined index: db_port F:\PHP Projects\Xianlaiyizhuan\ThinkPHP\Library\Think\Db.class.php 第 127 行.
NOTIC: [8] Undefined index: db_dsn F:\PHP Projects\Xianlaiyizhuan\ThinkPHP\Library\Think\Db.class.php 第 129 行.
NOTIC: [8] Undefined index: db_params F:\PHP Projects\Xianlaiyizhuan\ThinkPHP\Library\Think\Db.class.php 第 130 行.
NOTIC: [8192] mysql_connect(): The mysql extension is deprecated and will be removed in the future: use mysqli or PDO instead F:\PHP Projects\Xianlaiyizhuan\ThinkPHP\Library\Think\Db\Driver\Mysql.class.php 第 52 行.
SQL: SHOW COLUMNS FROM `xlyz_user` [ RunTime:0.010953s ]
SQL: INSERT INTO `xlyz_user` (`tel`,`password`,`nickname`,`addr`,`sign`,`id_number`,`realname`) VALUES ('15014331669','e10adc3949ba59abbe56e057f20f883e','','','','3115003090',null) [ RunTime:0.008957s ]
ERR: 1048:Column 'realname' cannot be null
 [ SQL语句 ] : INSERT INTO `xlyz_user` (`tel`,`password`,`nickname`,`addr`,`sign`,`id_number`,`realname`) VALUES ('15014331669','e10adc3949ba59abbe56e057f20f883e','','','','3115003090',null)

[ 2017-03-17T20:35:42+08:00 ] ::1 /Xianlaiyizhuan/Home/User/userRegister
INFO: [ app_begin ] --START--
INFO: Run Behavior\ReadHtmlCache [ RunTime:0.000737s ]
INFO: [ app_begin ] --END-- [ RunTime:0.001516s ]
NOTIC: [8] Undefined index: realnaem F:\PHP Projects\Xianlaiyizhuan\Application\Home\Controller\UserController.class.php 第 35 行.
NOTIC: [8] Undefined index: db_port F:\PHP Projects\Xianlaiyizhuan\ThinkPHP\Library\Think\Db.class.php 第 127 行.
NOTIC: [8] Undefined index: db_dsn F:\PHP Projects\Xianlaiyizhuan\ThinkPHP\Library\Think\Db.class.php 第 129 行.
NOTIC: [8] Undefined index: db_params F:\PHP Projects\Xianlaiyizhuan\ThinkPHP\Library\Think\Db.class.php 第 130 行.
NOTIC: [8192] mysql_connect(): The mysql extension is deprecated and will be removed in the future: use mysqli or PDO instead F:\PHP Projects\Xianlaiyizhuan\ThinkPHP\Library\Think\Db\Driver\Mysql.class.php 第 52 行.
SQL: SHOW COLUMNS FROM `xlyz_user` [ RunTime:0.011443s ]
SQL: INSERT INTO `xlyz_user` (`tel`,`password`,`nickname`,`addr`,`sign`,`id_number`,`realname`) VALUES ('15014331669','e10adc3949ba59abbe56e057f20f883e','','','','3115003090',null) [ RunTime:0.008661s ]
ERR: 1048:Column 'realname' cannot be null
 [ SQL语句 ] : INSERT INTO `xlyz_user` (`tel`,`password`,`nickname`,`addr`,`sign`,`id_number`,`realname`) VALUES ('15014331669','e10adc3949ba59abbe56e057f20f883e','','','','3115003090',null)

[ 2017-03-17T20:35:47+08:00 ] ::1 /Xianlaiyizhuan/Home/User/userRegister
INFO: [ app_begin ] --START--
INFO: Run Behavior\ReadHtmlCache [ RunTime:0.000694s ]
INFO: [ app_begin ] --END-- [ RunTime:0.001403s ]
NOTIC: [8] Undefined index: realnaem F:\PHP Projects\Xianlaiyizhuan\Application\Home\Controller\UserController.class.php 第 35 行.
NOTIC: [8] Undefined index: db_port F:\PHP Projects\Xianlaiyizhuan\ThinkPHP\Library\Think\Db.class.php 第 127 行.
NOTIC: [8] Undefined index: db_dsn F:\PHP Projects\Xianlaiyizhuan\ThinkPHP\Library\Think\Db.class.php 第 129 行.
NOTIC: [8] Undefined index: db_params F:\PHP Projects\Xianlaiyizhuan\ThinkPHP\Library\Think\Db.class.php 第 130 行.
NOTIC: [8192] mysql_connect(): The mysql extension is deprecated and will be removed in the future: use mysqli or PDO instead F:\PHP Projects\Xianlaiyizhuan\ThinkPHP\Library\Think\Db\Driver\Mysql.class.php 第 52 行.
SQL: SHOW COLUMNS FROM `xlyz_user` [ RunTime:0.012158s ]
SQL: INSERT INTO `xlyz_user` (`tel`,`password`,`nickname`,`addr`,`sign`,`id_number`,`realname`) VALUES ('15014331669','e10adc3949ba59abbe56e057f20f883e','','','','3115003090',null) [ RunTime:0.010704s ]
ERR: 1048:Column 'realname' cannot be null
 [ SQL语句 ] : INSERT INTO `xlyz_user` (`tel`,`password`,`nickname`,`addr`,`sign`,`id_number`,`realname`) VALUES ('15014331669','e10adc3949ba59abbe56e057f20f883e','','','','3115003090',null)

[ 2017-03-17T20:36:10+08:00 ] ::1 /Xianlaiyizhuan/Home/User/userRegister
INFO: [ app_begin ] --START--
INFO: Run Behavior\ReadHtmlCache [ RunTime:0.002258s ]
INFO: [ app_begin ] --END-- [ RunTime:0.003576s ]
NOTIC: [8] Undefined index: realnaem F:\PHP Projects\Xianlaiyizhuan\Application\Home\Controller\UserController.class.php 第 35 行.
NOTIC: [8] Undefined index: db_port F:\PHP Projects\Xianlaiyizhuan\ThinkPHP\Library\Think\Db.class.php 第 127 行.
NOTIC: [8] Undefined index: db_dsn F:\PHP Projects\Xianlaiyizhuan\ThinkPHP\Library\Think\Db.class.php 第 129 行.
NOTIC: [8] Undefined index: db_params F:\PHP Projects\Xianlaiyizhuan\ThinkPHP\Library\Think\Db.class.php 第 130 行.
NOTIC: [8192] mysql_connect(): The mysql extension is deprecated and will be removed in the future: use mysqli or PDO instead F:\PHP Projects\Xianlaiyizhuan\ThinkPHP\Library\Think\Db\Driver\Mysql.class.php 第 52 行.
SQL: SHOW COLUMNS FROM `xlyz_user` [ RunTime:0.015270s ]
SQL: INSERT INTO `xlyz_user` (`tel`,`password`,`nickname`,`addr`,`sign`,`id_number`,`realname`) VALUES ('15014331669','e10adc3949ba59abbe56e057f20f883e','','','','3115003090',null) [ RunTime:0.014303s ]
ERR: 1048:Column 'realname' cannot be null
 [ SQL语句 ] : INSERT INTO `xlyz_user` (`tel`,`password`,`nickname`,`addr`,`sign`,`id_number`,`realname`) VALUES ('15014331669','e10adc3949ba59abbe56e057f20f883e','','','','3115003090',null)

[ 2017-03-17T20:36:11+08:00 ] ::1 /Xianlaiyizhuan/Home/User/userRegister
INFO: [ app_begin ] --START--
INFO: Run Behavior\ReadHtmlCache [ RunTime:0.000807s ]
INFO: [ app_begin ] --END-- [ RunTime:0.001644s ]
NOTIC: [8] Undefined index: realnaem F:\PHP Projects\Xianlaiyizhuan\Application\Home\Controller\UserController.class.php 第 35 行.
NOTIC: [8] Undefined index: db_port F:\PHP Projects\Xianlaiyizhuan\ThinkPHP\Library\Think\Db.class.php 第 127 行.
NOTIC: [8] Undefined index: db_dsn F:\PHP Projects\Xianlaiyizhuan\ThinkPHP\Library\Think\Db.class.php 第 129 行.
NOTIC: [8] Undefined index: db_params F:\PHP Projects\Xianlaiyizhuan\ThinkPHP\Library\Think\Db.class.php 第 130 行.
NOTIC: [8192] mysql_connect(): The mysql extension is deprecated and will be removed in the future: use mysqli or PDO instead F:\PHP Projects\Xianlaiyizhuan\ThinkPHP\Library\Think\Db\Driver\Mysql.class.php 第 52 行.
SQL: SHOW COLUMNS FROM `xlyz_user` [ RunTime:0.009330s ]
SQL: INSERT INTO `xlyz_user` (`tel`,`password`,`nickname`,`addr`,`sign`,`id_number`,`realname`) VALUES ('15014331669','e10adc3949ba59abbe56e057f20f883e','','','','3115003090',null) [ RunTime:0.007184s ]
ERR: 1048:Column 'realname' cannot be null
 [ SQL语句 ] : INSERT INTO `xlyz_user` (`tel`,`password`,`nickname`,`addr`,`sign`,`id_number`,`realname`) VALUES ('15014331669','e10adc3949ba59abbe56e057f20f883e','','','','3115003090',null)

[ 2017-03-17T20:36:17+08:00 ] ::1 /Xianlaiyizhuan/Home/User/userRegister
INFO: [ app_begin ] --START--
INFO: Run Behavior\ReadHtmlCache [ RunTime:0.001761s ]
INFO: [ app_begin ] --END-- [ RunTime:0.002952s ]
NOTIC: [8] Undefined index: realnaem F:\PHP Projects\Xianlaiyizhuan\Application\Home\Controller\UserController.class.php 第 35 行.
NOTIC: [8] Undefined index: db_port F:\PHP Projects\Xianlaiyizhuan\ThinkPHP\Library\Think\Db.class.php 第 127 行.
NOTIC: [8] Undefined index: db_dsn F:\PHP Projects\Xianlaiyizhuan\ThinkPHP\Library\Think\Db.class.php 第 129 行.
NOTIC: [8] Undefined index: db_params F:\PHP Projects\Xianlaiyizhuan\ThinkPHP\Library\Think\Db.class.php 第 130 行.
NOTIC: [8192] mysql_connect(): The mysql extension is deprecated and will be removed in the future: use mysqli or PDO instead F:\PHP Projects\Xianlaiyizhuan\ThinkPHP\Library\Think\Db\Driver\Mysql.class.php 第 52 行.
SQL: SHOW COLUMNS FROM `xlyz_user` [ RunTime:0.014332s ]
SQL: INSERT INTO `xlyz_user` (`tel`,`password`,`nickname`,`addr`,`sign`,`id_number`,`realname`) VALUES ('15014331669','e10adc3949ba59abbe56e057f20f883e','','','','3115003090',null) [ RunTime:0.010333s ]
ERR: 1048:Column 'realname' cannot be null
 [ SQL语句 ] : INSERT INTO `xlyz_user` (`tel`,`password`,`nickname`,`addr`,`sign`,`id_number`,`realname`) VALUES ('15014331669','e10adc3949ba59abbe56e057f20f883e','','','','3115003090',null)

[ 2017-03-17T20:37:03+08:00 ] ::1 /Xianlaiyizhuan/Home/User/userRegister
INFO: [ app_begin ] --START--
INFO: Run Behavior\ReadHtmlCache [ RunTime:0.000701s ]
INFO: [ app_begin ] --END-- [ RunTime:0.001456s ]
NOTIC: [8] Undefined index: db_port F:\PHP Projects\Xianlaiyizhuan\ThinkPHP\Library\Think\Db.class.php 第 127 行.
NOTIC: [8] Undefined index: db_dsn F:\PHP Projects\Xianlaiyizhuan\ThinkPHP\Library\Think\Db.class.php 第 129 行.
NOTIC: [8] Undefined index: db_params F:\PHP Projects\Xianlaiyizhuan\ThinkPHP\Library\Think\Db.class.php 第 130 行.
NOTIC: [8192] mysql_connect(): The mysql extension is deprecated and will be removed in the future: use mysqli or PDO instead F:\PHP Projects\Xianlaiyizhuan\ThinkPHP\Library\Think\Db\Driver\Mysql.class.php 第 52 行.
SQL: SHOW COLUMNS FROM `xlyz_user` [ RunTime:0.013354s ]
SQL: INSERT INTO `xlyz_user` (`tel`,`password`,`nickname`,`addr`,`sign`,`id_number`,`realname`) VALUES ('15014331669','e10adc3949ba59abbe56e057f20f883e','','','','3115003090','黄旭威') [ RunTime:0.045134s ]

[ 2017-03-17T20:37:10+08:00 ] ::1 /Xianlaiyizhuan/Home/User/userRegister
INFO: [ app_begin ] --START--
INFO: Run Behavior\ReadHtmlCache [ RunTime:0.001003s ]
INFO: [ app_begin ] --END-- [ RunTime:0.001918s ]
NOTIC: [8] Undefined index: db_port F:\PHP Projects\Xianlaiyizhuan\ThinkPHP\Library\Think\Db.class.php 第 127 行.
NOTIC: [8] Undefined index: db_dsn F:\PHP Projects\Xianlaiyizhuan\ThinkPHP\Library\Think\Db.class.php 第 129 行.
NOTIC: [8] Undefined index: db_params F:\PHP Projects\Xianlaiyizhuan\ThinkPHP\Library\Think\Db.class.php 第 130 行.
NOTIC: [8192] mysql_connect(): The mysql extension is deprecated and will be removed in the future: use mysqli or PDO instead F:\PHP Projects\Xianlaiyizhuan\ThinkPHP\Library\Think\Db\Driver\Mysql.class.php 第 52 行.
SQL: SHOW COLUMNS FROM `xlyz_user` [ RunTime:0.018380s ]
SQL: INSERT INTO `xlyz_user` (`tel`,`password`,`nickname`,`addr`,`sign`,`id_number`,`realname`) VALUES ('15014331669','e10adc3949ba59abbe56e057f20f883e','','','','3115003090','黄旭威') [ RunTime:0.024408s ]
ERR: 1062:Duplicate entry '3115003090' for key 'id_number'
 [ SQL语句 ] : INSERT INTO `xlyz_user` (`tel`,`password`,`nickname`,`addr`,`sign`,`id_number`,`realname`) VALUES ('15014331669','e10adc3949ba59abbe56e057f20f883e','','','','3115003090','黄旭威')

[ 2017-03-17T20:38:20+08:00 ] ::1 /Xianlaiyizhuan/Home/User/userRegister
INFO: [ app_begin ] --START--
INFO: Run Behavior\ReadHtmlCache [ RunTime:0.000992s ]
INFO: [ app_begin ] --END-- [ RunTime:0.001945s ]

[ 2017-03-17T20:38:21+08:00 ] ::1 /Xianlaiyizhuan/Home/User/userRegister
INFO: [ app_begin ] --START--
INFO: Run Behavior\ReadHtmlCache [ RunTime:0.001402s ]
INFO: [ app_begin ] --END-- [ RunTime:0.002340s ]

[ 2017-03-17T20:38:22+08:00 ] ::1 /Xianlaiyizhuan/Home/User/userRegister
INFO: [ app_begin ] --START--
INFO: Run Behavior\ReadHtmlCache [ RunTime:0.000801s ]
INFO: [ app_begin ] --END-- [ RunTime:0.001538s ]

[ 2017-03-17T20:38:49+08:00 ] ::1 /Xianlaiyizhuan/Home/User/idnCheck
INFO: [ app_begin ] --START--
INFO: Run Behavior\ReadHtmlCache [ RunTime:0.001846s ]
INFO: [ app_begin ] --END-- [ RunTime:0.003462s ]

[ 2017-03-17T20:38:52+08:00 ] ::1 /Xianlaiyizhuan/Home/User/userRegister
INFO: [ app_begin ] --START--
INFO: Run Behavior\ReadHtmlCache [ RunTime:0.001102s ]
INFO: [ app_begin ] --END-- [ RunTime:0.002015s ]
NOTIC: [8] Undefined index: db_port F:\PHP Projects\Xianlaiyizhuan\ThinkPHP\Library\Think\Db.class.php 第 127 行.
NOTIC: [8] Undefined index: db_dsn F:\PHP Projects\Xianlaiyizhuan\ThinkPHP\Library\Think\Db.class.php 第 129 行.
NOTIC: [8] Undefined index: db_params F:\PHP Projects\Xianlaiyizhuan\ThinkPHP\Library\Think\Db.class.php 第 130 行.
NOTIC: [8192] mysql_connect(): The mysql extension is deprecated and will be removed in the future: use mysqli or PDO instead F:\PHP Projects\Xianlaiyizhuan\ThinkPHP\Library\Think\Db\Driver\Mysql.class.php 第 52 行.
SQL: SHOW COLUMNS FROM `xlyz_user` [ RunTime:0.013171s ]
SQL: INSERT INTO `xlyz_user` (`tel`,`password`,`nickname`,`addr`,`sign`,`id_number`,`realname`) VALUES ('15014331669','e10adc3949ba59abbe56e057f20f883e','','','','3115003090','黄旭威') [ RunTime:0.018359s ]
ERR: 1062:Duplicate entry '3115003090' for key 'id_number'
 [ SQL语句 ] : INSERT INTO `xlyz_user` (`tel`,`password`,`nickname`,`addr`,`sign`,`id_number`,`realname`) VALUES ('15014331669','e10adc3949ba59abbe56e057f20f883e','','','','3115003090','黄旭威')

[ 2017-03-17T20:38:53+08:00 ] ::1 /Xianlaiyizhuan/Home/User/userRegister
INFO: [ app_begin ] --START--
INFO: Run Behavior\ReadHtmlCache [ RunTime:0.000732s ]
INFO: [ app_begin ] --END-- [ RunTime:0.001486s ]

[ 2017-03-17T20:38:54+08:00 ] ::1 /Xianlaiyizhuan/Home/User/userRegister
INFO: [ app_begin ] --START--
INFO: Run Behavior\ReadHtmlCache [ RunTime:0.001753s ]
INFO: [ app_begin ] --END-- [ RunTime:0.002493s ]

[ 2017-03-17T20:38:55+08:00 ] ::1 /Xianlaiyizhuan/Home/User/userRegister
INFO: [ app_begin ] --START--
INFO: Run Behavior\ReadHtmlCache [ RunTime:0.000891s ]
INFO: [ app_begin ] --END-- [ RunTime:0.001790s ]

[ 2017-03-17T20:38:56+08:00 ] ::1 /Xianlaiyizhuan/Home/User/userRegister
INFO: [ app_begin ] --START--
INFO: Run Behavior\ReadHtmlCache [ RunTime:0.000824s ]
INFO: [ app_begin ] --END-- [ RunTime:0.001805s ]

[ 2017-03-17T20:39:00+08:00 ] ::1 /Xianlaiyizhuan/Home/User/idnCheck
INFO: [ app_begin ] --START--
INFO: Run Behavior\ReadHtmlCache [ RunTime:0.000692s ]
INFO: [ app_begin ] --END-- [ RunTime:0.001512s ]

[ 2017-03-17T20:39:02+08:00 ] ::1 /Xianlaiyizhuan/Home/User/userRegister
INFO: [ app_begin ] --START--
INFO: Run Behavior\ReadHtmlCache [ RunTime:0.000649s ]
INFO: [ app_begin ] --END-- [ RunTime:0.001453s ]
NOTIC: [8] Undefined index: db_port F:\PHP Projects\Xianlaiyizhuan\ThinkPHP\Library\Think\Db.class.php 第 127 行.
NOTIC: [8] Undefined index: db_dsn F:\PHP Projects\Xianlaiyizhuan\ThinkPHP\Library\Think\Db.class.php 第 129 行.
NOTIC: [8] Undefined index: db_params F:\PHP Projects\Xianlaiyizhuan\ThinkPHP\Library\Think\Db.class.php 第 130 行.
NOTIC: [8192] mysql_connect(): The mysql extension is deprecated and will be removed in the future: use mysqli or PDO instead F:\PHP Projects\Xianlaiyizhuan\ThinkPHP\Library\Think\Db\Driver\Mysql.class.php 第 52 行.
SQL: SHOW COLUMNS FROM `xlyz_user` [ RunTime:0.009830s ]
SQL: INSERT INTO `xlyz_user` (`tel`,`password`,`nickname`,`addr`,`sign`,`id_number`,`realname`) VALUES ('15014331669','e10adc3949ba59abbe56e057f20f883e','','','','3115003090','黄旭威') [ RunTime:0.013709s ]
ERR: 1062:Duplicate entry '3115003090' for key 'id_number'
 [ SQL语句 ] : INSERT INTO `xlyz_user` (`tel`,`password`,`nickname`,`addr`,`sign`,`id_number`,`realname`) VALUES ('15014331669','e10adc3949ba59abbe56e057f20f883e','','','','3115003090','黄旭威')

[ 2017-03-17T20:39:04+08:00 ] ::1 /Xianlaiyizhuan/Home/User/userRegister
INFO: [ app_begin ] --START--
INFO: Run Behavior\ReadHtmlCache [ RunTime:0.000778s ]
INFO: [ app_begin ] --END-- [ RunTime:0.001563s ]

[ 2017-03-17T20:55:08+08:00 ] ::1 /Xianlaiyizhuan/Home/User/userLogin
INFO: [ app_begin ] --START--
INFO: Run Behavior\ReadHtmlCache [ RunTime:0.001743s ]
INFO: [ app_begin ] --END-- [ RunTime:0.003245s ]
NOTIC: [8] Undefined index: db_port F:\PHP Projects\Xianlaiyizhuan\ThinkPHP\Library\Think\Db.class.php 第 127 行.
NOTIC: [8] Undefined index: db_dsn F:\PHP Projects\Xianlaiyizhuan\ThinkPHP\Library\Think\Db.class.php 第 129 行.
NOTIC: [8] Undefined index: db_params F:\PHP Projects\Xianlaiyizhuan\ThinkPHP\Library\Think\Db.class.php 第 130 行.
NOTIC: [8192] mysql_connect(): The mysql extension is deprecated and will be removed in the future: use mysqli or PDO instead F:\PHP Projects\Xianlaiyizhuan\ThinkPHP\Library\Think\Db\Driver\Mysql.class.php 第 52 行.
SQL: SHOW COLUMNS FROM `xlyz_user` [ RunTime:0.012916s ]
SQL: SELECT * FROM `xlyz_user` WHERE ( id_number = '3115003090' and password = 'e10adc3949ba59abbe56e057f20f883e' ) LIMIT 1   [ RunTime:0.012005s ]

[ 2017-03-17T20:55:11+08:00 ] ::1 /Xianlaiyizhuan/Home/User/userLogin
INFO: [ app_begin ] --START--
INFO: Run Behavior\ReadHtmlCache [ RunTime:0.001099s ]
INFO: [ app_begin ] --END-- [ RunTime:0.001982s ]
NOTIC: [8] Undefined index: db_port F:\PHP Projects\Xianlaiyizhuan\ThinkPHP\Library\Think\Db.class.php 第 127 行.
NOTIC: [8] Undefined index: db_dsn F:\PHP Projects\Xianlaiyizhuan\ThinkPHP\Library\Think\Db.class.php 第 129 行.
NOTIC: [8] Undefined index: db_params F:\PHP Projects\Xianlaiyizhuan\ThinkPHP\Library\Think\Db.class.php 第 130 行.
NOTIC: [8192] mysql_connect(): The mysql extension is deprecated and will be removed in the future: use mysqli or PDO instead F:\PHP Projects\Xianlaiyizhuan\ThinkPHP\Library\Think\Db\Driver\Mysql.class.php 第 52 行.
SQL: SHOW COLUMNS FROM `xlyz_user` [ RunTime:0.032660s ]
SQL: SELECT * FROM `xlyz_user` WHERE ( id_number = '3115003090' and password = 'c4ca4238a0b923820dcc509a6f75849b' ) LIMIT 1   [ RunTime:0.008266s ]

[ 2017-03-17T20:55:16+08:00 ] ::1 /Xianlaiyizhuan/Home/User/userLogin
INFO: [ app_begin ] --START--
INFO: Run Behavior\ReadHtmlCache [ RunTime:0.001352s ]
INFO: [ app_begin ] --END-- [ RunTime:0.002350s ]
NOTIC: [8] Undefined index: db_port F:\PHP Projects\Xianlaiyizhuan\ThinkPHP\Library\Think\Db.class.php 第 127 行.
NOTIC: [8] Undefined index: db_dsn F:\PHP Projects\Xianlaiyizhuan\ThinkPHP\Library\Think\Db.class.php 第 129 行.
NOTIC: [8] Undefined index: db_params F:\PHP Projects\Xianlaiyizhuan\ThinkPHP\Library\Think\Db.class.php 第 130 行.
NOTIC: [8192] mysql_connect(): The mysql extension is deprecated and will be removed in the future: use mysqli or PDO instead F:\PHP Projects\Xianlaiyizhuan\ThinkPHP\Library\Think\Db\Driver\Mysql.class.php 第 52 行.
SQL: SHOW COLUMNS FROM `xlyz_user` [ RunTime:0.010178s ]
SQL: SELECT * FROM `xlyz_user` WHERE ( id_number = '3115003090' and password = 'e10adc3949ba59abbe56e057f20f883e' ) LIMIT 1   [ RunTime:0.011272s ]

[ 2017-03-17T21:14:28+08:00 ] ::1 /Xianlaiyizhuan/Home/User/getUserInfo
INFO: [ app_begin ] --START--
INFO: Run Behavior\ReadHtmlCache [ RunTime:0.000919s ]
INFO: [ app_begin ] --END-- [ RunTime:0.001887s ]
NOTIC: [8] Undefined index: db_port F:\PHP Projects\Xianlaiyizhuan\ThinkPHP\Library\Think\Db.class.php 第 127 行.
NOTIC: [8] Undefined index: db_dsn F:\PHP Projects\Xianlaiyizhuan\ThinkPHP\Library\Think\Db.class.php 第 129 行.
NOTIC: [8] Undefined index: db_params F:\PHP Projects\Xianlaiyizhuan\ThinkPHP\Library\Think\Db.class.php 第 130 行.
NOTIC: [8192] mysql_connect(): The mysql extension is deprecated and will be removed in the future: use mysqli or PDO instead F:\PHP Projects\Xianlaiyizhuan\ThinkPHP\Library\Think\Db\Driver\Mysql.class.php 第 52 行.
SQL: SHOW COLUMNS FROM `xlyz_user` [ RunTime:0.013520s ]
SQL: SELECT * FROM `xlyz_user` WHERE ( `id` = 2 ) AND ( `id_number` = '3115003090' ) AND ( `password` = 'e10adc3949ba59abbe56e057f20f883e' ) AND ( `realname` = '黄旭威' ) AND ( `tel` = '15014331669' ) AND ( `nickname` = '' ) AND ( `avatar` = null ) AND ( `addr` = '' ) AND ( `sign` = '' ) LIMIT 1   [ RunTime:0.022280s ]

[ 2017-03-17T21:14:33+08:00 ] ::1 /Xianlaiyizhuan/Home/User/userLogin
INFO: [ app_begin ] --START--
INFO: Run Behavior\ReadHtmlCache [ RunTime:0.000896s ]
INFO: [ app_begin ] --END-- [ RunTime:0.002343s ]
NOTIC: [8] Undefined index: db_port F:\PHP Projects\Xianlaiyizhuan\ThinkPHP\Library\Think\Db.class.php 第 127 行.
NOTIC: [8] Undefined index: db_dsn F:\PHP Projects\Xianlaiyizhuan\ThinkPHP\Library\Think\Db.class.php 第 129 行.
NOTIC: [8] Undefined index: db_params F:\PHP Projects\Xianlaiyizhuan\ThinkPHP\Library\Think\Db.class.php 第 130 行.
NOTIC: [8192] mysql_connect(): The mysql extension is deprecated and will be removed in the future: use mysqli or PDO instead F:\PHP Projects\Xianlaiyizhuan\ThinkPHP\Library\Think\Db\Driver\Mysql.class.php 第 52 行.
SQL: SHOW COLUMNS FROM `xlyz_user` [ RunTime:0.074957s ]
SQL: SELECT * FROM `xlyz_user` WHERE ( id_number = '3115003090' and password = 'e10adc3949ba59abbe56e057f20f883e' ) LIMIT 1   [ RunTime:0.023491s ]

[ 2017-03-17T21:14:38+08:00 ] ::1 /Xianlaiyizhuan/Home/User/getUserInfo
INFO: [ app_begin ] --START--
INFO: Run Behavior\ReadHtmlCache [ RunTime:0.000740s ]
INFO: [ app_begin ] --END-- [ RunTime:0.001432s ]
NOTIC: [8] Undefined index: db_port F:\PHP Projects\Xianlaiyizhuan\ThinkPHP\Library\Think\Db.class.php 第 127 行.
NOTIC: [8] Undefined index: db_dsn F:\PHP Projects\Xianlaiyizhuan\ThinkPHP\Library\Think\Db.class.php 第 129 行.
NOTIC: [8] Undefined index: db_params F:\PHP Projects\Xianlaiyizhuan\ThinkPHP\Library\Think\Db.class.php 第 130 行.
NOTIC: [8192] mysql_connect(): The mysql extension is deprecated and will be removed in the future: use mysqli or PDO instead F:\PHP Projects\Xianlaiyizhuan\ThinkPHP\Library\Think\Db\Driver\Mysql.class.php 第 52 行.
SQL: SHOW COLUMNS FROM `xlyz_user` [ RunTime:0.011643s ]
SQL: SELECT * FROM `xlyz_user` WHERE ( `id` = 2 ) AND ( `id_number` = '3115003090' ) AND ( `password` = 'e10adc3949ba59abbe56e057f20f883e' ) AND ( `realname` = '黄旭威' ) AND ( `tel` = '15014331669' ) AND ( `nickname` = '' ) AND ( `avatar` = null ) AND ( `addr` = '' ) AND ( `sign` = '' ) LIMIT 1   [ RunTime:0.010226s ]

[ 2017-03-17T21:15:09+08:00 ] ::1 /Xianlaiyizhuan/Home/User/getUserInfo
INFO: [ app_begin ] --START--
INFO: Run Behavior\ReadHtmlCache [ RunTime:0.000692s ]
INFO: [ app_begin ] --END-- [ RunTime:0.001396s ]
NOTIC: [8] Array to string conversion F:\PHP Projects\Xianlaiyizhuan\Application\Home\Controller\UserController.class.php 第 72 行.
NOTIC: [8] Undefined index: db_port F:\PHP Projects\Xianlaiyizhuan\ThinkPHP\Library\Think\Db.class.php 第 127 行.
NOTIC: [8] Undefined index: db_dsn F:\PHP Projects\Xianlaiyizhuan\ThinkPHP\Library\Think\Db.class.php 第 129 行.
NOTIC: [8] Undefined index: db_params F:\PHP Projects\Xianlaiyizhuan\ThinkPHP\Library\Think\Db.class.php 第 130 行.
NOTIC: [8192] mysql_connect(): The mysql extension is deprecated and will be removed in the future: use mysqli or PDO instead F:\PHP Projects\Xianlaiyizhuan\ThinkPHP\Library\Think\Db\Driver\Mysql.class.php 第 52 行.
SQL: SHOW COLUMNS FROM `xlyz_user` [ RunTime:0.010447s ]
SQL: SELECT * FROM `xlyz_user` WHERE ( `id` = 2 ) AND ( `id_number` = '3115003090' ) AND ( `password` = 'e10adc3949ba59abbe56e057f20f883e' ) AND ( `realname` = '黄旭威' ) AND ( `tel` = '15014331669' ) AND ( `nickname` = '' ) AND ( `avatar` = null ) AND ( `addr` = '' ) AND ( `sign` = '' ) LIMIT 1   [ RunTime:0.008383s ]

[ 2017-03-17T21:15:11+08:00 ] ::1 /Xianlaiyizhuan/Home/User/getUserInfo
INFO: [ app_begin ] --START--
INFO: Run Behavior\ReadHtmlCache [ RunTime:0.000837s ]
INFO: [ app_begin ] --END-- [ RunTime:0.001717s ]
NOTIC: [8] Array to string conversion F:\PHP Projects\Xianlaiyizhuan\Application\Home\Controller\UserController.class.php 第 72 行.
NOTIC: [8] Undefined index: db_port F:\PHP Projects\Xianlaiyizhuan\ThinkPHP\Library\Think\Db.class.php 第 127 行.
NOTIC: [8] Undefined index: db_dsn F:\PHP Projects\Xianlaiyizhuan\ThinkPHP\Library\Think\Db.class.php 第 129 行.
NOTIC: [8] Undefined index: db_params F:\PHP Projects\Xianlaiyizhuan\ThinkPHP\Library\Think\Db.class.php 第 130 行.
NOTIC: [8192] mysql_connect(): The mysql extension is deprecated and will be removed in the future: use mysqli or PDO instead F:\PHP Projects\Xianlaiyizhuan\ThinkPHP\Library\Think\Db\Driver\Mysql.class.php 第 52 行.
SQL: SHOW COLUMNS FROM `xlyz_user` [ RunTime:0.013410s ]
SQL: SELECT * FROM `xlyz_user` WHERE ( `id` = 2 ) AND ( `id_number` = '3115003090' ) AND ( `password` = 'e10adc3949ba59abbe56e057f20f883e' ) AND ( `realname` = '黄旭威' ) AND ( `tel` = '15014331669' ) AND ( `nickname` = '' ) AND ( `avatar` = null ) AND ( `addr` = '' ) AND ( `sign` = '' ) LIMIT 1   [ RunTime:0.012034s ]

[ 2017-03-17T21:15:51+08:00 ] ::1 /Xianlaiyizhuan/Home/User/getUserInfo
INFO: [ app_begin ] --START--
INFO: Run Behavior\ReadHtmlCache [ RunTime:0.000718s ]
INFO: [ app_begin ] --END-- [ RunTime:0.001444s ]
NOTIC: [8] Undefined index: db_port F:\PHP Projects\Xianlaiyizhuan\ThinkPHP\Library\Think\Db.class.php 第 127 行.
NOTIC: [8] Undefined index: db_dsn F:\PHP Projects\Xianlaiyizhuan\ThinkPHP\Library\Think\Db.class.php 第 129 行.
NOTIC: [8] Undefined index: db_params F:\PHP Projects\Xianlaiyizhuan\ThinkPHP\Library\Think\Db.class.php 第 130 行.
NOTIC: [8192] mysql_connect(): The mysql extension is deprecated and will be removed in the future: use mysqli or PDO instead F:\PHP Projects\Xianlaiyizhuan\ThinkPHP\Library\Think\Db\Driver\Mysql.class.php 第 52 行.
SQL: SHOW COLUMNS FROM `xlyz_user` [ RunTime:0.027011s ]
SQL: SELECT * FROM `xlyz_user` WHERE ( `id` = 2 ) AND ( `id_number` = '3115003090' ) AND ( `password` = 'e10adc3949ba59abbe56e057f20f883e' ) AND ( `realname` = '黄旭威' ) AND ( `tel` = '15014331669' ) AND ( `nickname` = '' ) AND ( `avatar` = null ) AND ( `addr` = '' ) AND ( `sign` = '' ) LIMIT 1   [ RunTime:0.014437s ]

[ 2017-03-17T21:16:59+08:00 ] ::1 /Xianlaiyizhuan/Home/User/userLogin
INFO: [ app_begin ] --START--
INFO: Run Behavior\ReadHtmlCache [ RunTime:0.000985s ]
INFO: [ app_begin ] --END-- [ RunTime:0.002800s ]
NOTIC: [8] Undefined index: db_port F:\PHP Projects\Xianlaiyizhuan\ThinkPHP\Library\Think\Db.class.php 第 127 行.
NOTIC: [8] Undefined index: db_dsn F:\PHP Projects\Xianlaiyizhuan\ThinkPHP\Library\Think\Db.class.php 第 129 行.
NOTIC: [8] Undefined index: db_params F:\PHP Projects\Xianlaiyizhuan\ThinkPHP\Library\Think\Db.class.php 第 130 行.
NOTIC: [8192] mysql_connect(): The mysql extension is deprecated and will be removed in the future: use mysqli or PDO instead F:\PHP Projects\Xianlaiyizhuan\ThinkPHP\Library\Think\Db\Driver\Mysql.class.php 第 52 行.
SQL: SHOW COLUMNS FROM `xlyz_user` [ RunTime:0.013987s ]
SQL: SELECT * FROM `xlyz_user` WHERE ( id_number = '3115003090' and password = 'e10adc3949ba59abbe56e057f20f883e' ) LIMIT 1   [ RunTime:0.011340s ]

[ 2017-03-17T21:17:03+08:00 ] ::1 /Xianlaiyizhuan/Home/User/getUserInfo
INFO: [ app_begin ] --START--
INFO: Run Behavior\ReadHtmlCache [ RunTime:0.000767s ]
INFO: [ app_begin ] --END-- [ RunTime:0.001527s ]
NOTIC: [8] Undefined index: db_port F:\PHP Projects\Xianlaiyizhuan\ThinkPHP\Library\Think\Db.class.php 第 127 行.
NOTIC: [8] Undefined index: db_dsn F:\PHP Projects\Xianlaiyizhuan\ThinkPHP\Library\Think\Db.class.php 第 129 行.
NOTIC: [8] Undefined index: db_params F:\PHP Projects\Xianlaiyizhuan\ThinkPHP\Library\Think\Db.class.php 第 130 行.
NOTIC: [8192] mysql_connect(): The mysql extension is deprecated and will be removed in the future: use mysqli or PDO instead F:\PHP Projects\Xianlaiyizhuan\ThinkPHP\Library\Think\Db\Driver\Mysql.class.php 第 52 行.
SQL: SHOW COLUMNS FROM `xlyz_user` [ RunTime:0.013324s ]
SQL: SELECT * FROM `xlyz_user` WHERE ( 2 ) LIMIT 1   [ RunTime:0.011718s ]

[ 2017-03-17T21:17:19+08:00 ] ::1 /Xianlaiyizhuan/Home/User/getUserInfo
INFO: [ app_begin ] --START--
INFO: Run Behavior\ReadHtmlCache [ RunTime:0.001239s ]
INFO: [ app_begin ] --END-- [ RunTime:0.002241s ]
NOTIC: [8] Undefined index: db_port F:\PHP Projects\Xianlaiyizhuan\ThinkPHP\Library\Think\Db.class.php 第 127 行.
NOTIC: [8] Undefined index: db_dsn F:\PHP Projects\Xianlaiyizhuan\ThinkPHP\Library\Think\Db.class.php 第 129 行.
NOTIC: [8] Undefined index: db_params F:\PHP Projects\Xianlaiyizhuan\ThinkPHP\Library\Think\Db.class.php 第 130 行.
NOTIC: [8192] mysql_connect(): The mysql extension is deprecated and will be removed in the future: use mysqli or PDO instead F:\PHP Projects\Xianlaiyizhuan\ThinkPHP\Library\Think\Db\Driver\Mysql.class.php 第 52 行.
SQL: SHOW COLUMNS FROM `xlyz_user` [ RunTime:0.016117s ]
SQL: SELECT * FROM `xlyz_user` WHERE ( 2 ) LIMIT 1   [ RunTime:0.013426s ]

[ 2017-03-17T21:17:20+08:00 ] ::1 /Xianlaiyizhuan/Home/User/getUserInfo
INFO: [ app_begin ] --START--
INFO: Run Behavior\ReadHtmlCache [ RunTime:0.000694s ]
INFO: [ app_begin ] --END-- [ RunTime:0.001395s ]
NOTIC: [8] Undefined index: db_port F:\PHP Projects\Xianlaiyizhuan\ThinkPHP\Library\Think\Db.class.php 第 127 行.
NOTIC: [8] Undefined index: db_dsn F:\PHP Projects\Xianlaiyizhuan\ThinkPHP\Library\Think\Db.class.php 第 129 行.
NOTIC: [8] Undefined index: db_params F:\PHP Projects\Xianlaiyizhuan\ThinkPHP\Library\Think\Db.class.php 第 130 行.
NOTIC: [8192] mysql_connect(): The mysql extension is deprecated and will be removed in the future: use mysqli or PDO instead F:\PHP Projects\Xianlaiyizhuan\ThinkPHP\Library\Think\Db\Driver\Mysql.class.php 第 52 行.
SQL: SHOW COLUMNS FROM `xlyz_user` [ RunTime:0.010687s ]
SQL: SELECT * FROM `xlyz_user` WHERE ( 2 ) LIMIT 1   [ RunTime:0.012330s ]

[ 2017-03-17T21:17:37+08:00 ] ::1 /Xianlaiyizhuan/Home/User/userLogin
INFO: [ app_begin ] --START--
INFO: Run Behavior\ReadHtmlCache [ RunTime:0.000797s ]
INFO: [ app_begin ] --END-- [ RunTime:0.001660s ]
NOTIC: [8] Undefined index: db_port F:\PHP Projects\Xianlaiyizhuan\ThinkPHP\Library\Think\Db.class.php 第 127 行.
NOTIC: [8] Undefined index: db_dsn F:\PHP Projects\Xianlaiyizhuan\ThinkPHP\Library\Think\Db.class.php 第 129 行.
NOTIC: [8] Undefined index: db_params F:\PHP Projects\Xianlaiyizhuan\ThinkPHP\Library\Think\Db.class.php 第 130 行.
NOTIC: [8192] mysql_connect(): The mysql extension is deprecated and will be removed in the future: use mysqli or PDO instead F:\PHP Projects\Xianlaiyizhuan\ThinkPHP\Library\Think\Db\Driver\Mysql.class.php 第 52 行.
SQL: SHOW COLUMNS FROM `xlyz_user` [ RunTime:0.009818s ]
SQL: SELECT * FROM `xlyz_user` WHERE ( id_number = '3115003090' and password = 'e10adc3949ba59abbe56e057f20f883e' ) LIMIT 1   [ RunTime:0.010841s ]

[ 2017-03-17T21:17:42+08:00 ] ::1 /Xianlaiyizhuan/Home/User/getUserInfo
INFO: [ app_begin ] --START--
INFO: Run Behavior\ReadHtmlCache [ RunTime:0.000657s ]
INFO: [ app_begin ] --END-- [ RunTime:0.001313s ]
NOTIC: [8] Undefined index: db_port F:\PHP Projects\Xianlaiyizhuan\ThinkPHP\Library\Think\Db.class.php 第 127 行.
NOTIC: [8] Undefined index: db_dsn F:\PHP Projects\Xianlaiyizhuan\ThinkPHP\Library\Think\Db.class.php 第 129 行.
NOTIC: [8] Undefined index: db_params F:\PHP Projects\Xianlaiyizhuan\ThinkPHP\Library\Think\Db.class.php 第 130 行.
NOTIC: [8192] mysql_connect(): The mysql extension is deprecated and will be removed in the future: use mysqli or PDO instead F:\PHP Projects\Xianlaiyizhuan\ThinkPHP\Library\Think\Db\Driver\Mysql.class.php 第 52 行.
SQL: SHOW COLUMNS FROM `xlyz_user` [ RunTime:0.312567s ]
SQL: SELECT * FROM `xlyz_user` WHERE ( 2 ) LIMIT 1   [ RunTime:0.926304s ]

[ 2017-03-17T21:18:18+08:00 ] ::1 /Xianlaiyizhuan/Home/User/userLogin
INFO: [ app_begin ] --START--
INFO: Run Behavior\ReadHtmlCache [ RunTime:0.000762s ]
INFO: [ app_begin ] --END-- [ RunTime:0.001923s ]
NOTIC: [8] Undefined index: db_port F:\PHP Projects\Xianlaiyizhuan\ThinkPHP\Library\Think\Db.class.php 第 127 行.
NOTIC: [8] Undefined index: db_dsn F:\PHP Projects\Xianlaiyizhuan\ThinkPHP\Library\Think\Db.class.php 第 129 行.
NOTIC: [8] Undefined index: db_params F:\PHP Projects\Xianlaiyizhuan\ThinkPHP\Library\Think\Db.class.php 第 130 行.
NOTIC: [8192] mysql_connect(): The mysql extension is deprecated and will be removed in the future: use mysqli or PDO instead F:\PHP Projects\Xianlaiyizhuan\ThinkPHP\Library\Think\Db\Driver\Mysql.class.php 第 52 行.
SQL: SHOW COLUMNS FROM `xlyz_user` [ RunTime:0.013021s ]
SQL: SELECT * FROM `xlyz_user` WHERE ( id_number = '3115003090' and password = 'e10adc3949ba59abbe56e057f20f883e' ) LIMIT 1   [ RunTime:0.009652s ]

[ 2017-03-17T21:18:23+08:00 ] ::1 /Xianlaiyizhuan/Home/User/getUserInfo
INFO: [ app_begin ] --START--
INFO: Run Behavior\ReadHtmlCache [ RunTime:0.000870s ]
INFO: [ app_begin ] --END-- [ RunTime:0.001551s ]
NOTIC: [8] Undefined index: db_port F:\PHP Projects\Xianlaiyizhuan\ThinkPHP\Library\Think\Db.class.php 第 127 行.
NOTIC: [8] Undefined index: db_dsn F:\PHP Projects\Xianlaiyizhuan\ThinkPHP\Library\Think\Db.class.php 第 129 行.
NOTIC: [8] Undefined index: db_params F:\PHP Projects\Xianlaiyizhuan\ThinkPHP\Library\Think\Db.class.php 第 130 行.
NOTIC: [8192] mysql_connect(): The mysql extension is deprecated and will be removed in the future: use mysqli or PDO instead F:\PHP Projects\Xianlaiyizhuan\ThinkPHP\Library\Think\Db\Driver\Mysql.class.php 第 52 行.
SQL: SHOW COLUMNS FROM `xlyz_user` [ RunTime:0.011799s ]
SQL: SELECT * FROM `xlyz_user` WHERE ( 2 ) LIMIT 1   [ RunTime:0.010048s ]

[ 2017-03-17T21:20:04+08:00 ] ::1 /Xianlaiyizhuan/Home/User/userLogin
INFO: [ app_begin ] --START--
INFO: Run Behavior\ReadHtmlCache [ RunTime:0.001010s ]
INFO: [ app_begin ] --END-- [ RunTime:0.001987s ]
NOTIC: [8] Undefined index: db_port F:\PHP Projects\Xianlaiyizhuan\ThinkPHP\Library\Think\Db.class.php 第 127 行.
NOTIC: [8] Undefined index: db_dsn F:\PHP Projects\Xianlaiyizhuan\ThinkPHP\Library\Think\Db.class.php 第 129 行.
NOTIC: [8] Undefined index: db_params F:\PHP Projects\Xianlaiyizhuan\ThinkPHP\Library\Think\Db.class.php 第 130 行.
NOTIC: [8192] mysql_connect(): The mysql extension is deprecated and will be removed in the future: use mysqli or PDO instead F:\PHP Projects\Xianlaiyizhuan\ThinkPHP\Library\Think\Db\Driver\Mysql.class.php 第 52 行.
SQL: SHOW COLUMNS FROM `xlyz_user` [ RunTime:0.015447s ]
SQL: SELECT * FROM `xlyz_user` WHERE ( id_number = '3115003090' and password = 'e10adc3949ba59abbe56e057f20f883e' ) LIMIT 1   [ RunTime:0.014346s ]

[ 2017-03-17T21:20:57+08:00 ] ::1 /Xianlaiyizhuan/Home/User/getUserInfo
INFO: [ app_begin ] --START--
INFO: Run Behavior\ReadHtmlCache [ RunTime:0.001079s ]
INFO: [ app_begin ] --END-- [ RunTime:0.001859s ]
NOTIC: [8] Undefined index: db_port F:\PHP Projects\Xianlaiyizhuan\ThinkPHP\Library\Think\Db.class.php 第 127 行.
NOTIC: [8] Undefined index: db_dsn F:\PHP Projects\Xianlaiyizhuan\ThinkPHP\Library\Think\Db.class.php 第 129 行.
NOTIC: [8] Undefined index: db_params F:\PHP Projects\Xianlaiyizhuan\ThinkPHP\Library\Think\Db.class.php 第 130 行.
NOTIC: [8192] mysql_connect(): The mysql extension is deprecated and will be removed in the future: use mysqli or PDO instead F:\PHP Projects\Xianlaiyizhuan\ThinkPHP\Library\Think\Db\Driver\Mysql.class.php 第 52 行.
SQL: SHOW COLUMNS FROM `xlyz_user` [ RunTime:0.012701s ]
SQL: SELECT * FROM `xlyz_user` WHERE ( 2 ) LIMIT 1   [ RunTime:0.010380s ]

[ 2017-03-17T21:21:22+08:00 ] ::1 /Xianlaiyizhuan/Home/User/getUserInfo
INFO: [ app_begin ] --START--
INFO: Run Behavior\ReadHtmlCache [ RunTime:0.001470s ]
INFO: [ app_begin ] --END-- [ RunTime:0.002327s ]
NOTIC: [8] Undefined index: db_port F:\PHP Projects\Xianlaiyizhuan\ThinkPHP\Library\Think\Db.class.php 第 127 行.
NOTIC: [8] Undefined index: db_dsn F:\PHP Projects\Xianlaiyizhuan\ThinkPHP\Library\Think\Db.class.php 第 129 行.
NOTIC: [8] Undefined index: db_params F:\PHP Projects\Xianlaiyizhuan\ThinkPHP\Library\Think\Db.class.php 第 130 行.
NOTIC: [8192] mysql_connect(): The mysql extension is deprecated and will be removed in the future: use mysqli or PDO instead F:\PHP Projects\Xianlaiyizhuan\ThinkPHP\Library\Think\Db\Driver\Mysql.class.php 第 52 行.
SQL: SHOW COLUMNS FROM `xlyz_user` [ RunTime:0.013942s ]
SQL: SELECT * FROM `xlyz_user` WHERE ( id = 2 ) LIMIT 1   [ RunTime:0.013491s ]

[ 2017-03-17T21:21:25+08:00 ] ::1 /Xianlaiyizhuan/Home/User/getUserInfo
INFO: [ app_begin ] --START--
INFO: Run Behavior\ReadHtmlCache [ RunTime:0.001617s ]
INFO: [ app_begin ] --END-- [ RunTime:0.002950s ]
NOTIC: [8] Undefined index: db_port F:\PHP Projects\Xianlaiyizhuan\ThinkPHP\Library\Think\Db.class.php 第 127 行.
NOTIC: [8] Undefined index: db_dsn F:\PHP Projects\Xianlaiyizhuan\ThinkPHP\Library\Think\Db.class.php 第 129 行.
NOTIC: [8] Undefined index: db_params F:\PHP Projects\Xianlaiyizhuan\ThinkPHP\Library\Think\Db.class.php 第 130 行.
NOTIC: [8192] mysql_connect(): The mysql extension is deprecated and will be removed in the future: use mysqli or PDO instead F:\PHP Projects\Xianlaiyizhuan\ThinkPHP\Library\Think\Db\Driver\Mysql.class.php 第 52 行.
SQL: SHOW COLUMNS FROM `xlyz_user` [ RunTime:0.017040s ]
SQL: SELECT * FROM `xlyz_user` WHERE ( id = 2 ) LIMIT 1   [ RunTime:0.018364s ]

[ 2017-03-17T21:21:26+08:00 ] ::1 /Xianlaiyizhuan/Home/User/getUserInfo
INFO: [ app_begin ] --START--
INFO: Run Behavior\ReadHtmlCache [ RunTime:0.000899s ]
INFO: [ app_begin ] --END-- [ RunTime:0.002063s ]
NOTIC: [8] Undefined index: db_port F:\PHP Projects\Xianlaiyizhuan\ThinkPHP\Library\Think\Db.class.php 第 127 行.
NOTIC: [8] Undefined index: db_dsn F:\PHP Projects\Xianlaiyizhuan\ThinkPHP\Library\Think\Db.class.php 第 129 行.
NOTIC: [8] Undefined index: db_params F:\PHP Projects\Xianlaiyizhuan\ThinkPHP\Library\Think\Db.class.php 第 130 行.
NOTIC: [8192] mysql_connect(): The mysql extension is deprecated and will be removed in the future: use mysqli or PDO instead F:\PHP Projects\Xianlaiyizhuan\ThinkPHP\Library\Think\Db\Driver\Mysql.class.php 第 52 行.
SQL: SHOW COLUMNS FROM `xlyz_user` [ RunTime:0.018591s ]
SQL: SELECT * FROM `xlyz_user` WHERE ( id = 2 ) LIMIT 1   [ RunTime:0.010238s ]

[ 2017-03-17T21:21:41+08:00 ] ::1 /Xianlaiyizhuan/Home/User/getUserInfo
INFO: [ app_begin ] --START--
INFO: Run Behavior\ReadHtmlCache [ RunTime:0.001322s ]
INFO: [ app_begin ] --END-- [ RunTime:0.002271s ]
NOTIC: [8] Undefined index: db_port F:\PHP Projects\Xianlaiyizhuan\ThinkPHP\Library\Think\Db.class.php 第 127 行.
NOTIC: [8] Undefined index: db_dsn F:\PHP Projects\Xianlaiyizhuan\ThinkPHP\Library\Think\Db.class.php 第 129 行.
NOTIC: [8] Undefined index: db_params F:\PHP Projects\Xianlaiyizhuan\ThinkPHP\Library\Think\Db.class.php 第 130 行.
NOTIC: [8192] mysql_connect(): The mysql extension is deprecated and will be removed in the future: use mysqli or PDO instead F:\PHP Projects\Xianlaiyizhuan\ThinkPHP\Library\Think\Db\Driver\Mysql.class.php 第 52 行.
SQL: SHOW COLUMNS FROM `xlyz_user` [ RunTime:0.013307s ]
SQL: SELECT * FROM `xlyz_user` WHERE ( id = 2 ) LIMIT 1   [ RunTime:0.013569s ]

[ 2017-03-17T21:22:24+08:00 ] ::1 /Xianlaiyizhuan/Home/User/userLogin
INFO: [ app_begin ] --START--
INFO: Run Behavior\ReadHtmlCache [ RunTime:0.001667s ]
INFO: [ app_begin ] --END-- [ RunTime:0.002664s ]
NOTIC: [8] Undefined index: db_port F:\PHP Projects\Xianlaiyizhuan\ThinkPHP\Library\Think\Db.class.php 第 127 行.
NOTIC: [8] Undefined index: db_dsn F:\PHP Projects\Xianlaiyizhuan\ThinkPHP\Library\Think\Db.class.php 第 129 行.
NOTIC: [8] Undefined index: db_params F:\PHP Projects\Xianlaiyizhuan\ThinkPHP\Library\Think\Db.class.php 第 130 行.
NOTIC: [8192] mysql_connect(): The mysql extension is deprecated and will be removed in the future: use mysqli or PDO instead F:\PHP Projects\Xianlaiyizhuan\ThinkPHP\Library\Think\Db\Driver\Mysql.class.php 第 52 行.
SQL: SHOW COLUMNS FROM `xlyz_user` [ RunTime:0.013934s ]
SQL: SELECT * FROM `xlyz_user` WHERE ( id_number = '3115002333' and password = 'e10adc3949ba59abbe56e057f20f883e' ) LIMIT 1   [ RunTime:0.010616s ]

[ 2017-03-17T21:22:27+08:00 ] ::1 /Xianlaiyizhuan/Home/User/getUserInfo
INFO: [ app_begin ] --START--
INFO: Run Behavior\ReadHtmlCache [ RunTime:0.001471s ]
INFO: [ app_begin ] --END-- [ RunTime:0.002306s ]
NOTIC: [8] Undefined index: db_port F:\PHP Projects\Xianlaiyizhuan\ThinkPHP\Library\Think\Db.class.php 第 127 行.
NOTIC: [8] Undefined index: db_dsn F:\PHP Projects\Xianlaiyizhuan\ThinkPHP\Library\Think\Db.class.php 第 129 行.
NOTIC: [8] Undefined index: db_params F:\PHP Projects\Xianlaiyizhuan\ThinkPHP\Library\Think\Db.class.php 第 130 行.
NOTIC: [8192] mysql_connect(): The mysql extension is deprecated and will be removed in the future: use mysqli or PDO instead F:\PHP Projects\Xianlaiyizhuan\ThinkPHP\Library\Think\Db\Driver\Mysql.class.php 第 52 行.
SQL: SHOW COLUMNS FROM `xlyz_user` [ RunTime:0.015392s ]
SQL: SELECT * FROM `xlyz_user` WHERE ( id = 1 ) LIMIT 1   [ RunTime:0.012411s ]

[ 2017-03-17T21:22:32+08:00 ] ::1 /Xianlaiyizhuan/Home/User/userLogin
INFO: [ app_begin ] --START--
INFO: Run Behavior\ReadHtmlCache [ RunTime:0.000827s ]
INFO: [ app_begin ] --END-- [ RunTime:0.002052s ]
NOTIC: [8] Undefined index: db_port F:\PHP Projects\Xianlaiyizhuan\ThinkPHP\Library\Think\Db.class.php 第 127 行.
NOTIC: [8] Undefined index: db_dsn F:\PHP Projects\Xianlaiyizhuan\ThinkPHP\Library\Think\Db.class.php 第 129 行.
NOTIC: [8] Undefined index: db_params F:\PHP Projects\Xianlaiyizhuan\ThinkPHP\Library\Think\Db.class.php 第 130 行.
NOTIC: [8192] mysql_connect(): The mysql extension is deprecated and will be removed in the future: use mysqli or PDO instead F:\PHP Projects\Xianlaiyizhuan\ThinkPHP\Library\Think\Db\Driver\Mysql.class.php 第 52 行.
SQL: SHOW COLUMNS FROM `xlyz_user` [ RunTime:0.016405s ]
SQL: SELECT * FROM `xlyz_user` WHERE ( id_number = '3115002333' and password = 'e10adc3949ba59abbe56e057f20f883e' ) LIMIT 1   [ RunTime:0.012952s ]

[ 2017-03-17T21:34:56+08:00 ] ::1 /Xianlaiyizhuan/Home/User/test?idn=3115003090&pwd=270956
INFO: [ app_begin ] --START--
INFO: Run Behavior\ReadHtmlCache [ RunTime:0.000788s ]
INFO: [ app_begin ] --END-- [ RunTime:0.001500s ]
NOTIC: [8] Undefined index: db_port F:\PHP Projects\Xianlaiyizhuan\ThinkPHP\Library\Think\Db.class.php 第 127 行.
NOTIC: [8] Undefined index: db_dsn F:\PHP Projects\Xianlaiyizhuan\ThinkPHP\Library\Think\Db.class.php 第 129 行.
NOTIC: [8] Undefined index: db_params F:\PHP Projects\Xianlaiyizhuan\ThinkPHP\Library\Think\Db.class.php 第 130 行.
NOTIC: [8192] mysql_connect(): The mysql extension is deprecated and will be removed in the future: use mysqli or PDO instead F:\PHP Projects\Xianlaiyizhuan\ThinkPHP\Library\Think\Db\Driver\Mysql.class.php 第 52 行.
SQL: SHOW COLUMNS FROM `xlyz_user` [ RunTime:0.013584s ]
SQL: SELECT * FROM `xlyz_user` WHERE ( id = 1 )  [ RunTime:0.009814s ]

[ 2017-03-17T21:35:28+08:00 ] ::1 /Xianlaiyizhuan/Home/User/test?idn=3115003090&pwd=270956
INFO: [ app_begin ] --START--
INFO: Run Behavior\ReadHtmlCache [ RunTime:0.000947s ]
INFO: [ app_begin ] --END-- [ RunTime:0.001778s ]
NOTIC: [8] Undefined index: db_port F:\PHP Projects\Xianlaiyizhuan\ThinkPHP\Library\Think\Db.class.php 第 127 行.
NOTIC: [8] Undefined index: db_dsn F:\PHP Projects\Xianlaiyizhuan\ThinkPHP\Library\Think\Db.class.php 第 129 行.
NOTIC: [8] Undefined index: db_params F:\PHP Projects\Xianlaiyizhuan\ThinkPHP\Library\Think\Db.class.php 第 130 行.
NOTIC: [8192] mysql_connect(): The mysql extension is deprecated and will be removed in the future: use mysqli or PDO instead F:\PHP Projects\Xianlaiyizhuan\ThinkPHP\Library\Think\Db\Driver\Mysql.class.php 第 52 行.
SQL: SHOW COLUMNS FROM `xlyz_user` [ RunTime:0.075287s ]
SQL: SELECT * FROM `xlyz_user` WHERE ( id = 1 )  [ RunTime:0.107336s ]
INFO: [ app_end ] --START--
INFO: Run Behavior\ShowPageTrace [ RunTime:0.001840s ]
INFO: [ app_end ] --END-- [ RunTime:0.002337s ]

[ 2017-03-17T21:37:30+08:00 ] ::1 /Xianlaiyizhuan/Home/User/test?idn=3115003090&pwd=270956
INFO: [ app_begin ] --START--
INFO: Run Behavior\ReadHtmlCache [ RunTime:0.001054s ]
INFO: [ app_begin ] --END-- [ RunTime:0.001927s ]
NOTIC: [8] Undefined index: db_port F:\PHP Projects\Xianlaiyizhuan\ThinkPHP\Library\Think\Db.class.php 第 127 行.
NOTIC: [8] Undefined index: db_dsn F:\PHP Projects\Xianlaiyizhuan\ThinkPHP\Library\Think\Db.class.php 第 129 行.
NOTIC: [8] Undefined index: db_params F:\PHP Projects\Xianlaiyizhuan\ThinkPHP\Library\Think\Db.class.php 第 130 行.
NOTIC: [8192] mysql_connect(): The mysql extension is deprecated and will be removed in the future: use mysqli or PDO instead F:\PHP Projects\Xianlaiyizhuan\ThinkPHP\Library\Think\Db\Driver\Mysql.class.php 第 52 行.
SQL: SHOW COLUMNS FROM `xlyz_user` [ RunTime:0.032202s ]
SQL: SELECT * FROM `xlyz_user`  [ RunTime:0.020965s ]

[ 2017-03-17T21:39:30+08:00 ] ::1 /Xianlaiyizhuan/Home/User/test?idn=3115003090&pwd=270956
INFO: [ app_begin ] --START--
INFO: Run Behavior\ReadHtmlCache [ RunTime:0.000812s ]
INFO: [ app_begin ] --END-- [ RunTime:0.001549s ]
NOTIC: [8] Undefined index: db_port F:\PHP Projects\Xianlaiyizhuan\ThinkPHP\Library\Think\Db.class.php 第 127 行.
NOTIC: [8] Undefined index: db_dsn F:\PHP Projects\Xianlaiyizhuan\ThinkPHP\Library\Think\Db.class.php 第 129 行.
NOTIC: [8] Undefined index: db_params F:\PHP Projects\Xianlaiyizhuan\ThinkPHP\Library\Think\Db.class.php 第 130 行.
NOTIC: [8192] mysql_connect(): The mysql extension is deprecated and will be removed in the future: use mysqli or PDO instead F:\PHP Projects\Xianlaiyizhuan\ThinkPHP\Library\Think\Db\Driver\Mysql.class.php 第 52 行.
SQL: SHOW COLUMNS FROM `xlyz_user` [ RunTime:0.135721s ]
SQL: SELECT * FROM `xlyz_user`  [ RunTime:0.029623s ]

[ 2017-03-17T21:58:27+08:00 ] ::1 /Xianlaiyizhuan/Home/User/getUserInfo
INFO: [ app_begin ] --START--
INFO: Run Behavior\ReadHtmlCache [ RunTime:0.000844s ]
INFO: [ app_begin ] --END-- [ RunTime:0.001545s ]
NOTIC: [8] Undefined index: db_port F:\PHP Projects\Xianlaiyizhuan\ThinkPHP\Library\Think\Db.class.php 第 127 行.
NOTIC: [8] Undefined index: db_dsn F:\PHP Projects\Xianlaiyizhuan\ThinkPHP\Library\Think\Db.class.php 第 129 行.
NOTIC: [8] Undefined index: db_params F:\PHP Projects\Xianlaiyizhuan\ThinkPHP\Library\Think\Db.class.php 第 130 行.
NOTIC: [8192] mysql_connect(): The mysql extension is deprecated and will be removed in the future: use mysqli or PDO instead F:\PHP Projects\Xianlaiyizhuan\ThinkPHP\Library\Think\Db\Driver\Mysql.class.php 第 52 行.
SQL: SHOW COLUMNS FROM `xlyz_user` [ RunTime:0.014130s ]
SQL: SELECT * FROM `xlyz_user` WHERE ( id = 1 ) LIMIT 1   [ RunTime:0.011323s ]

[ 2017-03-17T22:06:45+08:00 ] ::1 /Xianlaiyizhuan/Home/User/searchUser
INFO: [ app_begin ] --START--
INFO: Run Behavior\ReadHtmlCache [ RunTime:0.000850s ]
INFO: [ app_begin ] --END-- [ RunTime:0.001809s ]
NOTIC: [8] Undefined index: db_port F:\PHP Projects\Xianlaiyizhuan\ThinkPHP\Library\Think\Db.class.php 第 127 行.
NOTIC: [8] Undefined index: db_dsn F:\PHP Projects\Xianlaiyizhuan\ThinkPHP\Library\Think\Db.class.php 第 129 行.
NOTIC: [8] Undefined index: db_params F:\PHP Projects\Xianlaiyizhuan\ThinkPHP\Library\Think\Db.class.php 第 130 行.
NOTIC: [8192] mysql_connect(): The mysql extension is deprecated and will be removed in the future: use mysqli or PDO instead F:\PHP Projects\Xianlaiyizhuan\ThinkPHP\Library\Think\Db\Driver\Mysql.class.php 第 52 行.
SQL: SHOW COLUMNS FROM `xlyz_user` [ RunTime:0.014253s ]
SQL: SELECT * FROM `xlyz_user` WHERE ( 0 =  )  [ RunTime:0.010943s ]
ERR: 1064:You have an error in your SQL syntax; check the manual that corresponds to your MySQL server version for the right syntax to use near ')' at line 1
 [ SQL语句 ] : SELECT * FROM `xlyz_user` WHERE ( 0 =  ) 

[ 2017-03-17T22:09:21+08:00 ] ::1 /Xianlaiyizhuan/Home/User/searchUser
INFO: [ app_begin ] --START--
INFO: Run Behavior\ReadHtmlCache [ RunTime:0.000930s ]
INFO: [ app_begin ] --END-- [ RunTime:0.001735s ]
NOTIC: [8] Undefined index: db_port F:\PHP Projects\Xianlaiyizhuan\ThinkPHP\Library\Think\Db.class.php 第 127 行.
NOTIC: [8] Undefined index: db_dsn F:\PHP Projects\Xianlaiyizhuan\ThinkPHP\Library\Think\Db.class.php 第 129 行.
NOTIC: [8] Undefined index: db_params F:\PHP Projects\Xianlaiyizhuan\ThinkPHP\Library\Think\Db.class.php 第 130 行.
NOTIC: [8192] mysql_connect(): The mysql extension is deprecated and will be removed in the future: use mysqli or PDO instead F:\PHP Projects\Xianlaiyizhuan\ThinkPHP\Library\Think\Db\Driver\Mysql.class.php 第 52 行.
SQL: SHOW COLUMNS FROM `xlyz_user` [ RunTime:0.013187s ]
SQL: SELECT * FROM `xlyz_user` WHERE ( 0 =  )  [ RunTime:0.010575s ]
ERR: 1064:You have an error in your SQL syntax; check the manual that corresponds to your MySQL server version for the right syntax to use near ')' at line 1
 [ SQL语句 ] : SELECT * FROM `xlyz_user` WHERE ( 0 =  ) 

[ 2017-03-17T22:09:22+08:00 ] ::1 /Xianlaiyizhuan/Home/User/searchUser
INFO: [ app_begin ] --START--
INFO: Run Behavior\ReadHtmlCache [ RunTime:0.000663s ]
INFO: [ app_begin ] --END-- [ RunTime:0.001318s ]
NOTIC: [8] Undefined index: db_port F:\PHP Projects\Xianlaiyizhuan\ThinkPHP\Library\Think\Db.class.php 第 127 行.
NOTIC: [8] Undefined index: db_dsn F:\PHP Projects\Xianlaiyizhuan\ThinkPHP\Library\Think\Db.class.php 第 129 行.
NOTIC: [8] Undefined index: db_params F:\PHP Projects\Xianlaiyizhuan\ThinkPHP\Library\Think\Db.class.php 第 130 行.
NOTIC: [8192] mysql_connect(): The mysql extension is deprecated and will be removed in the future: use mysqli or PDO instead F:\PHP Projects\Xianlaiyizhuan\ThinkPHP\Library\Think\Db\Driver\Mysql.class.php 第 52 行.
SQL: SHOW COLUMNS FROM `xlyz_user` [ RunTime:0.014354s ]
SQL: SELECT * FROM `xlyz_user` WHERE ( 0 =  )  [ RunTime:0.018749s ]
ERR: 1064:You have an error in your SQL syntax; check the manual that corresponds to your MySQL server version for the right syntax to use near ')' at line 1
 [ SQL语句 ] : SELECT * FROM `xlyz_user` WHERE ( 0 =  ) 

[ 2017-03-17T22:09:37+08:00 ] ::1 /Xianlaiyizhuan/Home/User/searchUser
INFO: [ app_begin ] --START--
INFO: Run Behavior\ReadHtmlCache [ RunTime:0.000909s ]
INFO: [ app_begin ] --END-- [ RunTime:0.001719s ]
NOTIC: [8] Undefined index: db_port F:\PHP Projects\Xianlaiyizhuan\ThinkPHP\Library\Think\Db.class.php 第 127 行.
NOTIC: [8] Undefined index: db_dsn F:\PHP Projects\Xianlaiyizhuan\ThinkPHP\Library\Think\Db.class.php 第 129 行.
NOTIC: [8] Undefined index: db_params F:\PHP Projects\Xianlaiyizhuan\ThinkPHP\Library\Think\Db.class.php 第 130 行.
NOTIC: [8192] mysql_connect(): The mysql extension is deprecated and will be removed in the future: use mysqli or PDO instead F:\PHP Projects\Xianlaiyizhuan\ThinkPHP\Library\Think\Db\Driver\Mysql.class.php 第 52 行.
SQL: SHOW COLUMNS FROM `xlyz_user` [ RunTime:0.013039s ]
SQL: SELECT * FROM `xlyz_user` WHERE ( 0 =  )  [ RunTime:0.010162s ]
ERR: 1064:You have an error in your SQL syntax; check the manual that corresponds to your MySQL server version for the right syntax to use near ')' at line 1
 [ SQL语句 ] : SELECT * FROM `xlyz_user` WHERE ( 0 =  ) 

[ 2017-03-17T22:09:56+08:00 ] ::1 /Xianlaiyizhuan/Home/User/searchUser
INFO: [ app_begin ] --START--
INFO: Run Behavior\ReadHtmlCache [ RunTime:0.000662s ]
INFO: [ app_begin ] --END-- [ RunTime:0.001331s ]
NOTIC: [8] Undefined index: db_port F:\PHP Projects\Xianlaiyizhuan\ThinkPHP\Library\Think\Db.class.php 第 127 行.
NOTIC: [8] Undefined index: db_dsn F:\PHP Projects\Xianlaiyizhuan\ThinkPHP\Library\Think\Db.class.php 第 129 行.
NOTIC: [8] Undefined index: db_params F:\PHP Projects\Xianlaiyizhuan\ThinkPHP\Library\Think\Db.class.php 第 130 行.
NOTIC: [8192] mysql_connect(): The mysql extension is deprecated and will be removed in the future: use mysqli or PDO instead F:\PHP Projects\Xianlaiyizhuan\ThinkPHP\Library\Think\Db\Driver\Mysql.class.php 第 52 行.
SQL: SHOW COLUMNS FROM `xlyz_user` [ RunTime:0.014174s ]
SQL: SELECT * FROM `xlyz_user` WHERE ( 0 =  )  [ RunTime:0.011913s ]
ERR: 1064:You have an error in your SQL syntax; check the manual that corresponds to your MySQL server version for the right syntax to use near ')' at line 1
 [ SQL语句 ] : SELECT * FROM `xlyz_user` WHERE ( 0 =  ) 

