[ 2017-03-15T21:51:16+08:00 ] ::1 /Xianlaiyizhuan/Home/Base/test
INFO: [ app_begin ] --START--
INFO: Run Behavior\ReadHtmlCache [ RunTime:0.051021s ]
INFO: [ app_begin ] --END-- [ RunTime:0.164268s ]
INFO: [ app_end ] --START--
INFO: Run Behavior\ShowPageTrace [ RunTime:0.020953s ]
INFO: [ app_end ] --END-- [ RunTime:0.021305s ]

[ 2017-03-15T21:51:16+08:00 ] ::1 /Xianlaiyizhuan/Home/Base/disable.js
INFO: [ app_begin ] --START--
INFO: Run Behavior\ReadHtmlCache [ RunTime:0.001785s ]
INFO: [ app_begin ] --END-- [ RunTime:0.002837s ]
ERR: 非法操作:disable.js

[ 2017-03-15T21:51:16+08:00 ] ::1 /Xianlaiyizhuan/Home/Base/Style.css
INFO: [ app_begin ] --START--
INFO: Run Behavior\ReadHtmlCache [ RunTime:0.000731s ]
INFO: [ app_begin ] --END-- [ RunTime:0.001480s ]
ERR: 非法操作:style.css

[ 2017-03-15T21:51:51+08:00 ] ::1 /Xianlaiyizhuan/Home/Base/Style.css
INFO: [ app_begin ] --START--
INFO: Run Behavior\ReadHtmlCache [ RunTime:0.000713s ]
INFO: [ app_begin ] --END-- [ RunTime:0.001404s ]
ERR: 非法操作:style.css

[ 2017-03-15T21:51:56+08:00 ] ::1 /Xianlaiyizhuan/Home/Base/test
INFO: [ app_begin ] --START--
INFO: Run Behavior\ReadHtmlCache [ RunTime:0.000787s ]
INFO: [ app_begin ] --END-- [ RunTime:0.001489s ]
INFO: [ app_end ] --START--
INFO: Run Behavior\ShowPageTrace [ RunTime:0.000843s ]
INFO: [ app_end ] --END-- [ RunTime:0.001133s ]

[ 2017-03-15T21:51:57+08:00 ] ::1 /Xianlaiyizhuan/Home/Base/Style.css
INFO: [ app_begin ] --START--
INFO: Run Behavior\ReadHtmlCache [ RunTime:0.000705s ]
INFO: [ app_begin ] --END-- [ RunTime:0.001420s ]
ERR: 非法操作:style.css

[ 2017-03-15T21:51:57+08:00 ] ::1 /Xianlaiyizhuan/Home/Base/disable.js
INFO: [ app_begin ] --START--
INFO: Run Behavior\ReadHtmlCache [ RunTime:0.000902s ]
INFO: [ app_begin ] --END-- [ RunTime:0.001669s ]
ERR: 非法操作:disable.js

[ 2017-03-15T21:58:38+08:00 ] ::1 /Xianlaiyizhuan/Home/Base/test
INFO: [ app_begin ] --START--
INFO: Run Behavior\ReadHtmlCache [ RunTime:0.000915s ]
INFO: [ app_begin ] --END-- [ RunTime:0.004467s ]
NOTIC: [2] DOMDocument::loadHTML() expects parameter 1 to be string, object given F:\PHP Projects\Xianlaiyizhuan\Application\Home\Controller\BaseController.class.php 第 65 行.

[ 2017-03-15T21:59:59+08:00 ] ::1 /Xianlaiyizhuan/Home/Base/test
INFO: [ app_begin ] --START--
INFO: Run Behavior\ReadHtmlCache [ RunTime:0.005995s ]
INFO: [ app_begin ] --END-- [ RunTime:0.006892s ]

[ 2017-03-15T22:00:05+08:00 ] ::1 /Xianlaiyizhuan/Home/Base/test
INFO: [ app_begin ] --START--
INFO: Run Behavior\ReadHtmlCache [ RunTime:0.001592s ]
INFO: [ app_begin ] --END-- [ RunTime:0.002297s ]

[ 2017-03-15T22:00:28+08:00 ] ::1 /Xianlaiyizhuan/Home/Base/test
INFO: [ app_begin ] --START--
INFO: Run Behavior\ReadHtmlCache [ RunTime:0.000742s ]
INFO: [ app_begin ] --END-- [ RunTime:0.001660s ]

[ 2017-03-15T22:00:30+08:00 ] ::1 /Xianlaiyizhuan/Home/Base/test
INFO: [ app_begin ] --START--
INFO: Run Behavior\ReadHtmlCache [ RunTime:0.000829s ]
INFO: [ app_begin ] --END-- [ RunTime:0.001694s ]

[ 2017-03-15T22:00:39+08:00 ] ::1 /Xianlaiyizhuan/Home/Base/test
INFO: [ app_begin ] --START--
INFO: Run Behavior\ReadHtmlCache [ RunTime:0.000879s ]
INFO: [ app_begin ] --END-- [ RunTime:0.001641s ]

[ 2017-03-15T22:00:39+08:00 ] ::1 /Xianlaiyizhuan/Home/Base/Style.css
INFO: [ app_begin ] --START--
INFO: Run Behavior\ReadHtmlCache [ RunTime:0.000847s ]
INFO: [ app_begin ] --END-- [ RunTime:0.001897s ]
ERR: 非法操作:style.css

[ 2017-03-15T22:00:39+08:00 ] ::1 /Xianlaiyizhuan/Home/Base/disable.js
INFO: [ app_begin ] --START--
INFO: Run Behavior\ReadHtmlCache [ RunTime:0.000910s ]
INFO: [ app_begin ] --END-- [ RunTime:0.002034s ]
ERR: 非法操作:disable.js

[ 2017-03-15T22:02:12+08:00 ] ::1 /Xianlaiyizhuan/Home/Base/test
INFO: [ app_begin ] --START--
INFO: Run Behavior\ReadHtmlCache [ RunTime:0.000968s ]
INFO: [ app_begin ] --END-- [ RunTime:0.002234s ]
NOTIC: [2] DOMDocument::loadHTML() expects parameter 1 to be string, object given F:\PHP Projects\Xianlaiyizhuan\Application\Home\Controller\BaseController.class.php 第 64 行.

[ 2017-03-15T22:02:40+08:00 ] ::1 /Xianlaiyizhuan/Home/Base/test
INFO: [ app_begin ] --START--
INFO: Run Behavior\ReadHtmlCache [ RunTime:0.000802s ]
INFO: [ app_begin ] --END-- [ RunTime:0.001866s ]
NOTIC: [2] DOMDocument::loadHTML() expects parameter 1 to be string, object given F:\PHP Projects\Xianlaiyizhuan\Application\Home\Controller\BaseController.class.php 第 64 行.

[ 2017-03-15T22:03:35+08:00 ] ::1 /Xianlaiyizhuan/Home/Base/test
INFO: [ app_begin ] --START--
INFO: Run Behavior\ReadHtmlCache [ RunTime:0.001191s ]
INFO: [ app_begin ] --END-- [ RunTime:0.001935s ]
NOTIC: [2] DOMDocument::loadHTML(): htmlParseStartTag: misplaced &lt;html&gt; tag in Entity, line: 10 F:\PHP Projects\Xianlaiyizhuan\Application\Home\Controller\BaseController.class.php 第 64 行.
NOTIC: [2] DOMDocument::loadHTML(): htmlParseStartTag: misplaced &lt;head&gt; tag in Entity, line: 11 F:\PHP Projects\Xianlaiyizhuan\Application\Home\Controller\BaseController.class.php 第 64 行.
NOTIC: [2] DOMDocument::loadHTML(): input conversion failed due to input error, bytes 0xA6 0xE7 0x94 0x9F F:\PHP Projects\Xianlaiyizhuan\Application\Home\Controller\BaseController.class.php 第 64 行.
NOTIC: [2] DOMDocument::loadHTML(): input conversion failed due to input error, bytes 0xA6 0xE7 0x94 0x9F F:\PHP Projects\Xianlaiyizhuan\Application\Home\Controller\BaseController.class.php 第 64 行.

[ 2017-03-15T22:03:39+08:00 ] ::1 /Xianlaiyizhuan/Home/Base/test
INFO: [ app_begin ] --START--
INFO: Run Behavior\ReadHtmlCache [ RunTime:0.000821s ]
INFO: [ app_begin ] --END-- [ RunTime:0.002033s ]
NOTIC: [2] DOMDocument::loadHTML(): htmlParseStartTag: misplaced &lt;html&gt; tag in Entity, line: 10 F:\PHP Projects\Xianlaiyizhuan\Application\Home\Controller\BaseController.class.php 第 64 行.
NOTIC: [2] DOMDocument::loadHTML(): htmlParseStartTag: misplaced &lt;head&gt; tag in Entity, line: 11 F:\PHP Projects\Xianlaiyizhuan\Application\Home\Controller\BaseController.class.php 第 64 行.
NOTIC: [2] DOMDocument::loadHTML(): input conversion failed due to input error, bytes 0xA6 0xE7 0x94 0x9F F:\PHP Projects\Xianlaiyizhuan\Application\Home\Controller\BaseController.class.php 第 64 行.
NOTIC: [2] DOMDocument::loadHTML(): input conversion failed due to input error, bytes 0xA6 0xE7 0x94 0x9F F:\PHP Projects\Xianlaiyizhuan\Application\Home\Controller\BaseController.class.php 第 64 行.

[ 2017-03-15T22:03:50+08:00 ] ::1 /Xianlaiyizhuan/Home/Base/test
INFO: [ app_begin ] --START--
INFO: Run Behavior\ReadHtmlCache [ RunTime:0.001280s ]
INFO: [ app_begin ] --END-- [ RunTime:0.004192s ]
NOTIC: [2] DOMDocument::loadHTML(): htmlParseStartTag: misplaced &lt;html&gt; tag in Entity, line: 10 F:\PHP Projects\Xianlaiyizhuan\Application\Home\Controller\BaseController.class.php 第 64 行.
NOTIC: [2] DOMDocument::loadHTML(): htmlParseStartTag: misplaced &lt;head&gt; tag in Entity, line: 11 F:\PHP Projects\Xianlaiyizhuan\Application\Home\Controller\BaseController.class.php 第 64 行.
NOTIC: [2] DOMDocument::loadHTML(): input conversion failed due to input error, bytes 0xA6 0xE7 0x94 0x9F F:\PHP Projects\Xianlaiyizhuan\Application\Home\Controller\BaseController.class.php 第 64 行.
NOTIC: [2] DOMDocument::loadHTML(): input conversion failed due to input error, bytes 0xA6 0xE7 0x94 0x9F F:\PHP Projects\Xianlaiyizhuan\Application\Home\Controller\BaseController.class.php 第 64 行.

[ 2017-03-15T22:04:02+08:00 ] ::1 /Xianlaiyizhuan/Home/Base/test
INFO: [ app_begin ] --START--
INFO: Run Behavior\ReadHtmlCache [ RunTime:0.000760s ]
INFO: [ app_begin ] --END-- [ RunTime:0.001681s ]

[ 2017-03-15T22:04:09+08:00 ] ::1 /Xianlaiyizhuan/Home/Base/test
INFO: [ app_begin ] --START--
INFO: Run Behavior\ReadHtmlCache [ RunTime:0.000750s ]
INFO: [ app_begin ] --END-- [ RunTime:0.001505s ]
NOTIC: [2] DOMDocument::loadHTML(): htmlParseStartTag: invalid element name in Entity, line: 1 F:\PHP Projects\Xianlaiyizhuan\Application\Home\Controller\BaseController.class.php 第 64 行.

[ 2017-03-15T22:05:37+08:00 ] ::1 /Xianlaiyizhuan/Home/Base/test
INFO: [ app_begin ] --START--
INFO: Run Behavior\ReadHtmlCache [ RunTime:0.000697s ]
INFO: [ app_begin ] --END-- [ RunTime:0.001382s ]
INFO: [ app_end ] --START--
INFO: Run Behavior\ShowPageTrace [ RunTime:0.002243s ]
INFO: [ app_end ] --END-- [ RunTime:0.002841s ]

[ 2017-03-15T22:05:37+08:00 ] ::1 /Xianlaiyizhuan/Home/Base/Style.css
INFO: [ app_begin ] --START--
INFO: Run Behavior\ReadHtmlCache [ RunTime:0.000850s ]
INFO: [ app_begin ] --END-- [ RunTime:0.001617s ]
ERR: 非法操作:style.css

[ 2017-03-15T22:05:37+08:00 ] ::1 /Xianlaiyizhuan/Home/Base/disable.js
INFO: [ app_begin ] --START--
INFO: Run Behavior\ReadHtmlCache [ RunTime:0.000875s ]
INFO: [ app_begin ] --END-- [ RunTime:0.001613s ]
ERR: 非法操作:disable.js

[ 2017-03-15T22:09:18+08:00 ] ::1 /Xianlaiyizhuan/Home/Base/test
INFO: [ app_begin ] --START--
INFO: Run Behavior\ReadHtmlCache [ RunTime:0.000869s ]
INFO: [ app_begin ] --END-- [ RunTime:0.001646s ]
INFO: [ app_end ] --START--
INFO: Run Behavior\ShowPageTrace [ RunTime:0.002311s ]
INFO: [ app_end ] --END-- [ RunTime:0.003192s ]

[ 2017-03-15T22:09:18+08:00 ] ::1 /Xianlaiyizhuan/Home/Base/Style.css
INFO: [ app_begin ] --START--
INFO: Run Behavior\ReadHtmlCache [ RunTime:0.001721s ]
INFO: [ app_begin ] --END-- [ RunTime:0.002987s ]
ERR: 非法操作:style.css

[ 2017-03-15T22:09:18+08:00 ] ::1 /Xianlaiyizhuan/Home/Base/disable.js
INFO: [ app_begin ] --START--
INFO: Run Behavior\ReadHtmlCache [ RunTime:0.002296s ]
INFO: [ app_begin ] --END-- [ RunTime:0.008573s ]
ERR: 非法操作:disable.js

[ 2017-03-15T22:10:20+08:00 ] ::1 /Xianlaiyizhuan/Home/Base/test
INFO: [ app_begin ] --START--
INFO: Run Behavior\ReadHtmlCache [ RunTime:0.001866s ]
INFO: [ app_begin ] --END-- [ RunTime:0.005449s ]
NOTIC: [2] DOMDocument::loadHTML() expects parameter 1 to be string, object given F:\PHP Projects\Xianlaiyizhuan\Application\Home\Controller\BaseController.class.php 第 65 行.

[ 2017-03-15T22:10:36+08:00 ] ::1 /Xianlaiyizhuan/Home/Base/test
INFO: [ app_begin ] --START--
INFO: Run Behavior\ReadHtmlCache [ RunTime:0.000718s ]
INFO: [ app_begin ] --END-- [ RunTime:0.003844s ]
NOTIC: [2] DOMDocument::loadHTML() expects parameter 1 to be string, object given F:\PHP Projects\Xianlaiyizhuan\Application\Home\Controller\BaseController.class.php 第 65 行.

[ 2017-03-15T22:10:54+08:00 ] ::1 /Xianlaiyizhuan/Home/Base/test
INFO: [ app_begin ] --START--
INFO: Run Behavior\ReadHtmlCache [ RunTime:0.002224s ]
INFO: [ app_begin ] --END-- [ RunTime:0.004094s ]
NOTIC: [2] DOMDocument::loadHTML() expects parameter 1 to be string, object given F:\PHP Projects\Xianlaiyizhuan\Application\Home\Controller\BaseController.class.php 第 65 行.

[ 2017-03-15T22:11:04+08:00 ] ::1 /Xianlaiyizhuan/Home/Base/test
INFO: [ app_begin ] --START--
INFO: Run Behavior\ReadHtmlCache [ RunTime:0.002575s ]
INFO: [ app_begin ] --END-- [ RunTime:0.003268s ]
NOTIC: [2] DOMDocument::loadHTML() expects parameter 1 to be string, object given F:\PHP Projects\Xianlaiyizhuan\Application\Home\Controller\BaseController.class.php 第 65 行.

[ 2017-03-15T22:11:49+08:00 ] ::1 /Xianlaiyizhuan/Home/Base/test
INFO: [ app_begin ] --START--
INFO: Run Behavior\ReadHtmlCache [ RunTime:0.001081s ]
INFO: [ app_begin ] --END-- [ RunTime:0.002501s ]
INFO: [ app_end ] --START--
INFO: Run Behavior\ShowPageTrace [ RunTime:0.002300s ]
INFO: [ app_end ] --END-- [ RunTime:0.002839s ]

[ 2017-03-15T22:12:08+08:00 ] ::1 /Xianlaiyizhuan/Home/Base/test
INFO: [ app_begin ] --START--
INFO: Run Behavior\ReadHtmlCache [ RunTime:0.000699s ]
INFO: [ app_begin ] --END-- [ RunTime:0.001439s ]
INFO: [ app_end ] --START--
INFO: Run Behavior\ShowPageTrace [ RunTime:0.001444s ]
INFO: [ app_end ] --END-- [ RunTime:0.002040s ]

[ 2017-03-15T22:12:08+08:00 ] ::1 /Xianlaiyizhuan/Home/Base/Style.css
INFO: [ app_begin ] --START--
INFO: Run Behavior\ReadHtmlCache [ RunTime:0.002282s ]
INFO: [ app_begin ] --END-- [ RunTime:0.003925s ]
ERR: 非法操作:style.css

[ 2017-03-15T22:12:08+08:00 ] ::1 /Xianlaiyizhuan/Home/Base/disable.js
INFO: [ app_begin ] --START--
INFO: Run Behavior\ReadHtmlCache [ RunTime:0.000829s ]
INFO: [ app_begin ] --END-- [ RunTime:0.001552s ]
ERR: 非法操作:disable.js

[ 2017-03-15T22:18:02+08:00 ] ::1 /Xianlaiyizhuan/Home/Base/test
INFO: [ app_begin ] --START--
INFO: Run Behavior\ReadHtmlCache [ RunTime:0.000887s ]
INFO: [ app_begin ] --END-- [ RunTime:0.001666s ]
NOTIC: [2] DOMDocument::loadHTML(): htmlParseStartTag: misplaced &lt;html&gt; tag in Entity, line: 10 F:\PHP Projects\Xianlaiyizhuan\Application\Home\Controller\BaseController.class.php 第 64 行.
NOTIC: [2] DOMDocument::loadHTML(): htmlParseStartTag: misplaced &lt;head&gt; tag in Entity, line: 11 F:\PHP Projects\Xianlaiyizhuan\Application\Home\Controller\BaseController.class.php 第 64 行.
NOTIC: [2] DOMDocument::loadHTML(): input conversion failed due to input error, bytes 0xA6 0xE7 0x94 0x9F F:\PHP Projects\Xianlaiyizhuan\Application\Home\Controller\BaseController.class.php 第 64 行.
NOTIC: [2] DOMDocument::loadHTML(): input conversion failed due to input error, bytes 0xA6 0xE7 0x94 0x9F F:\PHP Projects\Xianlaiyizhuan\Application\Home\Controller\BaseController.class.php 第 64 行.
INFO: [ app_end ] --START--
INFO: Run Behavior\ShowPageTrace [ RunTime:0.002230s ]
INFO: [ app_end ] --END-- [ RunTime:0.002833s ]

[ 2017-03-15T22:26:14+08:00 ] ::1 /Xianlaiyizhuan/Home/Base/test
INFO: [ app_begin ] --START--
INFO: Run Behavior\ReadHtmlCache [ RunTime:0.000812s ]
INFO: [ app_begin ] --END-- [ RunTime:0.001543s ]
INFO: [ app_end ] --START--
INFO: Run Behavior\ShowPageTrace [ RunTime:0.002680s ]
INFO: [ app_end ] --END-- [ RunTime:0.003241s ]

[ 2017-03-15T22:26:14+08:00 ] ::1 /Xianlaiyizhuan/Home/Base/Style.css
INFO: [ app_begin ] --START--
INFO: Run Behavior\ReadHtmlCache [ RunTime:0.001249s ]
INFO: [ app_begin ] --END-- [ RunTime:0.002474s ]
ERR: 非法操作:style.css

[ 2017-03-15T22:26:14+08:00 ] ::1 /Xianlaiyizhuan/Home/Base/disable.js
INFO: [ app_begin ] --START--
INFO: Run Behavior\ReadHtmlCache [ RunTime:0.006926s ]
INFO: [ app_begin ] --END-- [ RunTime:0.007792s ]
ERR: 非法操作:disable.js

[ 2017-03-15T22:26:50+08:00 ] ::1 /Xianlaiyizhuan/Home/Base/test
INFO: [ app_begin ] --START--
INFO: Run Behavior\ReadHtmlCache [ RunTime:0.000700s ]
INFO: [ app_begin ] --END-- [ RunTime:0.001416s ]
INFO: [ app_end ] --START--
INFO: Run Behavior\ShowPageTrace [ RunTime:0.001116s ]
INFO: [ app_end ] --END-- [ RunTime:0.001447s ]

[ 2017-03-15T22:26:50+08:00 ] ::1 /Xianlaiyizhuan/Home/Base/Style.css
INFO: [ app_begin ] --START--
INFO: Run Behavior\ReadHtmlCache [ RunTime:0.000731s ]
INFO: [ app_begin ] --END-- [ RunTime:0.001425s ]
ERR: 非法操作:style.css

[ 2017-03-15T22:26:50+08:00 ] ::1 /Xianlaiyizhuan/Home/Base/disable.js
INFO: [ app_begin ] --START--
INFO: Run Behavior\ReadHtmlCache [ RunTime:0.001032s ]
INFO: [ app_begin ] --END-- [ RunTime:0.001739s ]
ERR: 非法操作:disable.js

[ 2017-03-15T22:27:00+08:00 ] ::1 /Xianlaiyizhuan/Home/Base/test
INFO: [ app_begin ] --START--
INFO: Run Behavior\ReadHtmlCache [ RunTime:0.000717s ]
INFO: [ app_begin ] --END-- [ RunTime:0.001418s ]
INFO: [ app_end ] --START--
INFO: Run Behavior\ShowPageTrace [ RunTime:0.003084s ]
INFO: [ app_end ] --END-- [ RunTime:0.003616s ]

[ 2017-03-15T22:27:27+08:00 ] ::1 /Xianlaiyizhuan/Home/Base/test
INFO: [ app_begin ] --START--
INFO: Run Behavior\ReadHtmlCache [ RunTime:0.000814s ]
INFO: [ app_begin ] --END-- [ RunTime:0.001650s ]
INFO: [ app_end ] --START--
INFO: Run Behavior\ShowPageTrace [ RunTime:0.001505s ]
INFO: [ app_end ] --END-- [ RunTime:0.002037s ]

[ 2017-03-15T22:27:43+08:00 ] ::1 /Xianlaiyizhuan/Home/Base/test
INFO: [ app_begin ] --START--
INFO: Run Behavior\ReadHtmlCache [ RunTime:0.000897s ]
INFO: [ app_begin ] --END-- [ RunTime:0.001873s ]
INFO: [ app_end ] --START--
INFO: Run Behavior\ShowPageTrace [ RunTime:0.002197s ]
INFO: [ app_end ] --END-- [ RunTime:0.002727s ]

[ 2017-03-15T22:30:43+08:00 ] ::1 /Xianlaiyizhuan/Home/Base/test
INFO: [ app_begin ] --START--
INFO: Run Behavior\ReadHtmlCache [ RunTime:0.000899s ]
INFO: [ app_begin ] --END-- [ RunTime:0.001655s ]
ERR: Invalid Character Error

[ 2017-03-15T22:31:11+08:00 ] ::1 /Xianlaiyizhuan/Home/Base/test
INFO: [ app_begin ] --START--
INFO: Run Behavior\ReadHtmlCache [ RunTime:0.000680s ]
INFO: [ app_begin ] --END-- [ RunTime:0.001346s ]
INFO: [ app_end ] --START--
INFO: Run Behavior\ShowPageTrace [ RunTime:0.000962s ]
INFO: [ app_end ] --END-- [ RunTime:0.001257s ]

[ 2017-03-15T22:31:24+08:00 ] ::1 /Xianlaiyizhuan/Home/Base/test
INFO: [ app_begin ] --START--
INFO: Run Behavior\ReadHtmlCache [ RunTime:0.002024s ]
INFO: [ app_begin ] --END-- [ RunTime:0.003177s ]
INFO: [ app_end ] --START--
INFO: Run Behavior\ShowPageTrace [ RunTime:0.002498s ]
INFO: [ app_end ] --END-- [ RunTime:0.003068s ]

[ 2017-03-15T22:31:28+08:00 ] ::1 /Xianlaiyizhuan/Home/Base/test
INFO: [ app_begin ] --START--
INFO: Run Behavior\ReadHtmlCache [ RunTime:0.001346s ]
INFO: [ app_begin ] --END-- [ RunTime:0.002601s ]

[ 2017-03-15T22:32:01+08:00 ] ::1 /Xianlaiyizhuan/Home/Base/test
INFO: [ app_begin ] --START--
INFO: Run Behavior\ReadHtmlCache [ RunTime:0.000738s ]
INFO: [ app_begin ] --END-- [ RunTime:0.001426s ]

[ 2017-03-15T22:32:36+08:00 ] ::1 /Xianlaiyizhuan/Home/Base/test
INFO: [ app_begin ] --START--
INFO: Run Behavior\ReadHtmlCache [ RunTime:0.000834s ]
INFO: [ app_begin ] --END-- [ RunTime:0.002022s ]

[ 2017-03-15T22:34:21+08:00 ] ::1 /Xianlaiyizhuan/Home/Base/test
INFO: [ app_begin ] --START--
INFO: Run Behavior\ReadHtmlCache [ RunTime:0.001571s ]
INFO: [ app_begin ] --END-- [ RunTime:0.002418s ]

[ 2017-03-15T22:34:35+08:00 ] ::1 /Xianlaiyizhuan/Home/Base/test
INFO: [ app_begin ] --START--
INFO: Run Behavior\ReadHtmlCache [ RunTime:0.000763s ]
INFO: [ app_begin ] --END-- [ RunTime:0.001504s ]

[ 2017-03-15T22:34:47+08:00 ] ::1 /Xianlaiyizhuan/Home/Base/test
INFO: [ app_begin ] --START--
INFO: Run Behavior\ReadHtmlCache [ RunTime:0.000874s ]
INFO: [ app_begin ] --END-- [ RunTime:0.001653s ]

[ 2017-03-15T22:37:17+08:00 ] ::1 /Xianlaiyizhuan/Home/Base/test
INFO: [ app_begin ] --START--
INFO: Run Behavior\ReadHtmlCache [ RunTime:0.002616s ]
INFO: [ app_begin ] --END-- [ RunTime:0.009969s ]

[ 2017-03-15T22:37:33+08:00 ] ::1 /Xianlaiyizhuan/Home/Base/test
INFO: [ app_begin ] --START--
INFO: Run Behavior\ReadHtmlCache [ RunTime:0.000759s ]
INFO: [ app_begin ] --END-- [ RunTime:0.001455s ]

[ 2017-03-15T22:38:40+08:00 ] ::1 /Xianlaiyizhuan/Home/Base/test
INFO: [ app_begin ] --START--
INFO: Run Behavior\ReadHtmlCache [ RunTime:0.001224s ]
INFO: [ app_begin ] --END-- [ RunTime:0.013795s ]

[ 2017-03-15T22:40:17+08:00 ] ::1 /Xianlaiyizhuan/Home/Base/test
INFO: [ app_begin ] --START--
INFO: Run Behavior\ReadHtmlCache [ RunTime:0.000996s ]
INFO: [ app_begin ] --END-- [ RunTime:0.006319s ]
INFO: [ app_end ] --START--
INFO: Run Behavior\ShowPageTrace [ RunTime:0.001687s ]
INFO: [ app_end ] --END-- [ RunTime:0.002229s ]

[ 2017-03-15T22:41:01+08:00 ] ::1 /Xianlaiyizhuan/Home/Base/test
INFO: [ app_begin ] --START--
INFO: Run Behavior\ReadHtmlCache [ RunTime:0.000676s ]
INFO: [ app_begin ] --END-- [ RunTime:0.001342s ]
INFO: [ app_end ] --START--
INFO: Run Behavior\ShowPageTrace [ RunTime:0.001640s ]
INFO: [ app_end ] --END-- [ RunTime:0.002162s ]

[ 2017-03-15T22:41:08+08:00 ] ::1 /Xianlaiyizhuan/Home/Base/test
INFO: [ app_begin ] --START--
INFO: Run Behavior\ReadHtmlCache [ RunTime:0.001072s ]
INFO: [ app_begin ] --END-- [ RunTime:0.001843s ]
INFO: [ app_end ] --START--
INFO: Run Behavior\ShowPageTrace [ RunTime:0.001010s ]
INFO: [ app_end ] --END-- [ RunTime:0.001321s ]

[ 2017-03-15T22:41:24+08:00 ] ::1 /Xianlaiyizhuan/Home/Base/test
INFO: [ app_begin ] --START--
INFO: Run Behavior\ReadHtmlCache [ RunTime:0.002356s ]
INFO: [ app_begin ] --END-- [ RunTime:0.003545s ]
INFO: [ app_end ] --START--
INFO: Run Behavior\ShowPageTrace [ RunTime:0.002239s ]
INFO: [ app_end ] --END-- [ RunTime:0.002765s ]

[ 2017-03-15T22:42:13+08:00 ] ::1 /Xianlaiyizhuan/Home/Base/test
INFO: [ app_begin ] --START--
INFO: Run Behavior\ReadHtmlCache [ RunTime:0.000815s ]
INFO: [ app_begin ] --END-- [ RunTime:0.001554s ]
INFO: [ app_end ] --START--
INFO: Run Behavior\ShowPageTrace [ RunTime:0.001991s ]
INFO: [ app_end ] --END-- [ RunTime:0.002631s ]

[ 2017-03-15T22:42:30+08:00 ] ::1 /Xianlaiyizhuan/Home/Base/test
INFO: [ app_begin ] --START--
INFO: Run Behavior\ReadHtmlCache [ RunTime:0.000652s ]
INFO: [ app_begin ] --END-- [ RunTime:0.001286s ]
INFO: [ app_end ] --START--
INFO: Run Behavior\ShowPageTrace [ RunTime:0.001970s ]
INFO: [ app_end ] --END-- [ RunTime:0.002571s ]

[ 2017-03-15T22:42:59+08:00 ] ::1 /Xianlaiyizhuan/Home/Base/test
INFO: [ app_begin ] --START--
INFO: Run Behavior\ReadHtmlCache [ RunTime:0.000781s ]
INFO: [ app_begin ] --END-- [ RunTime:0.001528s ]
INFO: [ app_end ] --START--
INFO: Run Behavior\ShowPageTrace [ RunTime:0.002106s ]
INFO: [ app_end ] --END-- [ RunTime:0.002742s ]

[ 2017-03-15T22:43:06+08:00 ] ::1 /Xianlaiyizhuan/Home/Base/test
INFO: [ app_begin ] --START--
INFO: Run Behavior\ReadHtmlCache [ RunTime:0.001340s ]
INFO: [ app_begin ] --END-- [ RunTime:0.002985s ]
INFO: [ app_end ] --START--
INFO: Run Behavior\ShowPageTrace [ RunTime:0.000799s ]
INFO: [ app_end ] --END-- [ RunTime:0.001099s ]

[ 2017-03-15T22:43:13+08:00 ] ::1 /Xianlaiyizhuan/Home/Base/test
INFO: [ app_begin ] --START--
INFO: Run Behavior\ReadHtmlCache [ RunTime:0.000795s ]
INFO: [ app_begin ] --END-- [ RunTime:0.001551s ]
INFO: [ app_end ] --START--
INFO: Run Behavior\ShowPageTrace [ RunTime:0.002330s ]
INFO: [ app_end ] --END-- [ RunTime:0.002855s ]

[ 2017-03-15T22:43:33+08:00 ] ::1 /Xianlaiyizhuan/Home/Base/test
INFO: [ app_begin ] --START--
INFO: Run Behavior\ReadHtmlCache [ RunTime:0.000916s ]
INFO: [ app_begin ] --END-- [ RunTime:0.002849s ]
INFO: [ app_end ] --START--
INFO: Run Behavior\ShowPageTrace [ RunTime:0.001793s ]
INFO: [ app_end ] --END-- [ RunTime:0.002305s ]

[ 2017-03-15T22:43:49+08:00 ] ::1 /Xianlaiyizhuan/Home/Base/test
INFO: [ app_begin ] --START--
INFO: Run Behavior\ReadHtmlCache [ RunTime:0.000649s ]
INFO: [ app_begin ] --END-- [ RunTime:0.001314s ]
INFO: [ app_end ] --START--
INFO: Run Behavior\ShowPageTrace [ RunTime:0.001462s ]
INFO: [ app_end ] --END-- [ RunTime:0.002070s ]

[ 2017-03-15T22:44:01+08:00 ] ::1 /Xianlaiyizhuan/Home/Base/test
INFO: [ app_begin ] --START--
INFO: Run Behavior\ReadHtmlCache [ RunTime:0.000635s ]
INFO: [ app_begin ] --END-- [ RunTime:0.001281s ]
INFO: [ app_end ] --START--
INFO: Run Behavior\ShowPageTrace [ RunTime:0.002042s ]
INFO: [ app_end ] --END-- [ RunTime:0.002678s ]

[ 2017-03-15T22:44:17+08:00 ] ::1 /Xianlaiyizhuan/Home/Base/test
INFO: [ app_begin ] --START--
INFO: Run Behavior\ReadHtmlCache [ RunTime:0.002300s ]
INFO: [ app_begin ] --END-- [ RunTime:0.004445s ]
INFO: [ app_end ] --START--
INFO: Run Behavior\ShowPageTrace [ RunTime:0.002084s ]
INFO: [ app_end ] --END-- [ RunTime:0.002647s ]

[ 2017-03-15T22:45:52+08:00 ] ::1 /Xianlaiyizhuan/Home/Base/test
INFO: [ app_begin ] --START--
INFO: Run Behavior\ReadHtmlCache [ RunTime:0.000863s ]
INFO: [ app_begin ] --END-- [ RunTime:0.001644s ]
INFO: [ app_end ] --START--
INFO: Run Behavior\ShowPageTrace [ RunTime:0.002675s ]
INFO: [ app_end ] --END-- [ RunTime:0.003239s ]

[ 2017-03-15T22:46:04+08:00 ] ::1 /Xianlaiyizhuan/Home/Base/test
INFO: [ app_begin ] --START--
INFO: Run Behavior\ReadHtmlCache [ RunTime:0.000774s ]
INFO: [ app_begin ] --END-- [ RunTime:0.001523s ]
INFO: [ app_end ] --START--
INFO: Run Behavior\ShowPageTrace [ RunTime:0.001545s ]
INFO: [ app_end ] --END-- [ RunTime:0.002280s ]

[ 2017-03-15T22:46:18+08:00 ] ::1 /Xianlaiyizhuan/Home/Base/test
INFO: [ app_begin ] --START--
INFO: Run Behavior\ReadHtmlCache [ RunTime:0.000751s ]
INFO: [ app_begin ] --END-- [ RunTime:0.004535s ]
INFO: [ app_end ] --START--
INFO: Run Behavior\ShowPageTrace [ RunTime:0.002027s ]
INFO: [ app_end ] --END-- [ RunTime:0.002641s ]

[ 2017-03-15T22:46:40+08:00 ] ::1 /Xianlaiyizhuan/Home/Base/test
INFO: [ app_begin ] --START--
INFO: Run Behavior\ReadHtmlCache [ RunTime:0.000766s ]
INFO: [ app_begin ] --END-- [ RunTime:0.001636s ]
INFO: [ app_end ] --START--
INFO: Run Behavior\ShowPageTrace [ RunTime:0.001604s ]
INFO: [ app_end ] --END-- [ RunTime:0.002148s ]

[ 2017-03-15T22:49:45+08:00 ] ::1 /Xianlaiyizhuan/Home/Base/test
INFO: [ app_begin ] --START--
INFO: Run Behavior\ReadHtmlCache [ RunTime:0.000906s ]
INFO: [ app_begin ] --END-- [ RunTime:0.001678s ]
INFO: [ app_end ] --START--
INFO: Run Behavior\ShowPageTrace [ RunTime:0.002400s ]
INFO: [ app_end ] --END-- [ RunTime:0.003258s ]

[ 2017-03-15T22:50:10+08:00 ] ::1 /Xianlaiyizhuan/Home/Base/test
INFO: [ app_begin ] --START--
INFO: Run Behavior\ReadHtmlCache [ RunTime:0.000744s ]
INFO: [ app_begin ] --END-- [ RunTime:0.001543s ]
INFO: [ app_end ] --START--
INFO: Run Behavior\ShowPageTrace [ RunTime:0.001227s ]
INFO: [ app_end ] --END-- [ RunTime:0.001559s ]

[ 2017-03-15T22:52:41+08:00 ] ::1 /Xianlaiyizhuan/Home/Base/test
INFO: [ app_begin ] --START--
INFO: Run Behavior\ReadHtmlCache [ RunTime:0.000941s ]
INFO: [ app_begin ] --END-- [ RunTime:0.001736s ]

[ 2017-03-15T22:53:10+08:00 ] ::1 /Xianlaiyizhuan/Home/Base/test
INFO: [ app_begin ] --START--
INFO: Run Behavior\ReadHtmlCache [ RunTime:0.012463s ]
INFO: [ app_begin ] --END-- [ RunTime:0.013730s ]

[ 2017-03-15T22:53:42+08:00 ] ::1 /Xianlaiyizhuan/Home/Base/test
INFO: [ app_begin ] --START--
INFO: Run Behavior\ReadHtmlCache [ RunTime:0.000701s ]
INFO: [ app_begin ] --END-- [ RunTime:0.001405s ]
NOTIC: [4096] Object of class DOMText could not be converted to string F:\PHP Projects\Xianlaiyizhuan\Application\Home\Controller\BaseController.class.php 第 66 行.
INFO: [ app_end ] --START--
INFO: Run Behavior\ShowPageTrace [ RunTime:0.002016s ]
INFO: [ app_end ] --END-- [ RunTime:0.002548s ]

[ 2017-03-15T22:53:54+08:00 ] ::1 /Xianlaiyizhuan/Home/Base/test
INFO: [ app_begin ] --START--
INFO: Run Behavior\ReadHtmlCache [ RunTime:0.002011s ]
INFO: [ app_begin ] --END-- [ RunTime:0.002836s ]
INFO: [ app_end ] --START--
INFO: Run Behavior\ShowPageTrace [ RunTime:0.002630s ]
INFO: [ app_end ] --END-- [ RunTime:0.003270s ]

[ 2017-03-15T22:54:31+08:00 ] ::1 /Xianlaiyizhuan/Home/Base/test
INFO: [ app_begin ] --START--
INFO: Run Behavior\ReadHtmlCache [ RunTime:0.000702s ]
INFO: [ app_begin ] --END-- [ RunTime:0.001401s ]
INFO: [ app_end ] --START--
INFO: Run Behavior\ShowPageTrace [ RunTime:0.000840s ]
INFO: [ app_end ] --END-- [ RunTime:0.001205s ]

[ 2017-03-15T22:55:05+08:00 ] ::1 /Xianlaiyizhuan/Home/Base/test
INFO: [ app_begin ] --START--
INFO: Run Behavior\ReadHtmlCache [ RunTime:0.001151s ]
INFO: [ app_begin ] --END-- [ RunTime:0.002284s ]
INFO: [ app_end ] --START--
INFO: Run Behavior\ShowPageTrace [ RunTime:0.001513s ]
INFO: [ app_end ] --END-- [ RunTime:0.002133s ]

[ 2017-03-15T22:56:46+08:00 ] ::1 /Xianlaiyizhuan/Home/Base/test
INFO: [ app_begin ] --START--
INFO: Run Behavior\ReadHtmlCache [ RunTime:0.001734s ]
INFO: [ app_begin ] --END-- [ RunTime:0.002453s ]
INFO: [ app_end ] --START--
INFO: Run Behavior\ShowPageTrace [ RunTime:0.001717s ]
INFO: [ app_end ] --END-- [ RunTime:0.002268s ]

[ 2017-03-15T22:57:25+08:00 ] ::1 /Xianlaiyizhuan/Home/Base/test
INFO: [ app_begin ] --START--
INFO: Run Behavior\ReadHtmlCache [ RunTime:0.000997s ]
INFO: [ app_begin ] --END-- [ RunTime:0.001850s ]
INFO: [ app_end ] --START--
INFO: Run Behavior\ShowPageTrace [ RunTime:0.001059s ]
INFO: [ app_end ] --END-- [ RunTime:0.001428s ]

[ 2017-03-15T22:57:40+08:00 ] ::1 /Xianlaiyizhuan/Home/Base/test
INFO: [ app_begin ] --START--
INFO: Run Behavior\ReadHtmlCache [ RunTime:0.000834s ]
INFO: [ app_begin ] --END-- [ RunTime:0.001809s ]
INFO: [ app_end ] --START--
INFO: Run Behavior\ShowPageTrace [ RunTime:0.001045s ]
INFO: [ app_end ] --END-- [ RunTime:0.001365s ]

[ 2017-03-15T22:57:55+08:00 ] ::1 /Xianlaiyizhuan/Home/Base/test
INFO: [ app_begin ] --START--
INFO: Run Behavior\ReadHtmlCache [ RunTime:0.000918s ]
INFO: [ app_begin ] --END-- [ RunTime:0.001979s ]
INFO: [ app_end ] --START--
INFO: Run Behavior\ShowPageTrace [ RunTime:0.000951s ]
INFO: [ app_end ] --END-- [ RunTime:0.001264s ]

[ 2017-03-15T22:58:07+08:00 ] ::1 /Xianlaiyizhuan/Home/Base/test
INFO: [ app_begin ] --START--
INFO: Run Behavior\ReadHtmlCache [ RunTime:0.000697s ]
INFO: [ app_begin ] --END-- [ RunTime:0.001391s ]
INFO: [ app_end ] --START--
INFO: Run Behavior\ShowPageTrace [ RunTime:0.001653s ]
INFO: [ app_end ] --END-- [ RunTime:0.002676s ]

[ 2017-03-15T22:58:37+08:00 ] ::1 /Xianlaiyizhuan/Home/Base/test
INFO: [ app_begin ] --START--
INFO: Run Behavior\ReadHtmlCache [ RunTime:0.002042s ]
INFO: [ app_begin ] --END-- [ RunTime:0.003073s ]
INFO: [ app_end ] --START--
INFO: Run Behavior\ShowPageTrace [ RunTime:0.001801s ]
INFO: [ app_end ] --END-- [ RunTime:0.002413s ]

[ 2017-03-15T23:00:45+08:00 ] ::1 /Xianlaiyizhuan/Home/Base/test
INFO: [ app_begin ] --START--
INFO: Run Behavior\ReadHtmlCache [ RunTime:0.000909s ]
INFO: [ app_begin ] --END-- [ RunTime:0.001733s ]
NOTIC: [2] preg_match(): Unknown modifier 't' F:\PHP Projects\Xianlaiyizhuan\Application\Home\Controller\BaseController.class.php 第 64 行.
INFO: [ app_end ] --START--
INFO: Run Behavior\ShowPageTrace [ RunTime:0.001021s ]
INFO: [ app_end ] --END-- [ RunTime:0.001300s ]

[ 2017-03-15T23:01:29+08:00 ] ::1 /Xianlaiyizhuan/Home/Base/test
INFO: [ app_begin ] --START--
INFO: Run Behavior\ReadHtmlCache [ RunTime:0.000665s ]
INFO: [ app_begin ] --END-- [ RunTime:0.001348s ]
NOTIC: [2] preg_match(): Unknown modifier 't' F:\PHP Projects\Xianlaiyizhuan\Application\Home\Controller\BaseController.class.php 第 65 行.
INFO: [ app_end ] --START--
INFO: Run Behavior\ShowPageTrace [ RunTime:0.001036s ]
INFO: [ app_end ] --END-- [ RunTime:0.001771s ]

[ 2017-03-15T23:01:29+08:00 ] ::1 /Xianlaiyizhuan/Home/Base/Style.css
INFO: [ app_begin ] --START--
INFO: Run Behavior\ReadHtmlCache [ RunTime:0.000878s ]
INFO: [ app_begin ] --END-- [ RunTime:0.001674s ]
ERR: 非法操作:style.css

[ 2017-03-15T23:01:29+08:00 ] ::1 /Xianlaiyizhuan/Home/Base/disable.js
INFO: [ app_begin ] --START--
INFO: Run Behavior\ReadHtmlCache [ RunTime:0.001389s ]
INFO: [ app_begin ] --END-- [ RunTime:0.002639s ]
ERR: 非法操作:disable.js

[ 2017-03-15T23:01:42+08:00 ] ::1 /Xianlaiyizhuan/Home/Base/test
INFO: [ app_begin ] --START--
INFO: Run Behavior\ReadHtmlCache [ RunTime:0.000676s ]
INFO: [ app_begin ] --END-- [ RunTime:0.001346s ]
NOTIC: [2] preg_match(): Unknown modifier 't' F:\PHP Projects\Xianlaiyizhuan\Application\Home\Controller\BaseController.class.php 第 65 行.
INFO: [ app_end ] --START--
INFO: Run Behavior\ShowPageTrace [ RunTime:0.002421s ]
INFO: [ app_end ] --END-- [ RunTime:0.003002s ]

[ 2017-03-15T23:02:50+08:00 ] ::1 /Xianlaiyizhuan/Home/Base/test
INFO: [ app_begin ] --START--
INFO: Run Behavior\ReadHtmlCache [ RunTime:0.000825s ]
INFO: [ app_begin ] --END-- [ RunTime:0.001568s ]
NOTIC: [2] preg_match(): Unknown modifier 't' F:\PHP Projects\Xianlaiyizhuan\Application\Home\Controller\BaseController.class.php 第 65 行.
INFO: [ app_end ] --START--
INFO: Run Behavior\ShowPageTrace [ RunTime:0.001568s ]
INFO: [ app_end ] --END-- [ RunTime:0.002141s ]

[ 2017-03-15T23:03:26+08:00 ] ::1 /Xianlaiyizhuan/Home/Base/test
INFO: [ app_begin ] --START--
INFO: Run Behavior\ReadHtmlCache [ RunTime:0.000698s ]
INFO: [ app_begin ] --END-- [ RunTime:0.001383s ]
NOTIC: [2] preg_match_all(): Unknown modifier 't' F:\PHP Projects\Xianlaiyizhuan\Application\Home\Controller\BaseController.class.php 第 65 行.
INFO: [ app_end ] --START--
INFO: Run Behavior\ShowPageTrace [ RunTime:0.000858s ]
INFO: [ app_end ] --END-- [ RunTime:0.001127s ]

[ 2017-03-15T23:03:49+08:00 ] ::1 /Xianlaiyizhuan/Home/Base/test
INFO: [ app_begin ] --START--
INFO: Run Behavior\ReadHtmlCache [ RunTime:0.000872s ]
INFO: [ app_begin ] --END-- [ RunTime:0.001644s ]
INFO: [ app_end ] --START--
INFO: Run Behavior\ShowPageTrace [ RunTime:0.001068s ]
INFO: [ app_end ] --END-- [ RunTime:0.001356s ]

[ 2017-03-15T23:04:00+08:00 ] ::1 /Xianlaiyizhuan/Home/Base/test
INFO: [ app_begin ] --START--
INFO: Run Behavior\ReadHtmlCache [ RunTime:0.000898s ]
INFO: [ app_begin ] --END-- [ RunTime:0.001599s ]
INFO: [ app_end ] --START--
INFO: Run Behavior\ShowPageTrace [ RunTime:0.001533s ]
INFO: [ app_end ] --END-- [ RunTime:0.002040s ]

[ 2017-03-15T23:04:13+08:00 ] ::1 /Xianlaiyizhuan/Home/Base/test
INFO: [ app_begin ] --START--
INFO: Run Behavior\ReadHtmlCache [ RunTime:0.001501s ]
INFO: [ app_begin ] --END-- [ RunTime:0.003324s ]
INFO: [ app_end ] --START--
INFO: Run Behavior\ShowPageTrace [ RunTime:0.001552s ]
INFO: [ app_end ] --END-- [ RunTime:0.002109s ]

[ 2017-03-15T23:04:34+08:00 ] ::1 /Xianlaiyizhuan/Home/Base/test
INFO: [ app_begin ] --START--
INFO: Run Behavior\ReadHtmlCache [ RunTime:0.000677s ]
INFO: [ app_begin ] --END-- [ RunTime:0.001376s ]
INFO: [ app_end ] --START--
INFO: Run Behavior\ShowPageTrace [ RunTime:0.001649s ]
INFO: [ app_end ] --END-- [ RunTime:0.002398s ]

[ 2017-03-15T23:05:07+08:00 ] ::1 /Xianlaiyizhuan/Home/Base/test
INFO: [ app_begin ] --START--
INFO: Run Behavior\ReadHtmlCache [ RunTime:0.000813s ]
INFO: [ app_begin ] --END-- [ RunTime:0.002734s ]
NOTIC: [8] Array to string conversion F:\PHP Projects\Xianlaiyizhuan\Application\Home\Controller\BaseController.class.php 第 66 行.
INFO: [ app_end ] --START--
INFO: Run Behavior\ShowPageTrace [ RunTime:0.001493s ]
INFO: [ app_end ] --END-- [ RunTime:0.001991s ]

[ 2017-03-15T23:05:29+08:00 ] ::1 /Xianlaiyizhuan/Home/Base/test
INFO: [ app_begin ] --START--
INFO: Run Behavior\ReadHtmlCache [ RunTime:0.000715s ]
INFO: [ app_begin ] --END-- [ RunTime:0.001407s ]
NOTIC: [8] Array to string conversion F:\PHP Projects\Xianlaiyizhuan\Application\Home\Controller\BaseController.class.php 第 66 行.
INFO: [ app_end ] --START--
INFO: Run Behavior\ShowPageTrace [ RunTime:0.000837s ]
INFO: [ app_end ] --END-- [ RunTime:0.001106s ]

[ 2017-03-15T23:05:40+08:00 ] ::1 /Xianlaiyizhuan/Home/Base/test
INFO: [ app_begin ] --START--
INFO: Run Behavior\ReadHtmlCache [ RunTime:0.000772s ]
INFO: [ app_begin ] --END-- [ RunTime:0.001495s ]
INFO: [ app_end ] --START--
INFO: Run Behavior\ShowPageTrace [ RunTime:0.002084s ]
INFO: [ app_end ] --END-- [ RunTime:0.002759s ]

[ 2017-03-15T23:06:11+08:00 ] ::1 /Xianlaiyizhuan/Home/Base/test
INFO: [ app_begin ] --START--
INFO: Run Behavior\ReadHtmlCache [ RunTime:0.000854s ]
INFO: [ app_begin ] --END-- [ RunTime:0.001597s ]
INFO: [ app_end ] --START--
INFO: Run Behavior\ShowPageTrace [ RunTime:0.001784s ]
INFO: [ app_end ] --END-- [ RunTime:0.002511s ]

[ 2017-03-15T23:08:11+08:00 ] ::1 /Xianlaiyizhuan/Home/Base/test
INFO: [ app_begin ] --START--
INFO: Run Behavior\ReadHtmlCache [ RunTime:0.001607s ]
INFO: [ app_begin ] --END-- [ RunTime:0.003942s ]
INFO: [ app_end ] --START--
INFO: Run Behavior\ShowPageTrace [ RunTime:0.001944s ]
INFO: [ app_end ] --END-- [ RunTime:0.002496s ]

[ 2017-03-15T23:09:18+08:00 ] ::1 /Xianlaiyizhuan/Home/Base/test
INFO: [ app_begin ] --START--
INFO: Run Behavior\ReadHtmlCache [ RunTime:0.001047s ]
INFO: [ app_begin ] --END-- [ RunTime:0.002011s ]
INFO: [ app_end ] --START--
INFO: Run Behavior\ShowPageTrace [ RunTime:0.001845s ]
INFO: [ app_end ] --END-- [ RunTime:0.003276s ]

[ 2017-03-15T23:09:24+08:00 ] ::1 /Xianlaiyizhuan/Home/Base/test
INFO: [ app_begin ] --START--
INFO: Run Behavior\ReadHtmlCache [ RunTime:0.002070s ]
INFO: [ app_begin ] --END-- [ RunTime:0.003413s ]
INFO: [ app_end ] --START--
INFO: Run Behavior\ShowPageTrace [ RunTime:0.002042s ]
INFO: [ app_end ] --END-- [ RunTime:0.002701s ]

[ 2017-03-15T23:09:36+08:00 ] ::1 /Xianlaiyizhuan/Home/Base/test
INFO: [ app_begin ] --START--
INFO: Run Behavior\ReadHtmlCache [ RunTime:0.000825s ]
INFO: [ app_begin ] --END-- [ RunTime:0.001602s ]
INFO: [ app_end ] --START--
INFO: Run Behavior\ShowPageTrace [ RunTime:0.002042s ]
INFO: [ app_end ] --END-- [ RunTime:0.002626s ]

[ 2017-03-15T23:10:25+08:00 ] ::1 /Xianlaiyizhuan/Home/Base/test
INFO: [ app_begin ] --START--
INFO: Run Behavior\ReadHtmlCache [ RunTime:0.000862s ]
INFO: [ app_begin ] --END-- [ RunTime:0.001579s ]
NOTIC: [8] Undefined offset: 1 F:\PHP Projects\Xianlaiyizhuan\Application\Home\Controller\BaseController.class.php 第 65 行.
NOTIC: [8] Undefined offset: 0 F:\PHP Projects\Xianlaiyizhuan\Application\Home\Controller\BaseController.class.php 第 67 行.
NOTIC: [8] Undefined offset: 0 F:\PHP Projects\Xianlaiyizhuan\Application\Home\Controller\BaseController.class.php 第 67 行.
INFO: [ app_end ] --START--
INFO: Run Behavior\ShowPageTrace [ RunTime:0.001426s ]
INFO: [ app_end ] --END-- [ RunTime:0.001908s ]

[ 2017-03-15T23:11:19+08:00 ] ::1 /Xianlaiyizhuan/Home/Base/test
INFO: [ app_begin ] --START--
INFO: Run Behavior\ReadHtmlCache [ RunTime:0.000658s ]
INFO: [ app_begin ] --END-- [ RunTime:0.001326s ]
NOTIC: [8] Undefined offset: 1 F:\PHP Projects\Xianlaiyizhuan\Application\Home\Controller\BaseController.class.php 第 65 行.
NOTIC: [8] Undefined offset: 0 F:\PHP Projects\Xianlaiyizhuan\Application\Home\Controller\BaseController.class.php 第 67 行.
NOTIC: [8] Undefined offset: 0 F:\PHP Projects\Xianlaiyizhuan\Application\Home\Controller\BaseController.class.php 第 67 行.
INFO: [ app_end ] --START--
INFO: Run Behavior\ShowPageTrace [ RunTime:0.001635s ]
INFO: [ app_end ] --END-- [ RunTime:0.002258s ]

[ 2017-03-15T23:12:40+08:00 ] ::1 /Xianlaiyizhuan/Home/Base/test
INFO: [ app_begin ] --START--
INFO: Run Behavior\ReadHtmlCache [ RunTime:0.001915s ]
INFO: [ app_begin ] --END-- [ RunTime:0.003605s ]
NOTIC: [8] Undefined offset: 1 F:\PHP Projects\Xianlaiyizhuan\Application\Home\Controller\BaseController.class.php 第 68 行.
NOTIC: [8] Undefined offset: 0 F:\PHP Projects\Xianlaiyizhuan\Application\Home\Controller\BaseController.class.php 第 70 行.
NOTIC: [8] Undefined offset: 0 F:\PHP Projects\Xianlaiyizhuan\Application\Home\Controller\BaseController.class.php 第 70 行.
INFO: [ app_end ] --START--
INFO: Run Behavior\ShowPageTrace [ RunTime:0.001812s ]
INFO: [ app_end ] --END-- [ RunTime:0.002459s ]

[ 2017-03-15T23:14:26+08:00 ] ::1 /Xianlaiyizhuan/Home/Base/test
INFO: [ app_begin ] --START--
INFO: Run Behavior\ReadHtmlCache [ RunTime:0.006574s ]
INFO: [ app_begin ] --END-- [ RunTime:0.007877s ]
NOTIC: [8] Undefined offset: 1 F:\PHP Projects\Xianlaiyizhuan\Application\Home\Controller\BaseController.class.php 第 66 行.
NOTIC: [8] Undefined offset: 0 F:\PHP Projects\Xianlaiyizhuan\Application\Home\Controller\BaseController.class.php 第 68 行.
NOTIC: [8] Undefined offset: 0 F:\PHP Projects\Xianlaiyizhuan\Application\Home\Controller\BaseController.class.php 第 68 行.
INFO: [ app_end ] --START--
INFO: Run Behavior\ShowPageTrace [ RunTime:0.002430s ]
INFO: [ app_end ] --END-- [ RunTime:0.003135s ]

[ 2017-03-15T23:14:31+08:00 ] ::1 /Xianlaiyizhuan/Home/Base/test
INFO: [ app_begin ] --START--
INFO: Run Behavior\ReadHtmlCache [ RunTime:0.001070s ]
INFO: [ app_begin ] --END-- [ RunTime:0.001847s ]
NOTIC: [8] Undefined offset: 1 F:\PHP Projects\Xianlaiyizhuan\Application\Home\Controller\BaseController.class.php 第 66 行.
NOTIC: [8] Undefined offset: 0 F:\PHP Projects\Xianlaiyizhuan\Application\Home\Controller\BaseController.class.php 第 68 行.
NOTIC: [8] Undefined offset: 0 F:\PHP Projects\Xianlaiyizhuan\Application\Home\Controller\BaseController.class.php 第 68 行.
INFO: [ app_end ] --START--
INFO: Run Behavior\ShowPageTrace [ RunTime:0.001711s ]
INFO: [ app_end ] --END-- [ RunTime:0.002383s ]

[ 2017-03-15T23:14:52+08:00 ] ::1 /Xianlaiyizhuan/Home/Base/test?stu_itn=3115003090&pwd=270956
INFO: [ app_begin ] --START--
INFO: Run Behavior\ReadHtmlCache [ RunTime:0.000947s ]
INFO: [ app_begin ] --END-- [ RunTime:0.001780s ]
INFO: [ app_end ] --START--
INFO: Run Behavior\ShowPageTrace [ RunTime:0.002674s ]
INFO: [ app_end ] --END-- [ RunTime:0.003368s ]

[ 2017-03-15T23:14:59+08:00 ] ::1 /Xianlaiyizhuan/Home/Base/test?stu_itn=3115003090&pwd=270951
INFO: [ app_begin ] --START--
INFO: Run Behavior\ReadHtmlCache [ RunTime:0.000943s ]
INFO: [ app_begin ] --END-- [ RunTime:0.001734s ]
NOTIC: [8] Undefined offset: 1 F:\PHP Projects\Xianlaiyizhuan\Application\Home\Controller\BaseController.class.php 第 66 行.
NOTIC: [8] Undefined offset: 0 F:\PHP Projects\Xianlaiyizhuan\Application\Home\Controller\BaseController.class.php 第 68 行.
NOTIC: [8] Undefined offset: 0 F:\PHP Projects\Xianlaiyizhuan\Application\Home\Controller\BaseController.class.php 第 68 行.
INFO: [ app_end ] --START--
INFO: Run Behavior\ShowPageTrace [ RunTime:0.001576s ]
INFO: [ app_end ] --END-- [ RunTime:0.002152s ]

[ 2017-03-15T23:15:10+08:00 ] ::1 /Xianlaiyizhuan/Home/Base/test?stu_itn=3115003090&pwd=270956
INFO: [ app_begin ] --START--
INFO: Run Behavior\ReadHtmlCache [ RunTime:0.000739s ]
INFO: [ app_begin ] --END-- [ RunTime:0.001452s ]
INFO: [ app_end ] --START--
INFO: Run Behavior\ShowPageTrace [ RunTime:0.000988s ]
INFO: [ app_end ] --END-- [ RunTime:0.001301s ]

[ 2017-03-15T23:16:07+08:00 ] ::1 /Xianlaiyizhuan/Home/Base/test?stu_itn=3115003090&pwd=270951
INFO: [ app_begin ] --START--
INFO: Run Behavior\ReadHtmlCache [ RunTime:0.000886s ]
INFO: [ app_begin ] --END-- [ RunTime:0.001862s ]
NOTIC: [8] Undefined offset: 1 F:\PHP Projects\Xianlaiyizhuan\Application\Home\Controller\BaseController.class.php 第 71 行.
NOTIC: [8] Undefined offset: 0 F:\PHP Projects\Xianlaiyizhuan\Application\Home\Controller\BaseController.class.php 第 73 行.
NOTIC: [8] Undefined offset: 0 F:\PHP Projects\Xianlaiyizhuan\Application\Home\Controller\BaseController.class.php 第 73 行.
INFO: [ app_end ] --START--
INFO: Run Behavior\ShowPageTrace [ RunTime:0.002347s ]
INFO: [ app_end ] --END-- [ RunTime:0.002870s ]

[ 2017-03-15T23:16:13+08:00 ] ::1 /Xianlaiyizhuan/Home/Base/test?stu_itn=3115003090&pwd=270956
INFO: [ app_begin ] --START--
INFO: Run Behavior\ReadHtmlCache [ RunTime:0.000748s ]
INFO: [ app_begin ] --END-- [ RunTime:0.001503s ]
NOTIC: [8] Undefined offset: 1 F:\PHP Projects\Xianlaiyizhuan\Application\Home\Controller\BaseController.class.php 第 71 行.
NOTIC: [8] Undefined offset: 0 F:\PHP Projects\Xianlaiyizhuan\Application\Home\Controller\BaseController.class.php 第 73 行.
NOTIC: [8] Undefined offset: 0 F:\PHP Projects\Xianlaiyizhuan\Application\Home\Controller\BaseController.class.php 第 73 行.
INFO: [ app_end ] --START--
INFO: Run Behavior\ShowPageTrace [ RunTime:0.001678s ]
INFO: [ app_end ] --END-- [ RunTime:0.002226s ]

[ 2017-03-15T23:16:20+08:00 ] ::1 /Xianlaiyizhuan/Home/Base/test?stu_itn=3115003090&pwd=270956
INFO: [ app_begin ] --START--
INFO: Run Behavior\ReadHtmlCache [ RunTime:0.001875s ]
INFO: [ app_begin ] --END-- [ RunTime:0.003828s ]
NOTIC: [8] Undefined offset: 1 F:\PHP Projects\Xianlaiyizhuan\Application\Home\Controller\BaseController.class.php 第 71 行.
NOTIC: [8] Undefined offset: 0 F:\PHP Projects\Xianlaiyizhuan\Application\Home\Controller\BaseController.class.php 第 73 行.
NOTIC: [8] Undefined offset: 0 F:\PHP Projects\Xianlaiyizhuan\Application\Home\Controller\BaseController.class.php 第 73 行.
INFO: [ app_end ] --START--
INFO: Run Behavior\ShowPageTrace [ RunTime:0.001790s ]
INFO: [ app_end ] --END-- [ RunTime:0.002319s ]

[ 2017-03-15T23:16:32+08:00 ] ::1 /Xianlaiyizhuan/Home/Base/test?stu_itn=3115003090&pwd=270956
INFO: [ app_begin ] --START--
INFO: Run Behavior\ReadHtmlCache [ RunTime:0.001500s ]
INFO: [ app_begin ] --END-- [ RunTime:0.002803s ]
NOTIC: [8] Undefined offset: 1 F:\PHP Projects\Xianlaiyizhuan\Application\Home\Controller\BaseController.class.php 第 67 行.
NOTIC: [8] Undefined offset: 0 F:\PHP Projects\Xianlaiyizhuan\Application\Home\Controller\BaseController.class.php 第 69 行.
NOTIC: [8] Undefined offset: 0 F:\PHP Projects\Xianlaiyizhuan\Application\Home\Controller\BaseController.class.php 第 69 行.
INFO: [ app_end ] --START--
INFO: Run Behavior\ShowPageTrace [ RunTime:0.000973s ]
INFO: [ app_end ] --END-- [ RunTime:0.001277s ]

[ 2017-03-15T23:16:41+08:00 ] ::1 /Xianlaiyizhuan/Home/Base/test?stu_itn=3115003090&pwd=270956
INFO: [ app_begin ] --START--
INFO: Run Behavior\ReadHtmlCache [ RunTime:0.002262s ]
INFO: [ app_begin ] --END-- [ RunTime:0.003009s ]
NOTIC: [8] Undefined offset: 1 F:\PHP Projects\Xianlaiyizhuan\Application\Home\Controller\BaseController.class.php 第 67 行.
NOTIC: [8] Undefined offset: 0 F:\PHP Projects\Xianlaiyizhuan\Application\Home\Controller\BaseController.class.php 第 69 行.
NOTIC: [8] Undefined offset: 0 F:\PHP Projects\Xianlaiyizhuan\Application\Home\Controller\BaseController.class.php 第 69 行.
INFO: [ app_end ] --START--
INFO: Run Behavior\ShowPageTrace [ RunTime:0.001703s ]
INFO: [ app_end ] --END-- [ RunTime:0.002241s ]

[ 2017-03-15T23:16:57+08:00 ] ::1 /Xianlaiyizhuan/Home/Base/test?stu_itn=3115003090&pwd=270956
INFO: [ app_begin ] --START--
INFO: Run Behavior\ReadHtmlCache [ RunTime:0.001445s ]
INFO: [ app_begin ] --END-- [ RunTime:0.002913s ]
NOTIC: [8] Undefined offset: 1 F:\PHP Projects\Xianlaiyizhuan\Application\Home\Controller\BaseController.class.php 第 67 行.
NOTIC: [8] Undefined offset: 0 F:\PHP Projects\Xianlaiyizhuan\Application\Home\Controller\BaseController.class.php 第 69 行.
NOTIC: [8] Undefined offset: 0 F:\PHP Projects\Xianlaiyizhuan\Application\Home\Controller\BaseController.class.php 第 69 行.
INFO: [ app_end ] --START--
INFO: Run Behavior\ShowPageTrace [ RunTime:0.001053s ]
INFO: [ app_end ] --END-- [ RunTime:0.001648s ]

[ 2017-03-15T23:16:59+08:00 ] ::1 /Xianlaiyizhuan/Home/Base/test?stu_itn=3115003090&pwd=270956
INFO: [ app_begin ] --START--
INFO: Run Behavior\ReadHtmlCache [ RunTime:0.001295s ]
INFO: [ app_begin ] --END-- [ RunTime:0.002621s ]
NOTIC: [8] Undefined offset: 1 F:\PHP Projects\Xianlaiyizhuan\Application\Home\Controller\BaseController.class.php 第 67 行.
NOTIC: [8] Undefined offset: 0 F:\PHP Projects\Xianlaiyizhuan\Application\Home\Controller\BaseController.class.php 第 69 行.
NOTIC: [8] Undefined offset: 0 F:\PHP Projects\Xianlaiyizhuan\Application\Home\Controller\BaseController.class.php 第 69 行.
INFO: [ app_end ] --START--
INFO: Run Behavior\ShowPageTrace [ RunTime:0.001987s ]
INFO: [ app_end ] --END-- [ RunTime:0.002565s ]

[ 2017-03-15T23:17:01+08:00 ] ::1 /Xianlaiyizhuan/Home/Base/test?stu_itn=3115003090&pwd=270956
INFO: [ app_begin ] --START--
INFO: Run Behavior\ReadHtmlCache [ RunTime:0.000748s ]
INFO: [ app_begin ] --END-- [ RunTime:0.001579s ]
NOTIC: [8] Undefined offset: 1 F:\PHP Projects\Xianlaiyizhuan\Application\Home\Controller\BaseController.class.php 第 67 行.
NOTIC: [8] Undefined offset: 0 F:\PHP Projects\Xianlaiyizhuan\Application\Home\Controller\BaseController.class.php 第 69 行.
NOTIC: [8] Undefined offset: 0 F:\PHP Projects\Xianlaiyizhuan\Application\Home\Controller\BaseController.class.php 第 69 行.
INFO: [ app_end ] --START--
INFO: Run Behavior\ShowPageTrace [ RunTime:0.001706s ]
INFO: [ app_end ] --END-- [ RunTime:0.002206s ]

[ 2017-03-15T23:19:06+08:00 ] ::1 /Xianlaiyizhuan/Home/Base/test?stu_itn=3115003090&pwd=270956
INFO: [ app_begin ] --START--
INFO: Run Behavior\ReadHtmlCache [ RunTime:0.001448s ]
INFO: [ app_begin ] --END-- [ RunTime:0.002647s ]
NOTIC: [8] Undefined offset: 1 F:\PHP Projects\Xianlaiyizhuan\Application\Home\Controller\BaseController.class.php 第 67 行.
NOTIC: [8] Undefined offset: 0 F:\PHP Projects\Xianlaiyizhuan\Application\Home\Controller\BaseController.class.php 第 69 行.
NOTIC: [8] Undefined offset: 0 F:\PHP Projects\Xianlaiyizhuan\Application\Home\Controller\BaseController.class.php 第 69 行.
INFO: [ app_end ] --START--
INFO: Run Behavior\ShowPageTrace [ RunTime:0.001024s ]
INFO: [ app_end ] --END-- [ RunTime:0.001310s ]

[ 2017-03-15T23:19:08+08:00 ] ::1 /Xianlaiyizhuan/Home/Base/test?stu_itn=3115003090&pwd=270956
INFO: [ app_begin ] --START--
INFO: Run Behavior\ReadHtmlCache [ RunTime:0.001371s ]
INFO: [ app_begin ] --END-- [ RunTime:0.004193s ]
NOTIC: [8] Undefined offset: 1 F:\PHP Projects\Xianlaiyizhuan\Application\Home\Controller\BaseController.class.php 第 66 行.
NOTIC: [8] Undefined offset: 0 F:\PHP Projects\Xianlaiyizhuan\Application\Home\Controller\BaseController.class.php 第 68 行.
NOTIC: [8] Undefined offset: 0 F:\PHP Projects\Xianlaiyizhuan\Application\Home\Controller\BaseController.class.php 第 68 行.

[ 2017-03-15T23:19:08+08:00 ] ::1 /Xianlaiyizhuan/Home/Base/test?stu_itn=3115003090&pwd=270956
INFO: [ app_begin ] --START--
INFO: Run Behavior\ReadHtmlCache [ RunTime:0.001332s ]
INFO: [ app_begin ] --END-- [ RunTime:0.002614s ]
NOTIC: [8] Undefined offset: 1 F:\PHP Projects\Xianlaiyizhuan\Application\Home\Controller\BaseController.class.php 第 66 行.
NOTIC: [8] Undefined offset: 0 F:\PHP Projects\Xianlaiyizhuan\Application\Home\Controller\BaseController.class.php 第 68 行.
NOTIC: [8] Undefined offset: 0 F:\PHP Projects\Xianlaiyizhuan\Application\Home\Controller\BaseController.class.php 第 68 行.

[ 2017-03-15T23:19:09+08:00 ] ::1 /Xianlaiyizhuan/Home/Base/test?stu_itn=3115003090&pwd=270956
INFO: [ app_begin ] --START--
INFO: Run Behavior\ReadHtmlCache [ RunTime:0.002183s ]
INFO: [ app_begin ] --END-- [ RunTime:0.003512s ]
NOTIC: [8] Undefined offset: 1 F:\PHP Projects\Xianlaiyizhuan\Application\Home\Controller\BaseController.class.php 第 66 行.
NOTIC: [8] Undefined offset: 0 F:\PHP Projects\Xianlaiyizhuan\Application\Home\Controller\BaseController.class.php 第 68 行.
NOTIC: [8] Undefined offset: 0 F:\PHP Projects\Xianlaiyizhuan\Application\Home\Controller\BaseController.class.php 第 68 行.

[ 2017-03-15T23:19:10+08:00 ] ::1 /Xianlaiyizhuan/Home/Base/test?stu_itn=3115003090&pwd=270956
INFO: [ app_begin ] --START--
INFO: Run Behavior\ReadHtmlCache [ RunTime:0.000843s ]
INFO: [ app_begin ] --END-- [ RunTime:0.001731s ]
NOTIC: [8] Undefined offset: 1 F:\PHP Projects\Xianlaiyizhuan\Application\Home\Controller\BaseController.class.php 第 66 行.
NOTIC: [8] Undefined offset: 0 F:\PHP Projects\Xianlaiyizhuan\Application\Home\Controller\BaseController.class.php 第 68 行.
NOTIC: [8] Undefined offset: 0 F:\PHP Projects\Xianlaiyizhuan\Application\Home\Controller\BaseController.class.php 第 68 行.

[ 2017-03-15T23:19:11+08:00 ] ::1 /Xianlaiyizhuan/Home/Base/test?stu_itn=3115003090&pwd=270956
INFO: [ app_begin ] --START--
INFO: Run Behavior\ReadHtmlCache [ RunTime:0.001974s ]
INFO: [ app_begin ] --END-- [ RunTime:0.002888s ]
NOTIC: [8] Undefined offset: 1 F:\PHP Projects\Xianlaiyizhuan\Application\Home\Controller\BaseController.class.php 第 66 行.
NOTIC: [8] Undefined offset: 0 F:\PHP Projects\Xianlaiyizhuan\Application\Home\Controller\BaseController.class.php 第 68 行.
NOTIC: [8] Undefined offset: 0 F:\PHP Projects\Xianlaiyizhuan\Application\Home\Controller\BaseController.class.php 第 68 行.

[ 2017-03-15T23:19:12+08:00 ] ::1 /Xianlaiyizhuan/Home/Base/test?stu_itn=3115003090&pwd=270956
INFO: [ app_begin ] --START--
INFO: Run Behavior\ReadHtmlCache [ RunTime:0.001537s ]
INFO: [ app_begin ] --END-- [ RunTime:0.003438s ]
NOTIC: [8] Undefined offset: 1 F:\PHP Projects\Xianlaiyizhuan\Application\Home\Controller\BaseController.class.php 第 66 行.
NOTIC: [8] Undefined offset: 0 F:\PHP Projects\Xianlaiyizhuan\Application\Home\Controller\BaseController.class.php 第 68 行.
NOTIC: [8] Undefined offset: 0 F:\PHP Projects\Xianlaiyizhuan\Application\Home\Controller\BaseController.class.php 第 68 行.

