[ 2017-05-05T19:50:33+08:00 ] ::1 /Xianlaiyizhuan/Home/Rubberneck/getAlltopiclist
INFO: [ app_begin ] --START--
INFO: Run Behavior\ReadHtmlCache [ RunTime:0.001425s ]
INFO: [ app_begin ] --END-- [ RunTime:0.099831s ]
NOTIC: [8] Undefined index: db_port F:\PHP Projects\Xianlaiyizhuan\ThinkPHP\Library\Think\Db.class.php 第 127 行.
NOTIC: [8] Undefined index: db_dsn F:\PHP Projects\Xianlaiyizhuan\ThinkPHP\Library\Think\Db.class.php 第 129 行.
NOTIC: [8] Undefined index: db_params F:\PHP Projects\Xianlaiyizhuan\ThinkPHP\Library\Think\Db.class.php 第 130 行.
NOTIC: [8192] mysql_connect(): The mysql extension is deprecated and will be removed in the future: use mysqli or PDO instead F:\PHP Projects\Xianlaiyizhuan\ThinkPHP\Library\Think\Db\Driver\Mysql.class.php 第 52 行.
NOTIC: [2] mysql_connect(): Host '221.4.190.150' is not allowed to connect to this MySQL server F:\PHP Projects\Xianlaiyizhuan\ThinkPHP\Library\Think\Db\Driver\Mysql.class.php 第 52 行.
ERR: Host '221.4.190.150' is not allowed to connect to this MySQL server

[ 2017-05-05T19:51:54+08:00 ] ::1 /Xianlaiyizhuan/Home/Rubberneck/getAlltopiclist
INFO: [ app_begin ] --START--
INFO: Run Behavior\ReadHtmlCache [ RunTime:0.000985s ]
INFO: [ app_begin ] --END-- [ RunTime:0.002611s ]
NOTIC: [8] Undefined index: db_port F:\PHP Projects\Xianlaiyizhuan\ThinkPHP\Library\Think\Db.class.php 第 127 行.
NOTIC: [8] Undefined index: db_dsn F:\PHP Projects\Xianlaiyizhuan\ThinkPHP\Library\Think\Db.class.php 第 129 行.
NOTIC: [8] Undefined index: db_params F:\PHP Projects\Xianlaiyizhuan\ThinkPHP\Library\Think\Db.class.php 第 130 行.
NOTIC: [8192] mysql_connect(): The mysql extension is deprecated and will be removed in the future: use mysqli or PDO instead F:\PHP Projects\Xianlaiyizhuan\ThinkPHP\Library\Think\Db\Driver\Mysql.class.php 第 52 行.
NOTIC: [2] mysql_connect(): Host '221.4.190.150' is not allowed to connect to this MySQL server F:\PHP Projects\Xianlaiyizhuan\ThinkPHP\Library\Think\Db\Driver\Mysql.class.php 第 52 行.
ERR: Host '221.4.190.150' is not allowed to connect to this MySQL server

[ 2017-05-05T19:51:57+08:00 ] ::1 /Xianlaiyizhuan/Home/Rubberneck/getAlltopiclist
INFO: [ app_begin ] --START--
INFO: Run Behavior\ReadHtmlCache [ RunTime:0.001980s ]
INFO: [ app_begin ] --END-- [ RunTime:0.003366s ]
NOTIC: [8] Undefined index: db_port F:\PHP Projects\Xianlaiyizhuan\ThinkPHP\Library\Think\Db.class.php 第 127 行.
NOTIC: [8] Undefined index: db_dsn F:\PHP Projects\Xianlaiyizhuan\ThinkPHP\Library\Think\Db.class.php 第 129 行.
NOTIC: [8] Undefined index: db_params F:\PHP Projects\Xianlaiyizhuan\ThinkPHP\Library\Think\Db.class.php 第 130 行.
NOTIC: [8192] mysql_connect(): The mysql extension is deprecated and will be removed in the future: use mysqli or PDO instead F:\PHP Projects\Xianlaiyizhuan\ThinkPHP\Library\Think\Db\Driver\Mysql.class.php 第 52 行.
NOTIC: [2] mysql_connect(): Host '221.4.190.150' is not allowed to connect to this MySQL server F:\PHP Projects\Xianlaiyizhuan\ThinkPHP\Library\Think\Db\Driver\Mysql.class.php 第 52 行.
ERR: Host '221.4.190.150' is not allowed to connect to this MySQL server

[ 2017-05-05T19:51:57+08:00 ] ::1 /Xianlaiyizhuan/Home/Rubberneck/getAlltopiclist
INFO: [ app_begin ] --START--
INFO: Run Behavior\ReadHtmlCache [ RunTime:0.002701s ]
INFO: [ app_begin ] --END-- [ RunTime:0.004432s ]
NOTIC: [8] Undefined index: db_port F:\PHP Projects\Xianlaiyizhuan\ThinkPHP\Library\Think\Db.class.php 第 127 行.
NOTIC: [8] Undefined index: db_dsn F:\PHP Projects\Xianlaiyizhuan\ThinkPHP\Library\Think\Db.class.php 第 129 行.
NOTIC: [8] Undefined index: db_params F:\PHP Projects\Xianlaiyizhuan\ThinkPHP\Library\Think\Db.class.php 第 130 行.
NOTIC: [8192] mysql_connect(): The mysql extension is deprecated and will be removed in the future: use mysqli or PDO instead F:\PHP Projects\Xianlaiyizhuan\ThinkPHP\Library\Think\Db\Driver\Mysql.class.php 第 52 行.
NOTIC: [2] mysql_connect(): Host '221.4.190.150' is not allowed to connect to this MySQL server F:\PHP Projects\Xianlaiyizhuan\ThinkPHP\Library\Think\Db\Driver\Mysql.class.php 第 52 行.
ERR: Host '221.4.190.150' is not allowed to connect to this MySQL server

[ 2017-05-05T19:51:58+08:00 ] ::1 /Xianlaiyizhuan/Home/Rubberneck/getAlltopiclist
INFO: [ app_begin ] --START--
INFO: Run Behavior\ReadHtmlCache [ RunTime:0.001162s ]
INFO: [ app_begin ] --END-- [ RunTime:0.001943s ]
NOTIC: [8] Undefined index: db_port F:\PHP Projects\Xianlaiyizhuan\ThinkPHP\Library\Think\Db.class.php 第 127 行.
NOTIC: [8] Undefined index: db_dsn F:\PHP Projects\Xianlaiyizhuan\ThinkPHP\Library\Think\Db.class.php 第 129 行.
NOTIC: [8] Undefined index: db_params F:\PHP Projects\Xianlaiyizhuan\ThinkPHP\Library\Think\Db.class.php 第 130 行.
NOTIC: [8192] mysql_connect(): The mysql extension is deprecated and will be removed in the future: use mysqli or PDO instead F:\PHP Projects\Xianlaiyizhuan\ThinkPHP\Library\Think\Db\Driver\Mysql.class.php 第 52 行.
NOTIC: [2] mysql_connect(): Host '221.4.190.150' is not allowed to connect to this MySQL server F:\PHP Projects\Xianlaiyizhuan\ThinkPHP\Library\Think\Db\Driver\Mysql.class.php 第 52 行.
ERR: Host '221.4.190.150' is not allowed to connect to this MySQL server

[ 2017-05-05T19:51:58+08:00 ] ::1 /Xianlaiyizhuan/Home/Rubberneck/getAlltopiclist
INFO: [ app_begin ] --START--
INFO: Run Behavior\ReadHtmlCache [ RunTime:0.000968s ]
INFO: [ app_begin ] --END-- [ RunTime:0.001706s ]
NOTIC: [8] Undefined index: db_port F:\PHP Projects\Xianlaiyizhuan\ThinkPHP\Library\Think\Db.class.php 第 127 行.
NOTIC: [8] Undefined index: db_dsn F:\PHP Projects\Xianlaiyizhuan\ThinkPHP\Library\Think\Db.class.php 第 129 行.
NOTIC: [8] Undefined index: db_params F:\PHP Projects\Xianlaiyizhuan\ThinkPHP\Library\Think\Db.class.php 第 130 行.
NOTIC: [8192] mysql_connect(): The mysql extension is deprecated and will be removed in the future: use mysqli or PDO instead F:\PHP Projects\Xianlaiyizhuan\ThinkPHP\Library\Think\Db\Driver\Mysql.class.php 第 52 行.
NOTIC: [2] mysql_connect(): Host '221.4.190.150' is not allowed to connect to this MySQL server F:\PHP Projects\Xianlaiyizhuan\ThinkPHP\Library\Think\Db\Driver\Mysql.class.php 第 52 行.
ERR: Host '221.4.190.150' is not allowed to connect to this MySQL server

[ 2017-05-05T19:52:30+08:00 ] ::1 /Xianlaiyizhuan/Home/Rubberneck/getAlltopiclist
INFO: [ app_begin ] --START--
INFO: Run Behavior\ReadHtmlCache [ RunTime:0.000823s ]
INFO: [ app_begin ] --END-- [ RunTime:0.003233s ]
NOTIC: [8] Undefined index: db_port F:\PHP Projects\Xianlaiyizhuan\ThinkPHP\Library\Think\Db.class.php 第 127 行.
NOTIC: [8] Undefined index: db_dsn F:\PHP Projects\Xianlaiyizhuan\ThinkPHP\Library\Think\Db.class.php 第 129 行.
NOTIC: [8] Undefined index: db_params F:\PHP Projects\Xianlaiyizhuan\ThinkPHP\Library\Think\Db.class.php 第 130 行.
NOTIC: [8192] mysql_connect(): The mysql extension is deprecated and will be removed in the future: use mysqli or PDO instead F:\PHP Projects\Xianlaiyizhuan\ThinkPHP\Library\Think\Db\Driver\Mysql.class.php 第 52 行.
SQL: SHOW COLUMNS FROM `xlyz_rubberneck` [ RunTime:0.010760s ]
SQL: SELECT * FROM `xlyz_rubberneck` LIMIT 0,10   [ RunTime:0.007743s ]
SQL: SHOW COLUMNS FROM `xlyz_user` [ RunTime:0.010043s ]
SQL: SELECT `id`,`nickname`,`avatar` FROM `xlyz_user` WHERE ( id = 1 ) LIMIT 1   [ RunTime:0.007795s ]
SQL: SELECT `id`,`nickname`,`avatar` FROM `xlyz_user` WHERE ( id = 2 ) LIMIT 1   [ RunTime:0.007402s ]

